CRITICAL - 2022-08-14 23:35:22 --> Trying to access array offset on value of type null
in APPPATH\Views\peminjam_bpkb\edit_peminjam.php on line 6.
 1 APPPATH\Views\peminjam_bpkb\edit_peminjam.php(6): CodeIgniter\Debug\Exceptions->errorHandler(8, 'Trying to access array offset on value of type null', 'APPPATH\\Views\\peminjam_bpkb\\edit_peminjam.php', 6, [...])
 2 SYSTEMPATH\View\View.php(213): include('APPPATH\\Views\\peminjam_bpkb\\edit_peminjam.php')
 3 SYSTEMPATH\View\View.php(216): CodeIgniter\View\View->CodeIgniter\View\{closure}()
 4 SYSTEMPATH\Common.php(1135): CodeIgniter\View\View->render('peminjam_bpkb/edit_peminjam', [], true)
 5 APPPATH\Controllers\Peminjam.php(185): view('peminjam_bpkb/edit_peminjam', [...])
 6 SYSTEMPATH\CodeIgniter.php(896): App\Controllers\Peminjam->edit('32')
 7 SYSTEMPATH\CodeIgniter.php(466): CodeIgniter\CodeIgniter->runController(Object(App\Controllers\Peminjam))
 8 SYSTEMPATH\CodeIgniter.php(349): CodeIgniter\CodeIgniter->handleRequest(null, Object(Config\Cache), false)
 9 FCPATH\index.php(55): CodeIgniter\CodeIgniter->run()
10 SYSTEMPATH\Commands\Server\rewrite.php(43): require_once('FCPATH\\index.php')
CRITICAL - 2022-08-14 23:37:09 --> Trying to access array offset on value of type null
in APPPATH\Views\peminjam_bpkb\edit_peminjam.php on line 6.
 1 APPPATH\Views\peminjam_bpkb\edit_peminjam.php(6): CodeIgniter\Debug\Exceptions->errorHandler(8, 'Trying to access array offset on value of type null', 'APPPATH\\Views\\peminjam_bpkb\\edit_peminjam.php', 6, [...])
 2 SYSTEMPATH\View\View.php(213): include('APPPATH\\Views\\peminjam_bpkb\\edit_peminjam.php')
 3 SYSTEMPATH\View\View.php(216): CodeIgniter\View\View->CodeIgniter\View\{closure}()
 4 SYSTEMPATH\Common.php(1135): CodeIgniter\View\View->render('peminjam_bpkb/edit_peminjam', [], true)
 5 APPPATH\Controllers\Peminjam.php(185): view('peminjam_bpkb/edit_peminjam', [...])
 6 SYSTEMPATH\CodeIgniter.php(896): App\Controllers\Peminjam->edit('32')
 7 SYSTEMPATH\CodeIgniter.php(466): CodeIgniter\CodeIgniter->runController(Object(App\Controllers\Peminjam))
 8 SYSTEMPATH\CodeIgniter.php(349): CodeIgniter\CodeIgniter->handleRequest(null, Object(Config\Cache), false)
 9 FCPATH\index.php(55): CodeIgniter\CodeIgniter->run()
10 SYSTEMPATH\Commands\Server\rewrite.php(43): require_once('FCPATH\\index.php')
