CRITICAL - 2022-07-11 00:12:03 --> Undefined index: id_bpkb
in APPPATH\Views\master_bpkb\index.php on line 81.
 1 APPPATH\Views\master_bpkb\index.php(81): CodeIgniter\Debug\Exceptions->errorHandler(8, 'Undefined index: id_bpkb', 'APPPATH\\Views\\master_bpkb\\index.php', 81, [...])
 2 SYSTEMPATH\View\View.php(213): include('APPPATH\\Views\\master_bpkb\\index.php')
 3 SYSTEMPATH\View\View.php(216): CodeIgniter\View\View->CodeIgniter\View\{closure}()
 4 SYSTEMPATH\Common.php(1135): CodeIgniter\View\View->render('master_bpkb/index', [], true)
 5 APPPATH\Controllers\Bpkb.php(31): view('master_bpkb/index', [...])
 6 SYSTEMPATH\CodeIgniter.php(896): App\Controllers\Bpkb->index()
 7 SYSTEMPATH\CodeIgniter.php(466): CodeIgniter\CodeIgniter->runController(Object(App\Controllers\Bpkb))
 8 SYSTEMPATH\CodeIgniter.php(349): CodeIgniter\CodeIgniter->handleRequest(null, Object(Config\Cache), false)
 9 FCPATH\index.php(55): CodeIgniter\CodeIgniter->run()
10 SYSTEMPATH\Commands\Server\rewrite.php(43): require_once('FCPATH\\index.php')
ERROR - 2022-07-11 00:12:57 --> Table 'peminjaman_bpkb.data_bpkb' doesn't exist
CRITICAL - 2022-07-11 00:12:57 --> Table 'peminjaman_bpkb.data_bpkb' doesn't exist
in SYSTEMPATH\Database\MySQLi\Connection.php on line 292.
 1 SYSTEMPATH\Database\MySQLi\Connection.php(292): mysqli->query('SELECT *
FROM `data_bpkb`
JOIN `bpkb_bahan_bakar` ON `bpkb_bahan_bakar`.`id_bahan_bakar` = `data_bpkb`.`bahan_bakar`
JOIN `bpkb_model_kendaraan` ON `bpkb_model_kendaraan`.`id_model` = `data_bpkb`.`model`
JOIN `bpkb_warna_tnkb` ON `bpkb_warna_tnkb`.`id_warna_tnkb` = `data_bpkb`.`warna_tnkb`', 0)
 2 SYSTEMPATH\Database\BaseConnection.php(695): CodeIgniter\Database\MySQLi\Connection->execute('SELECT *
FROM `data_bpkb`
JOIN `bpkb_bahan_bakar` ON `bpkb_bahan_bakar`.`id_bahan_bakar` = `data_bpkb`.`bahan_bakar`
JOIN `bpkb_model_kendaraan` ON `bpkb_model_kendaraan`.`id_model` = `data_bpkb`.`model`
JOIN `bpkb_warna_tnkb` ON `bpkb_warna_tnkb`.`id_warna_tnkb` = `data_bpkb`.`warna_tnkb`')
 3 SYSTEMPATH\Database\BaseConnection.php(609): CodeIgniter\Database\BaseConnection->simpleQuery('SELECT *
FROM `data_bpkb`
JOIN `bpkb_bahan_bakar` ON `bpkb_bahan_bakar`.`id_bahan_bakar` = `data_bpkb`.`bahan_bakar`
JOIN `bpkb_model_kendaraan` ON `bpkb_model_kendaraan`.`id_model` = `data_bpkb`.`model`
JOIN `bpkb_warna_tnkb` ON `bpkb_warna_tnkb`.`id_warna_tnkb` = `data_bpkb`.`warna_tnkb`')
 4 SYSTEMPATH\Database\BaseBuilder.php(1585): CodeIgniter\Database\BaseConnection->query('SELECT *
FROM `data_bpkb`
JOIN `bpkb_bahan_bakar` ON `bpkb_bahan_bakar`.`id_bahan_bakar` = `data_bpkb`.`bahan_bakar`
JOIN `bpkb_model_kendaraan` ON `bpkb_model_kendaraan`.`id_model` = `data_bpkb`.`model`
JOIN `bpkb_warna_tnkb` ON `bpkb_warna_tnkb`.`id_warna_tnkb` = `data_bpkb`.`warna_tnkb`', [], false)
 5 APPPATH\Models\BpkbModel.php(21): CodeIgniter\Database\BaseBuilder->get()
 6 APPPATH\Controllers\Bpkb.php(19): App\Models\BpkbModel->getBpkb()
 7 SYSTEMPATH\CodeIgniter.php(896): App\Controllers\Bpkb->index()
 8 SYSTEMPATH\CodeIgniter.php(466): CodeIgniter\CodeIgniter->runController(Object(App\Controllers\Bpkb))
 9 SYSTEMPATH\CodeIgniter.php(349): CodeIgniter\CodeIgniter->handleRequest(null, Object(Config\Cache), false)
10 FCPATH\index.php(55): CodeIgniter\CodeIgniter->run()
11 SYSTEMPATH\Commands\Server\rewrite.php(43): require_once('FCPATH\\index.php')
CRITICAL - 2022-07-11 00:14:50 --> Undefined property: PhpOffice\PhpSpreadsheet\Worksheet\Worksheet::$2
in APPPATH\Controllers\Bpkb.php on line 191.
 1 APPPATH\Controllers\Bpkb.php(191): CodeIgniter\Debug\Exceptions->errorHandler(8, 'Undefined property: PhpOffice\\PhpSpreadsheet\\Worksheet\\Worksheet::$2', 'APPPATH\\Controllers\\Bpkb.php', 191, [...])
 2 SYSTEMPATH\CodeIgniter.php(896): App\Controllers\Bpkb->bpkbExport()
 3 SYSTEMPATH\CodeIgniter.php(466): CodeIgniter\CodeIgniter->runController(Object(App\Controllers\Bpkb))
 4 SYSTEMPATH\CodeIgniter.php(349): CodeIgniter\CodeIgniter->handleRequest(null, Object(Config\Cache), false)
 5 FCPATH\index.php(55): CodeIgniter\CodeIgniter->run()
 6 SYSTEMPATH\Commands\Server\rewrite.php(43): require_once('FCPATH\\index.php')
CRITICAL - 2022-07-11 00:25:35 --> Undefined property: PhpOffice\PhpSpreadsheet\Worksheet\Worksheet::$2
in APPPATH\Controllers\Bpkb.php on line 192.
 1 APPPATH\Controllers\Bpkb.php(192): CodeIgniter\Debug\Exceptions->errorHandler(8, 'Undefined property: PhpOffice\\PhpSpreadsheet\\Worksheet\\Worksheet::$2', 'APPPATH\\Controllers\\Bpkb.php', 192, [...])
 2 SYSTEMPATH\CodeIgniter.php(896): App\Controllers\Bpkb->bpkbExport()
 3 SYSTEMPATH\CodeIgniter.php(466): CodeIgniter\CodeIgniter->runController(Object(App\Controllers\Bpkb))
 4 SYSTEMPATH\CodeIgniter.php(349): CodeIgniter\CodeIgniter->handleRequest(null, Object(Config\Cache), false)
 5 FCPATH\index.php(55): CodeIgniter\CodeIgniter->run()
 6 SYSTEMPATH\Commands\Server\rewrite.php(43): require_once('FCPATH\\index.php')
CRITICAL - 2022-07-11 00:34:41 --> Undefined property: PhpOffice\PhpSpreadsheet\Worksheet\Worksheet::$2
in APPPATH\Controllers\Bpkb.php on line 192.
 1 APPPATH\Controllers\Bpkb.php(192): CodeIgniter\Debug\Exceptions->errorHandler(8, 'Undefined property: PhpOffice\\PhpSpreadsheet\\Worksheet\\Worksheet::$2', 'APPPATH\\Controllers\\Bpkb.php', 192, [...])
 2 SYSTEMPATH\CodeIgniter.php(896): App\Controllers\Bpkb->bpkbExport()
 3 SYSTEMPATH\CodeIgniter.php(466): CodeIgniter\CodeIgniter->runController(Object(App\Controllers\Bpkb))
 4 SYSTEMPATH\CodeIgniter.php(349): CodeIgniter\CodeIgniter->handleRequest(null, Object(Config\Cache), false)
 5 FCPATH\index.php(55): CodeIgniter\CodeIgniter->run()
 6 SYSTEMPATH\Commands\Server\rewrite.php(43): require_once('FCPATH\\index.php')
CRITICAL - 2022-07-11 00:34:44 --> Undefined property: PhpOffice\PhpSpreadsheet\Worksheet\Worksheet::$2
in APPPATH\Controllers\Bpkb.php on line 192.
 1 APPPATH\Controllers\Bpkb.php(192): CodeIgniter\Debug\Exceptions->errorHandler(8, 'Undefined property: PhpOffice\\PhpSpreadsheet\\Worksheet\\Worksheet::$2', 'APPPATH\\Controllers\\Bpkb.php', 192, [...])
 2 SYSTEMPATH\CodeIgniter.php(896): App\Controllers\Bpkb->bpkbExport()
 3 SYSTEMPATH\CodeIgniter.php(466): CodeIgniter\CodeIgniter->runController(Object(App\Controllers\Bpkb))
 4 SYSTEMPATH\CodeIgniter.php(349): CodeIgniter\CodeIgniter->handleRequest(null, Object(Config\Cache), false)
 5 FCPATH\index.php(55): CodeIgniter\CodeIgniter->run()
 6 SYSTEMPATH\Commands\Server\rewrite.php(43): require_once('FCPATH\\index.php')
CRITICAL - 2022-07-11 00:51:00 --> Undefined property: PhpOffice\PhpSpreadsheet\Worksheet\Worksheet::$2
in APPPATH\Controllers\Bpkb.php on line 245.
 1 APPPATH\Controllers\Bpkb.php(245): CodeIgniter\Debug\Exceptions->errorHandler(8, 'Undefined property: PhpOffice\\PhpSpreadsheet\\Worksheet\\Worksheet::$2', 'APPPATH\\Controllers\\Bpkb.php', 245, [...])
 2 SYSTEMPATH\CodeIgniter.php(896): App\Controllers\Bpkb->bpkbExport()
 3 SYSTEMPATH\CodeIgniter.php(466): CodeIgniter\CodeIgniter->runController(Object(App\Controllers\Bpkb))
 4 SYSTEMPATH\CodeIgniter.php(349): CodeIgniter\CodeIgniter->handleRequest(null, Object(Config\Cache), false)
 5 FCPATH\index.php(55): CodeIgniter\CodeIgniter->run()
 6 SYSTEMPATH\Commands\Server\rewrite.php(43): require_once('FCPATH\\index.php')
CRITICAL - 2022-07-11 00:51:20 --> syntax error, unexpected '}'
in APPPATH\Controllers\Bpkb.php on line 245.
 1 SYSTEMPATH\Router\Router.php(499): CodeIgniter\Router\AutoRouter->getRoute('bpkb/bpkbExport')
 2 SYSTEMPATH\Router\Router.php(205): CodeIgniter\Router\Router->autoRoute('bpkb/bpkbExport')
 3 SYSTEMPATH\CodeIgniter.php(771): CodeIgniter\Router\Router->handle('bpkb/bpkbExport')
 4 SYSTEMPATH\CodeIgniter.php(415): CodeIgniter\CodeIgniter->tryToRouteIt(Object(CodeIgniter\Router\RouteCollection))
 5 SYSTEMPATH\CodeIgniter.php(349): CodeIgniter\CodeIgniter->handleRequest(null, Object(Config\Cache), false)
 6 FCPATH\index.php(55): CodeIgniter\CodeIgniter->run()
 7 SYSTEMPATH\Commands\Server\rewrite.php(43): require_once('FCPATH\\index.php')
CRITICAL - 2022-07-11 00:54:32 --> fopen(bpkb.xlsx): failed to open stream: Resource temporarily unavailable
in VENDORPATH\phpoffice\phpspreadsheet\src\PhpSpreadsheet\Writer\BaseWriter.php on line 125.
 1 [internal function]: CodeIgniter\Debug\Exceptions->errorHandler(2, 'fopen(bpkb.xlsx): failed to open stream: Resource temporarily unavailable', 'VENDORPATH\\phpoffice\\phpspreadsheet\\src\\PhpSpreadsheet\\Writer\\BaseWriter.php', 125, [...])
 2 VENDORPATH\phpoffice\phpspreadsheet\src\PhpSpreadsheet\Writer\BaseWriter.php(125): fopen('FCPATH\\bpkb.xlsx', 'wb')
 3 VENDORPATH\phpoffice\phpspreadsheet\src\PhpSpreadsheet\Writer\Xlsx.php(539): PhpOffice\PhpSpreadsheet\Writer\BaseWriter->openFileHandle('FCPATH\\bpkb.xlsx')
 4 APPPATH\Controllers\Bpkb.php(249): PhpOffice\PhpSpreadsheet\Writer\Xlsx->save('FCPATH\\bpkb.xlsx')
 5 SYSTEMPATH\CodeIgniter.php(896): App\Controllers\Bpkb->bpkbExport()
 6 SYSTEMPATH\CodeIgniter.php(466): CodeIgniter\CodeIgniter->runController(Object(App\Controllers\Bpkb))
 7 SYSTEMPATH\CodeIgniter.php(349): CodeIgniter\CodeIgniter->handleRequest(null, Object(Config\Cache), false)
 8 FCPATH\index.php(55): CodeIgniter\CodeIgniter->run()
 9 SYSTEMPATH\Commands\Server\rewrite.php(43): require_once('FCPATH\\index.php')
CRITICAL - 2022-07-11 00:55:12 --> Undefined property: PhpOffice\PhpSpreadsheet\Worksheet\Worksheet::$2
in APPPATH\Controllers\Bpkb.php on line 245.
 1 APPPATH\Controllers\Bpkb.php(245): CodeIgniter\Debug\Exceptions->errorHandler(8, 'Undefined property: PhpOffice\\PhpSpreadsheet\\Worksheet\\Worksheet::$2', 'APPPATH\\Controllers\\Bpkb.php', 245, [...])
 2 SYSTEMPATH\CodeIgniter.php(896): App\Controllers\Bpkb->bpkbExport()
 3 SYSTEMPATH\CodeIgniter.php(466): CodeIgniter\CodeIgniter->runController(Object(App\Controllers\Bpkb))
 4 SYSTEMPATH\CodeIgniter.php(349): CodeIgniter\CodeIgniter->handleRequest(null, Object(Config\Cache), false)
 5 FCPATH\index.php(55): CodeIgniter\CodeIgniter->run()
 6 SYSTEMPATH\Commands\Server\rewrite.php(43): require_once('FCPATH\\index.php')
CRITICAL - 2022-07-11 00:56:02 --> syntax error, unexpected '$column' (T_VARIABLE)
in APPPATH\Controllers\Bpkb.php on line 245.
 1 SYSTEMPATH\Router\Router.php(499): CodeIgniter\Router\AutoRouter->getRoute('bpkb/bpkbExport')
 2 SYSTEMPATH\Router\Router.php(205): CodeIgniter\Router\Router->autoRoute('bpkb/bpkbExport')
 3 SYSTEMPATH\CodeIgniter.php(771): CodeIgniter\Router\Router->handle('bpkb/bpkbExport')
 4 SYSTEMPATH\CodeIgniter.php(415): CodeIgniter\CodeIgniter->tryToRouteIt(Object(CodeIgniter\Router\RouteCollection))
 5 SYSTEMPATH\CodeIgniter.php(349): CodeIgniter\CodeIgniter->handleRequest(null, Object(Config\Cache), false)
 6 FCPATH\index.php(55): CodeIgniter\CodeIgniter->run()
 7 SYSTEMPATH\Commands\Server\rewrite.php(43): require_once('FCPATH\\index.php')
CRITICAL - 2022-07-11 01:03:30 --> syntax error, unexpected end of file, expecting function (T_FUNCTION) or const (T_CONST)
in APPPATH\Controllers\Bpkb.php on line 208.
 1 SYSTEMPATH\Router\Router.php(499): CodeIgniter\Router\AutoRouter->getRoute('bpkb/bpkbExport')
 2 SYSTEMPATH\Router\Router.php(205): CodeIgniter\Router\Router->autoRoute('bpkb/bpkbExport')
 3 SYSTEMPATH\CodeIgniter.php(771): CodeIgniter\Router\Router->handle('bpkb/bpkbExport')
 4 SYSTEMPATH\CodeIgniter.php(415): CodeIgniter\CodeIgniter->tryToRouteIt(Object(CodeIgniter\Router\RouteCollection))
 5 SYSTEMPATH\CodeIgniter.php(349): CodeIgniter\CodeIgniter->handleRequest(null, Object(Config\Cache), false)
 6 FCPATH\index.php(55): CodeIgniter\CodeIgniter->run()
 7 SYSTEMPATH\Commands\Server\rewrite.php(43): require_once('FCPATH\\index.php')
CRITICAL - 2022-07-11 01:08:08 --> Trying to access array offset on value of type null
in APPPATH\Views\master_bpkb\detail_bpkb.php on line 13.
 1 APPPATH\Views\master_bpkb\detail_bpkb.php(13): CodeIgniter\Debug\Exceptions->errorHandler(8, 'Trying to access array offset on value of type null', 'APPPATH\\Views\\master_bpkb\\detail_bpkb.php', 13, [...])
 2 SYSTEMPATH\View\View.php(213): include('APPPATH\\Views\\master_bpkb\\detail_bpkb.php')
 3 SYSTEMPATH\View\View.php(216): CodeIgniter\View\View->CodeIgniter\View\{closure}()
 4 SYSTEMPATH\Common.php(1135): CodeIgniter\View\View->render('master_bpkb/detail_bpkb', [], true)
 5 APPPATH\Controllers\Bpkb.php(42): view('master_bpkb/detail_bpkb', [...])
 6 SYSTEMPATH\CodeIgniter.php(896): App\Controllers\Bpkb->detail('...')
 7 SYSTEMPATH\CodeIgniter.php(466): CodeIgniter\CodeIgniter->runController(Object(App\Controllers\Bpkb))
 8 SYSTEMPATH\CodeIgniter.php(349): CodeIgniter\CodeIgniter->handleRequest(null, Object(Config\Cache), false)
 9 FCPATH\index.php(55): CodeIgniter\CodeIgniter->run()
10 SYSTEMPATH\Commands\Server\rewrite.php(43): require_once('FCPATH\\index.php')
CRITICAL - 2022-07-11 03:40:40 --> Trying to access array offset on value of type null
in APPPATH\Views\master_bpkb\detail_bpkb.php on line 13.
 1 APPPATH\Views\master_bpkb\detail_bpkb.php(13): CodeIgniter\Debug\Exceptions->errorHandler(8, 'Trying to access array offset on value of type null', 'APPPATH\\Views\\master_bpkb\\detail_bpkb.php', 13, [...])
 2 SYSTEMPATH\View\View.php(213): include('APPPATH\\Views\\master_bpkb\\detail_bpkb.php')
 3 SYSTEMPATH\View\View.php(216): CodeIgniter\View\View->CodeIgniter\View\{closure}()
 4 SYSTEMPATH\Common.php(1135): CodeIgniter\View\View->render('master_bpkb/detail_bpkb', [], true)
 5 APPPATH\Controllers\Bpkb.php(42): view('master_bpkb/detail_bpkb', [...])
 6 SYSTEMPATH\CodeIgniter.php(896): App\Controllers\Bpkb->detail('...')
 7 SYSTEMPATH\CodeIgniter.php(466): CodeIgniter\CodeIgniter->runController(Object(App\Controllers\Bpkb))
 8 SYSTEMPATH\CodeIgniter.php(349): CodeIgniter\CodeIgniter->handleRequest(null, Object(Config\Cache), false)
 9 FCPATH\index.php(55): CodeIgniter\CodeIgniter->run()
10 SYSTEMPATH\Commands\Server\rewrite.php(43): require_once('FCPATH\\index.php')
CRITICAL - 2022-07-11 03:42:12 --> Trying to access array offset on value of type null
in APPPATH\Views\master_bpkb\detail_bpkb.php on line 13.
 1 APPPATH\Views\master_bpkb\detail_bpkb.php(13): CodeIgniter\Debug\Exceptions->errorHandler(8, 'Trying to access array offset on value of type null', 'APPPATH\\Views\\master_bpkb\\detail_bpkb.php', 13, [...])
 2 SYSTEMPATH\View\View.php(213): include('APPPATH\\Views\\master_bpkb\\detail_bpkb.php')
 3 SYSTEMPATH\View\View.php(216): CodeIgniter\View\View->CodeIgniter\View\{closure}()
 4 SYSTEMPATH\Common.php(1135): CodeIgniter\View\View->render('master_bpkb/detail_bpkb', [], true)
 5 APPPATH\Controllers\Bpkb.php(42): view('master_bpkb/detail_bpkb', [...])
 6 SYSTEMPATH\CodeIgniter.php(896): App\Controllers\Bpkb->detail('...')
 7 SYSTEMPATH\CodeIgniter.php(466): CodeIgniter\CodeIgniter->runController(Object(App\Controllers\Bpkb))
 8 SYSTEMPATH\CodeIgniter.php(349): CodeIgniter\CodeIgniter->handleRequest(null, Object(Config\Cache), false)
 9 FCPATH\index.php(55): CodeIgniter\CodeIgniter->run()
10 SYSTEMPATH\Commands\Server\rewrite.php(43): require_once('FCPATH\\index.php')
CRITICAL - 2022-07-11 23:12:39 --> Trying to access array offset on value of type null
in APPPATH\Views\master_bpkb\detail_bpkb.php on line 13.
 1 APPPATH\Views\master_bpkb\detail_bpkb.php(13): CodeIgniter\Debug\Exceptions->errorHandler(8, 'Trying to access array offset on value of type null', 'APPPATH\\Views\\master_bpkb\\detail_bpkb.php', 13, [...])
 2 SYSTEMPATH\View\View.php(213): include('APPPATH\\Views\\master_bpkb\\detail_bpkb.php')
 3 SYSTEMPATH\View\View.php(216): CodeIgniter\View\View->CodeIgniter\View\{closure}()
 4 SYSTEMPATH\Common.php(1135): CodeIgniter\View\View->render('master_bpkb/detail_bpkb', [], true)
 5 APPPATH\Controllers\Bpkb.php(42): view('master_bpkb/detail_bpkb', [...])
 6 SYSTEMPATH\CodeIgniter.php(896): App\Controllers\Bpkb->detail('...')
 7 SYSTEMPATH\CodeIgniter.php(466): CodeIgniter\CodeIgniter->runController(Object(App\Controllers\Bpkb))
 8 SYSTEMPATH\CodeIgniter.php(349): CodeIgniter\CodeIgniter->handleRequest(null, Object(Config\Cache), false)
 9 FCPATH\index.php(55): CodeIgniter\CodeIgniter->run()
10 SYSTEMPATH\Commands\Server\rewrite.php(43): require_once('FCPATH\\index.php')
CRITICAL - 2022-07-11 23:17:33 --> Trying to access array offset on value of type null
in APPPATH\Views\master_bpkb\detail_bpkb.php on line 13.
 1 APPPATH\Views\master_bpkb\detail_bpkb.php(13): CodeIgniter\Debug\Exceptions->errorHandler(8, 'Trying to access array offset on value of type null', 'APPPATH\\Views\\master_bpkb\\detail_bpkb.php', 13, [...])
 2 SYSTEMPATH\View\View.php(213): include('APPPATH\\Views\\master_bpkb\\detail_bpkb.php')
 3 SYSTEMPATH\View\View.php(216): CodeIgniter\View\View->CodeIgniter\View\{closure}()
 4 SYSTEMPATH\Common.php(1135): CodeIgniter\View\View->render('master_bpkb/detail_bpkb', [], true)
 5 APPPATH\Controllers\Bpkb.php(42): view('master_bpkb/detail_bpkb', [...])
 6 SYSTEMPATH\CodeIgniter.php(896): App\Controllers\Bpkb->detail('...')
 7 SYSTEMPATH\CodeIgniter.php(466): CodeIgniter\CodeIgniter->runController(Object(App\Controllers\Bpkb))
 8 SYSTEMPATH\CodeIgniter.php(349): CodeIgniter\CodeIgniter->handleRequest(null, Object(Config\Cache), false)
 9 FCPATH\index.php(55): CodeIgniter\CodeIgniter->run()
10 SYSTEMPATH\Commands\Server\rewrite.php(43): require_once('FCPATH\\index.php')
