CRITICAL - 2022-09-08 02:47:50 --> The original file is not a valid file.
in SYSTEMPATH\HTTP\Files\UploadedFile.php on line 137.
 1 SYSTEMPATH\HTTP\Files\UploadedFile.php(137): CodeIgniter\HTTP\Exceptions\HTTPException::forInvalidFile()
 2 APPPATH\Controllers\Bpkb.php(232): CodeIgniter\HTTP\Files\UploadedFile->move('FCPATH\\foto_bpkb', '1662623270_1686a6242701fbf7ac11')
 3 SYSTEMPATH\CodeIgniter.php(896): App\Controllers\Bpkb->save()
 4 SYSTEMPATH\CodeIgniter.php(466): CodeIgniter\CodeIgniter->runController(Object(App\Controllers\Bpkb))
 5 SYSTEMPATH\CodeIgniter.php(349): CodeIgniter\CodeIgniter->handleRequest(null, Object(Config\Cache), false)
 6 FCPATH\index.php(55): CodeIgniter\CodeIgniter->run()
 7 SYSTEMPATH\Commands\Server\rewrite.php(43): require_once('FCPATH\\index.php')
CRITICAL - 2022-09-08 02:48:55 --> The original file is not a valid file.
in SYSTEMPATH\HTTP\Files\UploadedFile.php on line 137.
 1 SYSTEMPATH\HTTP\Files\UploadedFile.php(137): CodeIgniter\HTTP\Exceptions\HTTPException::forInvalidFile()
 2 APPPATH\Controllers\Bpkb.php(232): CodeIgniter\HTTP\Files\UploadedFile->move('FCPATH\\foto_bpkb', '1662623335_211232d4bed6bce4539b')
 3 SYSTEMPATH\CodeIgniter.php(896): App\Controllers\Bpkb->save()
 4 SYSTEMPATH\CodeIgniter.php(466): CodeIgniter\CodeIgniter->runController(Object(App\Controllers\Bpkb))
 5 SYSTEMPATH\CodeIgniter.php(349): CodeIgniter\CodeIgniter->handleRequest(null, Object(Config\Cache), false)
 6 FCPATH\index.php(55): CodeIgniter\CodeIgniter->run()
 7 SYSTEMPATH\Commands\Server\rewrite.php(43): require_once('FCPATH\\index.php')
CRITICAL - 2022-09-08 02:54:09 --> The original file is not a valid file.
in SYSTEMPATH\HTTP\Files\UploadedFile.php on line 137.
 1 SYSTEMPATH\HTTP\Files\UploadedFile.php(137): CodeIgniter\HTTP\Exceptions\HTTPException::forInvalidFile()
 2 APPPATH\Controllers\Bpkb.php(236): CodeIgniter\HTTP\Files\UploadedFile->move('FCPATH\\foto_bpkb', '1662623649_5fe9d2f9ab8526be74fd')
 3 SYSTEMPATH\CodeIgniter.php(896): App\Controllers\Bpkb->save()
 4 SYSTEMPATH\CodeIgniter.php(466): CodeIgniter\CodeIgniter->runController(Object(App\Controllers\Bpkb))
 5 SYSTEMPATH\CodeIgniter.php(349): CodeIgniter\CodeIgniter->handleRequest(null, Object(Config\Cache), false)
 6 FCPATH\index.php(55): CodeIgniter\CodeIgniter->run()
 7 SYSTEMPATH\Commands\Server\rewrite.php(43): require_once('FCPATH\\index.php')
CRITICAL - 2022-09-08 02:55:06 --> The original file is not a valid file.
in SYSTEMPATH\HTTP\Files\UploadedFile.php on line 137.
 1 SYSTEMPATH\HTTP\Files\UploadedFile.php(137): CodeIgniter\HTTP\Exceptions\HTTPException::forInvalidFile()
 2 APPPATH\Controllers\Bpkb.php(234): CodeIgniter\HTTP\Files\UploadedFile->move('FCPATH\\foto_bpkb', '1662623706_363280ec993f81aa395e')
 3 SYSTEMPATH\CodeIgniter.php(896): App\Controllers\Bpkb->save()
 4 SYSTEMPATH\CodeIgniter.php(466): CodeIgniter\CodeIgniter->runController(Object(App\Controllers\Bpkb))
 5 SYSTEMPATH\CodeIgniter.php(349): CodeIgniter\CodeIgniter->handleRequest(null, Object(Config\Cache), false)
 6 FCPATH\index.php(55): CodeIgniter\CodeIgniter->run()
 7 SYSTEMPATH\Commands\Server\rewrite.php(43): require_once('FCPATH\\index.php')
CRITICAL - 2022-09-08 03:02:49 --> The original file is not a valid file.
in SYSTEMPATH\HTTP\Files\UploadedFile.php on line 137.
 1 SYSTEMPATH\HTTP\Files\UploadedFile.php(137): CodeIgniter\HTTP\Exceptions\HTTPException::forInvalidFile()
 2 APPPATH\Controllers\Bpkb.php(241): CodeIgniter\HTTP\Files\UploadedFile->move('FCPATH\\foto_bpkb', '1662624169_6e4b50553b652a2bd8a7')
 3 SYSTEMPATH\CodeIgniter.php(896): App\Controllers\Bpkb->save()
 4 SYSTEMPATH\CodeIgniter.php(466): CodeIgniter\CodeIgniter->runController(Object(App\Controllers\Bpkb))
 5 SYSTEMPATH\CodeIgniter.php(349): CodeIgniter\CodeIgniter->handleRequest(null, Object(Config\Cache), false)
 6 FCPATH\index.php(55): CodeIgniter\CodeIgniter->run()
 7 SYSTEMPATH\Commands\Server\rewrite.php(43): require_once('FCPATH\\index.php')
CRITICAL - 2022-09-08 03:03:11 --> The original file is not a valid file.
in SYSTEMPATH\HTTP\Files\UploadedFile.php on line 137.
 1 SYSTEMPATH\HTTP\Files\UploadedFile.php(137): CodeIgniter\HTTP\Exceptions\HTTPException::forInvalidFile()
 2 APPPATH\Controllers\Bpkb.php(241): CodeIgniter\HTTP\Files\UploadedFile->move('FCPATH\\foto_bpkb', '1662624191_0a5658705114c549ba32')
 3 SYSTEMPATH\CodeIgniter.php(896): App\Controllers\Bpkb->save()
 4 SYSTEMPATH\CodeIgniter.php(466): CodeIgniter\CodeIgniter->runController(Object(App\Controllers\Bpkb))
 5 SYSTEMPATH\CodeIgniter.php(349): CodeIgniter\CodeIgniter->handleRequest(null, Object(Config\Cache), false)
 6 FCPATH\index.php(55): CodeIgniter\CodeIgniter->run()
 7 SYSTEMPATH\Commands\Server\rewrite.php(43): require_once('FCPATH\\index.php')
CRITICAL - 2022-09-08 03:08:11 --> The original file is not a valid file.
in SYSTEMPATH\HTTP\Files\UploadedFile.php on line 137.
 1 SYSTEMPATH\HTTP\Files\UploadedFile.php(137): CodeIgniter\HTTP\Exceptions\HTTPException::forInvalidFile()
 2 APPPATH\Controllers\Bpkb.php(241): CodeIgniter\HTTP\Files\UploadedFile->move('FCPATH\\foto_bpkb', '1662624491_62bac0dab72cab130384')
 3 SYSTEMPATH\CodeIgniter.php(896): App\Controllers\Bpkb->save()
 4 SYSTEMPATH\CodeIgniter.php(466): CodeIgniter\CodeIgniter->runController(Object(App\Controllers\Bpkb))
 5 SYSTEMPATH\CodeIgniter.php(349): CodeIgniter\CodeIgniter->handleRequest(null, Object(Config\Cache), false)
 6 FCPATH\index.php(55): CodeIgniter\CodeIgniter->run()
 7 SYSTEMPATH\Commands\Server\rewrite.php(43): require_once('FCPATH\\index.php')
CRITICAL - 2022-09-08 03:09:23 --> The original file is not a valid file.
in SYSTEMPATH\HTTP\Files\UploadedFile.php on line 137.
 1 SYSTEMPATH\HTTP\Files\UploadedFile.php(137): CodeIgniter\HTTP\Exceptions\HTTPException::forInvalidFile()
 2 APPPATH\Controllers\Bpkb.php(232): CodeIgniter\HTTP\Files\UploadedFile->move('FCPATH\\foto_bpkb', '1662624563_4e3f78d8a9299c4875a4')
 3 SYSTEMPATH\CodeIgniter.php(896): App\Controllers\Bpkb->save()
 4 SYSTEMPATH\CodeIgniter.php(466): CodeIgniter\CodeIgniter->runController(Object(App\Controllers\Bpkb))
 5 SYSTEMPATH\CodeIgniter.php(349): CodeIgniter\CodeIgniter->handleRequest(null, Object(Config\Cache), false)
 6 FCPATH\index.php(55): CodeIgniter\CodeIgniter->run()
 7 SYSTEMPATH\Commands\Server\rewrite.php(43): require_once('FCPATH\\index.php')
CRITICAL - 2022-09-08 03:12:52 --> Illegal offset type in isset or empty
in APPPATH\Controllers\Bpkb.php on line 227.
 1 APPPATH\Controllers\Bpkb.php(227): CodeIgniter\Debug\Exceptions->errorHandler(2, 'Illegal offset type in isset or empty', 'APPPATH\\Controllers\\Bpkb.php', 227, [...])
 2 SYSTEMPATH\CodeIgniter.php(896): App\Controllers\Bpkb->save()
 3 SYSTEMPATH\CodeIgniter.php(466): CodeIgniter\CodeIgniter->runController(Object(App\Controllers\Bpkb))
 4 SYSTEMPATH\CodeIgniter.php(349): CodeIgniter\CodeIgniter->handleRequest(null, Object(Config\Cache), false)
 5 FCPATH\index.php(55): CodeIgniter\CodeIgniter->run()
 6 SYSTEMPATH\Commands\Server\rewrite.php(43): require_once('FCPATH\\index.php')
CRITICAL - 2022-09-08 03:13:30 --> The original file is not a valid file.
in SYSTEMPATH\HTTP\Files\UploadedFile.php on line 137.
 1 SYSTEMPATH\HTTP\Files\UploadedFile.php(137): CodeIgniter\HTTP\Exceptions\HTTPException::forInvalidFile()
 2 APPPATH\Controllers\Bpkb.php(232): CodeIgniter\HTTP\Files\UploadedFile->move('FCPATH\\foto_bpkb', '1662624809_59fc88a63cec52c561a4')
 3 SYSTEMPATH\CodeIgniter.php(896): App\Controllers\Bpkb->save()
 4 SYSTEMPATH\CodeIgniter.php(466): CodeIgniter\CodeIgniter->runController(Object(App\Controllers\Bpkb))
 5 SYSTEMPATH\CodeIgniter.php(349): CodeIgniter\CodeIgniter->handleRequest(null, Object(Config\Cache), false)
 6 FCPATH\index.php(55): CodeIgniter\CodeIgniter->run()
 7 SYSTEMPATH\Commands\Server\rewrite.php(43): require_once('FCPATH\\index.php')
CRITICAL - 2022-09-08 03:14:31 --> The original file is not a valid file.
in SYSTEMPATH\HTTP\Files\UploadedFile.php on line 137.
 1 SYSTEMPATH\HTTP\Files\UploadedFile.php(137): CodeIgniter\HTTP\Exceptions\HTTPException::forInvalidFile()
 2 APPPATH\Controllers\Bpkb.php(232): CodeIgniter\HTTP\Files\UploadedFile->move('FCPATH\\foto_bpkb', '1662624871_c4c90795081e8c6973a0')
 3 SYSTEMPATH\CodeIgniter.php(896): App\Controllers\Bpkb->save()
 4 SYSTEMPATH\CodeIgniter.php(466): CodeIgniter\CodeIgniter->runController(Object(App\Controllers\Bpkb))
 5 SYSTEMPATH\CodeIgniter.php(349): CodeIgniter\CodeIgniter->handleRequest(null, Object(Config\Cache), false)
 6 FCPATH\index.php(55): CodeIgniter\CodeIgniter->run()
 7 SYSTEMPATH\Commands\Server\rewrite.php(43): require_once('FCPATH\\index.php')
CRITICAL - 2022-09-08 03:14:45 --> The original file is not a valid file.
in SYSTEMPATH\HTTP\Files\UploadedFile.php on line 137.
 1 SYSTEMPATH\HTTP\Files\UploadedFile.php(137): CodeIgniter\HTTP\Exceptions\HTTPException::forInvalidFile()
 2 APPPATH\Controllers\Bpkb.php(232): CodeIgniter\HTTP\Files\UploadedFile->move('FCPATH\\foto_bpkb', '1662624885_2927696d91a123710565')
 3 SYSTEMPATH\CodeIgniter.php(896): App\Controllers\Bpkb->save()
 4 SYSTEMPATH\CodeIgniter.php(466): CodeIgniter\CodeIgniter->runController(Object(App\Controllers\Bpkb))
 5 SYSTEMPATH\CodeIgniter.php(349): CodeIgniter\CodeIgniter->handleRequest(null, Object(Config\Cache), false)
 6 FCPATH\index.php(55): CodeIgniter\CodeIgniter->run()
 7 SYSTEMPATH\Commands\Server\rewrite.php(43): require_once('FCPATH\\index.php')
CRITICAL - 2022-09-08 03:15:12 --> Undefined variable: namaFoto
in APPPATH\Controllers\Bpkb.php on line 259.
 1 APPPATH\Controllers\Bpkb.php(259): CodeIgniter\Debug\Exceptions->errorHandler(8, 'Undefined variable: namaFoto', 'APPPATH\\Controllers\\Bpkb.php', 259, [...])
 2 SYSTEMPATH\CodeIgniter.php(896): App\Controllers\Bpkb->save()
 3 SYSTEMPATH\CodeIgniter.php(466): CodeIgniter\CodeIgniter->runController(Object(App\Controllers\Bpkb))
 4 SYSTEMPATH\CodeIgniter.php(349): CodeIgniter\CodeIgniter->handleRequest(null, Object(Config\Cache), false)
 5 FCPATH\index.php(55): CodeIgniter\CodeIgniter->run()
 6 SYSTEMPATH\Commands\Server\rewrite.php(43): require_once('FCPATH\\index.php')
CRITICAL - 2022-09-08 03:16:06 --> unlink(foto_bpkb/1662624955_a982e2219d878625e392): No such file or directory
in APPPATH\Controllers\GambarController.php on line 34.
 1 [internal function]: CodeIgniter\Debug\Exceptions->errorHandler(2, 'unlink(foto_bpkb/1662624955_a982e2219d878625e392): No such file or directory', 'APPPATH\\Controllers\\GambarController.php', 34, [...])
 2 APPPATH\Controllers\GambarController.php(34): unlink('foto_bpkb/1662624955_a982e2219d878625e392')
 3 SYSTEMPATH\CodeIgniter.php(896): App\Controllers\GambarController->delete('38')
 4 SYSTEMPATH\CodeIgniter.php(466): CodeIgniter\CodeIgniter->runController(Object(App\Controllers\GambarController))
 5 SYSTEMPATH\CodeIgniter.php(349): CodeIgniter\CodeIgniter->handleRequest(null, Object(Config\Cache), false)
 6 FCPATH\index.php(55): CodeIgniter\CodeIgniter->run()
 7 SYSTEMPATH\Commands\Server\rewrite.php(43): require_once('FCPATH\\index.php')
CRITICAL - 2022-09-08 03:21:49 --> Undefined property: CodeIgniter\HTTP\Files\UploadedFile::$is_null
in APPPATH\Controllers\Bpkb.php on line 231.
 1 APPPATH\Controllers\Bpkb.php(231): CodeIgniter\Debug\Exceptions->errorHandler(8, 'Undefined property: CodeIgniter\\HTTP\\Files\\UploadedFile::$is_null', 'APPPATH\\Controllers\\Bpkb.php', 231, [...])
 2 SYSTEMPATH\CodeIgniter.php(896): App\Controllers\Bpkb->save()
 3 SYSTEMPATH\CodeIgniter.php(466): CodeIgniter\CodeIgniter->runController(Object(App\Controllers\Bpkb))
 4 SYSTEMPATH\CodeIgniter.php(349): CodeIgniter\CodeIgniter->handleRequest(null, Object(Config\Cache), false)
 5 FCPATH\index.php(55): CodeIgniter\CodeIgniter->run()
 6 SYSTEMPATH\Commands\Server\rewrite.php(43): require_once('FCPATH\\index.php')
CRITICAL - 2022-09-08 03:22:21 --> Undefined property: CodeIgniter\HTTP\Files\UploadedFile::$null
in APPPATH\Controllers\Bpkb.php on line 231.
 1 APPPATH\Controllers\Bpkb.php(231): CodeIgniter\Debug\Exceptions->errorHandler(8, 'Undefined property: CodeIgniter\\HTTP\\Files\\UploadedFile::$null', 'APPPATH\\Controllers\\Bpkb.php', 231, [...])
 2 SYSTEMPATH\CodeIgniter.php(896): App\Controllers\Bpkb->save()
 3 SYSTEMPATH\CodeIgniter.php(466): CodeIgniter\CodeIgniter->runController(Object(App\Controllers\Bpkb))
 4 SYSTEMPATH\CodeIgniter.php(349): CodeIgniter\CodeIgniter->handleRequest(null, Object(Config\Cache), false)
 5 FCPATH\index.php(55): CodeIgniter\CodeIgniter->run()
 6 SYSTEMPATH\Commands\Server\rewrite.php(43): require_once('FCPATH\\index.php')
CRITICAL - 2022-09-08 03:22:54 --> The original file is not a valid file.
in SYSTEMPATH\HTTP\Files\UploadedFile.php on line 137.
 1 SYSTEMPATH\HTTP\Files\UploadedFile.php(137): CodeIgniter\HTTP\Exceptions\HTTPException::forInvalidFile()
 2 APPPATH\Controllers\Bpkb.php(234): CodeIgniter\HTTP\Files\UploadedFile->move('FCPATH\\foto_bpkb', '1662625374_11e9c34db1400905a28c')
 3 SYSTEMPATH\CodeIgniter.php(896): App\Controllers\Bpkb->save()
 4 SYSTEMPATH\CodeIgniter.php(466): CodeIgniter\CodeIgniter->runController(Object(App\Controllers\Bpkb))
 5 SYSTEMPATH\CodeIgniter.php(349): CodeIgniter\CodeIgniter->handleRequest(null, Object(Config\Cache), false)
 6 FCPATH\index.php(55): CodeIgniter\CodeIgniter->run()
 7 SYSTEMPATH\Commands\Server\rewrite.php(43): require_once('FCPATH\\index.php')
CRITICAL - 2022-09-08 03:23:10 --> The original file is not a valid file.
in SYSTEMPATH\HTTP\Files\UploadedFile.php on line 137.
 1 SYSTEMPATH\HTTP\Files\UploadedFile.php(137): CodeIgniter\HTTP\Exceptions\HTTPException::forInvalidFile()
 2 APPPATH\Controllers\Bpkb.php(233): CodeIgniter\HTTP\Files\UploadedFile->move('FCPATH\\foto_bpkb', '1662625390_20611f7c74ada307e45a')
 3 SYSTEMPATH\CodeIgniter.php(896): App\Controllers\Bpkb->save()
 4 SYSTEMPATH\CodeIgniter.php(466): CodeIgniter\CodeIgniter->runController(Object(App\Controllers\Bpkb))
 5 SYSTEMPATH\CodeIgniter.php(349): CodeIgniter\CodeIgniter->handleRequest(null, Object(Config\Cache), false)
 6 FCPATH\index.php(55): CodeIgniter\CodeIgniter->run()
 7 SYSTEMPATH\Commands\Server\rewrite.php(43): require_once('FCPATH\\index.php')
CRITICAL - 2022-09-08 03:25:37 --> The original file is not a valid file.
in SYSTEMPATH\HTTP\Files\UploadedFile.php on line 137.
 1 SYSTEMPATH\HTTP\Files\UploadedFile.php(137): CodeIgniter\HTTP\Exceptions\HTTPException::forInvalidFile()
 2 APPPATH\Controllers\Bpkb.php(233): CodeIgniter\HTTP\Files\UploadedFile->move('FCPATH\\foto_bpkb', '1662625537_3847f635104dc6a88afe')
 3 SYSTEMPATH\CodeIgniter.php(896): App\Controllers\Bpkb->save()
 4 SYSTEMPATH\CodeIgniter.php(466): CodeIgniter\CodeIgniter->runController(Object(App\Controllers\Bpkb))
 5 SYSTEMPATH\CodeIgniter.php(349): CodeIgniter\CodeIgniter->handleRequest(null, Object(Config\Cache), false)
 6 FCPATH\index.php(55): CodeIgniter\CodeIgniter->run()
 7 SYSTEMPATH\Commands\Server\rewrite.php(43): require_once('FCPATH\\index.php')
CRITICAL - 2022-09-08 03:26:10 --> The original file is not a valid file.
in SYSTEMPATH\HTTP\Files\UploadedFile.php on line 137.
 1 SYSTEMPATH\HTTP\Files\UploadedFile.php(137): CodeIgniter\HTTP\Exceptions\HTTPException::forInvalidFile()
 2 APPPATH\Controllers\Bpkb.php(233): CodeIgniter\HTTP\Files\UploadedFile->move('FCPATH\\foto_bpkb', '1662625570_635c2042f72b0337ebfc')
 3 SYSTEMPATH\CodeIgniter.php(896): App\Controllers\Bpkb->save()
 4 SYSTEMPATH\CodeIgniter.php(466): CodeIgniter\CodeIgniter->runController(Object(App\Controllers\Bpkb))
 5 SYSTEMPATH\CodeIgniter.php(349): CodeIgniter\CodeIgniter->handleRequest(null, Object(Config\Cache), false)
 6 FCPATH\index.php(55): CodeIgniter\CodeIgniter->run()
 7 SYSTEMPATH\Commands\Server\rewrite.php(43): require_once('FCPATH\\index.php')
CRITICAL - 2022-09-08 03:29:41 --> Illegal offset type
in APPPATH\Controllers\Bpkb.php on line 230.
 1 APPPATH\Controllers\Bpkb.php(230): CodeIgniter\Debug\Exceptions->errorHandler(2, 'Illegal offset type', 'APPPATH\\Controllers\\Bpkb.php', 230, [...])
 2 SYSTEMPATH\CodeIgniter.php(896): App\Controllers\Bpkb->save()
 3 SYSTEMPATH\CodeIgniter.php(466): CodeIgniter\CodeIgniter->runController(Object(App\Controllers\Bpkb))
 4 SYSTEMPATH\CodeIgniter.php(349): CodeIgniter\CodeIgniter->handleRequest(null, Object(Config\Cache), false)
 5 FCPATH\index.php(55): CodeIgniter\CodeIgniter->run()
 6 SYSTEMPATH\Commands\Server\rewrite.php(43): require_once('FCPATH\\index.php')
CRITICAL - 2022-09-08 03:29:55 --> Undefined index: $fotoBpkb
in APPPATH\Controllers\Bpkb.php on line 230.
 1 APPPATH\Controllers\Bpkb.php(230): CodeIgniter\Debug\Exceptions->errorHandler(8, 'Undefined index: $fotoBpkb', 'APPPATH\\Controllers\\Bpkb.php', 230, [...])
 2 SYSTEMPATH\CodeIgniter.php(896): App\Controllers\Bpkb->save()
 3 SYSTEMPATH\CodeIgniter.php(466): CodeIgniter\CodeIgniter->runController(Object(App\Controllers\Bpkb))
 4 SYSTEMPATH\CodeIgniter.php(349): CodeIgniter\CodeIgniter->handleRequest(null, Object(Config\Cache), false)
 5 FCPATH\index.php(55): CodeIgniter\CodeIgniter->run()
 6 SYSTEMPATH\Commands\Server\rewrite.php(43): require_once('FCPATH\\index.php')
CRITICAL - 2022-09-08 03:30:06 --> Undefined index: 1662625806_c6b821064dd62911e26c
in APPPATH\Controllers\Bpkb.php on line 230.
 1 APPPATH\Controllers\Bpkb.php(230): CodeIgniter\Debug\Exceptions->errorHandler(8, 'Undefined index: 1662625806_c6b821064dd62911e26c', 'APPPATH\\Controllers\\Bpkb.php', 230, [...])
 2 SYSTEMPATH\CodeIgniter.php(896): App\Controllers\Bpkb->save()
 3 SYSTEMPATH\CodeIgniter.php(466): CodeIgniter\CodeIgniter->runController(Object(App\Controllers\Bpkb))
 4 SYSTEMPATH\CodeIgniter.php(349): CodeIgniter\CodeIgniter->handleRequest(null, Object(Config\Cache), false)
 5 FCPATH\index.php(55): CodeIgniter\CodeIgniter->run()
 6 SYSTEMPATH\Commands\Server\rewrite.php(43): require_once('FCPATH\\index.php')
CRITICAL - 2022-09-08 03:30:26 --> Undefined index: 1662625826_5b9cb0fc535278f583ba
in APPPATH\Controllers\Bpkb.php on line 231.
 1 APPPATH\Controllers\Bpkb.php(231): CodeIgniter\Debug\Exceptions->errorHandler(8, 'Undefined index: 1662625826_5b9cb0fc535278f583ba', 'APPPATH\\Controllers\\Bpkb.php', 231, [...])
 2 SYSTEMPATH\CodeIgniter.php(896): App\Controllers\Bpkb->save()
 3 SYSTEMPATH\CodeIgniter.php(466): CodeIgniter\CodeIgniter->runController(Object(App\Controllers\Bpkb))
 4 SYSTEMPATH\CodeIgniter.php(349): CodeIgniter\CodeIgniter->handleRequest(null, Object(Config\Cache), false)
 5 FCPATH\index.php(55): CodeIgniter\CodeIgniter->run()
 6 SYSTEMPATH\Commands\Server\rewrite.php(43): require_once('FCPATH\\index.php')
CRITICAL - 2022-09-08 03:30:44 --> Undefined index: 1662625844_59c83eb1f3d242120643
in APPPATH\Controllers\Bpkb.php on line 231.
 1 APPPATH\Controllers\Bpkb.php(231): CodeIgniter\Debug\Exceptions->errorHandler(8, 'Undefined index: 1662625844_59c83eb1f3d242120643', 'APPPATH\\Controllers\\Bpkb.php', 231, [...])
 2 SYSTEMPATH\CodeIgniter.php(896): App\Controllers\Bpkb->save()
 3 SYSTEMPATH\CodeIgniter.php(466): CodeIgniter\CodeIgniter->runController(Object(App\Controllers\Bpkb))
 4 SYSTEMPATH\CodeIgniter.php(349): CodeIgniter\CodeIgniter->handleRequest(null, Object(Config\Cache), false)
 5 FCPATH\index.php(55): CodeIgniter\CodeIgniter->run()
 6 SYSTEMPATH\Commands\Server\rewrite.php(43): require_once('FCPATH\\index.php')
CRITICAL - 2022-09-08 03:31:08 --> The original file is not a valid file.
in SYSTEMPATH\HTTP\Files\UploadedFile.php on line 137.
 1 SYSTEMPATH\HTTP\Files\UploadedFile.php(137): CodeIgniter\HTTP\Exceptions\HTTPException::forInvalidFile()
 2 APPPATH\Controllers\Bpkb.php(232): CodeIgniter\HTTP\Files\UploadedFile->move('FCPATH\\foto_bpkb', '1662625868_f24e492921e2956c15ee')
 3 SYSTEMPATH\CodeIgniter.php(896): App\Controllers\Bpkb->save()
 4 SYSTEMPATH\CodeIgniter.php(466): CodeIgniter\CodeIgniter->runController(Object(App\Controllers\Bpkb))
 5 SYSTEMPATH\CodeIgniter.php(349): CodeIgniter\CodeIgniter->handleRequest(null, Object(Config\Cache), false)
 6 FCPATH\index.php(55): CodeIgniter\CodeIgniter->run()
 7 SYSTEMPATH\Commands\Server\rewrite.php(43): require_once('FCPATH\\index.php')
CRITICAL - 2022-09-08 03:31:44 --> The original file is not a valid file.
in SYSTEMPATH\HTTP\Files\UploadedFile.php on line 137.
 1 SYSTEMPATH\HTTP\Files\UploadedFile.php(137): CodeIgniter\HTTP\Exceptions\HTTPException::forInvalidFile()
 2 APPPATH\Controllers\Bpkb.php(232): CodeIgniter\HTTP\Files\UploadedFile->move('FCPATH\\foto_bpkb', '1662625904_9989617126ddf2e3d89e')
 3 SYSTEMPATH\CodeIgniter.php(896): App\Controllers\Bpkb->save()
 4 SYSTEMPATH\CodeIgniter.php(466): CodeIgniter\CodeIgniter->runController(Object(App\Controllers\Bpkb))
 5 SYSTEMPATH\CodeIgniter.php(349): CodeIgniter\CodeIgniter->handleRequest(null, Object(Config\Cache), false)
 6 FCPATH\index.php(55): CodeIgniter\CodeIgniter->run()
 7 SYSTEMPATH\Commands\Server\rewrite.php(43): require_once('FCPATH\\index.php')
CRITICAL - 2022-09-08 03:46:49 --> Undefined variable: uploadOk
in APPPATH\Controllers\Bpkb.php on line 260.
 1 APPPATH\Controllers\Bpkb.php(260): CodeIgniter\Debug\Exceptions->errorHandler(8, 'Undefined variable: uploadOk', 'APPPATH\\Controllers\\Bpkb.php', 260, [...])
 2 SYSTEMPATH\CodeIgniter.php(896): App\Controllers\Bpkb->save()
 3 SYSTEMPATH\CodeIgniter.php(466): CodeIgniter\CodeIgniter->runController(Object(App\Controllers\Bpkb))
 4 SYSTEMPATH\CodeIgniter.php(349): CodeIgniter\CodeIgniter->handleRequest(null, Object(Config\Cache), false)
 5 FCPATH\index.php(55): CodeIgniter\CodeIgniter->run()
 6 SYSTEMPATH\Commands\Server\rewrite.php(43): require_once('FCPATH\\index.php')
CRITICAL - 2022-09-08 03:48:30 --> Undefined variable: uploadOk
in APPPATH\Controllers\Bpkb.php on line 260.
 1 APPPATH\Controllers\Bpkb.php(260): CodeIgniter\Debug\Exceptions->errorHandler(8, 'Undefined variable: uploadOk', 'APPPATH\\Controllers\\Bpkb.php', 260, [...])
 2 SYSTEMPATH\CodeIgniter.php(896): App\Controllers\Bpkb->save()
 3 SYSTEMPATH\CodeIgniter.php(466): CodeIgniter\CodeIgniter->runController(Object(App\Controllers\Bpkb))
 4 SYSTEMPATH\CodeIgniter.php(349): CodeIgniter\CodeIgniter->handleRequest(null, Object(Config\Cache), false)
 5 FCPATH\index.php(55): CodeIgniter\CodeIgniter->run()
 6 SYSTEMPATH\Commands\Server\rewrite.php(43): require_once('FCPATH\\index.php')
CRITICAL - 2022-09-08 03:48:41 --> Undefined variable: uploadOk
in APPPATH\Controllers\Bpkb.php on line 263.
 1 APPPATH\Controllers\Bpkb.php(263): CodeIgniter\Debug\Exceptions->errorHandler(8, 'Undefined variable: uploadOk', 'APPPATH\\Controllers\\Bpkb.php', 263, [...])
 2 SYSTEMPATH\CodeIgniter.php(896): App\Controllers\Bpkb->save()
 3 SYSTEMPATH\CodeIgniter.php(466): CodeIgniter\CodeIgniter->runController(Object(App\Controllers\Bpkb))
 4 SYSTEMPATH\CodeIgniter.php(349): CodeIgniter\CodeIgniter->handleRequest(null, Object(Config\Cache), false)
 5 FCPATH\index.php(55): CodeIgniter\CodeIgniter->run()
 6 SYSTEMPATH\Commands\Server\rewrite.php(43): require_once('FCPATH\\index.php')
CRITICAL - 2022-09-08 03:49:21 --> Undefined variable: uploadOk
in APPPATH\Controllers\Bpkb.php on line 263.
 1 APPPATH\Controllers\Bpkb.php(263): CodeIgniter\Debug\Exceptions->errorHandler(8, 'Undefined variable: uploadOk', 'APPPATH\\Controllers\\Bpkb.php', 263, [...])
 2 SYSTEMPATH\CodeIgniter.php(896): App\Controllers\Bpkb->save()
 3 SYSTEMPATH\CodeIgniter.php(466): CodeIgniter\CodeIgniter->runController(Object(App\Controllers\Bpkb))
 4 SYSTEMPATH\CodeIgniter.php(349): CodeIgniter\CodeIgniter->handleRequest(null, Object(Config\Cache), false)
 5 FCPATH\index.php(55): CodeIgniter\CodeIgniter->run()
 6 SYSTEMPATH\Commands\Server\rewrite.php(43): require_once('FCPATH\\index.php')
CRITICAL - 2022-09-08 03:59:47 --> Undefined index: keterangan
in APPPATH\Views\master_bpkb\edit_bpkb.php on line 170.
 1 APPPATH\Views\master_bpkb\edit_bpkb.php(170): CodeIgniter\Debug\Exceptions->errorHandler(8, 'Undefined index: keterangan', 'APPPATH\\Views\\master_bpkb\\edit_bpkb.php', 170, [...])
 2 SYSTEMPATH\View\View.php(213): include('APPPATH\\Views\\master_bpkb\\edit_bpkb.php')
 3 SYSTEMPATH\View\View.php(216): CodeIgniter\View\View->CodeIgniter\View\{closure}()
 4 SYSTEMPATH\Common.php(1135): CodeIgniter\View\View->render('master_bpkb/edit_bpkb', [], true)
 5 APPPATH\Controllers\Bpkb.php(288): view('master_bpkb/edit_bpkb', [...])
 6 SYSTEMPATH\CodeIgniter.php(896): App\Controllers\Bpkb->edit('2130')
 7 SYSTEMPATH\CodeIgniter.php(466): CodeIgniter\CodeIgniter->runController(Object(App\Controllers\Bpkb))
 8 SYSTEMPATH\CodeIgniter.php(349): CodeIgniter\CodeIgniter->handleRequest(null, Object(Config\Cache), false)
 9 FCPATH\index.php(55): CodeIgniter\CodeIgniter->run()
10 SYSTEMPATH\Commands\Server\rewrite.php(43): require_once('FCPATH\\index.php')
