CRITICAL - 2022-08-05 08:34:35 --> Invalid file: sertifkat/peminjam_sf.php
in SYSTEMPATH\Exceptions\FrameworkException.php on line 33.
 1 SYSTEMPATH\View\View.php(201): CodeIgniter\Exceptions\FrameworkException::forInvalidFile('sertifkat/peminjam_sf.php')
 2 SYSTEMPATH\Common.php(1135): CodeIgniter\View\View->render('sertifkat/peminjam_sf', [], true)
 3 APPPATH\Controllers\PeminjamSertifikat.php(14): view('sertifkat/peminjam_sf', [...])
 4 SYSTEMPATH\CodeIgniter.php(896): App\Controllers\PeminjamSertifikat->index()
 5 SYSTEMPATH\CodeIgniter.php(466): CodeIgniter\CodeIgniter->runController(Object(App\Controllers\PeminjamSertifikat))
 6 SYSTEMPATH\CodeIgniter.php(349): CodeIgniter\CodeIgniter->handleRequest(null, Object(Config\Cache), false)
 7 FCPATH\index.php(55): CodeIgniter\CodeIgniter->run()
 8 SYSTEMPATH\Commands\Server\rewrite.php(43): require_once('FCPATH\\index.php')
CRITICAL - 2022-08-05 09:05:38 --> Undefined variable $results
in APPPATH\Views\peminjam_sertifikat\index.php on line 20.
 1 APPPATH\Views\peminjam_sertifikat\index.php(20): CodeIgniter\Debug\Exceptions->errorHandler(2, 'Undefined variable $results', 'APPPATH\\Views\\peminjam_sertifikat\\index.php', 20)
 2 SYSTEMPATH\View\View.php(213): include('APPPATH\\Views\\peminjam_sertifikat\\index.php')
 3 SYSTEMPATH\View\View.php(216): CodeIgniter\View\View->CodeIgniter\View\{closure}()
 4 SYSTEMPATH\Common.php(1135): CodeIgniter\View\View->render('peminjam_sertifikat/index', [], true)
 5 APPPATH\Controllers\PeminjamSertifikat.php(14): view('peminjam_sertifikat/index', [...])
 6 SYSTEMPATH\CodeIgniter.php(896): App\Controllers\PeminjamSertifikat->index()
 7 SYSTEMPATH\CodeIgniter.php(466): CodeIgniter\CodeIgniter->runController(Object(App\Controllers\PeminjamSertifikat))
 8 SYSTEMPATH\CodeIgniter.php(349): CodeIgniter\CodeIgniter->handleRequest(null, Object(Config\Cache), false)
 9 FCPATH\index.php(55): CodeIgniter\CodeIgniter->run()
10 SYSTEMPATH\Commands\Server\rewrite.php(43): require_once('FCPATH\\index.php')
