<<<<<<< HEAD
ERROR - 2022-07-30 08:47:34 --> MySQL server has gone away
CRITICAL - 2022-07-30 08:47:34 --> MySQL server has gone away
in SYSTEMPATH\Database\MySQLi\Connection.php on line 292.
 1 SYSTEMPATH\Database\MySQLi\Connection.php(292): mysqli->query('UPDATE `data_bpkb` SET `status` = \'Dipinjam\'
WHERE `id_bpkb` = \'28\'', 0)
 2 SYSTEMPATH\Database\BaseConnection.php(695): CodeIgniter\Database\MySQLi\Connection->execute('UPDATE `data_bpkb` SET `status` = \'Dipinjam\'
WHERE `id_bpkb` = \'28\'')
 3 SYSTEMPATH\Database\BaseConnection.php(609): CodeIgniter\Database\BaseConnection->simpleQuery('UPDATE `data_bpkb` SET `status` = \'Dipinjam\'
WHERE `id_bpkb` = \'28\'')
 4 SYSTEMPATH\Database\BaseBuilder.php(2046): CodeIgniter\Database\BaseConnection->query('UPDATE `data_bpkb` SET `status` = :status:
WHERE `id_bpkb` = :id_bpkb:', [...], false)
 5 APPPATH\Models\PeminjamModel.php(22): CodeIgniter\Database\BaseBuilder->update()
 6 APPPATH\Controllers\Peminjam.php(163): App\Models\PeminjamModel->tambahData([...], [...])
 7 SYSTEMPATH\CodeIgniter.php(896): App\Controllers\Peminjam->save()
 8 SYSTEMPATH\CodeIgniter.php(466): CodeIgniter\CodeIgniter->runController(Object(App\Controllers\Peminjam))
 9 SYSTEMPATH\CodeIgniter.php(349): CodeIgniter\CodeIgniter->handleRequest(null, Object(Config\Cache), false)
10 FCPATH\index.php(55): CodeIgniter\CodeIgniter->run()
11 SYSTEMPATH\Commands\Server\rewrite.php(43): require_once('FCPATH\\index.php')
=======
CRITICAL - 2022-07-30 02:45:28 --> Undefined variable: row
in APPPATH\Views\master_bpkb\detail_bpkb.php on line 23.
 1 APPPATH\Views\master_bpkb\detail_bpkb.php(23): CodeIgniter\Debug\Exceptions->errorHandler(8, 'Undefined variable: row', 'APPPATH\\Views\\master_bpkb\\detail_bpkb.php', 23, [...])
 2 SYSTEMPATH\View\View.php(213): include('APPPATH\\Views\\master_bpkb\\detail_bpkb.php')
 3 SYSTEMPATH\View\View.php(216): CodeIgniter\View\View->CodeIgniter\View\{closure}()
 4 SYSTEMPATH\Common.php(1135): CodeIgniter\View\View->render('master_bpkb/detail_bpkb', [], true)
 5 APPPATH\Controllers\Bpkb.php(69): view('master_bpkb/detail_bpkb', [...])
 6 SYSTEMPATH\CodeIgniter.php(896): App\Controllers\Bpkb->detail('29')
 7 SYSTEMPATH\CodeIgniter.php(466): CodeIgniter\CodeIgniter->runController(Object(App\Controllers\Bpkb))
 8 SYSTEMPATH\CodeIgniter.php(349): CodeIgniter\CodeIgniter->handleRequest(null, Object(Config\Cache), false)
 9 FCPATH\index.php(55): CodeIgniter\CodeIgniter->run()
10 SYSTEMPATH\Commands\Server\rewrite.php(43): require_once('FCPATH\\index.php')
CRITICAL - 2022-07-30 02:46:01 --> Trying to get property 'id_bpkb' of non-object
in APPPATH\Views\master_bpkb\detail_bpkb.php on line 23.
 1 APPPATH\Views\master_bpkb\detail_bpkb.php(23): CodeIgniter\Debug\Exceptions->errorHandler(8, 'Trying to get property \'id_bpkb\' of non-object', 'APPPATH\\Views\\master_bpkb\\detail_bpkb.php', 23, [...])
 2 SYSTEMPATH\View\View.php(213): include('APPPATH\\Views\\master_bpkb\\detail_bpkb.php')
 3 SYSTEMPATH\View\View.php(216): CodeIgniter\View\View->CodeIgniter\View\{closure}()
 4 SYSTEMPATH\Common.php(1135): CodeIgniter\View\View->render('master_bpkb/detail_bpkb', [], true)
 5 APPPATH\Controllers\Bpkb.php(69): view('master_bpkb/detail_bpkb', [...])
 6 SYSTEMPATH\CodeIgniter.php(896): App\Controllers\Bpkb->detail('29')
 7 SYSTEMPATH\CodeIgniter.php(466): CodeIgniter\CodeIgniter->runController(Object(App\Controllers\Bpkb))
 8 SYSTEMPATH\CodeIgniter.php(349): CodeIgniter\CodeIgniter->handleRequest(null, Object(Config\Cache), false)
 9 FCPATH\index.php(55): CodeIgniter\CodeIgniter->run()
10 SYSTEMPATH\Commands\Server\rewrite.php(43): require_once('FCPATH\\index.php')
CRITICAL - 2022-07-30 02:57:20 --> unlink(foto_bpkb/1658391817_fcf9b666fdf986cbbbae.jpg): No such file or directory
in APPPATH\Controllers\GambarController.php on line 34.
 1 [internal function]: CodeIgniter\Debug\Exceptions->errorHandler(2, 'unlink(foto_bpkb/1658391817_fcf9b666fdf986cbbbae.jpg): No such file or directory', 'APPPATH\\Controllers\\GambarController.php', 34, [...])
 2 APPPATH\Controllers\GambarController.php(34): unlink('foto_bpkb/1658391817_fcf9b666fdf986cbbbae.jpg')
 3 SYSTEMPATH\CodeIgniter.php(896): App\Controllers\GambarController->delete('23')
 4 SYSTEMPATH\CodeIgniter.php(466): CodeIgniter\CodeIgniter->runController(Object(App\Controllers\GambarController))
 5 SYSTEMPATH\CodeIgniter.php(349): CodeIgniter\CodeIgniter->handleRequest(null, Object(Config\Cache), false)
 6 FCPATH\index.php(55): CodeIgniter\CodeIgniter->run()
 7 SYSTEMPATH\Commands\Server\rewrite.php(43): require_once('FCPATH\\index.php')
CRITICAL - 2022-07-30 03:16:52 --> Invalid file: mutasi_bpkb/create.php
in SYSTEMPATH\Exceptions\FrameworkException.php on line 33.
 1 SYSTEMPATH\View\View.php(201): CodeIgniter\Exceptions\FrameworkException::forInvalidFile('mutasi_bpkb/create.php')
 2 SYSTEMPATH\Common.php(1135): CodeIgniter\View\View->render('mutasi_bpkb/create', [], true)
 3 APPPATH\Controllers\Mutasi.php(34): view('mutasi_bpkb/create', [...])
 4 SYSTEMPATH\CodeIgniter.php(896): App\Controllers\Mutasi->create()
 5 SYSTEMPATH\CodeIgniter.php(466): CodeIgniter\CodeIgniter->runController(Object(App\Controllers\Mutasi))
 6 SYSTEMPATH\CodeIgniter.php(349): CodeIgniter\CodeIgniter->handleRequest(null, Object(Config\Cache), false)
 7 FCPATH\index.php(55): CodeIgniter\CodeIgniter->run()
 8 SYSTEMPATH\Commands\Server\rewrite.php(43): require_once('FCPATH\\index.php')
CRITICAL - 2022-07-30 03:17:02 --> Undefined variable: validation
in APPPATH\Views\mutasi_bpkb\tambah_mutasi.php on line 17.
 1 APPPATH\Views\mutasi_bpkb\tambah_mutasi.php(17): CodeIgniter\Debug\Exceptions->errorHandler(8, 'Undefined variable: validation', 'APPPATH\\Views\\mutasi_bpkb\\tambah_mutasi.php', 17, [...])
 2 SYSTEMPATH\View\View.php(213): include('APPPATH\\Views\\mutasi_bpkb\\tambah_mutasi.php')
 3 SYSTEMPATH\View\View.php(216): CodeIgniter\View\View->CodeIgniter\View\{closure}()
 4 SYSTEMPATH\Common.php(1135): CodeIgniter\View\View->render('mutasi_bpkb/tambah_mutasi', [], true)
 5 APPPATH\Controllers\Mutasi.php(34): view('mutasi_bpkb/tambah_mutasi', [...])
 6 SYSTEMPATH\CodeIgniter.php(896): App\Controllers\Mutasi->create()
 7 SYSTEMPATH\CodeIgniter.php(466): CodeIgniter\CodeIgniter->runController(Object(App\Controllers\Mutasi))
 8 SYSTEMPATH\CodeIgniter.php(349): CodeIgniter\CodeIgniter->handleRequest(null, Object(Config\Cache), false)
 9 FCPATH\index.php(55): CodeIgniter\CodeIgniter->run()
10 SYSTEMPATH\Commands\Server\rewrite.php(43): require_once('FCPATH\\index.php')
CRITICAL - 2022-07-30 03:17:06 --> Undefined variable: validation
in APPPATH\Views\mutasi_bpkb\tambah_mutasi.php on line 17.
 1 APPPATH\Views\mutasi_bpkb\tambah_mutasi.php(17): CodeIgniter\Debug\Exceptions->errorHandler(8, 'Undefined variable: validation', 'APPPATH\\Views\\mutasi_bpkb\\tambah_mutasi.php', 17, [...])
 2 SYSTEMPATH\View\View.php(213): include('APPPATH\\Views\\mutasi_bpkb\\tambah_mutasi.php')
 3 SYSTEMPATH\View\View.php(216): CodeIgniter\View\View->CodeIgniter\View\{closure}()
 4 SYSTEMPATH\Common.php(1135): CodeIgniter\View\View->render('mutasi_bpkb/tambah_mutasi', [], true)
 5 APPPATH\Controllers\Mutasi.php(34): view('mutasi_bpkb/tambah_mutasi', [...])
 6 SYSTEMPATH\CodeIgniter.php(896): App\Controllers\Mutasi->create()
 7 SYSTEMPATH\CodeIgniter.php(466): CodeIgniter\CodeIgniter->runController(Object(App\Controllers\Mutasi))
 8 SYSTEMPATH\CodeIgniter.php(349): CodeIgniter\CodeIgniter->handleRequest(null, Object(Config\Cache), false)
 9 FCPATH\index.php(55): CodeIgniter\CodeIgniter->run()
10 SYSTEMPATH\Commands\Server\rewrite.php(43): require_once('FCPATH\\index.php')
CRITICAL - 2022-07-30 03:18:35 --> Undefined variable: model
in APPPATH\Views\mutasi_bpkb\tambah_mutasi.php on line 55.
 1 APPPATH\Views\mutasi_bpkb\tambah_mutasi.php(55): CodeIgniter\Debug\Exceptions->errorHandler(8, 'Undefined variable: model', 'APPPATH\\Views\\mutasi_bpkb\\tambah_mutasi.php', 55, [...])
 2 SYSTEMPATH\View\View.php(213): include('APPPATH\\Views\\mutasi_bpkb\\tambah_mutasi.php')
 3 SYSTEMPATH\View\View.php(216): CodeIgniter\View\View->CodeIgniter\View\{closure}()
 4 SYSTEMPATH\Common.php(1135): CodeIgniter\View\View->render('mutasi_bpkb/tambah_mutasi', [], true)
 5 APPPATH\Controllers\Mutasi.php(35): view('mutasi_bpkb/tambah_mutasi', [...])
 6 SYSTEMPATH\CodeIgniter.php(896): App\Controllers\Mutasi->create()
 7 SYSTEMPATH\CodeIgniter.php(466): CodeIgniter\CodeIgniter->runController(Object(App\Controllers\Mutasi))
 8 SYSTEMPATH\CodeIgniter.php(349): CodeIgniter\CodeIgniter->handleRequest(null, Object(Config\Cache), false)
 9 FCPATH\index.php(55): CodeIgniter\CodeIgniter->run()
10 SYSTEMPATH\Commands\Server\rewrite.php(43): require_once('FCPATH\\index.php')
CRITICAL - 2022-07-30 03:50:01 --> Undefined variable: key
in APPPATH\Views\mutasi_bpkb\tambah_mutasi.php on line 41.
 1 APPPATH\Views\mutasi_bpkb\tambah_mutasi.php(41): CodeIgniter\Debug\Exceptions->errorHandler(8, 'Undefined variable: key', 'APPPATH\\Views\\mutasi_bpkb\\tambah_mutasi.php', 41, [...])
 2 SYSTEMPATH\View\View.php(213): include('APPPATH\\Views\\mutasi_bpkb\\tambah_mutasi.php')
 3 SYSTEMPATH\View\View.php(216): CodeIgniter\View\View->CodeIgniter\View\{closure}()
 4 SYSTEMPATH\Common.php(1135): CodeIgniter\View\View->render('mutasi_bpkb/tambah_mutasi', [], true)
 5 APPPATH\Controllers\Mutasi.php(35): view('mutasi_bpkb/tambah_mutasi', [...])
 6 SYSTEMPATH\CodeIgniter.php(896): App\Controllers\Mutasi->create()
 7 SYSTEMPATH\CodeIgniter.php(466): CodeIgniter\CodeIgniter->runController(Object(App\Controllers\Mutasi))
 8 SYSTEMPATH\CodeIgniter.php(349): CodeIgniter\CodeIgniter->handleRequest(null, Object(Config\Cache), false)
 9 FCPATH\index.php(55): CodeIgniter\CodeIgniter->run()
10 SYSTEMPATH\Commands\Server\rewrite.php(43): require_once('FCPATH\\index.php')
>>>>>>> 8e3d2f28ead06cade224727e43aa7fff3f98f31f
