CRITICAL - 2022-08-10 01:04:26 --> Invalid file: /peminjam_sertifikat/tambah_peminjam-sertifikat.php
in SYSTEMPATH\Exceptions\FrameworkException.php on line 33.
 1 SYSTEMPATH\View\View.php(201): CodeIgniter\Exceptions\FrameworkException::forInvalidFile('/peminjam_sertifikat/tambah_peminjam-sertifikat.php')
 2 SYSTEMPATH\Common.php(1135): CodeIgniter\View\View->render('/peminjam_sertifikat/tambah_peminjam-sertifikat', [], true)
 3 APPPATH\Controllers\PeminjamSertifikat.php(56): view('/peminjam_sertifikat/tambah_peminjam-sertifikat')
 4 SYSTEMPATH\CodeIgniter.php(896): App\Controllers\PeminjamSertifikat->create()
 5 SYSTEMPATH\CodeIgniter.php(466): CodeIgniter\CodeIgniter->runController(Object(App\Controllers\PeminjamSertifikat))
 6 SYSTEMPATH\CodeIgniter.php(349): CodeIgniter\CodeIgniter->handleRequest(null, Object(Config\Cache), false)
 7 FCPATH\index.php(55): CodeIgniter\CodeIgniter->run()
 8 SYSTEMPATH\Commands\Server\rewrite.php(43): require_once('FCPATH\\index.php')
CRITICAL - 2022-08-10 01:04:52 --> Invalid file: /peminjam_sertifikat/tambah_peminjam_sertifikat.php
in SYSTEMPATH\Exceptions\FrameworkException.php on line 33.
 1 SYSTEMPATH\View\View.php(201): CodeIgniter\Exceptions\FrameworkException::forInvalidFile('/peminjam_sertifikat/tambah_peminjam_sertifikat.php')
 2 SYSTEMPATH\Common.php(1135): CodeIgniter\View\View->render('/peminjam_sertifikat/tambah_peminjam_sertifikat', [], true)
 3 APPPATH\Controllers\PeminjamSertifikat.php(56): view('/peminjam_sertifikat/tambah_peminjam_sertifikat')
 4 SYSTEMPATH\CodeIgniter.php(896): App\Controllers\PeminjamSertifikat->create()
 5 SYSTEMPATH\CodeIgniter.php(466): CodeIgniter\CodeIgniter->runController(Object(App\Controllers\PeminjamSertifikat))
 6 SYSTEMPATH\CodeIgniter.php(349): CodeIgniter\CodeIgniter->handleRequest(null, Object(Config\Cache), false)
 7 FCPATH\index.php(55): CodeIgniter\CodeIgniter->run()
 8 SYSTEMPATH\Commands\Server\rewrite.php(43): require_once('FCPATH\\index.php')
CRITICAL - 2022-08-10 01:05:03 --> Undefined variable $validation
in APPPATH\Views\peminjam_sertifikat\tambah_peminjam_serti.php on line 36.
 1 APPPATH\Views\peminjam_sertifikat\tambah_peminjam_serti.php(36): CodeIgniter\Debug\Exceptions->errorHandler(2, 'Undefined variable $validation', 'APPPATH\\Views\\peminjam_sertifikat\\tambah_peminjam_serti.php', 36)
 2 SYSTEMPATH\View\View.php(213): include('APPPATH\\Views\\peminjam_sertifikat\\tambah_peminjam_serti.php')
 3 SYSTEMPATH\View\View.php(216): CodeIgniter\View\View->CodeIgniter\View\{closure}()
 4 SYSTEMPATH\Common.php(1135): CodeIgniter\View\View->render('/peminjam_sertifikat/tambah_peminjam_serti', [], true)
 5 APPPATH\Controllers\PeminjamSertifikat.php(56): view('/peminjam_sertifikat/tambah_peminjam_serti')
 6 SYSTEMPATH\CodeIgniter.php(896): App\Controllers\PeminjamSertifikat->create()
 7 SYSTEMPATH\CodeIgniter.php(466): CodeIgniter\CodeIgniter->runController(Object(App\Controllers\PeminjamSertifikat))
 8 SYSTEMPATH\CodeIgniter.php(349): CodeIgniter\CodeIgniter->handleRequest(null, Object(Config\Cache), false)
 9 FCPATH\index.php(55): CodeIgniter\CodeIgniter->run()
10 SYSTEMPATH\Commands\Server\rewrite.php(43): require_once('FCPATH\\index.php')
CRITICAL - 2022-08-10 01:06:06 --> Undefined variable $validation
in APPPATH\Views\peminjam_sertifikat\tambah_peminjam_serti.php on line 36.
 1 APPPATH\Views\peminjam_sertifikat\tambah_peminjam_serti.php(36): CodeIgniter\Debug\Exceptions->errorHandler(2, 'Undefined variable $validation', 'APPPATH\\Views\\peminjam_sertifikat\\tambah_peminjam_serti.php', 36)
 2 SYSTEMPATH\View\View.php(213): include('APPPATH\\Views\\peminjam_sertifikat\\tambah_peminjam_serti.php')
 3 SYSTEMPATH\View\View.php(216): CodeIgniter\View\View->CodeIgniter\View\{closure}()
 4 SYSTEMPATH\Common.php(1135): CodeIgniter\View\View->render('/peminjam_sertifikat/tambah_peminjam_serti', [], true)
 5 APPPATH\Controllers\PeminjamSertifikat.php(61): view('/peminjam_sertifikat/tambah_peminjam_serti')
 6 SYSTEMPATH\CodeIgniter.php(896): App\Controllers\PeminjamSertifikat->create()
 7 SYSTEMPATH\CodeIgniter.php(466): CodeIgniter\CodeIgniter->runController(Object(App\Controllers\PeminjamSertifikat))
 8 SYSTEMPATH\CodeIgniter.php(349): CodeIgniter\CodeIgniter->handleRequest(null, Object(Config\Cache), false)
 9 FCPATH\index.php(55): CodeIgniter\CodeIgniter->run()
10 SYSTEMPATH\Commands\Server\rewrite.php(43): require_once('FCPATH\\index.php')
CRITICAL - 2022-08-10 01:06:10 --> Undefined variable $validation
in APPPATH\Views\peminjam_sertifikat\tambah_peminjam_serti.php on line 36.
 1 APPPATH\Views\peminjam_sertifikat\tambah_peminjam_serti.php(36): CodeIgniter\Debug\Exceptions->errorHandler(2, 'Undefined variable $validation', 'APPPATH\\Views\\peminjam_sertifikat\\tambah_peminjam_serti.php', 36)
 2 SYSTEMPATH\View\View.php(213): include('APPPATH\\Views\\peminjam_sertifikat\\tambah_peminjam_serti.php')
 3 SYSTEMPATH\View\View.php(216): CodeIgniter\View\View->CodeIgniter\View\{closure}()
 4 SYSTEMPATH\Common.php(1135): CodeIgniter\View\View->render('/peminjam_sertifikat/tambah_peminjam_serti', [], true)
 5 APPPATH\Controllers\PeminjamSertifikat.php(61): view('/peminjam_sertifikat/tambah_peminjam_serti')
 6 SYSTEMPATH\CodeIgniter.php(896): App\Controllers\PeminjamSertifikat->create()
 7 SYSTEMPATH\CodeIgniter.php(466): CodeIgniter\CodeIgniter->runController(Object(App\Controllers\PeminjamSertifikat))
 8 SYSTEMPATH\CodeIgniter.php(349): CodeIgniter\CodeIgniter->handleRequest(null, Object(Config\Cache), false)
 9 FCPATH\index.php(55): CodeIgniter\CodeIgniter->run()
10 SYSTEMPATH\Commands\Server\rewrite.php(43): require_once('FCPATH\\index.php')
CRITICAL - 2022-08-10 01:44:23 --> Call to undefined method App\Models\PeminjamSertifikatModel::tambahData
in SYSTEMPATH\Model.php on line 773.
 1 APPPATH\Controllers\PeminjamSertifikat.php(115): CodeIgniter\Model->__call('tambahData', [...])
 2 SYSTEMPATH\CodeIgniter.php(896): App\Controllers\PeminjamSertifikat->save()
 3 SYSTEMPATH\CodeIgniter.php(466): CodeIgniter\CodeIgniter->runController(Object(App\Controllers\PeminjamSertifikat))
 4 SYSTEMPATH\CodeIgniter.php(349): CodeIgniter\CodeIgniter->handleRequest(null, Object(Config\Cache), false)
 5 FCPATH\index.php(55): CodeIgniter\CodeIgniter->run()
 6 SYSTEMPATH\Commands\Server\rewrite.php(43): require_once('FCPATH\\index.php')
ERROR - 2022-08-10 01:55:43 --> Table 'peminjaman_bpkb.data_peminjam_mahasiswa' doesn't exist
CRITICAL - 2022-08-10 01:55:43 --> Table 'peminjaman_bpkb.data_peminjam_mahasiswa' doesn't exist
in SYSTEMPATH\Database\MySQLi\Connection.php on line 292.
 1 SYSTEMPATH\Database\MySQLi\Connection.php(292): mysqli->query('INSERT INTO `data_peminjam_mahasiswa` (`nama_lengkap`, `nik`, `id_sertifikat`, `nama_petugas_pinjam`, `nip_petugas_pinjam`, `nama_petugas_kembali`, `nip_petugas_kembali`, `tgl_pinjam`, `status`) VALUES (\'fariz wahyu\', \'6616446113131494\', NULL, \'Adam\', \'464846465165\', \'-\', \'-\', \'2022-08-10\', \'Pinjam\')', 0)
 2 SYSTEMPATH\Database\BaseConnection.php(695): CodeIgniter\Database\MySQLi\Connection->execute('INSERT INTO `data_peminjam_mahasiswa` (`nama_lengkap`, `nik`, `id_sertifikat`, `nama_petugas_pinjam`, `nip_petugas_pinjam`, `nama_petugas_kembali`, `nip_petugas_kembali`, `tgl_pinjam`, `status`) VALUES (\'fariz wahyu\', \'6616446113131494\', NULL, \'Adam\', \'464846465165\', \'-\', \'-\', \'2022-08-10\', \'Pinjam\')')
 3 SYSTEMPATH\Database\BaseConnection.php(609): CodeIgniter\Database\BaseConnection->simpleQuery('INSERT INTO `data_peminjam_mahasiswa` (`nama_lengkap`, `nik`, `id_sertifikat`, `nama_petugas_pinjam`, `nip_petugas_pinjam`, `nama_petugas_kembali`, `nip_petugas_kembali`, `tgl_pinjam`, `status`) VALUES (\'fariz wahyu\', \'6616446113131494\', NULL, \'Adam\', \'464846465165\', \'-\', \'-\', \'2022-08-10\', \'Pinjam\')')
 4 SYSTEMPATH\Database\BaseBuilder.php(1904): CodeIgniter\Database\BaseConnection->query('INSERT INTO `data_peminjam_mahasiswa` (`nama_lengkap`, `nik`, `id_sertifikat`, `nama_petugas_pinjam`, `nip_petugas_pinjam`, `nama_petugas_kembali`, `nip_petugas_kembali`, `tgl_pinjam`, `status`) VALUES (:nama_lengkap:, :nik:, :id_sertifikat:, :nama_petugas_pinjam:, :nip_petugas_pinjam:, :nama_petugas_kembali:, :nip_petugas_kembali:, :tgl_pinjam:, :status:)', [...], false)
 5 APPPATH\Models\PeminjamSertifikatModel.php(17): CodeIgniter\Database\BaseBuilder->insert([...])
 6 APPPATH\Controllers\PeminjamSertifikat.php(115): App\Models\PeminjamSertifikatModel->tambahData([...])
 7 SYSTEMPATH\CodeIgniter.php(896): App\Controllers\PeminjamSertifikat->save()
 8 SYSTEMPATH\CodeIgniter.php(466): CodeIgniter\CodeIgniter->runController(Object(App\Controllers\PeminjamSertifikat))
 9 SYSTEMPATH\CodeIgniter.php(349): CodeIgniter\CodeIgniter->handleRequest(null, Object(Config\Cache), false)
10 FCPATH\index.php(55): CodeIgniter\CodeIgniter->run()
11 SYSTEMPATH\Commands\Server\rewrite.php(43): require_once('FCPATH\\index.php')
ERROR - 2022-08-10 01:56:18 --> Column 'id_sertifikat' cannot be null
CRITICAL - 2022-08-10 01:56:18 --> Column 'id_sertifikat' cannot be null
in SYSTEMPATH\Database\MySQLi\Connection.php on line 292.
 1 SYSTEMPATH\Database\MySQLi\Connection.php(292): mysqli->query('INSERT INTO `data_peminjam_sertifikat` (`nama_lengkap`, `nik`, `id_sertifikat`, `nama_petugas_pinjam`, `nip_petugas_pinjam`, `nama_petugas_kembali`, `nip_petugas_kembali`, `tgl_pinjam`, `status`) VALUES (\'fariz wahyu\', \'6616446113131494\', NULL, \'Adam\', \'464846465165\', \'-\', \'-\', \'2022-08-10\', \'Pinjam\')', 0)
 2 SYSTEMPATH\Database\BaseConnection.php(695): CodeIgniter\Database\MySQLi\Connection->execute('INSERT INTO `data_peminjam_sertifikat` (`nama_lengkap`, `nik`, `id_sertifikat`, `nama_petugas_pinjam`, `nip_petugas_pinjam`, `nama_petugas_kembali`, `nip_petugas_kembali`, `tgl_pinjam`, `status`) VALUES (\'fariz wahyu\', \'6616446113131494\', NULL, \'Adam\', \'464846465165\', \'-\', \'-\', \'2022-08-10\', \'Pinjam\')')
 3 SYSTEMPATH\Database\BaseConnection.php(609): CodeIgniter\Database\BaseConnection->simpleQuery('INSERT INTO `data_peminjam_sertifikat` (`nama_lengkap`, `nik`, `id_sertifikat`, `nama_petugas_pinjam`, `nip_petugas_pinjam`, `nama_petugas_kembali`, `nip_petugas_kembali`, `tgl_pinjam`, `status`) VALUES (\'fariz wahyu\', \'6616446113131494\', NULL, \'Adam\', \'464846465165\', \'-\', \'-\', \'2022-08-10\', \'Pinjam\')')
 4 SYSTEMPATH\Database\BaseBuilder.php(1904): CodeIgniter\Database\BaseConnection->query('INSERT INTO `data_peminjam_sertifikat` (`nama_lengkap`, `nik`, `id_sertifikat`, `nama_petugas_pinjam`, `nip_petugas_pinjam`, `nama_petugas_kembali`, `nip_petugas_kembali`, `tgl_pinjam`, `status`) VALUES (:nama_lengkap:, :nik:, :id_sertifikat:, :nama_petugas_pinjam:, :nip_petugas_pinjam:, :nama_petugas_kembali:, :nip_petugas_kembali:, :tgl_pinjam:, :status:)', [...], false)
 5 APPPATH\Models\PeminjamSertifikatModel.php(17): CodeIgniter\Database\BaseBuilder->insert([...])
 6 APPPATH\Controllers\PeminjamSertifikat.php(115): App\Models\PeminjamSertifikatModel->tambahData([...])
 7 SYSTEMPATH\CodeIgniter.php(896): App\Controllers\PeminjamSertifikat->save()
 8 SYSTEMPATH\CodeIgniter.php(466): CodeIgniter\CodeIgniter->runController(Object(App\Controllers\PeminjamSertifikat))
 9 SYSTEMPATH\CodeIgniter.php(349): CodeIgniter\CodeIgniter->handleRequest(null, Object(Config\Cache), false)
10 FCPATH\index.php(55): CodeIgniter\CodeIgniter->run()
11 SYSTEMPATH\Commands\Server\rewrite.php(43): require_once('FCPATH\\index.php')
ERROR - 2022-08-10 02:06:33 --> Column 'id_sertifikat' cannot be null
CRITICAL - 2022-08-10 02:06:33 --> Column 'id_sertifikat' cannot be null
in SYSTEMPATH\Database\MySQLi\Connection.php on line 292.
 1 SYSTEMPATH\Database\MySQLi\Connection.php(292): mysqli->query('INSERT INTO `data_peminjam_sertifikat` (`nama_lengkap`, `nik`, `id_sertifikat`, `nama_petugas_pinjam`, `nip_petugas_pinjam`, `nama_petugas_kembali`, `nip_petugas_kembali`, `tgl_pinjam`, `tgl_kembali`, `estimasi_kembali`, `status`) VALUES (\'fariz wahyu\', \'321606266595952\', NULL, \'Adam\', \'5164684651551\', \'-\', \'-\', \'2022-08-10\', NULL, NULL, \'Pinjam\')', 0)
 2 SYSTEMPATH\Database\BaseConnection.php(695): CodeIgniter\Database\MySQLi\Connection->execute('INSERT INTO `data_peminjam_sertifikat` (`nama_lengkap`, `nik`, `id_sertifikat`, `nama_petugas_pinjam`, `nip_petugas_pinjam`, `nama_petugas_kembali`, `nip_petugas_kembali`, `tgl_pinjam`, `tgl_kembali`, `estimasi_kembali`, `status`) VALUES (\'fariz wahyu\', \'321606266595952\', NULL, \'Adam\', \'5164684651551\', \'-\', \'-\', \'2022-08-10\', NULL, NULL, \'Pinjam\')')
 3 SYSTEMPATH\Database\BaseConnection.php(609): CodeIgniter\Database\BaseConnection->simpleQuery('INSERT INTO `data_peminjam_sertifikat` (`nama_lengkap`, `nik`, `id_sertifikat`, `nama_petugas_pinjam`, `nip_petugas_pinjam`, `nama_petugas_kembali`, `nip_petugas_kembali`, `tgl_pinjam`, `tgl_kembali`, `estimasi_kembali`, `status`) VALUES (\'fariz wahyu\', \'321606266595952\', NULL, \'Adam\', \'5164684651551\', \'-\', \'-\', \'2022-08-10\', NULL, NULL, \'Pinjam\')')
 4 SYSTEMPATH\Database\BaseBuilder.php(1904): CodeIgniter\Database\BaseConnection->query('INSERT INTO `data_peminjam_sertifikat` (`nama_lengkap`, `nik`, `id_sertifikat`, `nama_petugas_pinjam`, `nip_petugas_pinjam`, `nama_petugas_kembali`, `nip_petugas_kembali`, `tgl_pinjam`, `tgl_kembali`, `estimasi_kembali`, `status`) VALUES (:nama_lengkap:, :nik:, :id_sertifikat:, :nama_petugas_pinjam:, :nip_petugas_pinjam:, :nama_petugas_kembali:, :nip_petugas_kembali:, :tgl_pinjam:, :tgl_kembali:, :estimasi_kembali:, :status:)', [...], false)
 5 APPPATH\Models\PeminjamSertifikatModel.php(17): CodeIgniter\Database\BaseBuilder->insert([...])
 6 APPPATH\Controllers\PeminjamSertifikat.php(117): App\Models\PeminjamSertifikatModel->tambahData([...])
 7 SYSTEMPATH\CodeIgniter.php(896): App\Controllers\PeminjamSertifikat->save()
 8 SYSTEMPATH\CodeIgniter.php(466): CodeIgniter\CodeIgniter->runController(Object(App\Controllers\PeminjamSertifikat))
 9 SYSTEMPATH\CodeIgniter.php(349): CodeIgniter\CodeIgniter->handleRequest(null, Object(Config\Cache), false)
10 FCPATH\index.php(55): CodeIgniter\CodeIgniter->run()
11 SYSTEMPATH\Commands\Server\rewrite.php(43): require_once('FCPATH\\index.php')
CRITICAL - 2022-08-10 02:13:48 --> Undefined array key "intro"
in APPPATH\Views\peminjam_sertifikat\tambah_peminjam_serti.php on line 70.
 1 APPPATH\Views\peminjam_sertifikat\tambah_peminjam_serti.php(70): CodeIgniter\Debug\Exceptions->errorHandler(2, 'Undefined array key "intro"', 'APPPATH\\Views\\peminjam_sertifikat\\tambah_peminjam_serti.php', 70)
 2 SYSTEMPATH\View\View.php(213): include('APPPATH\\Views\\peminjam_sertifikat\\tambah_peminjam_serti.php')
 3 SYSTEMPATH\View\View.php(216): CodeIgniter\View\View->CodeIgniter\View\{closure}()
 4 SYSTEMPATH\Common.php(1135): CodeIgniter\View\View->render('/peminjam_sertifikat/tambah_peminjam_serti', [], true)
 5 APPPATH\Controllers\PeminjamSertifikat.php(63): view('/peminjam_sertifikat/tambah_peminjam_serti', [...])
 6 SYSTEMPATH\CodeIgniter.php(896): App\Controllers\PeminjamSertifikat->create()
 7 SYSTEMPATH\CodeIgniter.php(466): CodeIgniter\CodeIgniter->runController(Object(App\Controllers\PeminjamSertifikat))
 8 SYSTEMPATH\CodeIgniter.php(349): CodeIgniter\CodeIgniter->handleRequest(null, Object(Config\Cache), false)
 9 FCPATH\index.php(55): CodeIgniter\CodeIgniter->run()
10 SYSTEMPATH\Commands\Server\rewrite.php(43): require_once('FCPATH\\index.php')
CRITICAL - 2022-08-10 02:14:44 --> Undefined array key "intro"
in APPPATH\Views\peminjam_sertifikat\tambah_peminjam_serti.php on line 70.
 1 APPPATH\Views\peminjam_sertifikat\tambah_peminjam_serti.php(70): CodeIgniter\Debug\Exceptions->errorHandler(2, 'Undefined array key "intro"', 'APPPATH\\Views\\peminjam_sertifikat\\tambah_peminjam_serti.php', 70)
 2 SYSTEMPATH\View\View.php(213): include('APPPATH\\Views\\peminjam_sertifikat\\tambah_peminjam_serti.php')
 3 SYSTEMPATH\View\View.php(216): CodeIgniter\View\View->CodeIgniter\View\{closure}()
 4 SYSTEMPATH\Common.php(1135): CodeIgniter\View\View->render('/peminjam_sertifikat/tambah_peminjam_serti', [], true)
 5 APPPATH\Controllers\PeminjamSertifikat.php(63): view('/peminjam_sertifikat/tambah_peminjam_serti', [...])
 6 SYSTEMPATH\CodeIgniter.php(896): App\Controllers\PeminjamSertifikat->create()
 7 SYSTEMPATH\CodeIgniter.php(466): CodeIgniter\CodeIgniter->runController(Object(App\Controllers\PeminjamSertifikat))
 8 SYSTEMPATH\CodeIgniter.php(349): CodeIgniter\CodeIgniter->handleRequest(null, Object(Config\Cache), false)
 9 FCPATH\index.php(55): CodeIgniter\CodeIgniter->run()
10 SYSTEMPATH\Commands\Server\rewrite.php(43): require_once('FCPATH\\index.php')
CRITICAL - 2022-08-10 02:24:33 --> Undefined array key "intro"
in APPPATH\Views\peminjam_sertifikat\tambah_peminjam_serti.php on line 70.
 1 APPPATH\Views\peminjam_sertifikat\tambah_peminjam_serti.php(70): CodeIgniter\Debug\Exceptions->errorHandler(2, 'Undefined array key "intro"', 'APPPATH\\Views\\peminjam_sertifikat\\tambah_peminjam_serti.php', 70)
 2 SYSTEMPATH\View\View.php(213): include('APPPATH\\Views\\peminjam_sertifikat\\tambah_peminjam_serti.php')
 3 SYSTEMPATH\View\View.php(216): CodeIgniter\View\View->CodeIgniter\View\{closure}()
 4 SYSTEMPATH\Common.php(1135): CodeIgniter\View\View->render('/peminjam_sertifikat/tambah_peminjam_serti', [], true)
 5 APPPATH\Controllers\PeminjamSertifikat.php(63): view('/peminjam_sertifikat/tambah_peminjam_serti', [...])
 6 SYSTEMPATH\CodeIgniter.php(896): App\Controllers\PeminjamSertifikat->create()
 7 SYSTEMPATH\CodeIgniter.php(466): CodeIgniter\CodeIgniter->runController(Object(App\Controllers\PeminjamSertifikat))
 8 SYSTEMPATH\CodeIgniter.php(349): CodeIgniter\CodeIgniter->handleRequest(null, Object(Config\Cache), false)
 9 FCPATH\index.php(55): CodeIgniter\CodeIgniter->run()
10 SYSTEMPATH\Commands\Server\rewrite.php(43): require_once('FCPATH\\index.php')
CRITICAL - 2022-08-10 02:24:33 --> Undefined array key "intro"
in APPPATH\Views\peminjam_sertifikat\tambah_peminjam_serti.php on line 70.
 1 APPPATH\Views\peminjam_sertifikat\tambah_peminjam_serti.php(70): CodeIgniter\Debug\Exceptions->errorHandler(2, 'Undefined array key "intro"', 'APPPATH\\Views\\peminjam_sertifikat\\tambah_peminjam_serti.php', 70)
 2 SYSTEMPATH\View\View.php(213): include('APPPATH\\Views\\peminjam_sertifikat\\tambah_peminjam_serti.php')
 3 SYSTEMPATH\View\View.php(216): CodeIgniter\View\View->CodeIgniter\View\{closure}()
 4 SYSTEMPATH\Common.php(1135): CodeIgniter\View\View->render('/peminjam_sertifikat/tambah_peminjam_serti', [], true)
 5 APPPATH\Controllers\PeminjamSertifikat.php(63): view('/peminjam_sertifikat/tambah_peminjam_serti', [...])
 6 SYSTEMPATH\CodeIgniter.php(896): App\Controllers\PeminjamSertifikat->create()
 7 SYSTEMPATH\CodeIgniter.php(466): CodeIgniter\CodeIgniter->runController(Object(App\Controllers\PeminjamSertifikat))
 8 SYSTEMPATH\CodeIgniter.php(349): CodeIgniter\CodeIgniter->handleRequest(null, Object(Config\Cache), false)
 9 FCPATH\index.php(55): CodeIgniter\CodeIgniter->run()
10 SYSTEMPATH\Commands\Server\rewrite.php(43): require_once('FCPATH\\index.php')
CRITICAL - 2022-08-10 02:24:34 --> Undefined array key "intro"
in APPPATH\Views\peminjam_sertifikat\tambah_peminjam_serti.php on line 70.
 1 APPPATH\Views\peminjam_sertifikat\tambah_peminjam_serti.php(70): CodeIgniter\Debug\Exceptions->errorHandler(2, 'Undefined array key "intro"', 'APPPATH\\Views\\peminjam_sertifikat\\tambah_peminjam_serti.php', 70)
 2 SYSTEMPATH\View\View.php(213): include('APPPATH\\Views\\peminjam_sertifikat\\tambah_peminjam_serti.php')
 3 SYSTEMPATH\View\View.php(216): CodeIgniter\View\View->CodeIgniter\View\{closure}()
 4 SYSTEMPATH\Common.php(1135): CodeIgniter\View\View->render('/peminjam_sertifikat/tambah_peminjam_serti', [], true)
 5 APPPATH\Controllers\PeminjamSertifikat.php(63): view('/peminjam_sertifikat/tambah_peminjam_serti', [...])
 6 SYSTEMPATH\CodeIgniter.php(896): App\Controllers\PeminjamSertifikat->create()
 7 SYSTEMPATH\CodeIgniter.php(466): CodeIgniter\CodeIgniter->runController(Object(App\Controllers\PeminjamSertifikat))
 8 SYSTEMPATH\CodeIgniter.php(349): CodeIgniter\CodeIgniter->handleRequest(null, Object(Config\Cache), false)
 9 FCPATH\index.php(55): CodeIgniter\CodeIgniter->run()
10 SYSTEMPATH\Commands\Server\rewrite.php(43): require_once('FCPATH\\index.php')
CRITICAL - 2022-08-10 02:34:31 --> Undefined array key "intro"
in APPPATH\Views\peminjam_sertifikat\tambah_peminjam_serti.php on line 70.
 1 APPPATH\Views\peminjam_sertifikat\tambah_peminjam_serti.php(70): CodeIgniter\Debug\Exceptions->errorHandler(2, 'Undefined array key "intro"', 'APPPATH\\Views\\peminjam_sertifikat\\tambah_peminjam_serti.php', 70)
 2 SYSTEMPATH\View\View.php(213): include('APPPATH\\Views\\peminjam_sertifikat\\tambah_peminjam_serti.php')
 3 SYSTEMPATH\View\View.php(216): CodeIgniter\View\View->CodeIgniter\View\{closure}()
 4 SYSTEMPATH\Common.php(1135): CodeIgniter\View\View->render('/peminjam_sertifikat/tambah_peminjam_serti', [], true)
 5 APPPATH\Controllers\PeminjamSertifikat.php(63): view('/peminjam_sertifikat/tambah_peminjam_serti', [...])
 6 SYSTEMPATH\CodeIgniter.php(896): App\Controllers\PeminjamSertifikat->create()
 7 SYSTEMPATH\CodeIgniter.php(466): CodeIgniter\CodeIgniter->runController(Object(App\Controllers\PeminjamSertifikat))
 8 SYSTEMPATH\CodeIgniter.php(349): CodeIgniter\CodeIgniter->handleRequest(null, Object(Config\Cache), false)
 9 FCPATH\index.php(55): CodeIgniter\CodeIgniter->run()
10 SYSTEMPATH\Commands\Server\rewrite.php(43): require_once('FCPATH\\index.php')
CRITICAL - 2022-08-10 02:34:34 --> Undefined array key "intro"
in APPPATH\Views\peminjam_sertifikat\tambah_peminjam_serti.php on line 70.
 1 APPPATH\Views\peminjam_sertifikat\tambah_peminjam_serti.php(70): CodeIgniter\Debug\Exceptions->errorHandler(2, 'Undefined array key "intro"', 'APPPATH\\Views\\peminjam_sertifikat\\tambah_peminjam_serti.php', 70)
 2 SYSTEMPATH\View\View.php(213): include('APPPATH\\Views\\peminjam_sertifikat\\tambah_peminjam_serti.php')
 3 SYSTEMPATH\View\View.php(216): CodeIgniter\View\View->CodeIgniter\View\{closure}()
 4 SYSTEMPATH\Common.php(1135): CodeIgniter\View\View->render('/peminjam_sertifikat/tambah_peminjam_serti', [], true)
 5 APPPATH\Controllers\PeminjamSertifikat.php(63): view('/peminjam_sertifikat/tambah_peminjam_serti', [...])
 6 SYSTEMPATH\CodeIgniter.php(896): App\Controllers\PeminjamSertifikat->create()
 7 SYSTEMPATH\CodeIgniter.php(466): CodeIgniter\CodeIgniter->runController(Object(App\Controllers\PeminjamSertifikat))
 8 SYSTEMPATH\CodeIgniter.php(349): CodeIgniter\CodeIgniter->handleRequest(null, Object(Config\Cache), false)
 9 FCPATH\index.php(55): CodeIgniter\CodeIgniter->run()
10 SYSTEMPATH\Commands\Server\rewrite.php(43): require_once('FCPATH\\index.php')
CRITICAL - 2022-08-10 02:35:44 --> Undefined array key "intro"
in APPPATH\Views\peminjam_sertifikat\tambah_peminjam_serti.php on line 70.
 1 APPPATH\Views\peminjam_sertifikat\tambah_peminjam_serti.php(70): CodeIgniter\Debug\Exceptions->errorHandler(2, 'Undefined array key "intro"', 'APPPATH\\Views\\peminjam_sertifikat\\tambah_peminjam_serti.php', 70)
 2 SYSTEMPATH\View\View.php(213): include('APPPATH\\Views\\peminjam_sertifikat\\tambah_peminjam_serti.php')
 3 SYSTEMPATH\View\View.php(216): CodeIgniter\View\View->CodeIgniter\View\{closure}()
 4 SYSTEMPATH\Common.php(1135): CodeIgniter\View\View->render('/peminjam_sertifikat/tambah_peminjam_serti', [], true)
 5 APPPATH\Controllers\PeminjamSertifikat.php(63): view('/peminjam_sertifikat/tambah_peminjam_serti', [...])
 6 SYSTEMPATH\CodeIgniter.php(896): App\Controllers\PeminjamSertifikat->create()
 7 SYSTEMPATH\CodeIgniter.php(466): CodeIgniter\CodeIgniter->runController(Object(App\Controllers\PeminjamSertifikat))
 8 SYSTEMPATH\CodeIgniter.php(349): CodeIgniter\CodeIgniter->handleRequest(null, Object(Config\Cache), false)
 9 FCPATH\index.php(55): CodeIgniter\CodeIgniter->run()
10 SYSTEMPATH\Commands\Server\rewrite.php(43): require_once('FCPATH\\index.php')
CRITICAL - 2022-08-10 02:38:30 --> Undefined array key "investasi"
in APPPATH\Views\peminjam_sertifikat\tambah_peminjam_serti.php on line 70.
 1 APPPATH\Views\peminjam_sertifikat\tambah_peminjam_serti.php(70): CodeIgniter\Debug\Exceptions->errorHandler(2, 'Undefined array key "investasi"', 'APPPATH\\Views\\peminjam_sertifikat\\tambah_peminjam_serti.php', 70)
 2 SYSTEMPATH\View\View.php(213): include('APPPATH\\Views\\peminjam_sertifikat\\tambah_peminjam_serti.php')
 3 SYSTEMPATH\View\View.php(216): CodeIgniter\View\View->CodeIgniter\View\{closure}()
 4 SYSTEMPATH\Common.php(1135): CodeIgniter\View\View->render('/peminjam_sertifikat/tambah_peminjam_serti', [], true)
 5 APPPATH\Controllers\PeminjamSertifikat.php(63): view('/peminjam_sertifikat/tambah_peminjam_serti', [...])
 6 SYSTEMPATH\CodeIgniter.php(896): App\Controllers\PeminjamSertifikat->create()
 7 SYSTEMPATH\CodeIgniter.php(466): CodeIgniter\CodeIgniter->runController(Object(App\Controllers\PeminjamSertifikat))
 8 SYSTEMPATH\CodeIgniter.php(349): CodeIgniter\CodeIgniter->handleRequest(null, Object(Config\Cache), false)
 9 FCPATH\index.php(55): CodeIgniter\CodeIgniter->run()
10 SYSTEMPATH\Commands\Server\rewrite.php(43): require_once('FCPATH\\index.php')
ERROR - 2022-08-10 02:44:20 --> Column 'tgl_kembali' cannot be null
CRITICAL - 2022-08-10 02:44:20 --> Column 'tgl_kembali' cannot be null
in SYSTEMPATH\Database\MySQLi\Connection.php on line 292.
 1 SYSTEMPATH\Database\MySQLi\Connection.php(292): mysqli->query('INSERT INTO `data_peminjam_sertifikat` (`nama_lengkap`, `nik`, `id_sertifikat`, `nama_petugas_pinjam`, `nip_petugas_pinjam`, `nama_petugas_kembali`, `nip_petugas_kembali`, `tgl_pinjam`, `tgl_kembali`, `estimasi_kembali`, `status`) VALUES (\'fariz wahyu\', \'6616446113131494\', \'Cari \', \'Adam\', \'464846465165\', \'-\', \'-\', \'2022-08-10\', NULL, NULL, \'Pinjam\')', 0)
 2 SYSTEMPATH\Database\BaseConnection.php(695): CodeIgniter\Database\MySQLi\Connection->execute('INSERT INTO `data_peminjam_sertifikat` (`nama_lengkap`, `nik`, `id_sertifikat`, `nama_petugas_pinjam`, `nip_petugas_pinjam`, `nama_petugas_kembali`, `nip_petugas_kembali`, `tgl_pinjam`, `tgl_kembali`, `estimasi_kembali`, `status`) VALUES (\'fariz wahyu\', \'6616446113131494\', \'Cari \', \'Adam\', \'464846465165\', \'-\', \'-\', \'2022-08-10\', NULL, NULL, \'Pinjam\')')
 3 SYSTEMPATH\Database\BaseConnection.php(609): CodeIgniter\Database\BaseConnection->simpleQuery('INSERT INTO `data_peminjam_sertifikat` (`nama_lengkap`, `nik`, `id_sertifikat`, `nama_petugas_pinjam`, `nip_petugas_pinjam`, `nama_petugas_kembali`, `nip_petugas_kembali`, `tgl_pinjam`, `tgl_kembali`, `estimasi_kembali`, `status`) VALUES (\'fariz wahyu\', \'6616446113131494\', \'Cari \', \'Adam\', \'464846465165\', \'-\', \'-\', \'2022-08-10\', NULL, NULL, \'Pinjam\')')
 4 SYSTEMPATH\Database\BaseBuilder.php(1904): CodeIgniter\Database\BaseConnection->query('INSERT INTO `data_peminjam_sertifikat` (`nama_lengkap`, `nik`, `id_sertifikat`, `nama_petugas_pinjam`, `nip_petugas_pinjam`, `nama_petugas_kembali`, `nip_petugas_kembali`, `tgl_pinjam`, `tgl_kembali`, `estimasi_kembali`, `status`) VALUES (:nama_lengkap:, :nik:, :id_sertifikat:, :nama_petugas_pinjam:, :nip_petugas_pinjam:, :nama_petugas_kembali:, :nip_petugas_kembali:, :tgl_pinjam:, :tgl_kembali:, :estimasi_kembali:, :status:)', [...], false)
 5 APPPATH\Models\PeminjamSertifikatModel.php(17): CodeIgniter\Database\BaseBuilder->insert([...])
 6 APPPATH\Controllers\PeminjamSertifikat.php(123): App\Models\PeminjamSertifikatModel->tambahData([...])
 7 SYSTEMPATH\CodeIgniter.php(896): App\Controllers\PeminjamSertifikat->save()
 8 SYSTEMPATH\CodeIgniter.php(466): CodeIgniter\CodeIgniter->runController(Object(App\Controllers\PeminjamSertifikat))
 9 SYSTEMPATH\CodeIgniter.php(349): CodeIgniter\CodeIgniter->handleRequest(null, Object(Config\Cache), false)
10 FCPATH\index.php(55): CodeIgniter\CodeIgniter->run()
11 SYSTEMPATH\Commands\Server\rewrite.php(43): require_once('FCPATH\\index.php')
