CRITICAL - 2022-09-21 03:25:12 --> Undefined variable $validation
in APPPATH\Views\peminjam_bpkb\cetak_surat.php on line 35.
 1 APPPATH\Views\peminjam_bpkb\cetak_surat.php(35): CodeIgniter\Debug\Exceptions->errorHandler(2, 'Undefined variable $validation', 'APPPATH\\Views\\peminjam_bpkb\\cetak_surat.php', 35)
 2 SYSTEMPATH\View\View.php(213): include('APPPATH\\Views\\peminjam_bpkb\\cetak_surat.php')
 3 SYSTEMPATH\View\View.php(216): CodeIgniter\View\View->CodeIgniter\View\{closure}()
 4 SYSTEMPATH\Common.php(1135): CodeIgniter\View\View->render('/peminjam_bpkb/cetak_surat', [], true)
 5 APPPATH\Controllers\Peminjam.php(310): view('/peminjam_bpkb/cetak_surat', [...])
 6 SYSTEMPATH\CodeIgniter.php(896): App\Controllers\Peminjam->cetak_surat('47')
 7 SYSTEMPATH\CodeIgniter.php(466): CodeIgniter\CodeIgniter->runController(Object(App\Controllers\Peminjam))
 8 SYSTEMPATH\CodeIgniter.php(349): CodeIgniter\CodeIgniter->handleRequest(null, Object(Config\Cache), false)
 9 FCPATH\index.php(55): CodeIgniter\CodeIgniter->run()
CRITICAL - 2022-09-21 03:29:32 --> Undefined variable $getBpkb
in APPPATH\Views\peminjam_bpkb\cetak_surat.php on line 57.
 1 APPPATH\Views\peminjam_bpkb\cetak_surat.php(57): CodeIgniter\Debug\Exceptions->errorHandler(2, 'Undefined variable $getBpkb', 'APPPATH\\Views\\peminjam_bpkb\\cetak_surat.php', 57)
 2 SYSTEMPATH\View\View.php(213): include('APPPATH\\Views\\peminjam_bpkb\\cetak_surat.php')
 3 SYSTEMPATH\View\View.php(216): CodeIgniter\View\View->CodeIgniter\View\{closure}()
 4 SYSTEMPATH\Common.php(1135): CodeIgniter\View\View->render('/peminjam_bpkb/cetak_surat', [], true)
 5 APPPATH\Controllers\Peminjam.php(311): view('/peminjam_bpkb/cetak_surat', [...])
 6 SYSTEMPATH\CodeIgniter.php(896): App\Controllers\Peminjam->cetak_surat('47')
 7 SYSTEMPATH\CodeIgniter.php(466): CodeIgniter\CodeIgniter->runController(Object(App\Controllers\Peminjam))
 8 SYSTEMPATH\CodeIgniter.php(349): CodeIgniter\CodeIgniter->handleRequest(null, Object(Config\Cache), false)
 9 FCPATH\index.php(55): CodeIgniter\CodeIgniter->run()
CRITICAL - 2022-09-21 03:47:50 --> Undefined variable $getBpkb
in APPPATH\Views\peminjam_bpkb\cetak_surat.php on line 39.
 1 APPPATH\Views\peminjam_bpkb\cetak_surat.php(39): CodeIgniter\Debug\Exceptions->errorHandler(2, 'Undefined variable $getBpkb', 'APPPATH\\Views\\peminjam_bpkb\\cetak_surat.php', 39)
 2 SYSTEMPATH\View\View.php(213): include('APPPATH\\Views\\peminjam_bpkb\\cetak_surat.php')
 3 SYSTEMPATH\View\View.php(216): CodeIgniter\View\View->CodeIgniter\View\{closure}()
 4 SYSTEMPATH\Common.php(1135): CodeIgniter\View\View->render('/peminjam_bpkb/cetak_surat', [], true)
 5 APPPATH\Controllers\Peminjam.php(311): view('/peminjam_bpkb/cetak_surat', [...])
 6 SYSTEMPATH\CodeIgniter.php(896): App\Controllers\Peminjam->cetak_surat('47')
 7 SYSTEMPATH\CodeIgniter.php(466): CodeIgniter\CodeIgniter->runController(Object(App\Controllers\Peminjam))
 8 SYSTEMPATH\CodeIgniter.php(349): CodeIgniter\CodeIgniter->handleRequest(null, Object(Config\Cache), false)
 9 FCPATH\index.php(55): CodeIgniter\CodeIgniter->run()
CRITICAL - 2022-09-21 03:53:41 --> Undefined array key "nomor_registrasi"
in APPPATH\Views\peminjam_bpkb\cetak_surat.php on line 40.
 1 APPPATH\Views\peminjam_bpkb\cetak_surat.php(40): CodeIgniter\Debug\Exceptions->errorHandler(2, 'Undefined array key "nomor_registrasi"', 'APPPATH\\Views\\peminjam_bpkb\\cetak_surat.php', 40)
 2 SYSTEMPATH\View\View.php(213): include('APPPATH\\Views\\peminjam_bpkb\\cetak_surat.php')
 3 SYSTEMPATH\View\View.php(216): CodeIgniter\View\View->CodeIgniter\View\{closure}()
 4 SYSTEMPATH\Common.php(1135): CodeIgniter\View\View->render('/peminjam_bpkb/cetak_surat', [], true)
 5 APPPATH\Controllers\Peminjam.php(313): view('/peminjam_bpkb/cetak_surat', [...])
 6 SYSTEMPATH\CodeIgniter.php(896): App\Controllers\Peminjam->cetak_surat('47')
 7 SYSTEMPATH\CodeIgniter.php(466): CodeIgniter\CodeIgniter->runController(Object(App\Controllers\Peminjam))
 8 SYSTEMPATH\CodeIgniter.php(349): CodeIgniter\CodeIgniter->handleRequest(null, Object(Config\Cache), false)
 9 FCPATH\index.php(55): CodeIgniter\CodeIgniter->run()
CRITICAL - 2022-09-21 04:19:13 --> Undefined variable $getPeminjam
in APPPATH\Views\peminjam_bpkb\cetak_pengantar.php on line 39.
 1 APPPATH\Views\peminjam_bpkb\cetak_pengantar.php(39): CodeIgniter\Debug\Exceptions->errorHandler(2, 'Undefined variable $getPeminjam', 'APPPATH\\Views\\peminjam_bpkb\\cetak_pengantar.php', 39)
 2 SYSTEMPATH\View\View.php(213): include('APPPATH\\Views\\peminjam_bpkb\\cetak_pengantar.php')
 3 SYSTEMPATH\View\View.php(216): CodeIgniter\View\View->CodeIgniter\View\{closure}()
 4 SYSTEMPATH\Common.php(1135): CodeIgniter\View\View->render('/peminjam_bpkb/cetak_pengantar', [], true)
 5 APPPATH\Controllers\Peminjam.php(313): view('/peminjam_bpkb/cetak_pengantar', [...])
 6 SYSTEMPATH\CodeIgniter.php(896): App\Controllers\Peminjam->cetak_pengantar('47')
 7 SYSTEMPATH\CodeIgniter.php(466): CodeIgniter\CodeIgniter->runController(Object(App\Controllers\Peminjam))
 8 SYSTEMPATH\CodeIgniter.php(349): CodeIgniter\CodeIgniter->handleRequest(null, Object(Config\Cache), false)
 9 FCPATH\index.php(55): CodeIgniter\CodeIgniter->run()
CRITICAL - 2022-09-21 04:20:20 --> Undefined variable $getPeminjam
in APPPATH\Views\peminjam_bpkb\cetak_pengantar.php on line 39.
 1 APPPATH\Views\peminjam_bpkb\cetak_pengantar.php(39): CodeIgniter\Debug\Exceptions->errorHandler(2, 'Undefined variable $getPeminjam', 'APPPATH\\Views\\peminjam_bpkb\\cetak_pengantar.php', 39)
 2 SYSTEMPATH\View\View.php(213): include('APPPATH\\Views\\peminjam_bpkb\\cetak_pengantar.php')
 3 SYSTEMPATH\View\View.php(216): CodeIgniter\View\View->CodeIgniter\View\{closure}()
 4 SYSTEMPATH\Common.php(1135): CodeIgniter\View\View->render('/peminjam_bpkb/cetak_pengantar', [], true)
 5 APPPATH\Controllers\Peminjam.php(313): view('/peminjam_bpkb/cetak_pengantar', [...])
 6 SYSTEMPATH\CodeIgniter.php(896): App\Controllers\Peminjam->cetak_pengantar('47')
 7 SYSTEMPATH\CodeIgniter.php(466): CodeIgniter\CodeIgniter->runController(Object(App\Controllers\Peminjam))
 8 SYSTEMPATH\CodeIgniter.php(349): CodeIgniter\CodeIgniter->handleRequest(null, Object(Config\Cache), false)
 9 FCPATH\index.php(55): CodeIgniter\CodeIgniter->run()
CRITICAL - 2022-09-21 04:20:34 --> Undefined array key "id_pengantar"
in APPPATH\Views\peminjam_bpkb\cetak_pengantar.php on line 40.
 1 APPPATH\Views\peminjam_bpkb\cetak_pengantar.php(40): CodeIgniter\Debug\Exceptions->errorHandler(2, 'Undefined array key "id_pengantar"', 'APPPATH\\Views\\peminjam_bpkb\\cetak_pengantar.php', 40)
 2 SYSTEMPATH\View\View.php(213): include('APPPATH\\Views\\peminjam_bpkb\\cetak_pengantar.php')
 3 SYSTEMPATH\View\View.php(216): CodeIgniter\View\View->CodeIgniter\View\{closure}()
 4 SYSTEMPATH\Common.php(1135): CodeIgniter\View\View->render('/peminjam_bpkb/cetak_pengantar', [], true)
 5 APPPATH\Controllers\Peminjam.php(313): view('/peminjam_bpkb/cetak_pengantar', [...])
 6 SYSTEMPATH\CodeIgniter.php(896): App\Controllers\Peminjam->cetak_pengantar('47')
 7 SYSTEMPATH\CodeIgniter.php(466): CodeIgniter\CodeIgniter->runController(Object(App\Controllers\Peminjam))
 8 SYSTEMPATH\CodeIgniter.php(349): CodeIgniter\CodeIgniter->handleRequest(null, Object(Config\Cache), false)
 9 FCPATH\index.php(55): CodeIgniter\CodeIgniter->run()
CRITICAL - 2022-09-21 04:21:21 --> Undefined array key "id_pengantar"
in APPPATH\Views\peminjam_bpkb\cetak_pengantar.php on line 40.
 1 APPPATH\Views\peminjam_bpkb\cetak_pengantar.php(40): CodeIgniter\Debug\Exceptions->errorHandler(2, 'Undefined array key "id_pengantar"', 'APPPATH\\Views\\peminjam_bpkb\\cetak_pengantar.php', 40)
 2 SYSTEMPATH\View\View.php(213): include('APPPATH\\Views\\peminjam_bpkb\\cetak_pengantar.php')
 3 SYSTEMPATH\View\View.php(216): CodeIgniter\View\View->CodeIgniter\View\{closure}()
 4 SYSTEMPATH\Common.php(1135): CodeIgniter\View\View->render('/peminjam_bpkb/cetak_pengantar', [], true)
 5 APPPATH\Controllers\Peminjam.php(313): view('/peminjam_bpkb/cetak_pengantar', [...])
 6 SYSTEMPATH\CodeIgniter.php(896): App\Controllers\Peminjam->cetak_pengantar('47')
 7 SYSTEMPATH\CodeIgniter.php(466): CodeIgniter\CodeIgniter->runController(Object(App\Controllers\Peminjam))
 8 SYSTEMPATH\CodeIgniter.php(349): CodeIgniter\CodeIgniter->handleRequest(null, Object(Config\Cache), false)
 9 FCPATH\index.php(55): CodeIgniter\CodeIgniter->run()
CRITICAL - 2022-09-21 04:22:56 --> Undefined array key "id_pengantar"
in APPPATH\Views\peminjam_bpkb\cetak_pengantar.php on line 40.
 1 APPPATH\Views\peminjam_bpkb\cetak_pengantar.php(40): CodeIgniter\Debug\Exceptions->errorHandler(2, 'Undefined array key "id_pengantar"', 'APPPATH\\Views\\peminjam_bpkb\\cetak_pengantar.php', 40)
 2 SYSTEMPATH\View\View.php(213): include('APPPATH\\Views\\peminjam_bpkb\\cetak_pengantar.php')
 3 SYSTEMPATH\View\View.php(216): CodeIgniter\View\View->CodeIgniter\View\{closure}()
 4 SYSTEMPATH\Common.php(1135): CodeIgniter\View\View->render('/peminjam_bpkb/cetak_pengantar', [], true)
 5 APPPATH\Controllers\Peminjam.php(313): view('/peminjam_bpkb/cetak_pengantar', [...])
 6 SYSTEMPATH\CodeIgniter.php(896): App\Controllers\Peminjam->cetak_pengantar('47')
 7 SYSTEMPATH\CodeIgniter.php(466): CodeIgniter\CodeIgniter->runController(Object(App\Controllers\Peminjam))
 8 SYSTEMPATH\CodeIgniter.php(349): CodeIgniter\CodeIgniter->handleRequest(null, Object(Config\Cache), false)
 9 FCPATH\index.php(55): CodeIgniter\CodeIgniter->run()
CRITICAL - 2022-09-21 04:25:45 --> Undefined array key "id_pengantar"
in APPPATH\Views\peminjam_bpkb\cetak_pengantar.php on line 40.
 1 APPPATH\Views\peminjam_bpkb\cetak_pengantar.php(40): CodeIgniter\Debug\Exceptions->errorHandler(2, 'Undefined array key "id_pengantar"', 'APPPATH\\Views\\peminjam_bpkb\\cetak_pengantar.php', 40)
 2 SYSTEMPATH\View\View.php(213): include('APPPATH\\Views\\peminjam_bpkb\\cetak_pengantar.php')
 3 SYSTEMPATH\View\View.php(216): CodeIgniter\View\View->CodeIgniter\View\{closure}()
 4 SYSTEMPATH\Common.php(1135): CodeIgniter\View\View->render('/peminjam_bpkb/cetak_pengantar', [], true)
 5 APPPATH\Controllers\Peminjam.php(313): view('/peminjam_bpkb/cetak_pengantar', [...])
 6 SYSTEMPATH\CodeIgniter.php(896): App\Controllers\Peminjam->cetak_pengantar('47')
 7 SYSTEMPATH\CodeIgniter.php(466): CodeIgniter\CodeIgniter->runController(Object(App\Controllers\Peminjam))
 8 SYSTEMPATH\CodeIgniter.php(349): CodeIgniter\CodeIgniter->handleRequest(null, Object(Config\Cache), false)
 9 FCPATH\index.php(55): CodeIgniter\CodeIgniter->run()
CRITICAL - 2022-09-21 04:44:22 --> Undefined array key "id_pengantar"
in APPPATH\Views\peminjam_bpkb\cetak_pengantar.php on line 22.
 1 APPPATH\Views\peminjam_bpkb\cetak_pengantar.php(22): CodeIgniter\Debug\Exceptions->errorHandler(2, 'Undefined array key "id_pengantar"', 'APPPATH\\Views\\peminjam_bpkb\\cetak_pengantar.php', 22)
 2 SYSTEMPATH\View\View.php(213): include('APPPATH\\Views\\peminjam_bpkb\\cetak_pengantar.php')
 3 SYSTEMPATH\View\View.php(216): CodeIgniter\View\View->CodeIgniter\View\{closure}()
 4 SYSTEMPATH\Common.php(1135): CodeIgniter\View\View->render('/peminjam_bpkb/cetak_pengantar', [], true)
 5 APPPATH\Controllers\Peminjam.php(313): view('/peminjam_bpkb/cetak_pengantar', [...])
 6 SYSTEMPATH\CodeIgniter.php(896): App\Controllers\Peminjam->cetak_pengantar('47')
 7 SYSTEMPATH\CodeIgniter.php(466): CodeIgniter\CodeIgniter->runController(Object(App\Controllers\Peminjam))
 8 SYSTEMPATH\CodeIgniter.php(349): CodeIgniter\CodeIgniter->handleRequest(null, Object(Config\Cache), false)
 9 FCPATH\index.php(55): CodeIgniter\CodeIgniter->run()
CRITICAL - 2022-09-21 04:53:28 --> Undefined property: App\Controllers\Peminjam::$CetakPengantarModel
in APPPATH\Controllers\Peminjam.php on line 305.
 1 APPPATH\Controllers\Peminjam.php(305): CodeIgniter\Debug\Exceptions->errorHandler(2, 'Undefined property: App\\Controllers\\Peminjam::$CetakPengantarModel', 'APPPATH\\Controllers\\Peminjam.php', 305)
 2 SYSTEMPATH\CodeIgniter.php(896): App\Controllers\Peminjam->cetak_pengantar('47')
 3 SYSTEMPATH\CodeIgniter.php(466): CodeIgniter\CodeIgniter->runController(Object(App\Controllers\Peminjam))
 4 SYSTEMPATH\CodeIgniter.php(349): CodeIgniter\CodeIgniter->handleRequest(null, Object(Config\Cache), false)
 5 FCPATH\index.php(55): CodeIgniter\CodeIgniter->run()
CRITICAL - 2022-09-21 04:55:42 --> Undefined array key "nama_jabatan"
in APPPATH\Views\peminjam_bpkb\cetak_pengantar.php on line 22.
 1 APPPATH\Views\peminjam_bpkb\cetak_pengantar.php(22): CodeIgniter\Debug\Exceptions->errorHandler(2, 'Undefined array key "nama_jabatan"', 'APPPATH\\Views\\peminjam_bpkb\\cetak_pengantar.php', 22)
 2 SYSTEMPATH\View\View.php(213): include('APPPATH\\Views\\peminjam_bpkb\\cetak_pengantar.php')
 3 SYSTEMPATH\View\View.php(216): CodeIgniter\View\View->CodeIgniter\View\{closure}()
 4 SYSTEMPATH\Common.php(1135): CodeIgniter\View\View->render('/peminjam_bpkb/cetak_pengantar', [], true)
 5 APPPATH\Controllers\Peminjam.php(315): view('/peminjam_bpkb/cetak_pengantar', [...])
 6 SYSTEMPATH\CodeIgniter.php(896): App\Controllers\Peminjam->cetak_pengantar('47')
 7 SYSTEMPATH\CodeIgniter.php(466): CodeIgniter\CodeIgniter->runController(Object(App\Controllers\Peminjam))
 8 SYSTEMPATH\CodeIgniter.php(349): CodeIgniter\CodeIgniter->handleRequest(null, Object(Config\Cache), false)
 9 FCPATH\index.php(55): CodeIgniter\CodeIgniter->run()
CRITICAL - 2022-09-21 04:56:17 --> Undefined array key "nama_penjabat"
in APPPATH\Views\peminjam_bpkb\cetak_pengantar.php on line 22.
 1 APPPATH\Views\peminjam_bpkb\cetak_pengantar.php(22): CodeIgniter\Debug\Exceptions->errorHandler(2, 'Undefined array key "nama_penjabat"', 'APPPATH\\Views\\peminjam_bpkb\\cetak_pengantar.php', 22)
 2 SYSTEMPATH\View\View.php(213): include('APPPATH\\Views\\peminjam_bpkb\\cetak_pengantar.php')
 3 SYSTEMPATH\View\View.php(216): CodeIgniter\View\View->CodeIgniter\View\{closure}()
 4 SYSTEMPATH\Common.php(1135): CodeIgniter\View\View->render('/peminjam_bpkb/cetak_pengantar', [], true)
 5 APPPATH\Controllers\Peminjam.php(315): view('/peminjam_bpkb/cetak_pengantar', [...])
 6 SYSTEMPATH\CodeIgniter.php(896): App\Controllers\Peminjam->cetak_pengantar('47')
 7 SYSTEMPATH\CodeIgniter.php(466): CodeIgniter\CodeIgniter->runController(Object(App\Controllers\Peminjam))
 8 SYSTEMPATH\CodeIgniter.php(349): CodeIgniter\CodeIgniter->handleRequest(null, Object(Config\Cache), false)
 9 FCPATH\index.php(55): CodeIgniter\CodeIgniter->run()
CRITICAL - 2022-09-21 23:38:55 --> Undefined variable $peminjam
in APPPATH\Views\peminjam_bpkb\print_pengantar.php on line 84.
 1 APPPATH\Views\peminjam_bpkb\print_pengantar.php(84): CodeIgniter\Debug\Exceptions->errorHandler(2, 'Undefined variable $peminjam', 'APPPATH\\Views\\peminjam_bpkb\\print_pengantar.php', 84)
 2 SYSTEMPATH\View\View.php(213): include('APPPATH\\Views\\peminjam_bpkb\\print_pengantar.php')
 3 SYSTEMPATH\View\View.php(216): CodeIgniter\View\View->CodeIgniter\View\{closure}()
 4 SYSTEMPATH\Common.php(1135): CodeIgniter\View\View->render('peminjam_bpkb/print_pengantar', [], true)
 5 APPPATH\Controllers\Peminjam.php(321): view('peminjam_bpkb/print_pengantar', [])
 6 SYSTEMPATH\CodeIgniter.php(896): App\Controllers\Peminjam->print_pengantar()
 7 SYSTEMPATH\CodeIgniter.php(466): CodeIgniter\CodeIgniter->runController(Object(App\Controllers\Peminjam))
 8 SYSTEMPATH\CodeIgniter.php(349): CodeIgniter\CodeIgniter->handleRequest(null, Object(Config\Cache), false)
 9 FCPATH\index.php(55): CodeIgniter\CodeIgniter->run()
