ERROR - 2022-07-20 02:22:31 --> Unknown column 'nomor_registrasi' in 'order clause'
CRITICAL - 2022-07-20 02:22:31 --> Unknown column 'nomor_registrasi' in 'order clause'
in SYSTEMPATH\Database\MySQLi\Connection.php on line 292.
 1 SYSTEMPATH\Database\MySQLi\Connection.php(292): mysqli->query('SELECT `id_peminjam`, `nama_lengkap`, `nik`, `id_bpkb`, `nama_petugas_pinjam`, `nip_petugas_pinjam`, `nama_petugas_kembali`
FROM `data_peminjam`
ORDER BY `nomor_registrasi` ASC
 LIMIT 10', 0)
 2 SYSTEMPATH\Database\BaseConnection.php(695): CodeIgniter\Database\MySQLi\Connection->execute('SELECT `id_peminjam`, `nama_lengkap`, `nik`, `id_bpkb`, `nama_petugas_pinjam`, `nip_petugas_pinjam`, `nama_petugas_kembali`
FROM `data_peminjam`
ORDER BY `nomor_registrasi` ASC
 LIMIT 10')
 3 SYSTEMPATH\Database\BaseConnection.php(609): CodeIgniter\Database\BaseConnection->simpleQuery('SELECT `id_peminjam`, `nama_lengkap`, `nik`, `id_bpkb`, `nama_petugas_pinjam`, `nip_petugas_pinjam`, `nama_petugas_kembali`
FROM `data_peminjam`
ORDER BY `nomor_registrasi` ASC
 LIMIT 10')
 4 SYSTEMPATH\Database\BaseBuilder.php(1585): CodeIgniter\Database\BaseConnection->query('SELECT `id_peminjam`, `nama_lengkap`, `nik`, `id_bpkb`, `nama_petugas_pinjam`, `nip_petugas_pinjam`, `nama_petugas_kembali`
FROM `data_peminjam`
ORDER BY `nomor_registrasi` ASC
 LIMIT 10', [], false)
 5 APPPATH\ThirdParty\codeigniter4-datatables\src\DataTableQuery.php(219): CodeIgniter\Database\BaseBuilder->get()
 6 APPPATH\ThirdParty\codeigniter4-datatables\src\DataTableQuery.php(70): Hermawan\DataTables\DataTableQuery->queryResult()
 7 APPPATH\ThirdParty\codeigniter4-datatables\src\DataTable.php(176): Hermawan\DataTables\DataTableQuery->getDataResult()
 8 APPPATH\Controllers\Peminjam.php(52): Hermawan\DataTables\DataTable->toJson(true)
 9 SYSTEMPATH\CodeIgniter.php(896): App\Controllers\Peminjam->listData()
10 SYSTEMPATH\CodeIgniter.php(466): CodeIgniter\CodeIgniter->runController(Object(App\Controllers\Peminjam))
11 SYSTEMPATH\CodeIgniter.php(349): CodeIgniter\CodeIgniter->handleRequest(null, Object(Config\Cache), false)
12 FCPATH\index.php(55): CodeIgniter\CodeIgniter->run()
13 SYSTEMPATH\Commands\Server\rewrite.php(43): require_once('FCPATH\\index.php')
ERROR - 2022-07-20 02:25:09 --> Unknown column 'nomor_registrasi' in 'order clause'
CRITICAL - 2022-07-20 02:25:09 --> Unknown column 'nomor_registrasi' in 'order clause'
in SYSTEMPATH\Database\MySQLi\Connection.php on line 292.
 1 SYSTEMPATH\Database\MySQLi\Connection.php(292): mysqli->query('SELECT `id_peminjam`, `nama_lengkap`, `nik`, `id_bpkb`, `nama_petugas_pinjam`, `nip_petugas_pinjam`, `nama_petugas_kembali`
FROM `data_peminjam`
ORDER BY `nomor_registrasi` ASC
 LIMIT 10', 0)
 2 SYSTEMPATH\Database\BaseConnection.php(695): CodeIgniter\Database\MySQLi\Connection->execute('SELECT `id_peminjam`, `nama_lengkap`, `nik`, `id_bpkb`, `nama_petugas_pinjam`, `nip_petugas_pinjam`, `nama_petugas_kembali`
FROM `data_peminjam`
ORDER BY `nomor_registrasi` ASC
 LIMIT 10')
 3 SYSTEMPATH\Database\BaseConnection.php(609): CodeIgniter\Database\BaseConnection->simpleQuery('SELECT `id_peminjam`, `nama_lengkap`, `nik`, `id_bpkb`, `nama_petugas_pinjam`, `nip_petugas_pinjam`, `nama_petugas_kembali`
FROM `data_peminjam`
ORDER BY `nomor_registrasi` ASC
 LIMIT 10')
 4 SYSTEMPATH\Database\BaseBuilder.php(1585): CodeIgniter\Database\BaseConnection->query('SELECT `id_peminjam`, `nama_lengkap`, `nik`, `id_bpkb`, `nama_petugas_pinjam`, `nip_petugas_pinjam`, `nama_petugas_kembali`
FROM `data_peminjam`
ORDER BY `nomor_registrasi` ASC
 LIMIT 10', [], false)
 5 APPPATH\ThirdParty\codeigniter4-datatables\src\DataTableQuery.php(219): CodeIgniter\Database\BaseBuilder->get()
 6 APPPATH\ThirdParty\codeigniter4-datatables\src\DataTableQuery.php(70): Hermawan\DataTables\DataTableQuery->queryResult()
 7 APPPATH\ThirdParty\codeigniter4-datatables\src\DataTable.php(176): Hermawan\DataTables\DataTableQuery->getDataResult()
 8 APPPATH\Controllers\Peminjam.php(52): Hermawan\DataTables\DataTable->toJson(true)
 9 SYSTEMPATH\CodeIgniter.php(896): App\Controllers\Peminjam->listData()
10 SYSTEMPATH\CodeIgniter.php(466): CodeIgniter\CodeIgniter->runController(Object(App\Controllers\Peminjam))
11 SYSTEMPATH\CodeIgniter.php(349): CodeIgniter\CodeIgniter->handleRequest(null, Object(Config\Cache), false)
12 FCPATH\index.php(55): CodeIgniter\CodeIgniter->run()
13 SYSTEMPATH\Commands\Server\rewrite.php(43): require_once('FCPATH\\index.php')
ERROR - 2022-07-20 02:26:59 --> Unknown column 'nomor_registrasi' in 'order clause'
CRITICAL - 2022-07-20 02:26:59 --> Unknown column 'nomor_registrasi' in 'order clause'
in SYSTEMPATH\Database\MySQLi\Connection.php on line 292.
 1 SYSTEMPATH\Database\MySQLi\Connection.php(292): mysqli->query('SELECT `id_peminjam`, `nama_lengkap`, `nik`, `id_bpkb`, `nama_petugas_pinjam`, `nip_petugas_pinjam`, `nama_petugas_kembali`
FROM `data_peminjam`
ORDER BY `nomor_registrasi` ASC
 LIMIT 10', 0)
 2 SYSTEMPATH\Database\BaseConnection.php(695): CodeIgniter\Database\MySQLi\Connection->execute('SELECT `id_peminjam`, `nama_lengkap`, `nik`, `id_bpkb`, `nama_petugas_pinjam`, `nip_petugas_pinjam`, `nama_petugas_kembali`
FROM `data_peminjam`
ORDER BY `nomor_registrasi` ASC
 LIMIT 10')
 3 SYSTEMPATH\Database\BaseConnection.php(609): CodeIgniter\Database\BaseConnection->simpleQuery('SELECT `id_peminjam`, `nama_lengkap`, `nik`, `id_bpkb`, `nama_petugas_pinjam`, `nip_petugas_pinjam`, `nama_petugas_kembali`
FROM `data_peminjam`
ORDER BY `nomor_registrasi` ASC
 LIMIT 10')
 4 SYSTEMPATH\Database\BaseBuilder.php(1585): CodeIgniter\Database\BaseConnection->query('SELECT `id_peminjam`, `nama_lengkap`, `nik`, `id_bpkb`, `nama_petugas_pinjam`, `nip_petugas_pinjam`, `nama_petugas_kembali`
FROM `data_peminjam`
ORDER BY `nomor_registrasi` ASC
 LIMIT 10', [], false)
 5 APPPATH\ThirdParty\codeigniter4-datatables\src\DataTableQuery.php(219): CodeIgniter\Database\BaseBuilder->get()
 6 APPPATH\ThirdParty\codeigniter4-datatables\src\DataTableQuery.php(70): Hermawan\DataTables\DataTableQuery->queryResult()
 7 APPPATH\ThirdParty\codeigniter4-datatables\src\DataTable.php(176): Hermawan\DataTables\DataTableQuery->getDataResult()
 8 APPPATH\Controllers\Peminjam.php(52): Hermawan\DataTables\DataTable->toJson(true)
 9 SYSTEMPATH\CodeIgniter.php(896): App\Controllers\Peminjam->listData()
10 SYSTEMPATH\CodeIgniter.php(466): CodeIgniter\CodeIgniter->runController(Object(App\Controllers\Peminjam))
11 SYSTEMPATH\CodeIgniter.php(349): CodeIgniter\CodeIgniter->handleRequest(null, Object(Config\Cache), false)
12 FCPATH\index.php(55): CodeIgniter\CodeIgniter->run()
13 SYSTEMPATH\Commands\Server\rewrite.php(43): require_once('FCPATH\\index.php')
ERROR - 2022-07-20 09:20:34 --> Error connecting to the database: No connection could be made because the target machine actively refused it.

CRITICAL - 2022-07-20 09:20:34 --> Unable to connect to the database.
Main connection [MySQLi]: No connection could be made because the target machine actively refused it.

in SYSTEMPATH\Database\BaseConnection.php on line 416.
 1 SYSTEMPATH\Database\BaseConnection.php(586): CodeIgniter\Database\BaseConnection->initialize()
 2 SYSTEMPATH\Database\BaseBuilder.php(1585): CodeIgniter\Database\BaseConnection->query('SELECT *
FROM `data_bpkb`
JOIN `bpkb_bahan_bakar` ON `bpkb_bahan_bakar`.`id_bahan_bakar` = `data_bpkb`.`bahan_bakar`
JOIN `bpkb_model_kendaraan` ON `bpkb_model_kendaraan`.`id_model` = `data_bpkb`.`model`
JOIN `bpkb_warna_tnkb` ON `bpkb_warna_tnkb`.`id_warna_tnkb` = `data_bpkb`.`warna_tnkb`', [], false)
 3 APPPATH\Models\BpkbModel.php(22): CodeIgniter\Database\BaseBuilder->get()
 4 APPPATH\Controllers\Bpkb.php(21): App\Models\BpkbModel->getBpkb()
 5 SYSTEMPATH\CodeIgniter.php(896): App\Controllers\Bpkb->index()
 6 SYSTEMPATH\CodeIgniter.php(466): CodeIgniter\CodeIgniter->runController(Object(App\Controllers\Bpkb))
 7 SYSTEMPATH\CodeIgniter.php(349): CodeIgniter\CodeIgniter->handleRequest(null, Object(Config\Cache), false)
 8 FCPATH\index.php(55): CodeIgniter\CodeIgniter->run()
 9 SYSTEMPATH\Commands\Server\rewrite.php(43): require_once('FCPATH\\index.php')
ERROR - 2022-07-20 09:21:21 --> Unknown column 'nama_petugas_pinjam' in 'field list'
CRITICAL - 2022-07-20 09:21:21 --> Unknown column 'nama_petugas_pinjam' in 'field list'
in SYSTEMPATH\Database\MySQLi\Connection.php on line 292.
 1 SYSTEMPATH\Database\MySQLi\Connection.php(292): mysqli->query('SELECT `id_peminjam`, `nama_lengkap`, `nik`, `id_bpkb`, `nama_petugas_pinjam`, `nip_petugas_pinjam`, `nama_petugas_kembali`, `nip_petugas_kembali`, `tgl_pinjam`, `tgl_kembali`, `status`
FROM `data_peminjam`
ORDER BY `nama_lengkap` ASC
 LIMIT 10', 0)
 2 SYSTEMPATH\Database\BaseConnection.php(695): CodeIgniter\Database\MySQLi\Connection->execute('SELECT `id_peminjam`, `nama_lengkap`, `nik`, `id_bpkb`, `nama_petugas_pinjam`, `nip_petugas_pinjam`, `nama_petugas_kembali`, `nip_petugas_kembali`, `tgl_pinjam`, `tgl_kembali`, `status`
FROM `data_peminjam`
ORDER BY `nama_lengkap` ASC
 LIMIT 10')
 3 SYSTEMPATH\Database\BaseConnection.php(609): CodeIgniter\Database\BaseConnection->simpleQuery('SELECT `id_peminjam`, `nama_lengkap`, `nik`, `id_bpkb`, `nama_petugas_pinjam`, `nip_petugas_pinjam`, `nama_petugas_kembali`, `nip_petugas_kembali`, `tgl_pinjam`, `tgl_kembali`, `status`
FROM `data_peminjam`
ORDER BY `nama_lengkap` ASC
 LIMIT 10')
 4 SYSTEMPATH\Database\BaseBuilder.php(1585): CodeIgniter\Database\BaseConnection->query('SELECT `id_peminjam`, `nama_lengkap`, `nik`, `id_bpkb`, `nama_petugas_pinjam`, `nip_petugas_pinjam`, `nama_petugas_kembali`, `nip_petugas_kembali`, `tgl_pinjam`, `tgl_kembali`, `status`
FROM `data_peminjam`
ORDER BY `nama_lengkap` ASC
 LIMIT 10', [], false)
 5 APPPATH\ThirdParty\codeigniter4-datatables\src\DataTableQuery.php(219): CodeIgniter\Database\BaseBuilder->get()
 6 APPPATH\ThirdParty\codeigniter4-datatables\src\DataTableQuery.php(70): Hermawan\DataTables\DataTableQuery->queryResult()
 7 APPPATH\ThirdParty\codeigniter4-datatables\src\DataTable.php(176): Hermawan\DataTables\DataTableQuery->getDataResult()
 8 APPPATH\Controllers\Peminjam.php(52): Hermawan\DataTables\DataTable->toJson(true)
 9 SYSTEMPATH\CodeIgniter.php(896): App\Controllers\Peminjam->listData()
10 SYSTEMPATH\CodeIgniter.php(466): CodeIgniter\CodeIgniter->runController(Object(App\Controllers\Peminjam))
11 SYSTEMPATH\CodeIgniter.php(349): CodeIgniter\CodeIgniter->handleRequest(null, Object(Config\Cache), false)
12 FCPATH\index.php(55): CodeIgniter\CodeIgniter->run()
13 SYSTEMPATH\Commands\Server\rewrite.php(43): require_once('FCPATH\\index.php')
ERROR - 2022-07-20 09:21:34 --> Unknown column 'nama_petugas_pinjam' in 'field list'
CRITICAL - 2022-07-20 09:21:34 --> Unknown column 'nama_petugas_pinjam' in 'field list'
in SYSTEMPATH\Database\MySQLi\Connection.php on line 292.
 1 SYSTEMPATH\Database\MySQLi\Connection.php(292): mysqli->query('SELECT `id_peminjam`, `nama_lengkap`, `nik`, `id_bpkb`, `nama_petugas_pinjam`, `nip_petugas_pinjam`, `nama_petugas_kembali`, `nip_petugas_kembali`, `tgl_pinjam`, `tgl_kembali`, `status`
FROM `data_peminjam`
ORDER BY `nama_lengkap` ASC
 LIMIT 10', 0)
 2 SYSTEMPATH\Database\BaseConnection.php(695): CodeIgniter\Database\MySQLi\Connection->execute('SELECT `id_peminjam`, `nama_lengkap`, `nik`, `id_bpkb`, `nama_petugas_pinjam`, `nip_petugas_pinjam`, `nama_petugas_kembali`, `nip_petugas_kembali`, `tgl_pinjam`, `tgl_kembali`, `status`
FROM `data_peminjam`
ORDER BY `nama_lengkap` ASC
 LIMIT 10')
 3 SYSTEMPATH\Database\BaseConnection.php(609): CodeIgniter\Database\BaseConnection->simpleQuery('SELECT `id_peminjam`, `nama_lengkap`, `nik`, `id_bpkb`, `nama_petugas_pinjam`, `nip_petugas_pinjam`, `nama_petugas_kembali`, `nip_petugas_kembali`, `tgl_pinjam`, `tgl_kembali`, `status`
FROM `data_peminjam`
ORDER BY `nama_lengkap` ASC
 LIMIT 10')
 4 SYSTEMPATH\Database\BaseBuilder.php(1585): CodeIgniter\Database\BaseConnection->query('SELECT `id_peminjam`, `nama_lengkap`, `nik`, `id_bpkb`, `nama_petugas_pinjam`, `nip_petugas_pinjam`, `nama_petugas_kembali`, `nip_petugas_kembali`, `tgl_pinjam`, `tgl_kembali`, `status`
FROM `data_peminjam`
ORDER BY `nama_lengkap` ASC
 LIMIT 10', [], false)
 5 APPPATH\ThirdParty\codeigniter4-datatables\src\DataTableQuery.php(219): CodeIgniter\Database\BaseBuilder->get()
 6 APPPATH\ThirdParty\codeigniter4-datatables\src\DataTableQuery.php(70): Hermawan\DataTables\DataTableQuery->queryResult()
 7 APPPATH\ThirdParty\codeigniter4-datatables\src\DataTable.php(176): Hermawan\DataTables\DataTableQuery->getDataResult()
 8 APPPATH\Controllers\Peminjam.php(52): Hermawan\DataTables\DataTable->toJson(true)
 9 SYSTEMPATH\CodeIgniter.php(896): App\Controllers\Peminjam->listData()
10 SYSTEMPATH\CodeIgniter.php(466): CodeIgniter\CodeIgniter->runController(Object(App\Controllers\Peminjam))
11 SYSTEMPATH\CodeIgniter.php(349): CodeIgniter\CodeIgniter->handleRequest(null, Object(Config\Cache), false)
12 FCPATH\index.php(55): CodeIgniter\CodeIgniter->run()
13 SYSTEMPATH\Commands\Server\rewrite.php(43): require_once('FCPATH\\index.php')
ERROR - 2022-07-20 09:22:30 --> Unknown column 'nama_petugas_pinjam' in 'field list'
CRITICAL - 2022-07-20 09:22:30 --> Unknown column 'nama_petugas_pinjam' in 'field list'
in SYSTEMPATH\Database\MySQLi\Connection.php on line 292.
 1 SYSTEMPATH\Database\MySQLi\Connection.php(292): mysqli->query('SELECT `id_peminjam`, `nama_lengkap`, `nik`, `id_bpkb`, `nama_petugas_pinjam`, `nip_petugas_pinjam`, `nama_petugas_kembali`, `nip_petugas_kembali`, `tgl_pinjam`, `tgl_kembali`, `status`
FROM `data_peminjam`
ORDER BY `nama_lengkap` ASC
 LIMIT 10', 0)
 2 SYSTEMPATH\Database\BaseConnection.php(695): CodeIgniter\Database\MySQLi\Connection->execute('SELECT `id_peminjam`, `nama_lengkap`, `nik`, `id_bpkb`, `nama_petugas_pinjam`, `nip_petugas_pinjam`, `nama_petugas_kembali`, `nip_petugas_kembali`, `tgl_pinjam`, `tgl_kembali`, `status`
FROM `data_peminjam`
ORDER BY `nama_lengkap` ASC
 LIMIT 10')
 3 SYSTEMPATH\Database\BaseConnection.php(609): CodeIgniter\Database\BaseConnection->simpleQuery('SELECT `id_peminjam`, `nama_lengkap`, `nik`, `id_bpkb`, `nama_petugas_pinjam`, `nip_petugas_pinjam`, `nama_petugas_kembali`, `nip_petugas_kembali`, `tgl_pinjam`, `tgl_kembali`, `status`
FROM `data_peminjam`
ORDER BY `nama_lengkap` ASC
 LIMIT 10')
 4 SYSTEMPATH\Database\BaseBuilder.php(1585): CodeIgniter\Database\BaseConnection->query('SELECT `id_peminjam`, `nama_lengkap`, `nik`, `id_bpkb`, `nama_petugas_pinjam`, `nip_petugas_pinjam`, `nama_petugas_kembali`, `nip_petugas_kembali`, `tgl_pinjam`, `tgl_kembali`, `status`
FROM `data_peminjam`
ORDER BY `nama_lengkap` ASC
 LIMIT 10', [], false)
 5 APPPATH\ThirdParty\codeigniter4-datatables\src\DataTableQuery.php(219): CodeIgniter\Database\BaseBuilder->get()
 6 APPPATH\ThirdParty\codeigniter4-datatables\src\DataTableQuery.php(70): Hermawan\DataTables\DataTableQuery->queryResult()
 7 APPPATH\ThirdParty\codeigniter4-datatables\src\DataTable.php(176): Hermawan\DataTables\DataTableQuery->getDataResult()
 8 APPPATH\Controllers\Peminjam.php(52): Hermawan\DataTables\DataTable->toJson(true)
 9 SYSTEMPATH\CodeIgniter.php(896): App\Controllers\Peminjam->listData()
10 SYSTEMPATH\CodeIgniter.php(466): CodeIgniter\CodeIgniter->runController(Object(App\Controllers\Peminjam))
11 SYSTEMPATH\CodeIgniter.php(349): CodeIgniter\CodeIgniter->handleRequest(null, Object(Config\Cache), false)
12 FCPATH\index.php(55): CodeIgniter\CodeIgniter->run()
13 SYSTEMPATH\Commands\Server\rewrite.php(43): require_once('FCPATH\\index.php')
ERROR - 2022-07-20 09:22:39 --> Unknown column 'nama_petugas_pinjam' in 'field list'
CRITICAL - 2022-07-20 09:22:39 --> Unknown column 'nama_petugas_pinjam' in 'field list'
in SYSTEMPATH\Database\MySQLi\Connection.php on line 292.
 1 SYSTEMPATH\Database\MySQLi\Connection.php(292): mysqli->query('SELECT `id_peminjam`, `nama_lengkap`, `nik`, `id_bpkb`, `nama_petugas_pinjam`, `nip_petugas_pinjam`, `nama_petugas_kembali`, `nip_petugas_kembali`, `tgl_pinjam`, `tgl_kembali`, `status`
FROM `data_peminjam`
ORDER BY `nama_lengkap` ASC
 LIMIT 10', 0)
 2 SYSTEMPATH\Database\BaseConnection.php(695): CodeIgniter\Database\MySQLi\Connection->execute('SELECT `id_peminjam`, `nama_lengkap`, `nik`, `id_bpkb`, `nama_petugas_pinjam`, `nip_petugas_pinjam`, `nama_petugas_kembali`, `nip_petugas_kembali`, `tgl_pinjam`, `tgl_kembali`, `status`
FROM `data_peminjam`
ORDER BY `nama_lengkap` ASC
 LIMIT 10')
 3 SYSTEMPATH\Database\BaseConnection.php(609): CodeIgniter\Database\BaseConnection->simpleQuery('SELECT `id_peminjam`, `nama_lengkap`, `nik`, `id_bpkb`, `nama_petugas_pinjam`, `nip_petugas_pinjam`, `nama_petugas_kembali`, `nip_petugas_kembali`, `tgl_pinjam`, `tgl_kembali`, `status`
FROM `data_peminjam`
ORDER BY `nama_lengkap` ASC
 LIMIT 10')
 4 SYSTEMPATH\Database\BaseBuilder.php(1585): CodeIgniter\Database\BaseConnection->query('SELECT `id_peminjam`, `nama_lengkap`, `nik`, `id_bpkb`, `nama_petugas_pinjam`, `nip_petugas_pinjam`, `nama_petugas_kembali`, `nip_petugas_kembali`, `tgl_pinjam`, `tgl_kembali`, `status`
FROM `data_peminjam`
ORDER BY `nama_lengkap` ASC
 LIMIT 10', [], false)
 5 APPPATH\ThirdParty\codeigniter4-datatables\src\DataTableQuery.php(219): CodeIgniter\Database\BaseBuilder->get()
 6 APPPATH\ThirdParty\codeigniter4-datatables\src\DataTableQuery.php(70): Hermawan\DataTables\DataTableQuery->queryResult()
 7 APPPATH\ThirdParty\codeigniter4-datatables\src\DataTable.php(176): Hermawan\DataTables\DataTableQuery->getDataResult()
 8 APPPATH\Controllers\Peminjam.php(52): Hermawan\DataTables\DataTable->toJson(true)
 9 SYSTEMPATH\CodeIgniter.php(896): App\Controllers\Peminjam->listData()
10 SYSTEMPATH\CodeIgniter.php(466): CodeIgniter\CodeIgniter->runController(Object(App\Controllers\Peminjam))
11 SYSTEMPATH\CodeIgniter.php(349): CodeIgniter\CodeIgniter->handleRequest(null, Object(Config\Cache), false)
12 FCPATH\index.php(55): CodeIgniter\CodeIgniter->run()
13 SYSTEMPATH\Commands\Server\rewrite.php(43): require_once('FCPATH\\index.php')
ERROR - 2022-07-20 09:22:42 --> Unknown column 'nama_petugas_pinjam' in 'field list'
CRITICAL - 2022-07-20 09:22:42 --> Unknown column 'nama_petugas_pinjam' in 'field list'
in SYSTEMPATH\Database\MySQLi\Connection.php on line 292.
 1 SYSTEMPATH\Database\MySQLi\Connection.php(292): mysqli->query('SELECT `id_peminjam`, `nama_lengkap`, `nik`, `id_bpkb`, `nama_petugas_pinjam`, `nip_petugas_pinjam`, `nama_petugas_kembali`, `nip_petugas_kembali`, `tgl_pinjam`, `tgl_kembali`, `status`
FROM `data_peminjam`
ORDER BY `nama_lengkap` ASC
 LIMIT 10', 0)
 2 SYSTEMPATH\Database\BaseConnection.php(695): CodeIgniter\Database\MySQLi\Connection->execute('SELECT `id_peminjam`, `nama_lengkap`, `nik`, `id_bpkb`, `nama_petugas_pinjam`, `nip_petugas_pinjam`, `nama_petugas_kembali`, `nip_petugas_kembali`, `tgl_pinjam`, `tgl_kembali`, `status`
FROM `data_peminjam`
ORDER BY `nama_lengkap` ASC
 LIMIT 10')
 3 SYSTEMPATH\Database\BaseConnection.php(609): CodeIgniter\Database\BaseConnection->simpleQuery('SELECT `id_peminjam`, `nama_lengkap`, `nik`, `id_bpkb`, `nama_petugas_pinjam`, `nip_petugas_pinjam`, `nama_petugas_kembali`, `nip_petugas_kembali`, `tgl_pinjam`, `tgl_kembali`, `status`
FROM `data_peminjam`
ORDER BY `nama_lengkap` ASC
 LIMIT 10')
 4 SYSTEMPATH\Database\BaseBuilder.php(1585): CodeIgniter\Database\BaseConnection->query('SELECT `id_peminjam`, `nama_lengkap`, `nik`, `id_bpkb`, `nama_petugas_pinjam`, `nip_petugas_pinjam`, `nama_petugas_kembali`, `nip_petugas_kembali`, `tgl_pinjam`, `tgl_kembali`, `status`
FROM `data_peminjam`
ORDER BY `nama_lengkap` ASC
 LIMIT 10', [], false)
 5 APPPATH\ThirdParty\codeigniter4-datatables\src\DataTableQuery.php(219): CodeIgniter\Database\BaseBuilder->get()
 6 APPPATH\ThirdParty\codeigniter4-datatables\src\DataTableQuery.php(70): Hermawan\DataTables\DataTableQuery->queryResult()
 7 APPPATH\ThirdParty\codeigniter4-datatables\src\DataTable.php(176): Hermawan\DataTables\DataTableQuery->getDataResult()
 8 APPPATH\Controllers\Peminjam.php(52): Hermawan\DataTables\DataTable->toJson(true)
 9 SYSTEMPATH\CodeIgniter.php(896): App\Controllers\Peminjam->listData()
10 SYSTEMPATH\CodeIgniter.php(466): CodeIgniter\CodeIgniter->runController(Object(App\Controllers\Peminjam))
11 SYSTEMPATH\CodeIgniter.php(349): CodeIgniter\CodeIgniter->handleRequest(null, Object(Config\Cache), false)
12 FCPATH\index.php(55): CodeIgniter\CodeIgniter->run()
13 SYSTEMPATH\Commands\Server\rewrite.php(43): require_once('FCPATH\\index.php')
ERROR - 2022-07-20 09:22:53 --> Unknown column 'nama_petugas_pinjam' in 'field list'
CRITICAL - 2022-07-20 09:22:53 --> Unknown column 'nama_petugas_pinjam' in 'field list'
in SYSTEMPATH\Database\MySQLi\Connection.php on line 292.
 1 SYSTEMPATH\Database\MySQLi\Connection.php(292): mysqli->query('SELECT `id_peminjam`, `nama_lengkap`, `nik`, `id_bpkb`, `nama_petugas_pinjam`, `nip_petugas_pinjam`, `nama_petugas_kembali`, `nip_petugas_kembali`, `tgl_pinjam`, `tgl_kembali`, `status`
FROM `data_peminjam`
ORDER BY `nama_lengkap` ASC
 LIMIT 10', 0)
 2 SYSTEMPATH\Database\BaseConnection.php(695): CodeIgniter\Database\MySQLi\Connection->execute('SELECT `id_peminjam`, `nama_lengkap`, `nik`, `id_bpkb`, `nama_petugas_pinjam`, `nip_petugas_pinjam`, `nama_petugas_kembali`, `nip_petugas_kembali`, `tgl_pinjam`, `tgl_kembali`, `status`
FROM `data_peminjam`
ORDER BY `nama_lengkap` ASC
 LIMIT 10')
 3 SYSTEMPATH\Database\BaseConnection.php(609): CodeIgniter\Database\BaseConnection->simpleQuery('SELECT `id_peminjam`, `nama_lengkap`, `nik`, `id_bpkb`, `nama_petugas_pinjam`, `nip_petugas_pinjam`, `nama_petugas_kembali`, `nip_petugas_kembali`, `tgl_pinjam`, `tgl_kembali`, `status`
FROM `data_peminjam`
ORDER BY `nama_lengkap` ASC
 LIMIT 10')
 4 SYSTEMPATH\Database\BaseBuilder.php(1585): CodeIgniter\Database\BaseConnection->query('SELECT `id_peminjam`, `nama_lengkap`, `nik`, `id_bpkb`, `nama_petugas_pinjam`, `nip_petugas_pinjam`, `nama_petugas_kembali`, `nip_petugas_kembali`, `tgl_pinjam`, `tgl_kembali`, `status`
FROM `data_peminjam`
ORDER BY `nama_lengkap` ASC
 LIMIT 10', [], false)
 5 APPPATH\ThirdParty\codeigniter4-datatables\src\DataTableQuery.php(219): CodeIgniter\Database\BaseBuilder->get()
 6 APPPATH\ThirdParty\codeigniter4-datatables\src\DataTableQuery.php(70): Hermawan\DataTables\DataTableQuery->queryResult()
 7 APPPATH\ThirdParty\codeigniter4-datatables\src\DataTable.php(176): Hermawan\DataTables\DataTableQuery->getDataResult()
 8 APPPATH\Controllers\Peminjam.php(52): Hermawan\DataTables\DataTable->toJson(true)
 9 SYSTEMPATH\CodeIgniter.php(896): App\Controllers\Peminjam->listData()
10 SYSTEMPATH\CodeIgniter.php(466): CodeIgniter\CodeIgniter->runController(Object(App\Controllers\Peminjam))
11 SYSTEMPATH\CodeIgniter.php(349): CodeIgniter\CodeIgniter->handleRequest(null, Object(Config\Cache), false)
12 FCPATH\index.php(55): CodeIgniter\CodeIgniter->run()
13 SYSTEMPATH\Commands\Server\rewrite.php(43): require_once('FCPATH\\index.php')
ERROR - 2022-07-20 09:23:12 --> Unknown column 'nama_petugas_pinjam' in 'field list'
CRITICAL - 2022-07-20 09:23:12 --> Unknown column 'nama_petugas_pinjam' in 'field list'
in SYSTEMPATH\Database\MySQLi\Connection.php on line 292.
 1 SYSTEMPATH\Database\MySQLi\Connection.php(292): mysqli->query('SELECT `id_peminjam`, `nama_lengkap`, `nik`, `id_bpkb`, `nama_petugas_pinjam`, `nip_petugas_pinjam`, `nama_petugas_kembali`, `nip_petugas_kembali`, `tgl_pinjam`, `tgl_kembali`, `status`
FROM `data_peminjam`
ORDER BY `nama_lengkap` ASC
 LIMIT 10', 0)
 2 SYSTEMPATH\Database\BaseConnection.php(695): CodeIgniter\Database\MySQLi\Connection->execute('SELECT `id_peminjam`, `nama_lengkap`, `nik`, `id_bpkb`, `nama_petugas_pinjam`, `nip_petugas_pinjam`, `nama_petugas_kembali`, `nip_petugas_kembali`, `tgl_pinjam`, `tgl_kembali`, `status`
FROM `data_peminjam`
ORDER BY `nama_lengkap` ASC
 LIMIT 10')
 3 SYSTEMPATH\Database\BaseConnection.php(609): CodeIgniter\Database\BaseConnection->simpleQuery('SELECT `id_peminjam`, `nama_lengkap`, `nik`, `id_bpkb`, `nama_petugas_pinjam`, `nip_petugas_pinjam`, `nama_petugas_kembali`, `nip_petugas_kembali`, `tgl_pinjam`, `tgl_kembali`, `status`
FROM `data_peminjam`
ORDER BY `nama_lengkap` ASC
 LIMIT 10')
 4 SYSTEMPATH\Database\BaseBuilder.php(1585): CodeIgniter\Database\BaseConnection->query('SELECT `id_peminjam`, `nama_lengkap`, `nik`, `id_bpkb`, `nama_petugas_pinjam`, `nip_petugas_pinjam`, `nama_petugas_kembali`, `nip_petugas_kembali`, `tgl_pinjam`, `tgl_kembali`, `status`
FROM `data_peminjam`
ORDER BY `nama_lengkap` ASC
 LIMIT 10', [], false)
 5 APPPATH\ThirdParty\codeigniter4-datatables\src\DataTableQuery.php(219): CodeIgniter\Database\BaseBuilder->get()
 6 APPPATH\ThirdParty\codeigniter4-datatables\src\DataTableQuery.php(70): Hermawan\DataTables\DataTableQuery->queryResult()
 7 APPPATH\ThirdParty\codeigniter4-datatables\src\DataTable.php(176): Hermawan\DataTables\DataTableQuery->getDataResult()
 8 APPPATH\Controllers\Peminjam.php(52): Hermawan\DataTables\DataTable->toJson(true)
 9 SYSTEMPATH\CodeIgniter.php(896): App\Controllers\Peminjam->listData()
10 SYSTEMPATH\CodeIgniter.php(466): CodeIgniter\CodeIgniter->runController(Object(App\Controllers\Peminjam))
11 SYSTEMPATH\CodeIgniter.php(349): CodeIgniter\CodeIgniter->handleRequest(null, Object(Config\Cache), false)
12 FCPATH\index.php(55): CodeIgniter\CodeIgniter->run()
13 SYSTEMPATH\Commands\Server\rewrite.php(43): require_once('FCPATH\\index.php')
ERROR - 2022-07-20 09:23:51 --> Unknown column 'nama_petugas_pinjam' in 'field list'
CRITICAL - 2022-07-20 09:23:51 --> Unknown column 'nama_petugas_pinjam' in 'field list'
in SYSTEMPATH\Database\MySQLi\Connection.php on line 292.
 1 SYSTEMPATH\Database\MySQLi\Connection.php(292): mysqli->query('SELECT `id_peminjam`, `nama_lengkap`, `nik`, `id_bpkb`, `nama_petugas_pinjam`, `nip_petugas_pinjam`, `nama_petugas_kembali`, `nip_petugas_kembali`, `tgl_pinjam`, `tgl_kembali`, `status`
FROM `data_peminjam`
ORDER BY `nama_lengkap` ASC
 LIMIT 10', 0)
 2 SYSTEMPATH\Database\BaseConnection.php(695): CodeIgniter\Database\MySQLi\Connection->execute('SELECT `id_peminjam`, `nama_lengkap`, `nik`, `id_bpkb`, `nama_petugas_pinjam`, `nip_petugas_pinjam`, `nama_petugas_kembali`, `nip_petugas_kembali`, `tgl_pinjam`, `tgl_kembali`, `status`
FROM `data_peminjam`
ORDER BY `nama_lengkap` ASC
 LIMIT 10')
 3 SYSTEMPATH\Database\BaseConnection.php(609): CodeIgniter\Database\BaseConnection->simpleQuery('SELECT `id_peminjam`, `nama_lengkap`, `nik`, `id_bpkb`, `nama_petugas_pinjam`, `nip_petugas_pinjam`, `nama_petugas_kembali`, `nip_petugas_kembali`, `tgl_pinjam`, `tgl_kembali`, `status`
FROM `data_peminjam`
ORDER BY `nama_lengkap` ASC
 LIMIT 10')
 4 SYSTEMPATH\Database\BaseBuilder.php(1585): CodeIgniter\Database\BaseConnection->query('SELECT `id_peminjam`, `nama_lengkap`, `nik`, `id_bpkb`, `nama_petugas_pinjam`, `nip_petugas_pinjam`, `nama_petugas_kembali`, `nip_petugas_kembali`, `tgl_pinjam`, `tgl_kembali`, `status`
FROM `data_peminjam`
ORDER BY `nama_lengkap` ASC
 LIMIT 10', [], false)
 5 APPPATH\ThirdParty\codeigniter4-datatables\src\DataTableQuery.php(219): CodeIgniter\Database\BaseBuilder->get()
 6 APPPATH\ThirdParty\codeigniter4-datatables\src\DataTableQuery.php(70): Hermawan\DataTables\DataTableQuery->queryResult()
 7 APPPATH\ThirdParty\codeigniter4-datatables\src\DataTable.php(176): Hermawan\DataTables\DataTableQuery->getDataResult()
 8 APPPATH\Controllers\Peminjam.php(52): Hermawan\DataTables\DataTable->toJson(true)
 9 SYSTEMPATH\CodeIgniter.php(896): App\Controllers\Peminjam->listData()
10 SYSTEMPATH\CodeIgniter.php(466): CodeIgniter\CodeIgniter->runController(Object(App\Controllers\Peminjam))
11 SYSTEMPATH\CodeIgniter.php(349): CodeIgniter\CodeIgniter->handleRequest(null, Object(Config\Cache), false)
12 FCPATH\index.php(55): CodeIgniter\CodeIgniter->run()
13 SYSTEMPATH\Commands\Server\rewrite.php(43): require_once('FCPATH\\index.php')
ERROR - 2022-07-20 09:25:47 --> Error connecting to the database: Unknown database 'peminjaman_bpkb'
CRITICAL - 2022-07-20 09:25:47 --> Unable to connect to the database.
Main connection [MySQLi]: Unknown database 'peminjaman_bpkb'
in SYSTEMPATH\Database\BaseConnection.php on line 416.
 1 SYSTEMPATH\Database\BaseConnection.php(586): CodeIgniter\Database\BaseConnection->initialize()
 2 SYSTEMPATH\Database\BaseBuilder.php(1585): CodeIgniter\Database\BaseConnection->query('SELECT *
FROM `data_peminjam`', [], false)
 3 SYSTEMPATH\Model.php(222): CodeIgniter\Database\BaseBuilder->get()
 4 SYSTEMPATH\BaseModel.php(584): CodeIgniter\Model->doFindAll(0, 0)
 5 APPPATH\Controllers\Peminjam.php(23): CodeIgniter\BaseModel->findAll()
 6 SYSTEMPATH\CodeIgniter.php(896): App\Controllers\Peminjam->index()
 7 SYSTEMPATH\CodeIgniter.php(466): CodeIgniter\CodeIgniter->runController(Object(App\Controllers\Peminjam))
 8 SYSTEMPATH\CodeIgniter.php(349): CodeIgniter\CodeIgniter->handleRequest(null, Object(Config\Cache), false)
 9 FCPATH\index.php(55): CodeIgniter\CodeIgniter->run()
10 SYSTEMPATH\Commands\Server\rewrite.php(43): require_once('FCPATH\\index.php')
ERROR - 2022-07-20 09:25:49 --> Error connecting to the database: Unknown database 'peminjaman_bpkb'
CRITICAL - 2022-07-20 09:25:49 --> Unable to connect to the database.
Main connection [MySQLi]: Unknown database 'peminjaman_bpkb'
in SYSTEMPATH\Database\BaseConnection.php on line 416.
 1 SYSTEMPATH\Database\BaseConnection.php(586): CodeIgniter\Database\BaseConnection->initialize()
 2 SYSTEMPATH\Database\BaseBuilder.php(1585): CodeIgniter\Database\BaseConnection->query('SELECT *
FROM `data_peminjam`', [], false)
 3 SYSTEMPATH\Model.php(222): CodeIgniter\Database\BaseBuilder->get()
 4 SYSTEMPATH\BaseModel.php(584): CodeIgniter\Model->doFindAll(0, 0)
 5 APPPATH\Controllers\Peminjam.php(23): CodeIgniter\BaseModel->findAll()
 6 SYSTEMPATH\CodeIgniter.php(896): App\Controllers\Peminjam->index()
 7 SYSTEMPATH\CodeIgniter.php(466): CodeIgniter\CodeIgniter->runController(Object(App\Controllers\Peminjam))
 8 SYSTEMPATH\CodeIgniter.php(349): CodeIgniter\CodeIgniter->handleRequest(null, Object(Config\Cache), false)
 9 FCPATH\index.php(55): CodeIgniter\CodeIgniter->run()
10 SYSTEMPATH\Commands\Server\rewrite.php(43): require_once('FCPATH\\index.php')
ERROR - 2022-07-20 09:25:58 --> Error connecting to the database: Unknown database 'peminjaman_bpkb'
CRITICAL - 2022-07-20 09:25:58 --> Unable to connect to the database.
Main connection [MySQLi]: Unknown database 'peminjaman_bpkb'
in SYSTEMPATH\Database\BaseConnection.php on line 416.
 1 SYSTEMPATH\Database\BaseConnection.php(586): CodeIgniter\Database\BaseConnection->initialize()
 2 SYSTEMPATH\Database\BaseBuilder.php(1585): CodeIgniter\Database\BaseConnection->query('SELECT *
FROM `data_peminjam`', [], false)
 3 SYSTEMPATH\Model.php(222): CodeIgniter\Database\BaseBuilder->get()
 4 SYSTEMPATH\BaseModel.php(584): CodeIgniter\Model->doFindAll(0, 0)
 5 APPPATH\Controllers\Peminjam.php(23): CodeIgniter\BaseModel->findAll()
 6 SYSTEMPATH\CodeIgniter.php(896): App\Controllers\Peminjam->index()
 7 SYSTEMPATH\CodeIgniter.php(466): CodeIgniter\CodeIgniter->runController(Object(App\Controllers\Peminjam))
 8 SYSTEMPATH\CodeIgniter.php(349): CodeIgniter\CodeIgniter->handleRequest(null, Object(Config\Cache), false)
 9 FCPATH\index.php(55): CodeIgniter\CodeIgniter->run()
10 SYSTEMPATH\Commands\Server\rewrite.php(43): require_once('FCPATH\\index.php')
ERROR - 2022-07-20 09:25:59 --> Error connecting to the database: Unknown database 'peminjaman_bpkb'
CRITICAL - 2022-07-20 09:25:59 --> Unable to connect to the database.
Main connection [MySQLi]: Unknown database 'peminjaman_bpkb'
in SYSTEMPATH\Database\BaseConnection.php on line 416.
 1 SYSTEMPATH\Database\BaseConnection.php(586): CodeIgniter\Database\BaseConnection->initialize()
 2 SYSTEMPATH\Database\BaseBuilder.php(1585): CodeIgniter\Database\BaseConnection->query('SELECT *
FROM `data_bpkb`
JOIN `bpkb_bahan_bakar` ON `bpkb_bahan_bakar`.`id_bahan_bakar` = `data_bpkb`.`bahan_bakar`
JOIN `bpkb_model_kendaraan` ON `bpkb_model_kendaraan`.`id_model` = `data_bpkb`.`model`
JOIN `bpkb_warna_tnkb` ON `bpkb_warna_tnkb`.`id_warna_tnkb` = `data_bpkb`.`warna_tnkb`', [], false)
 3 APPPATH\Models\BpkbModel.php(22): CodeIgniter\Database\BaseBuilder->get()
 4 APPPATH\Controllers\Bpkb.php(21): App\Models\BpkbModel->getBpkb()
 5 SYSTEMPATH\CodeIgniter.php(896): App\Controllers\Bpkb->index()
 6 SYSTEMPATH\CodeIgniter.php(466): CodeIgniter\CodeIgniter->runController(Object(App\Controllers\Bpkb))
 7 SYSTEMPATH\CodeIgniter.php(349): CodeIgniter\CodeIgniter->handleRequest(null, Object(Config\Cache), false)
 8 FCPATH\index.php(55): CodeIgniter\CodeIgniter->run()
 9 SYSTEMPATH\Commands\Server\rewrite.php(43): require_once('FCPATH\\index.php')
ERROR - 2022-07-20 09:26:00 --> Error connecting to the database: Unknown database 'peminjaman_bpkb'
CRITICAL - 2022-07-20 09:26:00 --> Unable to connect to the database.
Main connection [MySQLi]: Unknown database 'peminjaman_bpkb'
in SYSTEMPATH\Database\BaseConnection.php on line 416.
 1 SYSTEMPATH\Database\BaseConnection.php(586): CodeIgniter\Database\BaseConnection->initialize()
 2 SYSTEMPATH\Database\BaseBuilder.php(1585): CodeIgniter\Database\BaseConnection->query('SELECT *
FROM `data_bpkb`
JOIN `bpkb_bahan_bakar` ON `bpkb_bahan_bakar`.`id_bahan_bakar` = `data_bpkb`.`bahan_bakar`
JOIN `bpkb_model_kendaraan` ON `bpkb_model_kendaraan`.`id_model` = `data_bpkb`.`model`
JOIN `bpkb_warna_tnkb` ON `bpkb_warna_tnkb`.`id_warna_tnkb` = `data_bpkb`.`warna_tnkb`', [], false)
 3 APPPATH\Models\BpkbModel.php(22): CodeIgniter\Database\BaseBuilder->get()
 4 APPPATH\Controllers\Bpkb.php(21): App\Models\BpkbModel->getBpkb()
 5 SYSTEMPATH\CodeIgniter.php(896): App\Controllers\Bpkb->index()
 6 SYSTEMPATH\CodeIgniter.php(466): CodeIgniter\CodeIgniter->runController(Object(App\Controllers\Bpkb))
 7 SYSTEMPATH\CodeIgniter.php(349): CodeIgniter\CodeIgniter->handleRequest(null, Object(Config\Cache), false)
 8 FCPATH\index.php(55): CodeIgniter\CodeIgniter->run()
 9 SYSTEMPATH\Commands\Server\rewrite.php(43): require_once('FCPATH\\index.php')
CRITICAL - 2022-07-20 09:41:38 --> Call to undefined method App\Models\PeminjamModel::getImg
in SYSTEMPATH\Model.php on line 773.
 1 APPPATH\Controllers\Peminjam.php(195): CodeIgniter\Model->__call('getImg', [...])
 2 SYSTEMPATH\CodeIgniter.php(896): App\Controllers\Peminjam->detail('9')
 3 SYSTEMPATH\CodeIgniter.php(466): CodeIgniter\CodeIgniter->runController(Object(App\Controllers\Peminjam))
 4 SYSTEMPATH\CodeIgniter.php(349): CodeIgniter\CodeIgniter->handleRequest(null, Object(Config\Cache), false)
 5 FCPATH\index.php(55): CodeIgniter\CodeIgniter->run()
 6 SYSTEMPATH\Commands\Server\rewrite.php(43): require_once('FCPATH\\index.php')
CRITICAL - 2022-07-20 09:42:25 --> Call to undefined method App\Models\PeminjamModel::getImg
in SYSTEMPATH\Model.php on line 773.
 1 APPPATH\Controllers\Peminjam.php(195): CodeIgniter\Model->__call('getImg', [...])
 2 SYSTEMPATH\CodeIgniter.php(896): App\Controllers\Peminjam->detail('9')
 3 SYSTEMPATH\CodeIgniter.php(466): CodeIgniter\CodeIgniter->runController(Object(App\Controllers\Peminjam))
 4 SYSTEMPATH\CodeIgniter.php(349): CodeIgniter\CodeIgniter->handleRequest(null, Object(Config\Cache), false)
 5 FCPATH\index.php(55): CodeIgniter\CodeIgniter->run()
 6 SYSTEMPATH\Commands\Server\rewrite.php(43): require_once('FCPATH\\index.php')
CRITICAL - 2022-07-20 09:42:42 --> Call to undefined method App\Models\PeminjamModel::getImg
in SYSTEMPATH\Model.php on line 773.
 1 APPPATH\Controllers\Peminjam.php(195): CodeIgniter\Model->__call('getImg', [...])
 2 SYSTEMPATH\CodeIgniter.php(896): App\Controllers\Peminjam->detail('9')
 3 SYSTEMPATH\CodeIgniter.php(466): CodeIgniter\CodeIgniter->runController(Object(App\Controllers\Peminjam))
 4 SYSTEMPATH\CodeIgniter.php(349): CodeIgniter\CodeIgniter->handleRequest(null, Object(Config\Cache), false)
 5 FCPATH\index.php(55): CodeIgniter\CodeIgniter->run()
 6 SYSTEMPATH\Commands\Server\rewrite.php(43): require_once('FCPATH\\index.php')
CRITICAL - 2022-07-20 09:44:36 --> The original file is not a valid file.
in SYSTEMPATH\HTTP\Files\UploadedFile.php on line 137.
 1 SYSTEMPATH\HTTP\Files\UploadedFile.php(137): CodeIgniter\HTTP\Exceptions\HTTPException::forInvalidFile()
 2 APPPATH\Controllers\GambarPeminjamanController.php(31): CodeIgniter\HTTP\Files\UploadedFile->move('FCPATH\\foto_peminjam', '1658328276_2e5bb0a64c635c632d67')
 3 SYSTEMPATH\CodeIgniter.php(896): App\Controllers\GambarPeminjamanController->save()
 4 SYSTEMPATH\CodeIgniter.php(466): CodeIgniter\CodeIgniter->runController(Object(App\Controllers\GambarPeminjamanController))
 5 SYSTEMPATH\CodeIgniter.php(349): CodeIgniter\CodeIgniter->handleRequest(null, Object(Config\Cache), false)
 6 FCPATH\index.php(55): CodeIgniter\CodeIgniter->run()
 7 SYSTEMPATH\Commands\Server\rewrite.php(43): require_once('FCPATH\\index.php')
CRITICAL - 2022-07-20 09:53:11 --> The original file is not a valid file.
in SYSTEMPATH\HTTP\Files\UploadedFile.php on line 137.
 1 SYSTEMPATH\HTTP\Files\UploadedFile.php(137): CodeIgniter\HTTP\Exceptions\HTTPException::forInvalidFile()
 2 APPPATH\Controllers\GambarPeminjamanController.php(31): CodeIgniter\HTTP\Files\UploadedFile->move('FCPATH\\foto_peminjam', '1658328791_56656b2fd503772a57e8')
 3 SYSTEMPATH\CodeIgniter.php(896): App\Controllers\GambarPeminjamanController->save()
 4 SYSTEMPATH\CodeIgniter.php(466): CodeIgniter\CodeIgniter->runController(Object(App\Controllers\GambarPeminjamanController))
 5 SYSTEMPATH\CodeIgniter.php(349): CodeIgniter\CodeIgniter->handleRequest(null, Object(Config\Cache), false)
 6 FCPATH\index.php(55): CodeIgniter\CodeIgniter->run()
 7 SYSTEMPATH\Commands\Server\rewrite.php(43): require_once('FCPATH\\index.php')
CRITICAL - 2022-07-20 09:55:06 --> The original file is not a valid file.
in SYSTEMPATH\HTTP\Files\UploadedFile.php on line 137.
 1 SYSTEMPATH\HTTP\Files\UploadedFile.php(137): CodeIgniter\HTTP\Exceptions\HTTPException::forInvalidFile()
 2 APPPATH\Controllers\Bpkb.php(208): CodeIgniter\HTTP\Files\UploadedFile->move('FCPATH\\foto_bpkb', '1658328906_ba59d97eb019372c0dd9')
 3 SYSTEMPATH\CodeIgniter.php(896): App\Controllers\Bpkb->save()
 4 SYSTEMPATH\CodeIgniter.php(466): CodeIgniter\CodeIgniter->runController(Object(App\Controllers\Bpkb))
 5 SYSTEMPATH\CodeIgniter.php(349): CodeIgniter\CodeIgniter->handleRequest(null, Object(Config\Cache), false)
 6 FCPATH\index.php(55): CodeIgniter\CodeIgniter->run()
 7 SYSTEMPATH\Commands\Server\rewrite.php(43): require_once('FCPATH\\index.php')
CRITICAL - 2022-07-20 10:22:17 --> The original file is not a valid file.
in SYSTEMPATH\HTTP\Files\UploadedFile.php on line 137.
 1 SYSTEMPATH\HTTP\Files\UploadedFile.php(137): CodeIgniter\HTTP\Exceptions\HTTPException::forInvalidFile()
 2 APPPATH\Controllers\GambarController.php(32): CodeIgniter\HTTP\Files\UploadedFile->move('FCPATH\\foto_bpkb', '1658330537_b6a8f64df989b68ded7a')
 3 SYSTEMPATH\CodeIgniter.php(896): App\Controllers\GambarController->save()
 4 SYSTEMPATH\CodeIgniter.php(466): CodeIgniter\CodeIgniter->runController(Object(App\Controllers\GambarController))
 5 SYSTEMPATH\CodeIgniter.php(349): CodeIgniter\CodeIgniter->handleRequest(null, Object(Config\Cache), false)
 6 FCPATH\index.php(55): CodeIgniter\CodeIgniter->run()
 7 SYSTEMPATH\Commands\Server\rewrite.php(43): require_once('FCPATH\\index.php')
CRITICAL - 2022-07-20 10:24:12 --> The original file is not a valid file.
in SYSTEMPATH\HTTP\Files\UploadedFile.php on line 137.
 1 SYSTEMPATH\HTTP\Files\UploadedFile.php(137): CodeIgniter\HTTP\Exceptions\HTTPException::forInvalidFile()
 2 APPPATH\Controllers\GambarController.php(32): CodeIgniter\HTTP\Files\UploadedFile->move('FCPATH\\foto_bpkb', '1658330652_5bae513175c0093ba4c4')
 3 SYSTEMPATH\CodeIgniter.php(896): App\Controllers\GambarController->save()
 4 SYSTEMPATH\CodeIgniter.php(466): CodeIgniter\CodeIgniter->runController(Object(App\Controllers\GambarController))
 5 SYSTEMPATH\CodeIgniter.php(349): CodeIgniter\CodeIgniter->handleRequest(null, Object(Config\Cache), false)
 6 FCPATH\index.php(55): CodeIgniter\CodeIgniter->run()
 7 SYSTEMPATH\Commands\Server\rewrite.php(43): require_once('FCPATH\\index.php')
CRITICAL - 2022-07-20 10:35:51 --> The original file is not a valid file.
in SYSTEMPATH\HTTP\Files\UploadedFile.php on line 137.
 1 SYSTEMPATH\HTTP\Files\UploadedFile.php(137): CodeIgniter\HTTP\Exceptions\HTTPException::forInvalidFile()
 2 APPPATH\Controllers\Bpkb.php(207): CodeIgniter\HTTP\Files\UploadedFile->move('FCPATH\\foto_bpkb', '1658331351_a3bba70be905cc6e9416')
 3 SYSTEMPATH\CodeIgniter.php(896): App\Controllers\Bpkb->save()
 4 SYSTEMPATH\CodeIgniter.php(466): CodeIgniter\CodeIgniter->runController(Object(App\Controllers\Bpkb))
 5 SYSTEMPATH\CodeIgniter.php(349): CodeIgniter\CodeIgniter->handleRequest(null, Object(Config\Cache), false)
 6 FCPATH\index.php(55): CodeIgniter\CodeIgniter->run()
 7 SYSTEMPATH\Commands\Server\rewrite.php(43): require_once('FCPATH\\index.php')
ERROR - 2022-07-20 11:14:28 --> You have an error in your SQL syntax; check the manual that corresponds to your MariaDB server version for the right syntax to use near '0 = :0:, 1 = :1:, 2 = :2:, 3 = :3:
WHERE `id_peminjam` = :id_peminjam:' at line 1
CRITICAL - 2022-07-20 11:14:28 --> You have an error in your SQL syntax; check the manual that corresponds to your MariaDB server version for the right syntax to use near '0 = :0:, 1 = :1:, 2 = :2:, 3 = :3:
WHERE `id_peminjam` = :id_peminjam:' at line 1
in SYSTEMPATH\Database\MySQLi\Connection.php on line 292.
 1 SYSTEMPATH\Database\MySQLi\Connection.php(292): mysqli->query('UPDATE `data_peminjam` SET 0 = :0:, 1 = :1:, 2 = :2:, 3 = :3:
WHERE `id_peminjam` = :id_peminjam:', 0)
 2 SYSTEMPATH\Database\BaseConnection.php(695): CodeIgniter\Database\MySQLi\Connection->execute('UPDATE `data_peminjam` SET 0 = :0:, 1 = :1:, 2 = :2:, 3 = :3:
WHERE `id_peminjam` = :id_peminjam:')
 3 SYSTEMPATH\Database\BaseConnection.php(609): CodeIgniter\Database\BaseConnection->simpleQuery('UPDATE `data_peminjam` SET 0 = :0:, 1 = :1:, 2 = :2:, 3 = :3:
WHERE `id_peminjam` = :id_peminjam:')
 4 SYSTEMPATH\Database\BaseBuilder.php(2046): CodeIgniter\Database\BaseConnection->query('UPDATE `data_peminjam` SET 0 = :0:, 1 = :1:, 2 = :2:, 3 = :3:
WHERE `id_peminjam` = :id_peminjam:', [...], false)
 5 APPPATH\Models\PeminjamModel.php(29): CodeIgniter\Database\BaseBuilder->update()
 6 APPPATH\Controllers\Peminjam.php(180): App\Models\PeminjamModel->updateData('16', [...])
 7 SYSTEMPATH\CodeIgniter.php(896): App\Controllers\Peminjam->update('16')
 8 SYSTEMPATH\CodeIgniter.php(466): CodeIgniter\CodeIgniter->runController(Object(App\Controllers\Peminjam))
 9 SYSTEMPATH\CodeIgniter.php(349): CodeIgniter\CodeIgniter->handleRequest(null, Object(Config\Cache), false)
10 FCPATH\index.php(55): CodeIgniter\CodeIgniter->run()
11 SYSTEMPATH\Commands\Server\rewrite.php(43): require_once('FCPATH\\index.php')
