CRITICAL - 2022-08-12 03:15:34 --> Trying to access array offset on value of type null
in APPPATH\Views\peminjam_bpkb\edit_peminjam.php on line 6.
 1 APPPATH\Views\peminjam_bpkb\edit_peminjam.php(6): CodeIgniter\Debug\Exceptions->errorHandler(2, 'Trying to access array offset on value of type null', 'APPPATH\\Views\\peminjam_bpkb\\edit_peminjam.php', 6)
 2 SYSTEMPATH\View\View.php(213): include('APPPATH\\Views\\peminjam_bpkb\\edit_peminjam.php')
 3 SYSTEMPATH\View\View.php(216): CodeIgniter\View\View->CodeIgniter\View\{closure}()
 4 SYSTEMPATH\Common.php(1135): CodeIgniter\View\View->render('peminjam_bpkb/edit_peminjam', [], true)
 5 APPPATH\Controllers\Peminjam.php(185): view('peminjam_bpkb/edit_peminjam', [...])
 6 SYSTEMPATH\CodeIgniter.php(896): App\Controllers\Peminjam->edit('1')
 7 SYSTEMPATH\CodeIgniter.php(466): CodeIgniter\CodeIgniter->runController(Object(App\Controllers\Peminjam))
 8 SYSTEMPATH\CodeIgniter.php(349): CodeIgniter\CodeIgniter->handleRequest(null, Object(Config\Cache), false)
 9 FCPATH\index.php(55): CodeIgniter\CodeIgniter->run()
10 SYSTEMPATH\Commands\Server\rewrite.php(43): require_once('FCPATH\\index.php')
CRITICAL - 2022-08-12 03:17:05 --> Undefined array key "id_bpkb"
in APPPATH\Views\peminjam_sertifikat\edit_peminjam_serti.php on line 20.
 1 APPPATH\Views\peminjam_sertifikat\edit_peminjam_serti.php(20): CodeIgniter\Debug\Exceptions->errorHandler(2, 'Undefined array key "id_bpkb"', 'APPPATH\\Views\\peminjam_sertifikat\\edit_peminjam_serti.php', 20)
 2 SYSTEMPATH\View\View.php(213): include('APPPATH\\Views\\peminjam_sertifikat\\edit_peminjam_serti.php')
 3 SYSTEMPATH\View\View.php(216): CodeIgniter\View\View->CodeIgniter\View\{closure}()
 4 SYSTEMPATH\Common.php(1135): CodeIgniter\View\View->render('peminjam_sertifikat/edit_peminjam_serti', [], true)
 5 APPPATH\Controllers\PeminjamSertifikat.php(151): view('peminjam_sertifikat/edit_peminjam_serti', [...])
 6 SYSTEMPATH\CodeIgniter.php(896): App\Controllers\PeminjamSertifikat->edit('1')
 7 SYSTEMPATH\CodeIgniter.php(466): CodeIgniter\CodeIgniter->runController(Object(App\Controllers\PeminjamSertifikat))
 8 SYSTEMPATH\CodeIgniter.php(349): CodeIgniter\CodeIgniter->handleRequest(null, Object(Config\Cache), false)
 9 FCPATH\index.php(55): CodeIgniter\CodeIgniter->run()
10 SYSTEMPATH\Commands\Server\rewrite.php(43): require_once('FCPATH\\index.php')
CRITICAL - 2022-08-12 03:17:37 --> Undefined variable $validation
in APPPATH\Views\peminjam_sertifikat\edit_peminjam_serti.php on line 24.
 1 APPPATH\Views\peminjam_sertifikat\edit_peminjam_serti.php(24): CodeIgniter\Debug\Exceptions->errorHandler(2, 'Undefined variable $validation', 'APPPATH\\Views\\peminjam_sertifikat\\edit_peminjam_serti.php', 24)
 2 SYSTEMPATH\View\View.php(213): include('APPPATH\\Views\\peminjam_sertifikat\\edit_peminjam_serti.php')
 3 SYSTEMPATH\View\View.php(216): CodeIgniter\View\View->CodeIgniter\View\{closure}()
 4 SYSTEMPATH\Common.php(1135): CodeIgniter\View\View->render('peminjam_sertifikat/edit_peminjam_serti', [], true)
 5 APPPATH\Controllers\PeminjamSertifikat.php(151): view('peminjam_sertifikat/edit_peminjam_serti', [...])
 6 SYSTEMPATH\CodeIgniter.php(896): App\Controllers\PeminjamSertifikat->edit('1')
 7 SYSTEMPATH\CodeIgniter.php(466): CodeIgniter\CodeIgniter->runController(Object(App\Controllers\PeminjamSertifikat))
 8 SYSTEMPATH\CodeIgniter.php(349): CodeIgniter\CodeIgniter->handleRequest(null, Object(Config\Cache), false)
 9 FCPATH\index.php(55): CodeIgniter\CodeIgniter->run()
10 SYSTEMPATH\Commands\Server\rewrite.php(43): require_once('FCPATH\\index.php')
CRITICAL - 2022-08-12 03:50:14 --> Trying to access array offset on value of type null
in APPPATH\Views\peminjam_bpkb\edit_peminjam.php on line 6.
 1 APPPATH\Views\peminjam_bpkb\edit_peminjam.php(6): CodeIgniter\Debug\Exceptions->errorHandler(2, 'Trying to access array offset on value of type null', 'APPPATH\\Views\\peminjam_bpkb\\edit_peminjam.php', 6)
 2 SYSTEMPATH\View\View.php(213): include('APPPATH\\Views\\peminjam_bpkb\\edit_peminjam.php')
 3 SYSTEMPATH\View\View.php(216): CodeIgniter\View\View->CodeIgniter\View\{closure}()
 4 SYSTEMPATH\Common.php(1135): CodeIgniter\View\View->render('peminjam_bpkb/edit_peminjam', [], true)
 5 APPPATH\Controllers\Peminjam.php(185): view('peminjam_bpkb/edit_peminjam', [...])
 6 SYSTEMPATH\CodeIgniter.php(896): App\Controllers\Peminjam->edit('32')
 7 SYSTEMPATH\CodeIgniter.php(466): CodeIgniter\CodeIgniter->runController(Object(App\Controllers\Peminjam))
 8 SYSTEMPATH\CodeIgniter.php(349): CodeIgniter\CodeIgniter->handleRequest(null, Object(Config\Cache), false)
 9 FCPATH\index.php(55): CodeIgniter\CodeIgniter->run()
10 SYSTEMPATH\Commands\Server\rewrite.php(43): require_once('FCPATH\\index.php')
CRITICAL - 2022-08-12 04:06:19 --> Undefined array key "id_peminjam"
in APPPATH\Views\peminjam_bpkb\detail_peminjam.php on line 23.
 1 APPPATH\Views\peminjam_bpkb\detail_peminjam.php(23): CodeIgniter\Debug\Exceptions->errorHandler(2, 'Undefined array key "id_peminjam"', 'APPPATH\\Views\\peminjam_bpkb\\detail_peminjam.php', 23)
 2 SYSTEMPATH\View\View.php(213): include('APPPATH\\Views\\peminjam_bpkb\\detail_peminjam.php')
 3 SYSTEMPATH\View\View.php(216): CodeIgniter\View\View->CodeIgniter\View\{closure}()
 4 SYSTEMPATH\Common.php(1135): CodeIgniter\View\View->render('/peminjam_bpkb/detail_peminjam', [], true)
 5 APPPATH\Controllers\Peminjam.php(243): view('/peminjam_bpkb/detail_peminjam', [...])
 6 SYSTEMPATH\CodeIgniter.php(896): App\Controllers\Peminjam->detail('39')
 7 SYSTEMPATH\CodeIgniter.php(466): CodeIgniter\CodeIgniter->runController(Object(App\Controllers\Peminjam))
 8 SYSTEMPATH\CodeIgniter.php(349): CodeIgniter\CodeIgniter->handleRequest(null, Object(Config\Cache), false)
 9 FCPATH\index.php(55): CodeIgniter\CodeIgniter->run()
10 SYSTEMPATH\Commands\Server\rewrite.php(43): require_once('FCPATH\\index.php')
CRITICAL - 2022-08-12 04:06:56 --> Trying to access array offset on value of type null
in APPPATH\Views\peminjam_bpkb\edit_peminjam.php on line 6.
 1 APPPATH\Views\peminjam_bpkb\edit_peminjam.php(6): CodeIgniter\Debug\Exceptions->errorHandler(2, 'Trying to access array offset on value of type null', 'APPPATH\\Views\\peminjam_bpkb\\edit_peminjam.php', 6)
 2 SYSTEMPATH\View\View.php(213): include('APPPATH\\Views\\peminjam_bpkb\\edit_peminjam.php')
 3 SYSTEMPATH\View\View.php(216): CodeIgniter\View\View->CodeIgniter\View\{closure}()
 4 SYSTEMPATH\Common.php(1135): CodeIgniter\View\View->render('peminjam_bpkb/edit_peminjam', [], true)
 5 APPPATH\Controllers\Peminjam.php(185): view('peminjam_bpkb/edit_peminjam', [...])
 6 SYSTEMPATH\CodeIgniter.php(896): App\Controllers\Peminjam->edit('32')
 7 SYSTEMPATH\CodeIgniter.php(466): CodeIgniter\CodeIgniter->runController(Object(App\Controllers\Peminjam))
 8 SYSTEMPATH\CodeIgniter.php(349): CodeIgniter\CodeIgniter->handleRequest(null, Object(Config\Cache), false)
 9 FCPATH\index.php(55): CodeIgniter\CodeIgniter->run()
10 SYSTEMPATH\Commands\Server\rewrite.php(43): require_once('FCPATH\\index.php')
CRITICAL - 2022-08-12 04:07:36 --> Trying to access array offset on value of type null
in APPPATH\Views\peminjam_bpkb\edit_peminjam.php on line 6.
 1 APPPATH\Views\peminjam_bpkb\edit_peminjam.php(6): CodeIgniter\Debug\Exceptions->errorHandler(2, 'Trying to access array offset on value of type null', 'APPPATH\\Views\\peminjam_bpkb\\edit_peminjam.php', 6)
 2 SYSTEMPATH\View\View.php(213): include('APPPATH\\Views\\peminjam_bpkb\\edit_peminjam.php')
 3 SYSTEMPATH\View\View.php(216): CodeIgniter\View\View->CodeIgniter\View\{closure}()
 4 SYSTEMPATH\Common.php(1135): CodeIgniter\View\View->render('peminjam_bpkb/edit_peminjam', [], true)
 5 APPPATH\Controllers\Peminjam.php(185): view('peminjam_bpkb/edit_peminjam', [...])
 6 SYSTEMPATH\CodeIgniter.php(896): App\Controllers\Peminjam->edit('32')
 7 SYSTEMPATH\CodeIgniter.php(466): CodeIgniter\CodeIgniter->runController(Object(App\Controllers\Peminjam))
 8 SYSTEMPATH\CodeIgniter.php(349): CodeIgniter\CodeIgniter->handleRequest(null, Object(Config\Cache), false)
 9 FCPATH\index.php(55): CodeIgniter\CodeIgniter->run()
10 SYSTEMPATH\Commands\Server\rewrite.php(43): require_once('FCPATH\\index.php')
CRITICAL - 2022-08-12 04:08:13 --> Trying to access array offset on value of type null
in APPPATH\Views\peminjam_bpkb\edit_peminjam.php on line 6.
 1 APPPATH\Views\peminjam_bpkb\edit_peminjam.php(6): CodeIgniter\Debug\Exceptions->errorHandler(2, 'Trying to access array offset on value of type null', 'APPPATH\\Views\\peminjam_bpkb\\edit_peminjam.php', 6)
 2 SYSTEMPATH\View\View.php(213): include('APPPATH\\Views\\peminjam_bpkb\\edit_peminjam.php')
 3 SYSTEMPATH\View\View.php(216): CodeIgniter\View\View->CodeIgniter\View\{closure}()
 4 SYSTEMPATH\Common.php(1135): CodeIgniter\View\View->render('peminjam_bpkb/edit_peminjam', [], true)
 5 APPPATH\Controllers\Peminjam.php(185): view('peminjam_bpkb/edit_peminjam', [...])
 6 SYSTEMPATH\CodeIgniter.php(896): App\Controllers\Peminjam->edit('32')
 7 SYSTEMPATH\CodeIgniter.php(466): CodeIgniter\CodeIgniter->runController(Object(App\Controllers\Peminjam))
 8 SYSTEMPATH\CodeIgniter.php(349): CodeIgniter\CodeIgniter->handleRequest(null, Object(Config\Cache), false)
 9 FCPATH\index.php(55): CodeIgniter\CodeIgniter->run()
10 SYSTEMPATH\Commands\Server\rewrite.php(43): require_once('FCPATH\\index.php')
CRITICAL - 2022-08-12 04:08:20 --> Trying to access array offset on value of type null
in APPPATH\Views\peminjam_bpkb\edit_peminjam.php on line 6.
 1 APPPATH\Views\peminjam_bpkb\edit_peminjam.php(6): CodeIgniter\Debug\Exceptions->errorHandler(2, 'Trying to access array offset on value of type null', 'APPPATH\\Views\\peminjam_bpkb\\edit_peminjam.php', 6)
 2 SYSTEMPATH\View\View.php(213): include('APPPATH\\Views\\peminjam_bpkb\\edit_peminjam.php')
 3 SYSTEMPATH\View\View.php(216): CodeIgniter\View\View->CodeIgniter\View\{closure}()
 4 SYSTEMPATH\Common.php(1135): CodeIgniter\View\View->render('peminjam_bpkb/edit_peminjam', [], true)
 5 APPPATH\Controllers\Peminjam.php(185): view('peminjam_bpkb/edit_peminjam', [...])
 6 SYSTEMPATH\CodeIgniter.php(896): App\Controllers\Peminjam->edit('32')
 7 SYSTEMPATH\CodeIgniter.php(466): CodeIgniter\CodeIgniter->runController(Object(App\Controllers\Peminjam))
 8 SYSTEMPATH\CodeIgniter.php(349): CodeIgniter\CodeIgniter->handleRequest(null, Object(Config\Cache), false)
 9 FCPATH\index.php(55): CodeIgniter\CodeIgniter->run()
10 SYSTEMPATH\Commands\Server\rewrite.php(43): require_once('FCPATH\\index.php')
