CRITICAL - 2022-07-07 15:30:02 --> Undefined property: App\Controllers\Bpkb::$db
in APPPATH\Controllers\Bpkb.php on line 35.
 1 APPPATH\Controllers\Bpkb.php(35): CodeIgniter\Debug\Exceptions->errorHandler(8, 'Undefined property: App\\Controllers\\Bpkb::$db', 'APPPATH\\Controllers\\Bpkb.php', 35, [])
 2 SYSTEMPATH\CodeIgniter.php(896): App\Controllers\Bpkb->create()
 3 SYSTEMPATH\CodeIgniter.php(466): CodeIgniter\CodeIgniter->runController(Object(App\Controllers\Bpkb))
 4 SYSTEMPATH\CodeIgniter.php(349): CodeIgniter\CodeIgniter->handleRequest(null, Object(Config\Cache), false)
 5 FCPATH\index.php(55): CodeIgniter\CodeIgniter->run()
 6 SYSTEMPATH\Commands\Server\rewrite.php(43): require_once('FCPATH\\index.php')
CRITICAL - 2022-07-07 15:30:37 --> Undefined variable: dataModel
in APPPATH\Views\master_bpkb\tambah_bpkb.php on line 47.
 1 APPPATH\Views\master_bpkb\tambah_bpkb.php(47): CodeIgniter\Debug\Exceptions->errorHandler(8, 'Undefined variable: dataModel', 'APPPATH\\Views\\master_bpkb\\tambah_bpkb.php', 47, [...])
 2 SYSTEMPATH\View\View.php(213): include('APPPATH\\Views\\master_bpkb\\tambah_bpkb.php')
 3 SYSTEMPATH\View\View.php(216): CodeIgniter\View\View->CodeIgniter\View\{closure}()
 4 SYSTEMPATH\Common.php(1135): CodeIgniter\View\View->render('master_bpkb/tambah_bpkb', [], true)
 5 APPPATH\Controllers\Bpkb.php(43): view('master_bpkb/tambah_bpkb', [...])
 6 SYSTEMPATH\CodeIgniter.php(896): App\Controllers\Bpkb->create()
 7 SYSTEMPATH\CodeIgniter.php(466): CodeIgniter\CodeIgniter->runController(Object(App\Controllers\Bpkb))
 8 SYSTEMPATH\CodeIgniter.php(349): CodeIgniter\CodeIgniter->handleRequest(null, Object(Config\Cache), false)
 9 FCPATH\index.php(55): CodeIgniter\CodeIgniter->run()
10 SYSTEMPATH\Commands\Server\rewrite.php(43): require_once('FCPATH\\index.php')
CRITICAL - 2022-07-07 15:30:39 --> Undefined variable: dataModel
in APPPATH\Views\master_bpkb\tambah_bpkb.php on line 47.
 1 APPPATH\Views\master_bpkb\tambah_bpkb.php(47): CodeIgniter\Debug\Exceptions->errorHandler(8, 'Undefined variable: dataModel', 'APPPATH\\Views\\master_bpkb\\tambah_bpkb.php', 47, [...])
 2 SYSTEMPATH\View\View.php(213): include('APPPATH\\Views\\master_bpkb\\tambah_bpkb.php')
 3 SYSTEMPATH\View\View.php(216): CodeIgniter\View\View->CodeIgniter\View\{closure}()
 4 SYSTEMPATH\Common.php(1135): CodeIgniter\View\View->render('master_bpkb/tambah_bpkb', [], true)
 5 APPPATH\Controllers\Bpkb.php(43): view('master_bpkb/tambah_bpkb', [...])
 6 SYSTEMPATH\CodeIgniter.php(896): App\Controllers\Bpkb->create()
 7 SYSTEMPATH\CodeIgniter.php(466): CodeIgniter\CodeIgniter->runController(Object(App\Controllers\Bpkb))
 8 SYSTEMPATH\CodeIgniter.php(349): CodeIgniter\CodeIgniter->handleRequest(null, Object(Config\Cache), false)
 9 FCPATH\index.php(55): CodeIgniter\CodeIgniter->run()
10 SYSTEMPATH\Commands\Server\rewrite.php(43): require_once('FCPATH\\index.php')
CRITICAL - 2022-07-07 15:42:18 --> Call to undefined method CodeIgniter\Database\MySQLi\Result::count()
in APPPATH\Controllers\Bpkb.php on line 18.
 1 SYSTEMPATH\CodeIgniter.php(896): App\Controllers\Bpkb->index()
 2 SYSTEMPATH\CodeIgniter.php(466): CodeIgniter\CodeIgniter->runController(Object(App\Controllers\Bpkb))
 3 SYSTEMPATH\CodeIgniter.php(349): CodeIgniter\CodeIgniter->handleRequest(null, Object(Config\Cache), false)
 4 FCPATH\index.php(55): CodeIgniter\CodeIgniter->run()
 5 SYSTEMPATH\Commands\Server\rewrite.php(43): require_once('FCPATH\\index.php')
CRITICAL - 2022-07-07 15:42:32 --> Undefined property: CodeIgniter\Database\MySQLi\Result::$num_rows
in APPPATH\Controllers\Bpkb.php on line 18.
 1 APPPATH\Controllers\Bpkb.php(18): CodeIgniter\Debug\Exceptions->errorHandler(8, 'Undefined property: CodeIgniter\\Database\\MySQLi\\Result::$num_rows', 'APPPATH\\Controllers\\Bpkb.php', 18, [...])
 2 SYSTEMPATH\CodeIgniter.php(896): App\Controllers\Bpkb->index()
 3 SYSTEMPATH\CodeIgniter.php(466): CodeIgniter\CodeIgniter->runController(Object(App\Controllers\Bpkb))
 4 SYSTEMPATH\CodeIgniter.php(349): CodeIgniter\CodeIgniter->handleRequest(null, Object(Config\Cache), false)
 5 FCPATH\index.php(55): CodeIgniter\CodeIgniter->run()
 6 SYSTEMPATH\Commands\Server\rewrite.php(43): require_once('FCPATH\\index.php')
CRITICAL - 2022-07-07 15:43:05 --> Call to undefined method CodeIgniter\Database\MySQLi\Result::num_rows()
in APPPATH\Controllers\Bpkb.php on line 18.
 1 SYSTEMPATH\CodeIgniter.php(896): App\Controllers\Bpkb->index()
 2 SYSTEMPATH\CodeIgniter.php(466): CodeIgniter\CodeIgniter->runController(Object(App\Controllers\Bpkb))
 3 SYSTEMPATH\CodeIgniter.php(349): CodeIgniter\CodeIgniter->handleRequest(null, Object(Config\Cache), false)
 4 FCPATH\index.php(55): CodeIgniter\CodeIgniter->run()
 5 SYSTEMPATH\Commands\Server\rewrite.php(43): require_once('FCPATH\\index.php')
CRITICAL - 2022-07-07 15:43:47 --> Call to undefined method CodeIgniter\Database\MySQLi\Result::count_all_results()
in APPPATH\Controllers\Bpkb.php on line 18.
 1 SYSTEMPATH\CodeIgniter.php(896): App\Controllers\Bpkb->index()
 2 SYSTEMPATH\CodeIgniter.php(466): CodeIgniter\CodeIgniter->runController(Object(App\Controllers\Bpkb))
 3 SYSTEMPATH\CodeIgniter.php(349): CodeIgniter\CodeIgniter->handleRequest(null, Object(Config\Cache), false)
 4 FCPATH\index.php(55): CodeIgniter\CodeIgniter->run()
 5 SYSTEMPATH\Commands\Server\rewrite.php(43): require_once('FCPATH\\index.php')
CRITICAL - 2022-07-07 15:50:45 --> Undefined property: CodeIgniter\Database\MySQLi\Result::$result
in APPPATH\Controllers\Bpkb.php on line 18.
 1 APPPATH\Controllers\Bpkb.php(18): CodeIgniter\Debug\Exceptions->errorHandler(8, 'Undefined property: CodeIgniter\\Database\\MySQLi\\Result::$result', 'APPPATH\\Controllers\\Bpkb.php', 18, [...])
 2 SYSTEMPATH\CodeIgniter.php(896): App\Controllers\Bpkb->index()
 3 SYSTEMPATH\CodeIgniter.php(466): CodeIgniter\CodeIgniter->runController(Object(App\Controllers\Bpkb))
 4 SYSTEMPATH\CodeIgniter.php(349): CodeIgniter\CodeIgniter->handleRequest(null, Object(Config\Cache), false)
 5 FCPATH\index.php(55): CodeIgniter\CodeIgniter->run()
 6 SYSTEMPATH\Commands\Server\rewrite.php(43): require_once('FCPATH\\index.php')
CRITICAL - 2022-07-07 15:51:00 --> Call to undefined method CodeIgniter\Database\MySQLi\Result::resultAll()
in APPPATH\Controllers\Bpkb.php on line 18.
 1 SYSTEMPATH\CodeIgniter.php(896): App\Controllers\Bpkb->index()
 2 SYSTEMPATH\CodeIgniter.php(466): CodeIgniter\CodeIgniter->runController(Object(App\Controllers\Bpkb))
 3 SYSTEMPATH\CodeIgniter.php(349): CodeIgniter\CodeIgniter->handleRequest(null, Object(Config\Cache), false)
 4 FCPATH\index.php(55): CodeIgniter\CodeIgniter->run()
 5 SYSTEMPATH\Commands\Server\rewrite.php(43): require_once('FCPATH\\index.php')
CRITICAL - 2022-07-07 15:51:11 --> Call to undefined method CodeIgniter\Database\MySQLi\Result::resultsAll()
in APPPATH\Controllers\Bpkb.php on line 18.
 1 SYSTEMPATH\CodeIgniter.php(896): App\Controllers\Bpkb->index()
 2 SYSTEMPATH\CodeIgniter.php(466): CodeIgniter\CodeIgniter->runController(Object(App\Controllers\Bpkb))
 3 SYSTEMPATH\CodeIgniter.php(349): CodeIgniter\CodeIgniter->handleRequest(null, Object(Config\Cache), false)
 4 FCPATH\index.php(55): CodeIgniter\CodeIgniter->run()
 5 SYSTEMPATH\Commands\Server\rewrite.php(43): require_once('FCPATH\\index.php')
CRITICAL - 2022-07-07 15:56:25 --> Call to undefined method CodeIgniter\Database\MySQLi\Result::num_rows()
in APPPATH\Controllers\Bpkb.php on line 18.
 1 SYSTEMPATH\CodeIgniter.php(896): App\Controllers\Bpkb->index()
 2 SYSTEMPATH\CodeIgniter.php(466): CodeIgniter\CodeIgniter->runController(Object(App\Controllers\Bpkb))
 3 SYSTEMPATH\CodeIgniter.php(349): CodeIgniter\CodeIgniter->handleRequest(null, Object(Config\Cache), false)
 4 FCPATH\index.php(55): CodeIgniter\CodeIgniter->run()
 5 SYSTEMPATH\Commands\Server\rewrite.php(43): require_once('FCPATH\\index.php')
