CRITICAL - 2022-08-13 18:30:38 --> Undefined variable $getImg
in APPPATH\Views\sertifikat\cetak_sf.php on line 37.
 1 APPPATH\Views\sertifikat\cetak_sf.php(37): CodeIgniter\Debug\Exceptions->errorHandler(2, 'Undefined variable $getImg', 'APPPATH\\Views\\sertifikat\\cetak_sf.php', 37)
 2 SYSTEMPATH\View\View.php(213): include('APPPATH\\Views\\sertifikat\\cetak_sf.php')
 3 SYSTEMPATH\View\View.php(216): CodeIgniter\View\View->CodeIgniter\View\{closure}()
 4 SYSTEMPATH\Common.php(1135): CodeIgniter\View\View->render('sertifikat/cetak_sf', [], true)
 5 APPPATH\Controllers\Sertifikat.php(120): view('sertifikat/cetak_sf', [...])
 6 SYSTEMPATH\CodeIgniter.php(896): App\Controllers\Sertifikat->cetak('443')
 7 SYSTEMPATH\CodeIgniter.php(466): CodeIgniter\CodeIgniter->runController(Object(App\Controllers\Sertifikat))
 8 SYSTEMPATH\CodeIgniter.php(349): CodeIgniter\CodeIgniter->handleRequest(null, Object(Config\Cache), false)
 9 FCPATH\index.php(55): CodeIgniter\CodeIgniter->run()
10 SYSTEMPATH\Commands\Server\rewrite.php(43): require_once('FCPATH\\index.php')
CRITICAL - 2022-08-13 18:35:41 --> Undefined variable $sertifikat
in APPPATH\Views\sertifikat\cetak_sf.php on line 40.
 1 APPPATH\Views\sertifikat\cetak_sf.php(40): CodeIgniter\Debug\Exceptions->errorHandler(2, 'Undefined variable $sertifikat', 'APPPATH\\Views\\sertifikat\\cetak_sf.php', 40)
 2 SYSTEMPATH\View\View.php(213): include('APPPATH\\Views\\sertifikat\\cetak_sf.php')
 3 SYSTEMPATH\View\View.php(216): CodeIgniter\View\View->CodeIgniter\View\{closure}()
 4 SYSTEMPATH\Common.php(1135): CodeIgniter\View\View->render('sertifikat/cetak_sf', [], true)
 5 APPPATH\Controllers\Sertifikat.php(120): view('sertifikat/cetak_sf', [...])
 6 SYSTEMPATH\CodeIgniter.php(896): App\Controllers\Sertifikat->cetak('443')
 7 SYSTEMPATH\CodeIgniter.php(466): CodeIgniter\CodeIgniter->runController(Object(App\Controllers\Sertifikat))
 8 SYSTEMPATH\CodeIgniter.php(349): CodeIgniter\CodeIgniter->handleRequest(null, Object(Config\Cache), false)
 9 FCPATH\index.php(55): CodeIgniter\CodeIgniter->run()
10 SYSTEMPATH\Commands\Server\rewrite.php(43): require_once('FCPATH\\index.php')
CRITICAL - 2022-08-13 18:35:42 --> Undefined variable $sertifikat
in APPPATH\Views\sertifikat\cetak_sf.php on line 40.
 1 APPPATH\Views\sertifikat\cetak_sf.php(40): CodeIgniter\Debug\Exceptions->errorHandler(2, 'Undefined variable $sertifikat', 'APPPATH\\Views\\sertifikat\\cetak_sf.php', 40)
 2 SYSTEMPATH\View\View.php(213): include('APPPATH\\Views\\sertifikat\\cetak_sf.php')
 3 SYSTEMPATH\View\View.php(216): CodeIgniter\View\View->CodeIgniter\View\{closure}()
 4 SYSTEMPATH\Common.php(1135): CodeIgniter\View\View->render('sertifikat/cetak_sf', [], true)
 5 APPPATH\Controllers\Sertifikat.php(120): view('sertifikat/cetak_sf', [...])
 6 SYSTEMPATH\CodeIgniter.php(896): App\Controllers\Sertifikat->cetak('443')
 7 SYSTEMPATH\CodeIgniter.php(466): CodeIgniter\CodeIgniter->runController(Object(App\Controllers\Sertifikat))
 8 SYSTEMPATH\CodeIgniter.php(349): CodeIgniter\CodeIgniter->handleRequest(null, Object(Config\Cache), false)
 9 FCPATH\index.php(55): CodeIgniter\CodeIgniter->run()
10 SYSTEMPATH\Commands\Server\rewrite.php(43): require_once('FCPATH\\index.php')
CRITICAL - 2022-08-13 18:36:12 --> Undefined array key "img1"
in APPPATH\Views\sertifikat\cetak_sf.php on line 40.
 1 APPPATH\Views\sertifikat\cetak_sf.php(40): CodeIgniter\Debug\Exceptions->errorHandler(2, 'Undefined array key "img1"', 'APPPATH\\Views\\sertifikat\\cetak_sf.php', 40)
 2 SYSTEMPATH\View\View.php(213): include('APPPATH\\Views\\sertifikat\\cetak_sf.php')
 3 SYSTEMPATH\View\View.php(216): CodeIgniter\View\View->CodeIgniter\View\{closure}()
 4 SYSTEMPATH\Common.php(1135): CodeIgniter\View\View->render('sertifikat/cetak_sf', [], true)
 5 APPPATH\Controllers\Sertifikat.php(120): view('sertifikat/cetak_sf', [...])
 6 SYSTEMPATH\CodeIgniter.php(896): App\Controllers\Sertifikat->cetak('443')
 7 SYSTEMPATH\CodeIgniter.php(466): CodeIgniter\CodeIgniter->runController(Object(App\Controllers\Sertifikat))
 8 SYSTEMPATH\CodeIgniter.php(349): CodeIgniter\CodeIgniter->handleRequest(null, Object(Config\Cache), false)
 9 FCPATH\index.php(55): CodeIgniter\CodeIgniter->run()
10 SYSTEMPATH\Commands\Server\rewrite.php(43): require_once('FCPATH\\index.php')
CRITICAL - 2022-08-13 18:36:13 --> Undefined array key "img1"
in APPPATH\Views\sertifikat\cetak_sf.php on line 40.
 1 APPPATH\Views\sertifikat\cetak_sf.php(40): CodeIgniter\Debug\Exceptions->errorHandler(2, 'Undefined array key "img1"', 'APPPATH\\Views\\sertifikat\\cetak_sf.php', 40)
 2 SYSTEMPATH\View\View.php(213): include('APPPATH\\Views\\sertifikat\\cetak_sf.php')
 3 SYSTEMPATH\View\View.php(216): CodeIgniter\View\View->CodeIgniter\View\{closure}()
 4 SYSTEMPATH\Common.php(1135): CodeIgniter\View\View->render('sertifikat/cetak_sf', [], true)
 5 APPPATH\Controllers\Sertifikat.php(120): view('sertifikat/cetak_sf', [...])
 6 SYSTEMPATH\CodeIgniter.php(896): App\Controllers\Sertifikat->cetak('443')
 7 SYSTEMPATH\CodeIgniter.php(466): CodeIgniter\CodeIgniter->runController(Object(App\Controllers\Sertifikat))
 8 SYSTEMPATH\CodeIgniter.php(349): CodeIgniter\CodeIgniter->handleRequest(null, Object(Config\Cache), false)
 9 FCPATH\index.php(55): CodeIgniter\CodeIgniter->run()
10 SYSTEMPATH\Commands\Server\rewrite.php(43): require_once('FCPATH\\index.php')
CRITICAL - 2022-08-13 18:36:13 --> Undefined array key "img1"
in APPPATH\Views\sertifikat\cetak_sf.php on line 40.
 1 APPPATH\Views\sertifikat\cetak_sf.php(40): CodeIgniter\Debug\Exceptions->errorHandler(2, 'Undefined array key "img1"', 'APPPATH\\Views\\sertifikat\\cetak_sf.php', 40)
 2 SYSTEMPATH\View\View.php(213): include('APPPATH\\Views\\sertifikat\\cetak_sf.php')
 3 SYSTEMPATH\View\View.php(216): CodeIgniter\View\View->CodeIgniter\View\{closure}()
 4 SYSTEMPATH\Common.php(1135): CodeIgniter\View\View->render('sertifikat/cetak_sf', [], true)
 5 APPPATH\Controllers\Sertifikat.php(120): view('sertifikat/cetak_sf', [...])
 6 SYSTEMPATH\CodeIgniter.php(896): App\Controllers\Sertifikat->cetak('443')
 7 SYSTEMPATH\CodeIgniter.php(466): CodeIgniter\CodeIgniter->runController(Object(App\Controllers\Sertifikat))
 8 SYSTEMPATH\CodeIgniter.php(349): CodeIgniter\CodeIgniter->handleRequest(null, Object(Config\Cache), false)
 9 FCPATH\index.php(55): CodeIgniter\CodeIgniter->run()
10 SYSTEMPATH\Commands\Server\rewrite.php(43): require_once('FCPATH\\index.php')
