ERROR - 2022-08-17 11:42:36 --> Unknown column 'nomor_surat' in 'field list'
CRITICAL - 2022-08-17 11:42:36 --> Unknown column 'nomor_surat' in 'field list'
in SYSTEMPATH\Database\MySQLi\Connection.php on line 292.
 1 SYSTEMPATH\Database\MySQLi\Connection.php(292): mysqli->query('SELECT `nama_lengkap`, `nik`, `data_bpkb`.`id_bpkb`, `data_bpkb`.`nomor_registrasi`, `nama_petugas_pinjam`, `nip_petugas_pinjam`, `nama_petugas_kembali`, `nip_petugas_kembali`, `nomor_surat`, `tgl_pinjam`, `tgl_kembali`, `data_peminjam`.`status`, `ket_lokasi`, `lokasi_kendaraan`, `status_kendaraan`
FROM `data_peminjam`
JOIN `data_bpkb` ON `data_bpkb`.`id_bpkb` = `data_peminjam`.`id_bpkb`
WHERE `id_peminjam` = \'40\'', 0)
 2 SYSTEMPATH\Database\BaseConnection.php(695): CodeIgniter\Database\MySQLi\Connection->execute('SELECT `nama_lengkap`, `nik`, `data_bpkb`.`id_bpkb`, `data_bpkb`.`nomor_registrasi`, `nama_petugas_pinjam`, `nip_petugas_pinjam`, `nama_petugas_kembali`, `nip_petugas_kembali`, `nomor_surat`, `tgl_pinjam`, `tgl_kembali`, `data_peminjam`.`status`, `ket_lokasi`, `lokasi_kendaraan`, `status_kendaraan`
FROM `data_peminjam`
JOIN `data_bpkb` ON `data_bpkb`.`id_bpkb` = `data_peminjam`.`id_bpkb`
WHERE `id_peminjam` = \'40\'')
 3 SYSTEMPATH\Database\BaseConnection.php(609): CodeIgniter\Database\BaseConnection->simpleQuery('SELECT `nama_lengkap`, `nik`, `data_bpkb`.`id_bpkb`, `data_bpkb`.`nomor_registrasi`, `nama_petugas_pinjam`, `nip_petugas_pinjam`, `nama_petugas_kembali`, `nip_petugas_kembali`, `nomor_surat`, `tgl_pinjam`, `tgl_kembali`, `data_peminjam`.`status`, `ket_lokasi`, `lokasi_kendaraan`, `status_kendaraan`
FROM `data_peminjam`
JOIN `data_bpkb` ON `data_bpkb`.`id_bpkb` = `data_peminjam`.`id_bpkb`
WHERE `id_peminjam` = \'40\'')
 4 SYSTEMPATH\Database\BaseBuilder.php(1585): CodeIgniter\Database\BaseConnection->query('SELECT `nama_lengkap`, `nik`, `data_bpkb`.`id_bpkb`, `data_bpkb`.`nomor_registrasi`, `nama_petugas_pinjam`, `nip_petugas_pinjam`, `nama_petugas_kembali`, `nip_petugas_kembali`, `nomor_surat`, `tgl_pinjam`, `tgl_kembali`, `data_peminjam`.`status`, `ket_lokasi`, `lokasi_kendaraan`, `status_kendaraan`
FROM `data_peminjam`
JOIN `data_bpkb` ON `data_bpkb`.`id_bpkb` = `data_peminjam`.`id_bpkb`
WHERE `id_peminjam` = :id_peminjam:', [...], false)
 5 APPPATH\Models\PeminjamModel.php(60): CodeIgniter\Database\BaseBuilder->get()
 6 APPPATH\Controllers\Peminjam.php(279): App\Models\PeminjamModel->getDetail('40')
 7 SYSTEMPATH\CodeIgniter.php(896): App\Controllers\Peminjam->cetak('40')
 8 SYSTEMPATH\CodeIgniter.php(466): CodeIgniter\CodeIgniter->runController(Object(App\Controllers\Peminjam))
 9 SYSTEMPATH\CodeIgniter.php(349): CodeIgniter\CodeIgniter->handleRequest(null, Object(Config\Cache), false)
10 FCPATH\index.php(55): CodeIgniter\CodeIgniter->run()
11 SYSTEMPATH\Commands\Server\rewrite.php(43): require_once('FCPATH\\index.php')
ERROR - 2022-08-17 11:42:48 --> Unknown column 'nomor_surat' in 'field list'
CRITICAL - 2022-08-17 11:42:48 --> Unknown column 'nomor_surat' in 'field list'
in SYSTEMPATH\Database\MySQLi\Connection.php on line 292.
 1 SYSTEMPATH\Database\MySQLi\Connection.php(292): mysqli->query('SELECT `nama_lengkap`, `nik`, `data_bpkb`.`id_bpkb`, `data_bpkb`.`nomor_registrasi`, `nama_petugas_pinjam`, `nip_petugas_pinjam`, `nama_petugas_kembali`, `nip_petugas_kembali`, `nomor_surat`, `tgl_pinjam`, `tgl_kembali`, `data_peminjam`.`status`, `ket_lokasi`, `lokasi_kendaraan`, `status_kendaraan`
FROM `data_peminjam`
JOIN `data_bpkb` ON `data_bpkb`.`id_bpkb` = `data_peminjam`.`id_bpkb`
WHERE `id_peminjam` = \'40\'', 0)
 2 SYSTEMPATH\Database\BaseConnection.php(695): CodeIgniter\Database\MySQLi\Connection->execute('SELECT `nama_lengkap`, `nik`, `data_bpkb`.`id_bpkb`, `data_bpkb`.`nomor_registrasi`, `nama_petugas_pinjam`, `nip_petugas_pinjam`, `nama_petugas_kembali`, `nip_petugas_kembali`, `nomor_surat`, `tgl_pinjam`, `tgl_kembali`, `data_peminjam`.`status`, `ket_lokasi`, `lokasi_kendaraan`, `status_kendaraan`
FROM `data_peminjam`
JOIN `data_bpkb` ON `data_bpkb`.`id_bpkb` = `data_peminjam`.`id_bpkb`
WHERE `id_peminjam` = \'40\'')
 3 SYSTEMPATH\Database\BaseConnection.php(609): CodeIgniter\Database\BaseConnection->simpleQuery('SELECT `nama_lengkap`, `nik`, `data_bpkb`.`id_bpkb`, `data_bpkb`.`nomor_registrasi`, `nama_petugas_pinjam`, `nip_petugas_pinjam`, `nama_petugas_kembali`, `nip_petugas_kembali`, `nomor_surat`, `tgl_pinjam`, `tgl_kembali`, `data_peminjam`.`status`, `ket_lokasi`, `lokasi_kendaraan`, `status_kendaraan`
FROM `data_peminjam`
JOIN `data_bpkb` ON `data_bpkb`.`id_bpkb` = `data_peminjam`.`id_bpkb`
WHERE `id_peminjam` = \'40\'')
 4 SYSTEMPATH\Database\BaseBuilder.php(1585): CodeIgniter\Database\BaseConnection->query('SELECT `nama_lengkap`, `nik`, `data_bpkb`.`id_bpkb`, `data_bpkb`.`nomor_registrasi`, `nama_petugas_pinjam`, `nip_petugas_pinjam`, `nama_petugas_kembali`, `nip_petugas_kembali`, `nomor_surat`, `tgl_pinjam`, `tgl_kembali`, `data_peminjam`.`status`, `ket_lokasi`, `lokasi_kendaraan`, `status_kendaraan`
FROM `data_peminjam`
JOIN `data_bpkb` ON `data_bpkb`.`id_bpkb` = `data_peminjam`.`id_bpkb`
WHERE `id_peminjam` = :id_peminjam:', [...], false)
 5 APPPATH\Models\PeminjamModel.php(60): CodeIgniter\Database\BaseBuilder->get()
 6 APPPATH\Controllers\Peminjam.php(279): App\Models\PeminjamModel->getDetail('40')
 7 SYSTEMPATH\CodeIgniter.php(896): App\Controllers\Peminjam->cetak('40')
 8 SYSTEMPATH\CodeIgniter.php(466): CodeIgniter\CodeIgniter->runController(Object(App\Controllers\Peminjam))
 9 SYSTEMPATH\CodeIgniter.php(349): CodeIgniter\CodeIgniter->handleRequest(null, Object(Config\Cache), false)
10 FCPATH\index.php(55): CodeIgniter\CodeIgniter->run()
11 SYSTEMPATH\Commands\Server\rewrite.php(43): require_once('FCPATH\\index.php')
