CRITICAL - 2022-07-06 03:58:08 --> Allowed fields must be specified for model: App\Models\BpkbModel
in SYSTEMPATH\BaseModel.php on line 1138.
 1 SYSTEMPATH\BaseModel.php(1138): CodeIgniter\Database\Exceptions\DataException::forInvalidAllowedFields('App\\Models\\BpkbModel')
 2 SYSTEMPATH\BaseModel.php(713): CodeIgniter\BaseModel->doProtectFields([...])
 3 SYSTEMPATH\Model.php(666): CodeIgniter\BaseModel->insert([...], false)
 4 SYSTEMPATH\BaseModel.php(658): CodeIgniter\Model->insert([...], false)
 5 APPPATH\Controllers\Bpkb.php(59): CodeIgniter\BaseModel->save([...])
 6 SYSTEMPATH\CodeIgniter.php(896): App\Controllers\Bpkb->save()
 7 SYSTEMPATH\CodeIgniter.php(466): CodeIgniter\CodeIgniter->runController(Object(App\Controllers\Bpkb))
 8 SYSTEMPATH\CodeIgniter.php(349): CodeIgniter\CodeIgniter->handleRequest(null, Object(Config\Cache), false)
 9 FCPATH\index.php(55): CodeIgniter\CodeIgniter->run()
10 SYSTEMPATH\Commands\Server\rewrite.php(43): require_once('FCPATH\\index.php')
ERROR - 2022-07-06 04:02:27 --> Column 'model' cannot be null
CRITICAL - 2022-07-06 04:02:27 --> Column 'model' cannot be null
in SYSTEMPATH\Database\MySQLi\Connection.php on line 292.
 1 SYSTEMPATH\Database\MySQLi\Connection.php(292): mysqli->query('INSERT INTO `data_bpkb` (`nomor_registrasi`, `nama_pemilik`, `alamat`, `merk`, `tipe`, `model`, `tahun_pembuatan`, `isi_silinder`, `nomor_rangka`, `nomor_mesin`, `warna`, `bahan_bakar`, `warna_tnkb`, `tahun_registrasi`, `kode_lokasi`, `status`, `created_at`, `updated_at`) VALUES (\'321321\', \'123123\', \'123123\', \'123123\', \'123123\', NULL, \'123123\', \'123123\', \'123123\', \'123123\', \'123132\', \'2\', \'1\', \'123123\', \'123123\', NULL, \'2022-07-06 04:02:27\', \'2022-07-06 04:02:27\')', 0)
 2 SYSTEMPATH\Database\BaseConnection.php(695): CodeIgniter\Database\MySQLi\Connection->execute('INSERT INTO `data_bpkb` (`nomor_registrasi`, `nama_pemilik`, `alamat`, `merk`, `tipe`, `model`, `tahun_pembuatan`, `isi_silinder`, `nomor_rangka`, `nomor_mesin`, `warna`, `bahan_bakar`, `warna_tnkb`, `tahun_registrasi`, `kode_lokasi`, `status`, `created_at`, `updated_at`) VALUES (\'321321\', \'123123\', \'123123\', \'123123\', \'123123\', NULL, \'123123\', \'123123\', \'123123\', \'123123\', \'123132\', \'2\', \'1\', \'123123\', \'123123\', NULL, \'2022-07-06 04:02:27\', \'2022-07-06 04:02:27\')')
 3 SYSTEMPATH\Database\BaseConnection.php(609): CodeIgniter\Database\BaseConnection->simpleQuery('INSERT INTO `data_bpkb` (`nomor_registrasi`, `nama_pemilik`, `alamat`, `merk`, `tipe`, `model`, `tahun_pembuatan`, `isi_silinder`, `nomor_rangka`, `nomor_mesin`, `warna`, `bahan_bakar`, `warna_tnkb`, `tahun_registrasi`, `kode_lokasi`, `status`, `created_at`, `updated_at`) VALUES (\'321321\', \'123123\', \'123123\', \'123123\', \'123123\', NULL, \'123123\', \'123123\', \'123123\', \'123123\', \'123132\', \'2\', \'1\', \'123123\', \'123123\', NULL, \'2022-07-06 04:02:27\', \'2022-07-06 04:02:27\')')
 4 SYSTEMPATH\Database\BaseBuilder.php(1904): CodeIgniter\Database\BaseConnection->query('INSERT INTO `data_bpkb` (`nomor_registrasi`, `nama_pemilik`, `alamat`, `merk`, `tipe`, `model`, `tahun_pembuatan`, `isi_silinder`, `nomor_rangka`, `nomor_mesin`, `warna`, `bahan_bakar`, `warna_tnkb`, `tahun_registrasi`, `kode_lokasi`, `status`, `created_at`, `updated_at`) VALUES (:nomor_registrasi:, :nama_pemilik:, :alamat:, :merk:, :tipe:, :model:, :tahun_pembuatan:, :isi_silinder:, :nomor_rangka:, :nomor_mesin:, :warna:, :bahan_bakar:, :warna_tnkb:, :tahun_registrasi:, :kode_lokasi:, :status:, :created_at:, :updated_at:)', [...], false)
 5 SYSTEMPATH\Model.php(278): CodeIgniter\Database\BaseBuilder->insert()
 6 SYSTEMPATH\BaseModel.php(738): CodeIgniter\Model->doInsert([...])
 7 SYSTEMPATH\Model.php(666): CodeIgniter\BaseModel->insert([...], false)
 8 SYSTEMPATH\BaseModel.php(658): CodeIgniter\Model->insert([...], false)
 9 APPPATH\Controllers\Bpkb.php(59): CodeIgniter\BaseModel->save([...])
10 SYSTEMPATH\CodeIgniter.php(896): App\Controllers\Bpkb->save()
11 SYSTEMPATH\CodeIgniter.php(466): CodeIgniter\CodeIgniter->runController(Object(App\Controllers\Bpkb))
12 SYSTEMPATH\CodeIgniter.php(349): CodeIgniter\CodeIgniter->handleRequest(null, Object(Config\Cache), false)
13 FCPATH\index.php(55): CodeIgniter\CodeIgniter->run()
14 SYSTEMPATH\Commands\Server\rewrite.php(43): require_once('FCPATH\\index.php')
ERROR - 2022-07-06 04:02:50 --> Column 'model' cannot be null
CRITICAL - 2022-07-06 04:02:50 --> Column 'model' cannot be null
in SYSTEMPATH\Database\MySQLi\Connection.php on line 292.
 1 SYSTEMPATH\Database\MySQLi\Connection.php(292): mysqli->query('INSERT INTO `data_bpkb` (`nomor_registrasi`, `nama_pemilik`, `alamat`, `merk`, `tipe`, `model`, `tahun_pembuatan`, `isi_silinder`, `nomor_rangka`, `nomor_mesin`, `warna`, `bahan_bakar`, `warna_tnkb`, `tahun_registrasi`, `kode_lokasi`, `status`, `created_at`, `updated_at`) VALUES (\'321321\', \'123123\', \'123123\', \'123123\', \'123123\', NULL, \'123123\', \'123123\', \'123123\', \'123123\', \'123132\', \'2\', \'1\', \'123123\', \'123123\', NULL, \'2022-07-06 04:02:50\', \'2022-07-06 04:02:50\')', 0)
 2 SYSTEMPATH\Database\BaseConnection.php(695): CodeIgniter\Database\MySQLi\Connection->execute('INSERT INTO `data_bpkb` (`nomor_registrasi`, `nama_pemilik`, `alamat`, `merk`, `tipe`, `model`, `tahun_pembuatan`, `isi_silinder`, `nomor_rangka`, `nomor_mesin`, `warna`, `bahan_bakar`, `warna_tnkb`, `tahun_registrasi`, `kode_lokasi`, `status`, `created_at`, `updated_at`) VALUES (\'321321\', \'123123\', \'123123\', \'123123\', \'123123\', NULL, \'123123\', \'123123\', \'123123\', \'123123\', \'123132\', \'2\', \'1\', \'123123\', \'123123\', NULL, \'2022-07-06 04:02:50\', \'2022-07-06 04:02:50\')')
 3 SYSTEMPATH\Database\BaseConnection.php(609): CodeIgniter\Database\BaseConnection->simpleQuery('INSERT INTO `data_bpkb` (`nomor_registrasi`, `nama_pemilik`, `alamat`, `merk`, `tipe`, `model`, `tahun_pembuatan`, `isi_silinder`, `nomor_rangka`, `nomor_mesin`, `warna`, `bahan_bakar`, `warna_tnkb`, `tahun_registrasi`, `kode_lokasi`, `status`, `created_at`, `updated_at`) VALUES (\'321321\', \'123123\', \'123123\', \'123123\', \'123123\', NULL, \'123123\', \'123123\', \'123123\', \'123123\', \'123132\', \'2\', \'1\', \'123123\', \'123123\', NULL, \'2022-07-06 04:02:50\', \'2022-07-06 04:02:50\')')
 4 SYSTEMPATH\Database\BaseBuilder.php(1904): CodeIgniter\Database\BaseConnection->query('INSERT INTO `data_bpkb` (`nomor_registrasi`, `nama_pemilik`, `alamat`, `merk`, `tipe`, `model`, `tahun_pembuatan`, `isi_silinder`, `nomor_rangka`, `nomor_mesin`, `warna`, `bahan_bakar`, `warna_tnkb`, `tahun_registrasi`, `kode_lokasi`, `status`, `created_at`, `updated_at`) VALUES (:nomor_registrasi:, :nama_pemilik:, :alamat:, :merk:, :tipe:, :model:, :tahun_pembuatan:, :isi_silinder:, :nomor_rangka:, :nomor_mesin:, :warna:, :bahan_bakar:, :warna_tnkb:, :tahun_registrasi:, :kode_lokasi:, :status:, :created_at:, :updated_at:)', [...], false)
 5 SYSTEMPATH\Model.php(278): CodeIgniter\Database\BaseBuilder->insert()
 6 SYSTEMPATH\BaseModel.php(738): CodeIgniter\Model->doInsert([...])
 7 SYSTEMPATH\Model.php(666): CodeIgniter\BaseModel->insert([...], false)
 8 SYSTEMPATH\BaseModel.php(658): CodeIgniter\Model->insert([...], false)
 9 APPPATH\Controllers\Bpkb.php(59): CodeIgniter\BaseModel->save([...])
10 SYSTEMPATH\CodeIgniter.php(896): App\Controllers\Bpkb->save()
11 SYSTEMPATH\CodeIgniter.php(466): CodeIgniter\CodeIgniter->runController(Object(App\Controllers\Bpkb))
12 SYSTEMPATH\CodeIgniter.php(349): CodeIgniter\CodeIgniter->handleRequest(null, Object(Config\Cache), false)
13 FCPATH\index.php(55): CodeIgniter\CodeIgniter->run()
14 SYSTEMPATH\Commands\Server\rewrite.php(43): require_once('FCPATH\\index.php')
ERROR - 2022-07-06 04:03:40 --> Column 'model' cannot be null
CRITICAL - 2022-07-06 04:03:40 --> Column 'model' cannot be null
in SYSTEMPATH\Database\MySQLi\Connection.php on line 292.
 1 SYSTEMPATH\Database\MySQLi\Connection.php(292): mysqli->query('INSERT INTO `data_bpkb` (`nomor_registrasi`, `nama_pemilik`, `alamat`, `merk`, `tipe`, `model`, `tahun_pembuatan`, `isi_silinder`, `nomor_rangka`, `nomor_mesin`, `warna`, `bahan_bakar`, `warna_tnkb`, `tahun_registrasi`, `kode_lokasi`, `created_at`, `updated_at`) VALUES (\'\', \'\', \'\', \'\', \'\', NULL, \'\', \'\', \'\', \'\', \'\', \'Pilih\', \'Pilih\', \'\', \'\', \'2022-07-06 04:03:40\', \'2022-07-06 04:03:40\')', 0)
 2 SYSTEMPATH\Database\BaseConnection.php(695): CodeIgniter\Database\MySQLi\Connection->execute('INSERT INTO `data_bpkb` (`nomor_registrasi`, `nama_pemilik`, `alamat`, `merk`, `tipe`, `model`, `tahun_pembuatan`, `isi_silinder`, `nomor_rangka`, `nomor_mesin`, `warna`, `bahan_bakar`, `warna_tnkb`, `tahun_registrasi`, `kode_lokasi`, `created_at`, `updated_at`) VALUES (\'\', \'\', \'\', \'\', \'\', NULL, \'\', \'\', \'\', \'\', \'\', \'Pilih\', \'Pilih\', \'\', \'\', \'2022-07-06 04:03:40\', \'2022-07-06 04:03:40\')')
 3 SYSTEMPATH\Database\BaseConnection.php(609): CodeIgniter\Database\BaseConnection->simpleQuery('INSERT INTO `data_bpkb` (`nomor_registrasi`, `nama_pemilik`, `alamat`, `merk`, `tipe`, `model`, `tahun_pembuatan`, `isi_silinder`, `nomor_rangka`, `nomor_mesin`, `warna`, `bahan_bakar`, `warna_tnkb`, `tahun_registrasi`, `kode_lokasi`, `created_at`, `updated_at`) VALUES (\'\', \'\', \'\', \'\', \'\', NULL, \'\', \'\', \'\', \'\', \'\', \'Pilih\', \'Pilih\', \'\', \'\', \'2022-07-06 04:03:40\', \'2022-07-06 04:03:40\')')
 4 SYSTEMPATH\Database\BaseBuilder.php(1904): CodeIgniter\Database\BaseConnection->query('INSERT INTO `data_bpkb` (`nomor_registrasi`, `nama_pemilik`, `alamat`, `merk`, `tipe`, `model`, `tahun_pembuatan`, `isi_silinder`, `nomor_rangka`, `nomor_mesin`, `warna`, `bahan_bakar`, `warna_tnkb`, `tahun_registrasi`, `kode_lokasi`, `created_at`, `updated_at`) VALUES (:nomor_registrasi:, :nama_pemilik:, :alamat:, :merk:, :tipe:, :model:, :tahun_pembuatan:, :isi_silinder:, :nomor_rangka:, :nomor_mesin:, :warna:, :bahan_bakar:, :warna_tnkb:, :tahun_registrasi:, :kode_lokasi:, :created_at:, :updated_at:)', [...], false)
 5 SYSTEMPATH\Model.php(278): CodeIgniter\Database\BaseBuilder->insert()
 6 SYSTEMPATH\BaseModel.php(738): CodeIgniter\Model->doInsert([...])
 7 SYSTEMPATH\Model.php(666): CodeIgniter\BaseModel->insert([...], false)
 8 SYSTEMPATH\BaseModel.php(658): CodeIgniter\Model->insert([...], false)
 9 APPPATH\Controllers\Bpkb.php(58): CodeIgniter\BaseModel->save([...])
10 SYSTEMPATH\CodeIgniter.php(896): App\Controllers\Bpkb->save()
11 SYSTEMPATH\CodeIgniter.php(466): CodeIgniter\CodeIgniter->runController(Object(App\Controllers\Bpkb))
12 SYSTEMPATH\CodeIgniter.php(349): CodeIgniter\CodeIgniter->handleRequest(null, Object(Config\Cache), false)
13 FCPATH\index.php(55): CodeIgniter\CodeIgniter->run()
14 SYSTEMPATH\Commands\Server\rewrite.php(43): require_once('FCPATH\\index.php')
CRITICAL - 2022-07-06 08:46:09 --> Undefined variable $data
in APPPATH\Controllers\Bpkb.php on line 61.
 1 APPPATH\Controllers\Bpkb.php(61): CodeIgniter\Debug\Exceptions->errorHandler(2, 'Undefined variable $data', 'APPPATH\\Controllers\\Bpkb.php', 61)
 2 SYSTEMPATH\CodeIgniter.php(896): App\Controllers\Bpkb->save()
 3 SYSTEMPATH\CodeIgniter.php(466): CodeIgniter\CodeIgniter->runController(Object(App\Controllers\Bpkb))
 4 SYSTEMPATH\CodeIgniter.php(349): CodeIgniter\CodeIgniter->handleRequest(null, Object(Config\Cache), false)
 5 FCPATH\index.php(55): CodeIgniter\CodeIgniter->run()
 6 SYSTEMPATH\Commands\Server\rewrite.php(43): require_once('FCPATH\\index.php')
CRITICAL - 2022-07-06 08:46:26 --> Invalid file: master_bpkb.php
in SYSTEMPATH\Exceptions\FrameworkException.php on line 33.
 1 SYSTEMPATH\View\View.php(201): CodeIgniter\Exceptions\FrameworkException::forInvalidFile('master_bpkb.php')
 2 SYSTEMPATH\Common.php(1135): CodeIgniter\View\View->render('master_bpkb', [], true)
 3 APPPATH\Controllers\Bpkb.php(61): view('master_bpkb')
 4 SYSTEMPATH\CodeIgniter.php(896): App\Controllers\Bpkb->save()
 5 SYSTEMPATH\CodeIgniter.php(466): CodeIgniter\CodeIgniter->runController(Object(App\Controllers\Bpkb))
 6 SYSTEMPATH\CodeIgniter.php(349): CodeIgniter\CodeIgniter->handleRequest(null, Object(Config\Cache), false)
 7 FCPATH\index.php(55): CodeIgniter\CodeIgniter->run()
 8 SYSTEMPATH\Commands\Server\rewrite.php(43): require_once('FCPATH\\index.php')
CRITICAL - 2022-07-06 08:47:26 --> Undefined variable $bpkb
in APPPATH\Views\master_bpkb\index.php on line 72.
 1 APPPATH\Views\master_bpkb\index.php(72): CodeIgniter\Debug\Exceptions->errorHandler(2, 'Undefined variable $bpkb', 'APPPATH\\Views\\master_bpkb\\index.php', 72)
 2 SYSTEMPATH\View\View.php(213): include('APPPATH\\Views\\master_bpkb\\index.php')
 3 SYSTEMPATH\View\View.php(216): CodeIgniter\View\View->CodeIgniter\View\{closure}()
 4 SYSTEMPATH\Common.php(1135): CodeIgniter\View\View->render('master_bpkb/index', [], true)
 5 APPPATH\Controllers\Bpkb.php(61): view('master_bpkb/index')
 6 SYSTEMPATH\CodeIgniter.php(896): App\Controllers\Bpkb->save()
 7 SYSTEMPATH\CodeIgniter.php(466): CodeIgniter\CodeIgniter->runController(Object(App\Controllers\Bpkb))
 8 SYSTEMPATH\CodeIgniter.php(349): CodeIgniter\CodeIgniter->handleRequest(null, Object(Config\Cache), false)
 9 FCPATH\index.php(55): CodeIgniter\CodeIgniter->run()
10 SYSTEMPATH\Commands\Server\rewrite.php(43): require_once('FCPATH\\index.php')
CRITICAL - 2022-07-06 08:48:43 --> Undefined variable $data
in APPPATH\Controllers\Bpkb.php on line 61.
 1 APPPATH\Controllers\Bpkb.php(61): CodeIgniter\Debug\Exceptions->errorHandler(2, 'Undefined variable $data', 'APPPATH\\Controllers\\Bpkb.php', 61)
 2 SYSTEMPATH\CodeIgniter.php(896): App\Controllers\Bpkb->save()
 3 SYSTEMPATH\CodeIgniter.php(466): CodeIgniter\CodeIgniter->runController(Object(App\Controllers\Bpkb))
 4 SYSTEMPATH\CodeIgniter.php(349): CodeIgniter\CodeIgniter->handleRequest(null, Object(Config\Cache), false)
 5 FCPATH\index.php(55): CodeIgniter\CodeIgniter->run()
 6 SYSTEMPATH\Commands\Server\rewrite.php(43): require_once('FCPATH\\index.php')
CRITICAL - 2022-07-06 10:43:35 --> syntax error, unexpected token "(", expecting identifier or variable or "{" or "$"
in APPPATH\Controllers\Bpkb.php on line 67.
 1 SYSTEMPATH\Autoloader\Autoloader.php(261): CodeIgniter\Autoloader\Autoloader->includeFile('APPPATH\\Controllers\\Bpkb.php')
 2 SYSTEMPATH\Autoloader\Autoloader.php(239): CodeIgniter\Autoloader\Autoloader->loadInNamespace('App\\Controllers\\Bpkb')
 3 [internal function]: CodeIgniter\Autoloader\Autoloader->loadClass('App\\Controllers\\Bpkb')
 4 SYSTEMPATH\CodeIgniter.php(846): class_exists('\\App\\Controllers\\Bpkb', true)
 5 SYSTEMPATH\CodeIgniter.php(453): CodeIgniter\CodeIgniter->startController()
 6 SYSTEMPATH\CodeIgniter.php(349): CodeIgniter\CodeIgniter->handleRequest(null, Object(Config\Cache), false)
 7 FCPATH\index.php(55): CodeIgniter\CodeIgniter->run()
 8 SYSTEMPATH\Commands\Server\rewrite.php(43): require_once('FCPATH\\index.php')
CRITICAL - 2022-07-06 10:44:07 --> Undefined array key "id"
in APPPATH\Views\master_bpkb\index.php on line 84.
 1 APPPATH\Views\master_bpkb\index.php(84): CodeIgniter\Debug\Exceptions->errorHandler(2, 'Undefined array key "id"', 'APPPATH\\Views\\master_bpkb\\index.php', 84)
 2 SYSTEMPATH\View\View.php(213): include('APPPATH\\Views\\master_bpkb\\index.php')
 3 SYSTEMPATH\View\View.php(216): CodeIgniter\View\View->CodeIgniter\View\{closure}()
 4 SYSTEMPATH\Common.php(1135): CodeIgniter\View\View->render('master_bpkb/index', [], true)
 5 APPPATH\Controllers\Bpkb.php(27): view('master_bpkb/index', [...])
 6 SYSTEMPATH\CodeIgniter.php(896): App\Controllers\Bpkb->index()
 7 SYSTEMPATH\CodeIgniter.php(466): CodeIgniter\CodeIgniter->runController(Object(App\Controllers\Bpkb))
 8 SYSTEMPATH\CodeIgniter.php(349): CodeIgniter\CodeIgniter->handleRequest(null, Object(Config\Cache), false)
 9 FCPATH\index.php(55): CodeIgniter\CodeIgniter->run()
10 SYSTEMPATH\Commands\Server\rewrite.php(43): require_once('FCPATH\\index.php')
CRITICAL - 2022-07-06 10:47:34 --> Undefined variable $data_bpkb
in APPPATH\Views\master_bpkb\index.php on line 84.
 1 APPPATH\Views\master_bpkb\index.php(84): CodeIgniter\Debug\Exceptions->errorHandler(2, 'Undefined variable $data_bpkb', 'APPPATH\\Views\\master_bpkb\\index.php', 84)
 2 SYSTEMPATH\View\View.php(213): include('APPPATH\\Views\\master_bpkb\\index.php')
 3 SYSTEMPATH\View\View.php(216): CodeIgniter\View\View->CodeIgniter\View\{closure}()
 4 SYSTEMPATH\Common.php(1135): CodeIgniter\View\View->render('master_bpkb/index', [], true)
 5 APPPATH\Controllers\Bpkb.php(27): view('master_bpkb/index', [...])
 6 SYSTEMPATH\CodeIgniter.php(896): App\Controllers\Bpkb->index()
 7 SYSTEMPATH\CodeIgniter.php(466): CodeIgniter\CodeIgniter->runController(Object(App\Controllers\Bpkb))
 8 SYSTEMPATH\CodeIgniter.php(349): CodeIgniter\CodeIgniter->handleRequest(null, Object(Config\Cache), false)
 9 FCPATH\index.php(55): CodeIgniter\CodeIgniter->run()
10 SYSTEMPATH\Commands\Server\rewrite.php(43): require_once('FCPATH\\index.php')
CRITICAL - 2022-07-06 10:47:35 --> Undefined variable $data_bpkb
in APPPATH\Views\master_bpkb\index.php on line 84.
 1 APPPATH\Views\master_bpkb\index.php(84): CodeIgniter\Debug\Exceptions->errorHandler(2, 'Undefined variable $data_bpkb', 'APPPATH\\Views\\master_bpkb\\index.php', 84)
 2 SYSTEMPATH\View\View.php(213): include('APPPATH\\Views\\master_bpkb\\index.php')
 3 SYSTEMPATH\View\View.php(216): CodeIgniter\View\View->CodeIgniter\View\{closure}()
 4 SYSTEMPATH\Common.php(1135): CodeIgniter\View\View->render('master_bpkb/index', [], true)
 5 APPPATH\Controllers\Bpkb.php(27): view('master_bpkb/index', [...])
 6 SYSTEMPATH\CodeIgniter.php(896): App\Controllers\Bpkb->index()
 7 SYSTEMPATH\CodeIgniter.php(466): CodeIgniter\CodeIgniter->runController(Object(App\Controllers\Bpkb))
 8 SYSTEMPATH\CodeIgniter.php(349): CodeIgniter\CodeIgniter->handleRequest(null, Object(Config\Cache), false)
 9 FCPATH\index.php(55): CodeIgniter\CodeIgniter->run()
10 SYSTEMPATH\Commands\Server\rewrite.php(43): require_once('FCPATH\\index.php')
CRITICAL - 2022-07-06 10:47:36 --> Undefined variable $data_bpkb
in APPPATH\Views\master_bpkb\index.php on line 84.
 1 APPPATH\Views\master_bpkb\index.php(84): CodeIgniter\Debug\Exceptions->errorHandler(2, 'Undefined variable $data_bpkb', 'APPPATH\\Views\\master_bpkb\\index.php', 84)
 2 SYSTEMPATH\View\View.php(213): include('APPPATH\\Views\\master_bpkb\\index.php')
 3 SYSTEMPATH\View\View.php(216): CodeIgniter\View\View->CodeIgniter\View\{closure}()
 4 SYSTEMPATH\Common.php(1135): CodeIgniter\View\View->render('master_bpkb/index', [], true)
 5 APPPATH\Controllers\Bpkb.php(27): view('master_bpkb/index', [...])
 6 SYSTEMPATH\CodeIgniter.php(896): App\Controllers\Bpkb->index()
 7 SYSTEMPATH\CodeIgniter.php(466): CodeIgniter\CodeIgniter->runController(Object(App\Controllers\Bpkb))
 8 SYSTEMPATH\CodeIgniter.php(349): CodeIgniter\CodeIgniter->handleRequest(null, Object(Config\Cache), false)
 9 FCPATH\index.php(55): CodeIgniter\CodeIgniter->run()
10 SYSTEMPATH\Commands\Server\rewrite.php(43): require_once('FCPATH\\index.php')
CRITICAL - 2022-07-06 10:49:22 --> Undefined variable $Bpkb
in APPPATH\Views\master_bpkb\index.php on line 84.
 1 APPPATH\Views\master_bpkb\index.php(84): CodeIgniter\Debug\Exceptions->errorHandler(2, 'Undefined variable $Bpkb', 'APPPATH\\Views\\master_bpkb\\index.php', 84)
 2 SYSTEMPATH\View\View.php(213): include('APPPATH\\Views\\master_bpkb\\index.php')
 3 SYSTEMPATH\View\View.php(216): CodeIgniter\View\View->CodeIgniter\View\{closure}()
 4 SYSTEMPATH\Common.php(1135): CodeIgniter\View\View->render('master_bpkb/index', [], true)
 5 APPPATH\Controllers\Bpkb.php(27): view('master_bpkb/index', [...])
 6 SYSTEMPATH\CodeIgniter.php(896): App\Controllers\Bpkb->index()
 7 SYSTEMPATH\CodeIgniter.php(466): CodeIgniter\CodeIgniter->runController(Object(App\Controllers\Bpkb))
 8 SYSTEMPATH\CodeIgniter.php(349): CodeIgniter\CodeIgniter->handleRequest(null, Object(Config\Cache), false)
 9 FCPATH\index.php(55): CodeIgniter\CodeIgniter->run()
10 SYSTEMPATH\Commands\Server\rewrite.php(43): require_once('FCPATH\\index.php')
