CRITICAL - 2022-08-04 01:47:35 --> Invalid file: peminjamsertifikat/index.php
in SYSTEMPATH\Exceptions\FrameworkException.php on line 33.
 1 SYSTEMPATH\View\View.php(201): CodeIgniter\Exceptions\FrameworkException::forInvalidFile('peminjamsertifikat/index.php')
 2 SYSTEMPATH\Common.php(1135): CodeIgniter\View\View->render('peminjamsertifikat/index', [], true)
 3 APPPATH\Controllers\PeminjamSertifikat.php(14): view('peminjamsertifikat/index', [...])
 4 SYSTEMPATH\CodeIgniter.php(896): App\Controllers\PeminjamSertifikat->index()
 5 SYSTEMPATH\CodeIgniter.php(466): CodeIgniter\CodeIgniter->runController(Object(App\Controllers\PeminjamSertifikat))
 6 SYSTEMPATH\CodeIgniter.php(349): CodeIgniter\CodeIgniter->handleRequest(null, Object(Config\Cache), false)
 7 FCPATH\index.php(55): CodeIgniter\CodeIgniter->run()
 8 SYSTEMPATH\Commands\Server\rewrite.php(43): require_once('FCPATH\\index.php')
CRITICAL - 2022-08-04 01:49:23 --> Invalid file: peminjamsertifikat/index.php
in SYSTEMPATH\Exceptions\FrameworkException.php on line 33.
 1 SYSTEMPATH\View\View.php(201): CodeIgniter\Exceptions\FrameworkException::forInvalidFile('peminjamsertifikat/index.php')
 2 SYSTEMPATH\Common.php(1135): CodeIgniter\View\View->render('peminjamsertifikat/index', [], true)
 3 APPPATH\Controllers\PeminjamSertifikat.php(14): view('peminjamsertifikat/index', [...])
 4 SYSTEMPATH\CodeIgniter.php(896): App\Controllers\PeminjamSertifikat->index()
 5 SYSTEMPATH\CodeIgniter.php(466): CodeIgniter\CodeIgniter->runController(Object(App\Controllers\PeminjamSertifikat))
 6 SYSTEMPATH\CodeIgniter.php(349): CodeIgniter\CodeIgniter->handleRequest(null, Object(Config\Cache), false)
 7 FCPATH\index.php(55): CodeIgniter\CodeIgniter->run()
 8 SYSTEMPATH\Commands\Server\rewrite.php(43): require_once('FCPATH\\index.php')
CRITICAL - 2022-08-04 01:50:23 --> Invalid file: peminjamsertifikat/index.php
in SYSTEMPATH\Exceptions\FrameworkException.php on line 33.
 1 SYSTEMPATH\View\View.php(201): CodeIgniter\Exceptions\FrameworkException::forInvalidFile('peminjamsertifikat/index.php')
 2 SYSTEMPATH\Common.php(1135): CodeIgniter\View\View->render('peminjamsertifikat/index', [], true)
 3 APPPATH\Controllers\PeminjamSertifikat.php(14): view('peminjamsertifikat/index', [...])
 4 SYSTEMPATH\CodeIgniter.php(896): App\Controllers\PeminjamSertifikat->index()
 5 SYSTEMPATH\CodeIgniter.php(466): CodeIgniter\CodeIgniter->runController(Object(App\Controllers\PeminjamSertifikat))
 6 SYSTEMPATH\CodeIgniter.php(349): CodeIgniter\CodeIgniter->handleRequest(null, Object(Config\Cache), false)
 7 FCPATH\index.php(55): CodeIgniter\CodeIgniter->run()
 8 SYSTEMPATH\Commands\Server\rewrite.php(43): require_once('FCPATH\\index.php')
CRITICAL - 2022-08-04 01:51:54 --> Invalid file: peminjamsertifikat/index.php
in SYSTEMPATH\Exceptions\FrameworkException.php on line 33.
 1 SYSTEMPATH\View\View.php(201): CodeIgniter\Exceptions\FrameworkException::forInvalidFile('peminjamsertifikat/index.php')
 2 SYSTEMPATH\Common.php(1135): CodeIgniter\View\View->render('peminjamsertifikat/index', [], true)
 3 APPPATH\Controllers\PeminjamSertifikat.php(14): view('peminjamsertifikat/index', [...])
 4 SYSTEMPATH\CodeIgniter.php(896): App\Controllers\PeminjamSertifikat->index()
 5 SYSTEMPATH\CodeIgniter.php(466): CodeIgniter\CodeIgniter->runController(Object(App\Controllers\PeminjamSertifikat))
 6 SYSTEMPATH\CodeIgniter.php(349): CodeIgniter\CodeIgniter->handleRequest(null, Object(Config\Cache), false)
 7 FCPATH\index.php(55): CodeIgniter\CodeIgniter->run()
 8 SYSTEMPATH\Commands\Server\rewrite.php(43): require_once('FCPATH\\index.php')
CRITICAL - 2022-08-04 01:51:54 --> Invalid file: peminjamsertifikat/index.php
in SYSTEMPATH\Exceptions\FrameworkException.php on line 33.
 1 SYSTEMPATH\View\View.php(201): CodeIgniter\Exceptions\FrameworkException::forInvalidFile('peminjamsertifikat/index.php')
 2 SYSTEMPATH\Common.php(1135): CodeIgniter\View\View->render('peminjamsertifikat/index', [], true)
 3 APPPATH\Controllers\PeminjamSertifikat.php(14): view('peminjamsertifikat/index', [...])
 4 SYSTEMPATH\CodeIgniter.php(896): App\Controllers\PeminjamSertifikat->index()
 5 SYSTEMPATH\CodeIgniter.php(466): CodeIgniter\CodeIgniter->runController(Object(App\Controllers\PeminjamSertifikat))
 6 SYSTEMPATH\CodeIgniter.php(349): CodeIgniter\CodeIgniter->handleRequest(null, Object(Config\Cache), false)
 7 FCPATH\index.php(55): CodeIgniter\CodeIgniter->run()
 8 SYSTEMPATH\Commands\Server\rewrite.php(43): require_once('FCPATH\\index.php')
