CRITICAL - 2022-07-08 00:45:57 --> Call to undefined method App\Models\BpkbModel::gaetBpkb
in SYSTEMPATH\Model.php on line 773.
 1 APPPATH\Controllers\Bpkb.php(38): CodeIgniter\Model->__call('gaetBpkb', [])
 2 SYSTEMPATH\CodeIgniter.php(896): App\Controllers\Bpkb->create()
 3 SYSTEMPATH\CodeIgniter.php(466): CodeIgniter\CodeIgniter->runController(Object(App\Controllers\Bpkb))
 4 SYSTEMPATH\CodeIgniter.php(349): CodeIgniter\CodeIgniter->handleRequest(null, Object(Config\Cache), false)
 5 FCPATH\index.php(55): CodeIgniter\CodeIgniter->run()
 6 SYSTEMPATH\Commands\Server\rewrite.php(43): require_once('FCPATH\\index.php')
CRITICAL - 2022-07-08 00:59:21 --> Call to undefined method App\Models\BpkbModel::getModelKendaraa
in SYSTEMPATH\Model.php on line 773.
 1 APPPATH\Controllers\Bpkb.php(34): CodeIgniter\Model->__call('getModelKendaraa', [])
 2 SYSTEMPATH\CodeIgniter.php(896): App\Controllers\Bpkb->create()
 3 SYSTEMPATH\CodeIgniter.php(466): CodeIgniter\CodeIgniter->runController(Object(App\Controllers\Bpkb))
 4 SYSTEMPATH\CodeIgniter.php(349): CodeIgniter\CodeIgniter->handleRequest(null, Object(Config\Cache), false)
 5 FCPATH\index.php(55): CodeIgniter\CodeIgniter->run()
 6 SYSTEMPATH\Commands\Server\rewrite.php(43): require_once('FCPATH\\index.php')
CRITICAL - 2022-07-08 01:04:44 --> syntax error, unexpected end of file
in APPPATH\Views\master_bpkb\tambah_bpkb.php on line 131.
 1 SYSTEMPATH\View\View.php(216): CodeIgniter\View\View->CodeIgniter\View\{closure}()
 2 SYSTEMPATH\Common.php(1135): CodeIgniter\View\View->render('master_bpkb/tambah_bpkb', [], true)
 3 APPPATH\Controllers\Bpkb.php(45): view('master_bpkb/tambah_bpkb', [...])
 4 SYSTEMPATH\CodeIgniter.php(896): App\Controllers\Bpkb->create()
 5 SYSTEMPATH\CodeIgniter.php(466): CodeIgniter\CodeIgniter->runController(Object(App\Controllers\Bpkb))
 6 SYSTEMPATH\CodeIgniter.php(349): CodeIgniter\CodeIgniter->handleRequest(null, Object(Config\Cache), false)
 7 FCPATH\index.php(55): CodeIgniter\CodeIgniter->run()
 8 SYSTEMPATH\Commands\Server\rewrite.php(43): require_once('FCPATH\\index.php')
CRITICAL - 2022-07-08 01:04:58 --> Undefined variable: warna_tnkb
in APPPATH\Views\master_bpkb\tambah_bpkb.php on line 89.
 1 APPPATH\Views\master_bpkb\tambah_bpkb.php(89): CodeIgniter\Debug\Exceptions->errorHandler(8, 'Undefined variable: warna_tnkb', 'APPPATH\\Views\\master_bpkb\\tambah_bpkb.php', 89, [...])
 2 SYSTEMPATH\View\View.php(213): include('APPPATH\\Views\\master_bpkb\\tambah_bpkb.php')
 3 SYSTEMPATH\View\View.php(216): CodeIgniter\View\View->CodeIgniter\View\{closure}()
 4 SYSTEMPATH\Common.php(1135): CodeIgniter\View\View->render('master_bpkb/tambah_bpkb', [], true)
 5 APPPATH\Controllers\Bpkb.php(45): view('master_bpkb/tambah_bpkb', [...])
 6 SYSTEMPATH\CodeIgniter.php(896): App\Controllers\Bpkb->create()
 7 SYSTEMPATH\CodeIgniter.php(466): CodeIgniter\CodeIgniter->runController(Object(App\Controllers\Bpkb))
 8 SYSTEMPATH\CodeIgniter.php(349): CodeIgniter\CodeIgniter->handleRequest(null, Object(Config\Cache), false)
 9 FCPATH\index.php(55): CodeIgniter\CodeIgniter->run()
10 SYSTEMPATH\Commands\Server\rewrite.php(43): require_once('FCPATH\\index.php')
CRITICAL - 2022-07-08 01:06:24 --> Undefined variable: warna_tnkb
in APPPATH\Views\master_bpkb\tambah_bpkb.php on line 89.
 1 APPPATH\Views\master_bpkb\tambah_bpkb.php(89): CodeIgniter\Debug\Exceptions->errorHandler(8, 'Undefined variable: warna_tnkb', 'APPPATH\\Views\\master_bpkb\\tambah_bpkb.php', 89, [...])
 2 SYSTEMPATH\View\View.php(213): include('APPPATH\\Views\\master_bpkb\\tambah_bpkb.php')
 3 SYSTEMPATH\View\View.php(216): CodeIgniter\View\View->CodeIgniter\View\{closure}()
 4 SYSTEMPATH\Common.php(1135): CodeIgniter\View\View->render('master_bpkb/tambah_bpkb', [], true)
 5 APPPATH\Controllers\Bpkb.php(46): view('master_bpkb/tambah_bpkb', [...])
 6 SYSTEMPATH\CodeIgniter.php(896): App\Controllers\Bpkb->create()
 7 SYSTEMPATH\CodeIgniter.php(466): CodeIgniter\CodeIgniter->runController(Object(App\Controllers\Bpkb))
 8 SYSTEMPATH\CodeIgniter.php(349): CodeIgniter\CodeIgniter->handleRequest(null, Object(Config\Cache), false)
 9 FCPATH\index.php(55): CodeIgniter\CodeIgniter->run()
10 SYSTEMPATH\Commands\Server\rewrite.php(43): require_once('FCPATH\\index.php')
CRITICAL - 2022-07-08 01:17:14 --> Trying to access array offset on value of type null
in APPPATH\Views\master_bpkb\edit_bpkb.php on line 6.
 1 APPPATH\Views\master_bpkb\edit_bpkb.php(6): CodeIgniter\Debug\Exceptions->errorHandler(8, 'Trying to access array offset on value of type null', 'APPPATH\\Views\\master_bpkb\\edit_bpkb.php', 6, [...])
 2 SYSTEMPATH\View\View.php(213): include('APPPATH\\Views\\master_bpkb\\edit_bpkb.php')
 3 SYSTEMPATH\View\View.php(216): CodeIgniter\View\View->CodeIgniter\View\{closure}()
 4 SYSTEMPATH\Common.php(1135): CodeIgniter\View\View->render('master_bpkb/edit_bpkb', [], true)
 5 APPPATH\Controllers\Bpkb.php(83): view('master_bpkb/edit_bpkb', [...])
 6 SYSTEMPATH\CodeIgniter.php(896): App\Controllers\Bpkb->edit('1')
 7 SYSTEMPATH\CodeIgniter.php(466): CodeIgniter\CodeIgniter->runController(Object(App\Controllers\Bpkb))
 8 SYSTEMPATH\CodeIgniter.php(349): CodeIgniter\CodeIgniter->handleRequest(null, Object(Config\Cache), false)
 9 FCPATH\index.php(55): CodeIgniter\CodeIgniter->run()
10 SYSTEMPATH\Commands\Server\rewrite.php(43): require_once('FCPATH\\index.php')
ERROR - 2022-07-08 01:32:07 --> Unknown column 'bpkb_bahan_bakar.id' in 'on clause'
CRITICAL - 2022-07-08 01:32:07 --> Unknown column 'bpkb_bahan_bakar.id' in 'on clause'
in SYSTEMPATH\Database\MySQLi\Connection.php on line 292.
 1 SYSTEMPATH\Database\MySQLi\Connection.php(292): mysqli->query('SELECT *
FROM `data_bpkb`
JOIN `bpkb_bahan_bakar` ON `bpkb_bahan_bakar`.`id`=`data_bpkb`.`bahan_bakar`
JOIN `bpkb_model_kendaraan` ON `bpkb_model_kendaraan`.`id`=`data_bpkb`.`model`
JOIN `bpkb_warna_tnkb` ON `bpkb_warna_tnkb`.`id`=`data_bpkb`.`warna_tnkb`', 0)
 2 SYSTEMPATH\Database\BaseConnection.php(695): CodeIgniter\Database\MySQLi\Connection->execute('SELECT *
FROM `data_bpkb`
JOIN `bpkb_bahan_bakar` ON `bpkb_bahan_bakar`.`id`=`data_bpkb`.`bahan_bakar`
JOIN `bpkb_model_kendaraan` ON `bpkb_model_kendaraan`.`id`=`data_bpkb`.`model`
JOIN `bpkb_warna_tnkb` ON `bpkb_warna_tnkb`.`id`=`data_bpkb`.`warna_tnkb`')
 3 SYSTEMPATH\Database\BaseConnection.php(609): CodeIgniter\Database\BaseConnection->simpleQuery('SELECT *
FROM `data_bpkb`
JOIN `bpkb_bahan_bakar` ON `bpkb_bahan_bakar`.`id`=`data_bpkb`.`bahan_bakar`
JOIN `bpkb_model_kendaraan` ON `bpkb_model_kendaraan`.`id`=`data_bpkb`.`model`
JOIN `bpkb_warna_tnkb` ON `bpkb_warna_tnkb`.`id`=`data_bpkb`.`warna_tnkb`')
 4 SYSTEMPATH\Database\BaseBuilder.php(1585): CodeIgniter\Database\BaseConnection->query('SELECT *
FROM `data_bpkb`
JOIN `bpkb_bahan_bakar` ON `bpkb_bahan_bakar`.`id`=`data_bpkb`.`bahan_bakar`
JOIN `bpkb_model_kendaraan` ON `bpkb_model_kendaraan`.`id`=`data_bpkb`.`model`
JOIN `bpkb_warna_tnkb` ON `bpkb_warna_tnkb`.`id`=`data_bpkb`.`warna_tnkb`', [], false)
 5 APPPATH\Models\BpkbModel.php(20): CodeIgniter\Database\BaseBuilder->get()
 6 APPPATH\Controllers\Bpkb.php(18): App\Models\BpkbModel->getBpkb()
 7 SYSTEMPATH\CodeIgniter.php(896): App\Controllers\Bpkb->index()
 8 SYSTEMPATH\CodeIgniter.php(466): CodeIgniter\CodeIgniter->runController(Object(App\Controllers\Bpkb))
 9 SYSTEMPATH\CodeIgniter.php(349): CodeIgniter\CodeIgniter->handleRequest(null, Object(Config\Cache), false)
10 FCPATH\index.php(55): CodeIgniter\CodeIgniter->run()
11 SYSTEMPATH\Commands\Server\rewrite.php(43): require_once('FCPATH\\index.php')
ERROR - 2022-07-08 01:32:59 --> Unknown column 'bpkb_model_kendaraan.id_bahan_bakar' in 'on clause'
CRITICAL - 2022-07-08 01:32:59 --> Unknown column 'bpkb_model_kendaraan.id_bahan_bakar' in 'on clause'
in SYSTEMPATH\Database\MySQLi\Connection.php on line 292.
 1 SYSTEMPATH\Database\MySQLi\Connection.php(292): mysqli->query('SELECT *
FROM `data_bpkb`
JOIN `bpkb_bahan_bakar` ON `bpkb_bahan_bakar`.`id_bahan_bakar` = `data_bpkb`.`bahan_bakar`
JOIN `bpkb_model_kendaraan` ON `bpkb_model_kendaraan`.`id_bahan_bakar` = `data_bpkb`.`model`
JOIN `bpkb_warna_tnkb` ON `bpkb_warna_tnkb`.`id_warna_tnkb` = `data_bpkb`.`warna_tnkb`', 0)
 2 SYSTEMPATH\Database\BaseConnection.php(695): CodeIgniter\Database\MySQLi\Connection->execute('SELECT *
FROM `data_bpkb`
JOIN `bpkb_bahan_bakar` ON `bpkb_bahan_bakar`.`id_bahan_bakar` = `data_bpkb`.`bahan_bakar`
JOIN `bpkb_model_kendaraan` ON `bpkb_model_kendaraan`.`id_bahan_bakar` = `data_bpkb`.`model`
JOIN `bpkb_warna_tnkb` ON `bpkb_warna_tnkb`.`id_warna_tnkb` = `data_bpkb`.`warna_tnkb`')
 3 SYSTEMPATH\Database\BaseConnection.php(609): CodeIgniter\Database\BaseConnection->simpleQuery('SELECT *
FROM `data_bpkb`
JOIN `bpkb_bahan_bakar` ON `bpkb_bahan_bakar`.`id_bahan_bakar` = `data_bpkb`.`bahan_bakar`
JOIN `bpkb_model_kendaraan` ON `bpkb_model_kendaraan`.`id_bahan_bakar` = `data_bpkb`.`model`
JOIN `bpkb_warna_tnkb` ON `bpkb_warna_tnkb`.`id_warna_tnkb` = `data_bpkb`.`warna_tnkb`')
 4 SYSTEMPATH\Database\BaseBuilder.php(1585): CodeIgniter\Database\BaseConnection->query('SELECT *
FROM `data_bpkb`
JOIN `bpkb_bahan_bakar` ON `bpkb_bahan_bakar`.`id_bahan_bakar` = `data_bpkb`.`bahan_bakar`
JOIN `bpkb_model_kendaraan` ON `bpkb_model_kendaraan`.`id_bahan_bakar` = `data_bpkb`.`model`
JOIN `bpkb_warna_tnkb` ON `bpkb_warna_tnkb`.`id_warna_tnkb` = `data_bpkb`.`warna_tnkb`', [], false)
 5 APPPATH\Models\BpkbModel.php(20): CodeIgniter\Database\BaseBuilder->get()
 6 APPPATH\Controllers\Bpkb.php(18): App\Models\BpkbModel->getBpkb()
 7 SYSTEMPATH\CodeIgniter.php(896): App\Controllers\Bpkb->index()
 8 SYSTEMPATH\CodeIgniter.php(466): CodeIgniter\CodeIgniter->runController(Object(App\Controllers\Bpkb))
 9 SYSTEMPATH\CodeIgniter.php(349): CodeIgniter\CodeIgniter->handleRequest(null, Object(Config\Cache), false)
10 FCPATH\index.php(55): CodeIgniter\CodeIgniter->run()
11 SYSTEMPATH\Commands\Server\rewrite.php(43): require_once('FCPATH\\index.php')
ERROR - 2022-07-08 01:33:03 --> Unknown column 'bpkb_model_kendaraan.id_bahan_bakar' in 'on clause'
CRITICAL - 2022-07-08 01:33:03 --> Unknown column 'bpkb_model_kendaraan.id_bahan_bakar' in 'on clause'
in SYSTEMPATH\Database\MySQLi\Connection.php on line 292.
 1 SYSTEMPATH\Database\MySQLi\Connection.php(292): mysqli->query('SELECT *
FROM `data_bpkb`
JOIN `bpkb_bahan_bakar` ON `bpkb_bahan_bakar`.`id_bahan_bakar` = `data_bpkb`.`bahan_bakar`
JOIN `bpkb_model_kendaraan` ON `bpkb_model_kendaraan`.`id_bahan_bakar` = `data_bpkb`.`model`
JOIN `bpkb_warna_tnkb` ON `bpkb_warna_tnkb`.`id_warna_tnkb` = `data_bpkb`.`warna_tnkb`', 0)
 2 SYSTEMPATH\Database\BaseConnection.php(695): CodeIgniter\Database\MySQLi\Connection->execute('SELECT *
FROM `data_bpkb`
JOIN `bpkb_bahan_bakar` ON `bpkb_bahan_bakar`.`id_bahan_bakar` = `data_bpkb`.`bahan_bakar`
JOIN `bpkb_model_kendaraan` ON `bpkb_model_kendaraan`.`id_bahan_bakar` = `data_bpkb`.`model`
JOIN `bpkb_warna_tnkb` ON `bpkb_warna_tnkb`.`id_warna_tnkb` = `data_bpkb`.`warna_tnkb`')
 3 SYSTEMPATH\Database\BaseConnection.php(609): CodeIgniter\Database\BaseConnection->simpleQuery('SELECT *
FROM `data_bpkb`
JOIN `bpkb_bahan_bakar` ON `bpkb_bahan_bakar`.`id_bahan_bakar` = `data_bpkb`.`bahan_bakar`
JOIN `bpkb_model_kendaraan` ON `bpkb_model_kendaraan`.`id_bahan_bakar` = `data_bpkb`.`model`
JOIN `bpkb_warna_tnkb` ON `bpkb_warna_tnkb`.`id_warna_tnkb` = `data_bpkb`.`warna_tnkb`')
 4 SYSTEMPATH\Database\BaseBuilder.php(1585): CodeIgniter\Database\BaseConnection->query('SELECT *
FROM `data_bpkb`
JOIN `bpkb_bahan_bakar` ON `bpkb_bahan_bakar`.`id_bahan_bakar` = `data_bpkb`.`bahan_bakar`
JOIN `bpkb_model_kendaraan` ON `bpkb_model_kendaraan`.`id_bahan_bakar` = `data_bpkb`.`model`
JOIN `bpkb_warna_tnkb` ON `bpkb_warna_tnkb`.`id_warna_tnkb` = `data_bpkb`.`warna_tnkb`', [], false)
 5 APPPATH\Models\BpkbModel.php(20): CodeIgniter\Database\BaseBuilder->get()
 6 APPPATH\Controllers\Bpkb.php(18): App\Models\BpkbModel->getBpkb()
 7 SYSTEMPATH\CodeIgniter.php(896): App\Controllers\Bpkb->index()
 8 SYSTEMPATH\CodeIgniter.php(466): CodeIgniter\CodeIgniter->runController(Object(App\Controllers\Bpkb))
 9 SYSTEMPATH\CodeIgniter.php(349): CodeIgniter\CodeIgniter->handleRequest(null, Object(Config\Cache), false)
10 FCPATH\index.php(55): CodeIgniter\CodeIgniter->run()
11 SYSTEMPATH\Commands\Server\rewrite.php(43): require_once('FCPATH\\index.php')
CRITICAL - 2022-07-08 01:34:07 --> Undefined index: id
in APPPATH\Views\master_bpkb\index.php on line 83.
 1 APPPATH\Views\master_bpkb\index.php(83): CodeIgniter\Debug\Exceptions->errorHandler(8, 'Undefined index: id', 'APPPATH\\Views\\master_bpkb\\index.php', 83, [...])
 2 SYSTEMPATH\View\View.php(213): include('APPPATH\\Views\\master_bpkb\\index.php')
 3 SYSTEMPATH\View\View.php(216): CodeIgniter\View\View->CodeIgniter\View\{closure}()
 4 SYSTEMPATH\Common.php(1135): CodeIgniter\View\View->render('master_bpkb/index', [], true)
 5 APPPATH\Controllers\Bpkb.php(31): view('master_bpkb/index', [...])
 6 SYSTEMPATH\CodeIgniter.php(896): App\Controllers\Bpkb->index()
 7 SYSTEMPATH\CodeIgniter.php(466): CodeIgniter\CodeIgniter->runController(Object(App\Controllers\Bpkb))
 8 SYSTEMPATH\CodeIgniter.php(349): CodeIgniter\CodeIgniter->handleRequest(null, Object(Config\Cache), false)
 9 FCPATH\index.php(55): CodeIgniter\CodeIgniter->run()
10 SYSTEMPATH\Commands\Server\rewrite.php(43): require_once('FCPATH\\index.php')
ERROR - 2022-07-08 01:34:23 --> Unknown column 'id' in 'where clause'
CRITICAL - 2022-07-08 01:34:23 --> Unknown column 'id' in 'where clause'
in SYSTEMPATH\Database\MySQLi\Connection.php on line 292.
 1 SYSTEMPATH\Database\MySQLi\Connection.php(292): mysqli->query('DELETE FROM `data_bpkb`
WHERE `id` IN (\'12\')', 0)
 2 SYSTEMPATH\Database\BaseConnection.php(695): CodeIgniter\Database\MySQLi\Connection->execute('DELETE FROM `data_bpkb`
WHERE `id` IN (\'12\')')
 3 SYSTEMPATH\Database\BaseConnection.php(609): CodeIgniter\Database\BaseConnection->simpleQuery('DELETE FROM `data_bpkb`
WHERE `id` IN (\'12\')')
 4 SYSTEMPATH\Database\BaseBuilder.php(2358): CodeIgniter\Database\BaseConnection->query('DELETE FROM `data_bpkb`
WHERE `id` IN :id:', [...], false)
 5 SYSTEMPATH\Model.php(400): CodeIgniter\Database\BaseBuilder->delete()
 6 SYSTEMPATH\BaseModel.php(963): CodeIgniter\Model->doDelete([...], false)
 7 APPPATH\Controllers\Bpkb.php(77): CodeIgniter\BaseModel->delete([...])
 8 SYSTEMPATH\CodeIgniter.php(896): App\Controllers\Bpkb->delete('12')
 9 SYSTEMPATH\CodeIgniter.php(466): CodeIgniter\CodeIgniter->runController(Object(App\Controllers\Bpkb))
10 SYSTEMPATH\CodeIgniter.php(349): CodeIgniter\CodeIgniter->handleRequest(null, Object(Config\Cache), false)
11 FCPATH\index.php(55): CodeIgniter\CodeIgniter->run()
12 SYSTEMPATH\Commands\Server\rewrite.php(43): require_once('FCPATH\\index.php')
ERROR - 2022-07-08 01:35:30 --> Unknown column 'id' in 'where clause'
CRITICAL - 2022-07-08 01:35:30 --> Unknown column 'id' in 'where clause'
in SYSTEMPATH\Database\MySQLi\Connection.php on line 292.
 1 SYSTEMPATH\Database\MySQLi\Connection.php(292): mysqli->query('DELETE FROM `data_bpkb`
WHERE `id` IN (\'12\')', 0)
 2 SYSTEMPATH\Database\BaseConnection.php(695): CodeIgniter\Database\MySQLi\Connection->execute('DELETE FROM `data_bpkb`
WHERE `id` IN (\'12\')')
 3 SYSTEMPATH\Database\BaseConnection.php(609): CodeIgniter\Database\BaseConnection->simpleQuery('DELETE FROM `data_bpkb`
WHERE `id` IN (\'12\')')
 4 SYSTEMPATH\Database\BaseBuilder.php(2358): CodeIgniter\Database\BaseConnection->query('DELETE FROM `data_bpkb`
WHERE `id` IN :id:', [...], false)
 5 SYSTEMPATH\Model.php(400): CodeIgniter\Database\BaseBuilder->delete()
 6 SYSTEMPATH\BaseModel.php(963): CodeIgniter\Model->doDelete([...], false)
 7 APPPATH\Controllers\Bpkb.php(77): CodeIgniter\BaseModel->delete([...])
 8 SYSTEMPATH\CodeIgniter.php(896): App\Controllers\Bpkb->delete('12')
 9 SYSTEMPATH\CodeIgniter.php(466): CodeIgniter\CodeIgniter->runController(Object(App\Controllers\Bpkb))
10 SYSTEMPATH\CodeIgniter.php(349): CodeIgniter\CodeIgniter->handleRequest(null, Object(Config\Cache), false)
11 FCPATH\index.php(55): CodeIgniter\CodeIgniter->run()
12 SYSTEMPATH\Commands\Server\rewrite.php(43): require_once('FCPATH\\index.php')
ERROR - 2022-07-08 01:36:08 --> Unknown column 'id' in 'where clause'
CRITICAL - 2022-07-08 01:36:08 --> Unknown column 'id' in 'where clause'
in SYSTEMPATH\Database\MySQLi\Connection.php on line 292.
 1 SYSTEMPATH\Database\MySQLi\Connection.php(292): mysqli->query('DELETE FROM `data_bpkb`
WHERE `id` IN (\'12\')', 0)
 2 SYSTEMPATH\Database\BaseConnection.php(695): CodeIgniter\Database\MySQLi\Connection->execute('DELETE FROM `data_bpkb`
WHERE `id` IN (\'12\')')
 3 SYSTEMPATH\Database\BaseConnection.php(609): CodeIgniter\Database\BaseConnection->simpleQuery('DELETE FROM `data_bpkb`
WHERE `id` IN (\'12\')')
 4 SYSTEMPATH\Database\BaseBuilder.php(2358): CodeIgniter\Database\BaseConnection->query('DELETE FROM `data_bpkb`
WHERE `id` IN :id:', [...], false)
 5 SYSTEMPATH\Model.php(400): CodeIgniter\Database\BaseBuilder->delete()
 6 SYSTEMPATH\BaseModel.php(963): CodeIgniter\Model->doDelete([...], false)
 7 APPPATH\Controllers\Bpkb.php(77): CodeIgniter\BaseModel->delete([...])
 8 SYSTEMPATH\CodeIgniter.php(896): App\Controllers\Bpkb->delete('12')
 9 SYSTEMPATH\CodeIgniter.php(466): CodeIgniter\CodeIgniter->runController(Object(App\Controllers\Bpkb))
10 SYSTEMPATH\CodeIgniter.php(349): CodeIgniter\CodeIgniter->handleRequest(null, Object(Config\Cache), false)
11 FCPATH\index.php(55): CodeIgniter\CodeIgniter->run()
12 SYSTEMPATH\Commands\Server\rewrite.php(43): require_once('FCPATH\\index.php')
ERROR - 2022-07-08 01:36:51 --> Unknown column 'id' in 'where clause'
CRITICAL - 2022-07-08 01:36:51 --> Unknown column 'id' in 'where clause'
in SYSTEMPATH\Database\MySQLi\Connection.php on line 292.
 1 SYSTEMPATH\Database\MySQLi\Connection.php(292): mysqli->query('DELETE FROM `data_bpkb`
WHERE `id` IN (\'12\')', 0)
 2 SYSTEMPATH\Database\BaseConnection.php(695): CodeIgniter\Database\MySQLi\Connection->execute('DELETE FROM `data_bpkb`
WHERE `id` IN (\'12\')')
 3 SYSTEMPATH\Database\BaseConnection.php(609): CodeIgniter\Database\BaseConnection->simpleQuery('DELETE FROM `data_bpkb`
WHERE `id` IN (\'12\')')
 4 SYSTEMPATH\Database\BaseBuilder.php(2358): CodeIgniter\Database\BaseConnection->query('DELETE FROM `data_bpkb`
WHERE `id` IN :id:', [...], false)
 5 SYSTEMPATH\Model.php(400): CodeIgniter\Database\BaseBuilder->delete()
 6 SYSTEMPATH\BaseModel.php(963): CodeIgniter\Model->doDelete([...], false)
 7 APPPATH\Controllers\Bpkb.php(77): CodeIgniter\BaseModel->delete([...])
 8 SYSTEMPATH\CodeIgniter.php(896): App\Controllers\Bpkb->delete('12')
 9 SYSTEMPATH\CodeIgniter.php(466): CodeIgniter\CodeIgniter->runController(Object(App\Controllers\Bpkb))
10 SYSTEMPATH\CodeIgniter.php(349): CodeIgniter\CodeIgniter->handleRequest(null, Object(Config\Cache), false)
11 FCPATH\index.php(55): CodeIgniter\CodeIgniter->run()
12 SYSTEMPATH\Commands\Server\rewrite.php(43): require_once('FCPATH\\index.php')
CRITICAL - 2022-07-08 01:37:21 --> Undefined index: id
in APPPATH\Views\master_bpkb\tambah_bpkb.php on line 41.
 1 APPPATH\Views\master_bpkb\tambah_bpkb.php(41): CodeIgniter\Debug\Exceptions->errorHandler(8, 'Undefined index: id', 'APPPATH\\Views\\master_bpkb\\tambah_bpkb.php', 41, [...])
 2 SYSTEMPATH\View\View.php(213): include('APPPATH\\Views\\master_bpkb\\tambah_bpkb.php')
 3 SYSTEMPATH\View\View.php(216): CodeIgniter\View\View->CodeIgniter\View\{closure}()
 4 SYSTEMPATH\Common.php(1135): CodeIgniter\View\View->render('master_bpkb/tambah_bpkb', [], true)
 5 APPPATH\Controllers\Bpkb.php(48): view('master_bpkb/tambah_bpkb', [...])
 6 SYSTEMPATH\CodeIgniter.php(896): App\Controllers\Bpkb->create()
 7 SYSTEMPATH\CodeIgniter.php(466): CodeIgniter\CodeIgniter->runController(Object(App\Controllers\Bpkb))
 8 SYSTEMPATH\CodeIgniter.php(349): CodeIgniter\CodeIgniter->handleRequest(null, Object(Config\Cache), false)
 9 FCPATH\index.php(55): CodeIgniter\CodeIgniter->run()
10 SYSTEMPATH\Commands\Server\rewrite.php(43): require_once('FCPATH\\index.php')
ERROR - 2022-07-08 01:37:53 --> Cannot add or update a child row: a foreign key constraint fails (`peminjaman_bpkb`.`data_bpkb`, CONSTRAINT `data_bpkb_ibfk_1` FOREIGN KEY (`warna_tnkb`) REFERENCES `bpkb_warna_tnkb` (`id_warna_tnkb`) ON DELETE CASCADE ON UPDATE CASCADE)
CRITICAL - 2022-07-08 01:37:53 --> Cannot add or update a child row: a foreign key constraint fails (`peminjaman_bpkb`.`data_bpkb`, CONSTRAINT `data_bpkb_ibfk_1` FOREIGN KEY (`warna_tnkb`) REFERENCES `bpkb_warna_tnkb` (`id_warna_tnkb`) ON DELETE CASCADE ON UPDATE CASCADE)
in SYSTEMPATH\Database\MySQLi\Connection.php on line 292.
 1 SYSTEMPATH\Database\MySQLi\Connection.php(292): mysqli->query('INSERT INTO `data_bpkb` (`nomor_registrasi`, `nama_pemilik`, `alamat`, `merk`, `tipe`, `model`, `tahun_pembuatan`, `isi_silinder`, `nomor_rangka`, `nomor_mesin`, `warna`, `bahan_bakar`, `warna_tnkb`, `tahun_registrasi`, `kode_lokasi`, `created_at`, `updated_at`) VALUES (\'\', \'\', \'\', \'\', \'\', \'Pilih\', \'\', \'\', \'\', \'\', \'\', \'Pilih\', \'Pilih Warna Plat Kendaraan\', \'\', \'\', \'2022-07-08 01:37:53\', \'2022-07-08 01:37:53\')', 0)
 2 SYSTEMPATH\Database\BaseConnection.php(695): CodeIgniter\Database\MySQLi\Connection->execute('INSERT INTO `data_bpkb` (`nomor_registrasi`, `nama_pemilik`, `alamat`, `merk`, `tipe`, `model`, `tahun_pembuatan`, `isi_silinder`, `nomor_rangka`, `nomor_mesin`, `warna`, `bahan_bakar`, `warna_tnkb`, `tahun_registrasi`, `kode_lokasi`, `created_at`, `updated_at`) VALUES (\'\', \'\', \'\', \'\', \'\', \'Pilih\', \'\', \'\', \'\', \'\', \'\', \'Pilih\', \'Pilih Warna Plat Kendaraan\', \'\', \'\', \'2022-07-08 01:37:53\', \'2022-07-08 01:37:53\')')
 3 SYSTEMPATH\Database\BaseConnection.php(609): CodeIgniter\Database\BaseConnection->simpleQuery('INSERT INTO `data_bpkb` (`nomor_registrasi`, `nama_pemilik`, `alamat`, `merk`, `tipe`, `model`, `tahun_pembuatan`, `isi_silinder`, `nomor_rangka`, `nomor_mesin`, `warna`, `bahan_bakar`, `warna_tnkb`, `tahun_registrasi`, `kode_lokasi`, `created_at`, `updated_at`) VALUES (\'\', \'\', \'\', \'\', \'\', \'Pilih\', \'\', \'\', \'\', \'\', \'\', \'Pilih\', \'Pilih Warna Plat Kendaraan\', \'\', \'\', \'2022-07-08 01:37:53\', \'2022-07-08 01:37:53\')')
 4 SYSTEMPATH\Database\BaseBuilder.php(1904): CodeIgniter\Database\BaseConnection->query('INSERT INTO `data_bpkb` (`nomor_registrasi`, `nama_pemilik`, `alamat`, `merk`, `tipe`, `model`, `tahun_pembuatan`, `isi_silinder`, `nomor_rangka`, `nomor_mesin`, `warna`, `bahan_bakar`, `warna_tnkb`, `tahun_registrasi`, `kode_lokasi`, `created_at`, `updated_at`) VALUES (:nomor_registrasi:, :nama_pemilik:, :alamat:, :merk:, :tipe:, :model:, :tahun_pembuatan:, :isi_silinder:, :nomor_rangka:, :nomor_mesin:, :warna:, :bahan_bakar:, :warna_tnkb:, :tahun_registrasi:, :kode_lokasi:, :created_at:, :updated_at:)', [...], false)
 5 SYSTEMPATH\Model.php(278): CodeIgniter\Database\BaseBuilder->insert()
 6 SYSTEMPATH\BaseModel.php(738): CodeIgniter\Model->doInsert([...])
 7 SYSTEMPATH\Model.php(666): CodeIgniter\BaseModel->insert([...], false)
 8 SYSTEMPATH\BaseModel.php(658): CodeIgniter\Model->insert([...], false)
 9 APPPATH\Controllers\Bpkb.php(69): CodeIgniter\BaseModel->save([...])
10 SYSTEMPATH\CodeIgniter.php(896): App\Controllers\Bpkb->save()
11 SYSTEMPATH\CodeIgniter.php(466): CodeIgniter\CodeIgniter->runController(Object(App\Controllers\Bpkb))
12 SYSTEMPATH\CodeIgniter.php(349): CodeIgniter\CodeIgniter->handleRequest(null, Object(Config\Cache), false)
13 FCPATH\index.php(55): CodeIgniter\CodeIgniter->run()
14 SYSTEMPATH\Commands\Server\rewrite.php(43): require_once('FCPATH\\index.php')
ERROR - 2022-07-08 01:42:02 --> Cannot add or update a child row: a foreign key constraint fails (`peminjaman_bpkb`.`data_bpkb`, CONSTRAINT `data_bpkb_ibfk_1` FOREIGN KEY (`warna_tnkb`) REFERENCES `bpkb_warna_tnkb` (`id_warna_tnkb`) ON DELETE CASCADE ON UPDATE CASCADE)
CRITICAL - 2022-07-08 01:42:02 --> Cannot add or update a child row: a foreign key constraint fails (`peminjaman_bpkb`.`data_bpkb`, CONSTRAINT `data_bpkb_ibfk_1` FOREIGN KEY (`warna_tnkb`) REFERENCES `bpkb_warna_tnkb` (`id_warna_tnkb`) ON DELETE CASCADE ON UPDATE CASCADE)
in SYSTEMPATH\Database\MySQLi\Connection.php on line 292.
 1 SYSTEMPATH\Database\MySQLi\Connection.php(292): mysqli->query('INSERT INTO `data_bpkb` (`nomor_registrasi`, `nama_pemilik`, `alamat`, `merk`, `tipe`, `model`, `tahun_pembuatan`, `isi_silinder`, `nomor_rangka`, `nomor_mesin`, `warna`, `bahan_bakar`, `warna_tnkb`, `tahun_registrasi`, `kode_lokasi`, `created_at`, `updated_at`) VALUES (\'\', \'\', \'\', \'\', \'\', \'Pilih\', \'\', \'\', \'\', \'\', \'\', \'Pilih\', \'Pilih Warna Plat Kendaraan\', \'\', \'\', \'2022-07-08 01:42:02\', \'2022-07-08 01:42:02\')', 0)
 2 SYSTEMPATH\Database\BaseConnection.php(695): CodeIgniter\Database\MySQLi\Connection->execute('INSERT INTO `data_bpkb` (`nomor_registrasi`, `nama_pemilik`, `alamat`, `merk`, `tipe`, `model`, `tahun_pembuatan`, `isi_silinder`, `nomor_rangka`, `nomor_mesin`, `warna`, `bahan_bakar`, `warna_tnkb`, `tahun_registrasi`, `kode_lokasi`, `created_at`, `updated_at`) VALUES (\'\', \'\', \'\', \'\', \'\', \'Pilih\', \'\', \'\', \'\', \'\', \'\', \'Pilih\', \'Pilih Warna Plat Kendaraan\', \'\', \'\', \'2022-07-08 01:42:02\', \'2022-07-08 01:42:02\')')
 3 SYSTEMPATH\Database\BaseConnection.php(609): CodeIgniter\Database\BaseConnection->simpleQuery('INSERT INTO `data_bpkb` (`nomor_registrasi`, `nama_pemilik`, `alamat`, `merk`, `tipe`, `model`, `tahun_pembuatan`, `isi_silinder`, `nomor_rangka`, `nomor_mesin`, `warna`, `bahan_bakar`, `warna_tnkb`, `tahun_registrasi`, `kode_lokasi`, `created_at`, `updated_at`) VALUES (\'\', \'\', \'\', \'\', \'\', \'Pilih\', \'\', \'\', \'\', \'\', \'\', \'Pilih\', \'Pilih Warna Plat Kendaraan\', \'\', \'\', \'2022-07-08 01:42:02\', \'2022-07-08 01:42:02\')')
 4 SYSTEMPATH\Database\BaseBuilder.php(1904): CodeIgniter\Database\BaseConnection->query('INSERT INTO `data_bpkb` (`nomor_registrasi`, `nama_pemilik`, `alamat`, `merk`, `tipe`, `model`, `tahun_pembuatan`, `isi_silinder`, `nomor_rangka`, `nomor_mesin`, `warna`, `bahan_bakar`, `warna_tnkb`, `tahun_registrasi`, `kode_lokasi`, `created_at`, `updated_at`) VALUES (:nomor_registrasi:, :nama_pemilik:, :alamat:, :merk:, :tipe:, :model:, :tahun_pembuatan:, :isi_silinder:, :nomor_rangka:, :nomor_mesin:, :warna:, :bahan_bakar:, :warna_tnkb:, :tahun_registrasi:, :kode_lokasi:, :created_at:, :updated_at:)', [...], false)
 5 SYSTEMPATH\Model.php(278): CodeIgniter\Database\BaseBuilder->insert()
 6 SYSTEMPATH\BaseModel.php(738): CodeIgniter\Model->doInsert([...])
 7 SYSTEMPATH\Model.php(666): CodeIgniter\BaseModel->insert([...], false)
 8 SYSTEMPATH\BaseModel.php(658): CodeIgniter\Model->insert([...], false)
 9 APPPATH\Controllers\Bpkb.php(69): CodeIgniter\BaseModel->save([...])
10 SYSTEMPATH\CodeIgniter.php(896): App\Controllers\Bpkb->save()
11 SYSTEMPATH\CodeIgniter.php(466): CodeIgniter\CodeIgniter->runController(Object(App\Controllers\Bpkb))
12 SYSTEMPATH\CodeIgniter.php(349): CodeIgniter\CodeIgniter->handleRequest(null, Object(Config\Cache), false)
13 FCPATH\index.php(55): CodeIgniter\CodeIgniter->run()
14 SYSTEMPATH\Commands\Server\rewrite.php(43): require_once('FCPATH\\index.php')
ERROR - 2022-07-08 01:43:21 --> Unknown column 'id' in 'where clause'
CRITICAL - 2022-07-08 01:43:22 --> Unknown column 'id' in 'where clause'
in SYSTEMPATH\Database\MySQLi\Connection.php on line 292.
 1 SYSTEMPATH\Database\MySQLi\Connection.php(292): mysqli->query('DELETE FROM `data_bpkb`
WHERE `id` IN (\'16\')', 0)
 2 SYSTEMPATH\Database\BaseConnection.php(695): CodeIgniter\Database\MySQLi\Connection->execute('DELETE FROM `data_bpkb`
WHERE `id` IN (\'16\')')
 3 SYSTEMPATH\Database\BaseConnection.php(609): CodeIgniter\Database\BaseConnection->simpleQuery('DELETE FROM `data_bpkb`
WHERE `id` IN (\'16\')')
 4 SYSTEMPATH\Database\BaseBuilder.php(2358): CodeIgniter\Database\BaseConnection->query('DELETE FROM `data_bpkb`
WHERE `id` IN :id:', [...], false)
 5 SYSTEMPATH\Model.php(400): CodeIgniter\Database\BaseBuilder->delete()
 6 SYSTEMPATH\BaseModel.php(963): CodeIgniter\Model->doDelete([...], false)
 7 APPPATH\Controllers\Bpkb.php(77): CodeIgniter\BaseModel->delete([...])
 8 SYSTEMPATH\CodeIgniter.php(896): App\Controllers\Bpkb->delete('16')
 9 SYSTEMPATH\CodeIgniter.php(466): CodeIgniter\CodeIgniter->runController(Object(App\Controllers\Bpkb))
10 SYSTEMPATH\CodeIgniter.php(349): CodeIgniter\CodeIgniter->handleRequest(null, Object(Config\Cache), false)
11 FCPATH\index.php(55): CodeIgniter\CodeIgniter->run()
12 SYSTEMPATH\Commands\Server\rewrite.php(43): require_once('FCPATH\\index.php')
ERROR - 2022-07-08 01:44:30 --> Unknown column 'id' in 'where clause'
CRITICAL - 2022-07-08 01:44:30 --> Unknown column 'id' in 'where clause'
in SYSTEMPATH\Database\MySQLi\Connection.php on line 292.
 1 SYSTEMPATH\Database\MySQLi\Connection.php(292): mysqli->query('DELETE FROM `data_bpkb`
WHERE `id` IN (\'16\')', 0)
 2 SYSTEMPATH\Database\BaseConnection.php(695): CodeIgniter\Database\MySQLi\Connection->execute('DELETE FROM `data_bpkb`
WHERE `id` IN (\'16\')')
 3 SYSTEMPATH\Database\BaseConnection.php(609): CodeIgniter\Database\BaseConnection->simpleQuery('DELETE FROM `data_bpkb`
WHERE `id` IN (\'16\')')
 4 SYSTEMPATH\Database\BaseBuilder.php(2358): CodeIgniter\Database\BaseConnection->query('DELETE FROM `data_bpkb`
WHERE `id` IN :id:', [...], false)
 5 SYSTEMPATH\Model.php(400): CodeIgniter\Database\BaseBuilder->delete()
 6 SYSTEMPATH\BaseModel.php(963): CodeIgniter\Model->doDelete([...], false)
 7 APPPATH\Controllers\Bpkb.php(77): CodeIgniter\BaseModel->delete([...])
 8 SYSTEMPATH\CodeIgniter.php(896): App\Controllers\Bpkb->delete('16')
 9 SYSTEMPATH\CodeIgniter.php(466): CodeIgniter\CodeIgniter->runController(Object(App\Controllers\Bpkb))
10 SYSTEMPATH\CodeIgniter.php(349): CodeIgniter\CodeIgniter->handleRequest(null, Object(Config\Cache), false)
11 FCPATH\index.php(55): CodeIgniter\CodeIgniter->run()
12 SYSTEMPATH\Commands\Server\rewrite.php(43): require_once('FCPATH\\index.php')
ERROR - 2022-07-08 01:44:37 --> Unknown column 'id' in 'where clause'
CRITICAL - 2022-07-08 01:44:37 --> Unknown column 'id' in 'where clause'
in SYSTEMPATH\Database\MySQLi\Connection.php on line 292.
 1 SYSTEMPATH\Database\MySQLi\Connection.php(292): mysqli->query('DELETE FROM `data_bpkb`
WHERE `id` IN (\'16\')', 0)
 2 SYSTEMPATH\Database\BaseConnection.php(695): CodeIgniter\Database\MySQLi\Connection->execute('DELETE FROM `data_bpkb`
WHERE `id` IN (\'16\')')
 3 SYSTEMPATH\Database\BaseConnection.php(609): CodeIgniter\Database\BaseConnection->simpleQuery('DELETE FROM `data_bpkb`
WHERE `id` IN (\'16\')')
 4 SYSTEMPATH\Database\BaseBuilder.php(2358): CodeIgniter\Database\BaseConnection->query('DELETE FROM `data_bpkb`
WHERE `id` IN :id:', [...], false)
 5 SYSTEMPATH\Model.php(400): CodeIgniter\Database\BaseBuilder->delete()
 6 SYSTEMPATH\BaseModel.php(963): CodeIgniter\Model->doDelete([...], false)
 7 APPPATH\Controllers\Bpkb.php(77): CodeIgniter\BaseModel->delete([...])
 8 SYSTEMPATH\CodeIgniter.php(896): App\Controllers\Bpkb->delete('16')
 9 SYSTEMPATH\CodeIgniter.php(466): CodeIgniter\CodeIgniter->runController(Object(App\Controllers\Bpkb))
10 SYSTEMPATH\CodeIgniter.php(349): CodeIgniter\CodeIgniter->handleRequest(null, Object(Config\Cache), false)
11 FCPATH\index.php(55): CodeIgniter\CodeIgniter->run()
12 SYSTEMPATH\Commands\Server\rewrite.php(43): require_once('FCPATH\\index.php')
CRITICAL - 2022-07-08 01:50:29 --> Undefined variable: pkb
in APPPATH\Views\master_bpkb\index.php on line 71.
 1 APPPATH\Views\master_bpkb\index.php(71): CodeIgniter\Debug\Exceptions->errorHandler(8, 'Undefined variable: pkb', 'APPPATH\\Views\\master_bpkb\\index.php', 71, [...])
 2 SYSTEMPATH\View\View.php(213): include('APPPATH\\Views\\master_bpkb\\index.php')
 3 SYSTEMPATH\View\View.php(216): CodeIgniter\View\View->CodeIgniter\View\{closure}()
 4 SYSTEMPATH\Common.php(1135): CodeIgniter\View\View->render('master_bpkb/index', [], true)
 5 APPPATH\Controllers\Bpkb.php(29): view('master_bpkb/index', [...])
 6 SYSTEMPATH\CodeIgniter.php(896): App\Controllers\Bpkb->index()
 7 SYSTEMPATH\CodeIgniter.php(466): CodeIgniter\CodeIgniter->runController(Object(App\Controllers\Bpkb))
 8 SYSTEMPATH\CodeIgniter.php(349): CodeIgniter\CodeIgniter->handleRequest(null, Object(Config\Cache), false)
 9 FCPATH\index.php(55): CodeIgniter\CodeIgniter->run()
10 SYSTEMPATH\Commands\Server\rewrite.php(43): require_once('FCPATH\\index.php')
CRITICAL - 2022-07-08 01:50:37 --> Undefined variable: bpkb
in APPPATH\Views\master_bpkb\index.php on line 71.
 1 APPPATH\Views\master_bpkb\index.php(71): CodeIgniter\Debug\Exceptions->errorHandler(8, 'Undefined variable: bpkb', 'APPPATH\\Views\\master_bpkb\\index.php', 71, [...])
 2 SYSTEMPATH\View\View.php(213): include('APPPATH\\Views\\master_bpkb\\index.php')
 3 SYSTEMPATH\View\View.php(216): CodeIgniter\View\View->CodeIgniter\View\{closure}()
 4 SYSTEMPATH\Common.php(1135): CodeIgniter\View\View->render('master_bpkb/index', [], true)
 5 APPPATH\Controllers\Bpkb.php(29): view('master_bpkb/index', [...])
 6 SYSTEMPATH\CodeIgniter.php(896): App\Controllers\Bpkb->index()
 7 SYSTEMPATH\CodeIgniter.php(466): CodeIgniter\CodeIgniter->runController(Object(App\Controllers\Bpkb))
 8 SYSTEMPATH\CodeIgniter.php(349): CodeIgniter\CodeIgniter->handleRequest(null, Object(Config\Cache), false)
 9 FCPATH\index.php(55): CodeIgniter\CodeIgniter->run()
10 SYSTEMPATH\Commands\Server\rewrite.php(43): require_once('FCPATH\\index.php')
ERROR - 2022-07-08 01:50:58 --> Cannot add or update a child row: a foreign key constraint fails (`peminjaman_bpkb`.`data_bpkb`, CONSTRAINT `data_bpkb_ibfk_1` FOREIGN KEY (`warna_tnkb`) REFERENCES `bpkb_warna_tnkb` (`id_warna_tnkb`) ON DELETE CASCADE ON UPDATE CASCADE)
CRITICAL - 2022-07-08 01:50:58 --> Cannot add or update a child row: a foreign key constraint fails (`peminjaman_bpkb`.`data_bpkb`, CONSTRAINT `data_bpkb_ibfk_1` FOREIGN KEY (`warna_tnkb`) REFERENCES `bpkb_warna_tnkb` (`id_warna_tnkb`) ON DELETE CASCADE ON UPDATE CASCADE)
in SYSTEMPATH\Database\MySQLi\Connection.php on line 292.
 1 SYSTEMPATH\Database\MySQLi\Connection.php(292): mysqli->query('INSERT INTO `data_bpkb` (`nomor_registrasi`, `nama_pemilik`, `alamat`, `merk`, `tipe`, `model`, `tahun_pembuatan`, `isi_silinder`, `nomor_rangka`, `nomor_mesin`, `warna`, `bahan_bakar`, `warna_tnkb`, `tahun_registrasi`, `kode_lokasi`, `created_at`, `updated_at`) VALUES (\'\', \'\', \'\', \'\', \'\', \'Pilih\', \'\', \'\', \'\', \'\', \'\', \'Pilih\', \'Pilih Warna Plat Kendaraan\', \'\', \'\', \'2022-07-08 01:50:58\', \'2022-07-08 01:50:58\')', 0)
 2 SYSTEMPATH\Database\BaseConnection.php(695): CodeIgniter\Database\MySQLi\Connection->execute('INSERT INTO `data_bpkb` (`nomor_registrasi`, `nama_pemilik`, `alamat`, `merk`, `tipe`, `model`, `tahun_pembuatan`, `isi_silinder`, `nomor_rangka`, `nomor_mesin`, `warna`, `bahan_bakar`, `warna_tnkb`, `tahun_registrasi`, `kode_lokasi`, `created_at`, `updated_at`) VALUES (\'\', \'\', \'\', \'\', \'\', \'Pilih\', \'\', \'\', \'\', \'\', \'\', \'Pilih\', \'Pilih Warna Plat Kendaraan\', \'\', \'\', \'2022-07-08 01:50:58\', \'2022-07-08 01:50:58\')')
 3 SYSTEMPATH\Database\BaseConnection.php(609): CodeIgniter\Database\BaseConnection->simpleQuery('INSERT INTO `data_bpkb` (`nomor_registrasi`, `nama_pemilik`, `alamat`, `merk`, `tipe`, `model`, `tahun_pembuatan`, `isi_silinder`, `nomor_rangka`, `nomor_mesin`, `warna`, `bahan_bakar`, `warna_tnkb`, `tahun_registrasi`, `kode_lokasi`, `created_at`, `updated_at`) VALUES (\'\', \'\', \'\', \'\', \'\', \'Pilih\', \'\', \'\', \'\', \'\', \'\', \'Pilih\', \'Pilih Warna Plat Kendaraan\', \'\', \'\', \'2022-07-08 01:50:58\', \'2022-07-08 01:50:58\')')
 4 SYSTEMPATH\Database\BaseBuilder.php(1904): CodeIgniter\Database\BaseConnection->query('INSERT INTO `data_bpkb` (`nomor_registrasi`, `nama_pemilik`, `alamat`, `merk`, `tipe`, `model`, `tahun_pembuatan`, `isi_silinder`, `nomor_rangka`, `nomor_mesin`, `warna`, `bahan_bakar`, `warna_tnkb`, `tahun_registrasi`, `kode_lokasi`, `created_at`, `updated_at`) VALUES (:nomor_registrasi:, :nama_pemilik:, :alamat:, :merk:, :tipe:, :model:, :tahun_pembuatan:, :isi_silinder:, :nomor_rangka:, :nomor_mesin:, :warna:, :bahan_bakar:, :warna_tnkb:, :tahun_registrasi:, :kode_lokasi:, :created_at:, :updated_at:)', [...], false)
 5 SYSTEMPATH\Model.php(278): CodeIgniter\Database\BaseBuilder->insert()
 6 SYSTEMPATH\BaseModel.php(738): CodeIgniter\Model->doInsert([...])
 7 SYSTEMPATH\Model.php(666): CodeIgniter\BaseModel->insert([...], false)
 8 SYSTEMPATH\BaseModel.php(658): CodeIgniter\Model->insert([...], false)
 9 APPPATH\Controllers\Bpkb.php(67): CodeIgniter\BaseModel->save([...])
10 SYSTEMPATH\CodeIgniter.php(896): App\Controllers\Bpkb->save()
11 SYSTEMPATH\CodeIgniter.php(466): CodeIgniter\CodeIgniter->runController(Object(App\Controllers\Bpkb))
12 SYSTEMPATH\CodeIgniter.php(349): CodeIgniter\CodeIgniter->handleRequest(null, Object(Config\Cache), false)
13 FCPATH\index.php(55): CodeIgniter\CodeIgniter->run()
14 SYSTEMPATH\Commands\Server\rewrite.php(43): require_once('FCPATH\\index.php')
CRITICAL - 2022-07-08 01:54:54 --> Undefined variable: model
in APPPATH\Views\master_bpkb\edit_bpkb.php on line 40.
 1 APPPATH\Views\master_bpkb\edit_bpkb.php(40): CodeIgniter\Debug\Exceptions->errorHandler(8, 'Undefined variable: model', 'APPPATH\\Views\\master_bpkb\\edit_bpkb.php', 40, [...])
 2 SYSTEMPATH\View\View.php(213): include('APPPATH\\Views\\master_bpkb\\edit_bpkb.php')
 3 SYSTEMPATH\View\View.php(216): CodeIgniter\View\View->CodeIgniter\View\{closure}()
 4 SYSTEMPATH\Common.php(1135): CodeIgniter\View\View->render('master_bpkb/edit_bpkb', [], true)
 5 APPPATH\Controllers\Bpkb.php(83): view('master_bpkb/edit_bpkb', [...])
 6 SYSTEMPATH\CodeIgniter.php(896): App\Controllers\Bpkb->edit('20')
 7 SYSTEMPATH\CodeIgniter.php(466): CodeIgniter\CodeIgniter->runController(Object(App\Controllers\Bpkb))
 8 SYSTEMPATH\CodeIgniter.php(349): CodeIgniter\CodeIgniter->handleRequest(null, Object(Config\Cache), false)
 9 FCPATH\index.php(55): CodeIgniter\CodeIgniter->run()
10 SYSTEMPATH\Commands\Server\rewrite.php(43): require_once('FCPATH\\index.php')
CRITICAL - 2022-07-08 01:56:26 --> Undefined index: id
in APPPATH\Views\master_bpkb\edit_bpkb.php on line 6.
 1 APPPATH\Views\master_bpkb\edit_bpkb.php(6): CodeIgniter\Debug\Exceptions->errorHandler(8, 'Undefined index: id', 'APPPATH\\Views\\master_bpkb\\edit_bpkb.php', 6, [...])
 2 SYSTEMPATH\View\View.php(213): include('APPPATH\\Views\\master_bpkb\\edit_bpkb.php')
 3 SYSTEMPATH\View\View.php(216): CodeIgniter\View\View->CodeIgniter\View\{closure}()
 4 SYSTEMPATH\Common.php(1135): CodeIgniter\View\View->render('master_bpkb/edit_bpkb', [], true)
 5 APPPATH\Controllers\Bpkb.php(90): view('master_bpkb/edit_bpkb', [...])
 6 SYSTEMPATH\CodeIgniter.php(896): App\Controllers\Bpkb->edit('20')
 7 SYSTEMPATH\CodeIgniter.php(466): CodeIgniter\CodeIgniter->runController(Object(App\Controllers\Bpkb))
 8 SYSTEMPATH\CodeIgniter.php(349): CodeIgniter\CodeIgniter->handleRequest(null, Object(Config\Cache), false)
 9 FCPATH\index.php(55): CodeIgniter\CodeIgniter->run()
10 SYSTEMPATH\Commands\Server\rewrite.php(43): require_once('FCPATH\\index.php')
CRITICAL - 2022-07-08 02:02:46 --> Undefined index: id_warna_tnkb
in APPPATH\Views\master_bpkb\edit_bpkb.php on line 88.
 1 APPPATH\Views\master_bpkb\edit_bpkb.php(88): CodeIgniter\Debug\Exceptions->errorHandler(8, 'Undefined index: id_warna_tnkb', 'APPPATH\\Views\\master_bpkb\\edit_bpkb.php', 88, [...])
 2 SYSTEMPATH\View\View.php(213): include('APPPATH\\Views\\master_bpkb\\edit_bpkb.php')
 3 SYSTEMPATH\View\View.php(216): CodeIgniter\View\View->CodeIgniter\View\{closure}()
 4 SYSTEMPATH\Common.php(1135): CodeIgniter\View\View->render('master_bpkb/edit_bpkb', [], true)
 5 APPPATH\Controllers\Bpkb.php(90): view('master_bpkb/edit_bpkb', [...])
 6 SYSTEMPATH\CodeIgniter.php(896): App\Controllers\Bpkb->edit('20')
 7 SYSTEMPATH\CodeIgniter.php(466): CodeIgniter\CodeIgniter->runController(Object(App\Controllers\Bpkb))
 8 SYSTEMPATH\CodeIgniter.php(349): CodeIgniter\CodeIgniter->handleRequest(null, Object(Config\Cache), false)
 9 FCPATH\index.php(55): CodeIgniter\CodeIgniter->run()
10 SYSTEMPATH\Commands\Server\rewrite.php(43): require_once('FCPATH\\index.php')
CRITICAL - 2022-07-08 02:04:14 --> Undefined index: warna_tnkb
in APPPATH\Views\master_bpkb\edit_bpkb.php on line 88.
 1 APPPATH\Views\master_bpkb\edit_bpkb.php(88): CodeIgniter\Debug\Exceptions->errorHandler(8, 'Undefined index: warna_tnkb', 'APPPATH\\Views\\master_bpkb\\edit_bpkb.php', 88, [...])
 2 SYSTEMPATH\View\View.php(213): include('APPPATH\\Views\\master_bpkb\\edit_bpkb.php')
 3 SYSTEMPATH\View\View.php(216): CodeIgniter\View\View->CodeIgniter\View\{closure}()
 4 SYSTEMPATH\Common.php(1135): CodeIgniter\View\View->render('master_bpkb/edit_bpkb', [], true)
 5 APPPATH\Controllers\Bpkb.php(90): view('master_bpkb/edit_bpkb', [...])
 6 SYSTEMPATH\CodeIgniter.php(896): App\Controllers\Bpkb->edit('20')
 7 SYSTEMPATH\CodeIgniter.php(466): CodeIgniter\CodeIgniter->runController(Object(App\Controllers\Bpkb))
 8 SYSTEMPATH\CodeIgniter.php(349): CodeIgniter\CodeIgniter->handleRequest(null, Object(Config\Cache), false)
 9 FCPATH\index.php(55): CodeIgniter\CodeIgniter->run()
10 SYSTEMPATH\Commands\Server\rewrite.php(43): require_once('FCPATH\\index.php')
CRITICAL - 2022-07-08 03:19:12 --> Undefined index: warna_tnkb
in APPPATH\Views\master_bpkb\edit_bpkb.php on line 88.
 1 APPPATH\Views\master_bpkb\edit_bpkb.php(88): CodeIgniter\Debug\Exceptions->errorHandler(8, 'Undefined index: warna_tnkb', 'APPPATH\\Views\\master_bpkb\\edit_bpkb.php', 88, [...])
 2 SYSTEMPATH\View\View.php(213): include('APPPATH\\Views\\master_bpkb\\edit_bpkb.php')
 3 SYSTEMPATH\View\View.php(216): CodeIgniter\View\View->CodeIgniter\View\{closure}()
 4 SYSTEMPATH\Common.php(1135): CodeIgniter\View\View->render('master_bpkb/edit_bpkb', [], true)
 5 APPPATH\Controllers\Bpkb.php(92): view('master_bpkb/edit_bpkb', [...])
 6 SYSTEMPATH\CodeIgniter.php(896): App\Controllers\Bpkb->edit('20')
 7 SYSTEMPATH\CodeIgniter.php(466): CodeIgniter\CodeIgniter->runController(Object(App\Controllers\Bpkb))
 8 SYSTEMPATH\CodeIgniter.php(349): CodeIgniter\CodeIgniter->handleRequest(null, Object(Config\Cache), false)
 9 FCPATH\index.php(55): CodeIgniter\CodeIgniter->run()
10 SYSTEMPATH\Commands\Server\rewrite.php(43): require_once('FCPATH\\index.php')
CRITICAL - 2022-07-08 03:25:28 --> Undefined index: warna_tnkb
in APPPATH\Views\master_bpkb\edit_bpkb.php on line 88.
 1 APPPATH\Views\master_bpkb\edit_bpkb.php(88): CodeIgniter\Debug\Exceptions->errorHandler(8, 'Undefined index: warna_tnkb', 'APPPATH\\Views\\master_bpkb\\edit_bpkb.php', 88, [...])
 2 SYSTEMPATH\View\View.php(213): include('APPPATH\\Views\\master_bpkb\\edit_bpkb.php')
 3 SYSTEMPATH\View\View.php(216): CodeIgniter\View\View->CodeIgniter\View\{closure}()
 4 SYSTEMPATH\Common.php(1135): CodeIgniter\View\View->render('master_bpkb/edit_bpkb', [], true)
 5 APPPATH\Controllers\Bpkb.php(92): view('master_bpkb/edit_bpkb', [...])
 6 SYSTEMPATH\CodeIgniter.php(896): App\Controllers\Bpkb->edit('20')
 7 SYSTEMPATH\CodeIgniter.php(466): CodeIgniter\CodeIgniter->runController(Object(App\Controllers\Bpkb))
 8 SYSTEMPATH\CodeIgniter.php(349): CodeIgniter\CodeIgniter->handleRequest(null, Object(Config\Cache), false)
 9 FCPATH\index.php(55): CodeIgniter\CodeIgniter->run()
10 SYSTEMPATH\Commands\Server\rewrite.php(43): require_once('FCPATH\\index.php')
CRITICAL - 2022-07-08 03:31:11 --> Call to a member function getModelKendaraan() on array
in APPPATH\Controllers\Bpkb.php on line 76.
 1 SYSTEMPATH\CodeIgniter.php(896): App\Controllers\Bpkb->edit('20')
 2 SYSTEMPATH\CodeIgniter.php(466): CodeIgniter\CodeIgniter->runController(Object(App\Controllers\Bpkb))
 3 SYSTEMPATH\CodeIgniter.php(349): CodeIgniter\CodeIgniter->handleRequest(null, Object(Config\Cache), false)
 4 FCPATH\index.php(55): CodeIgniter\CodeIgniter->run()
 5 SYSTEMPATH\Commands\Server\rewrite.php(43): require_once('FCPATH\\index.php')
CRITICAL - 2022-07-08 03:31:26 --> Undefined index: warna_tnkb
in APPPATH\Views\master_bpkb\edit_bpkb.php on line 88.
 1 APPPATH\Views\master_bpkb\edit_bpkb.php(88): CodeIgniter\Debug\Exceptions->errorHandler(8, 'Undefined index: warna_tnkb', 'APPPATH\\Views\\master_bpkb\\edit_bpkb.php', 88, [...])
 2 SYSTEMPATH\View\View.php(213): include('APPPATH\\Views\\master_bpkb\\edit_bpkb.php')
 3 SYSTEMPATH\View\View.php(216): CodeIgniter\View\View->CodeIgniter\View\{closure}()
 4 SYSTEMPATH\Common.php(1135): CodeIgniter\View\View->render('master_bpkb/edit_bpkb', [], true)
 5 APPPATH\Controllers\Bpkb.php(92): view('master_bpkb/edit_bpkb', [...])
 6 SYSTEMPATH\CodeIgniter.php(896): App\Controllers\Bpkb->edit('20')
 7 SYSTEMPATH\CodeIgniter.php(466): CodeIgniter\CodeIgniter->runController(Object(App\Controllers\Bpkb))
 8 SYSTEMPATH\CodeIgniter.php(349): CodeIgniter\CodeIgniter->handleRequest(null, Object(Config\Cache), false)
 9 FCPATH\index.php(55): CodeIgniter\CodeIgniter->run()
10 SYSTEMPATH\Commands\Server\rewrite.php(43): require_once('FCPATH\\index.php')
CRITICAL - 2022-07-08 03:32:41 --> Undefined index: model
in APPPATH\Views\master_bpkb\edit_bpkb.php on line 39.
 1 APPPATH\Views\master_bpkb\edit_bpkb.php(39): CodeIgniter\Debug\Exceptions->errorHandler(8, 'Undefined index: model', 'APPPATH\\Views\\master_bpkb\\edit_bpkb.php', 39, [...])
 2 SYSTEMPATH\View\View.php(213): include('APPPATH\\Views\\master_bpkb\\edit_bpkb.php')
 3 SYSTEMPATH\View\View.php(216): CodeIgniter\View\View->CodeIgniter\View\{closure}()
 4 SYSTEMPATH\Common.php(1135): CodeIgniter\View\View->render('master_bpkb/edit_bpkb', [], true)
 5 APPPATH\Controllers\Bpkb.php(92): view('master_bpkb/edit_bpkb', [...])
 6 SYSTEMPATH\CodeIgniter.php(896): App\Controllers\Bpkb->edit('20')
 7 SYSTEMPATH\CodeIgniter.php(466): CodeIgniter\CodeIgniter->runController(Object(App\Controllers\Bpkb))
 8 SYSTEMPATH\CodeIgniter.php(349): CodeIgniter\CodeIgniter->handleRequest(null, Object(Config\Cache), false)
 9 FCPATH\index.php(55): CodeIgniter\CodeIgniter->run()
10 SYSTEMPATH\Commands\Server\rewrite.php(43): require_once('FCPATH\\index.php')
