CRITICAL - 2022-07-27 02:02:32 --> Class 'PHPSQLParser\PHPSQLParser' not found
in APPPATH\ThirdParty\codeigniter4-datatables\src\DataTableColumnDefs.php on line 246.
 1 APPPATH\ThirdParty\codeigniter4-datatables\src\DataTableColumnDefs.php(17): Hermawan\DataTables\DataTableColumnDefs->initFromBuilder(Object(CodeIgniter\Database\MySQLi\Builder))
 2 APPPATH\ThirdParty\codeigniter4-datatables\src\DataTable.php(35): Hermawan\DataTables\DataTableColumnDefs->__construct(Object(CodeIgniter\Database\MySQLi\Builder))
 3 APPPATH\ThirdParty\codeigniter4-datatables\src\DataTable.php(46): Hermawan\DataTables\DataTable->__construct(Object(CodeIgniter\Database\MySQLi\Builder))
 4 APPPATH\Controllers\Bpkb.php(46): Hermawan\DataTables\DataTable::of(Object(CodeIgniter\Database\MySQLi\Builder))
 5 SYSTEMPATH\CodeIgniter.php(896): App\Controllers\Bpkb->listData()
 6 SYSTEMPATH\CodeIgniter.php(466): CodeIgniter\CodeIgniter->runController(Object(App\Controllers\Bpkb))
 7 SYSTEMPATH\CodeIgniter.php(349): CodeIgniter\CodeIgniter->handleRequest(null, Object(Config\Cache), false)
 8 FCPATH\index.php(55): CodeIgniter\CodeIgniter->run()
 9 SYSTEMPATH\Commands\Server\rewrite.php(43): require_once('FCPATH\\index.php')
ERROR - 2022-07-27 09:50:38 --> Error connecting to the database: No connection could be made because the target machine actively refused it
CRITICAL - 2022-07-27 09:50:38 --> Unable to connect to the database.
Main connection [MySQLi]: No connection could be made because the target machine actively refused it
in SYSTEMPATH\Database\BaseConnection.php on line 416.
 1 SYSTEMPATH\Database\BaseConnection.php(586): CodeIgniter\Database\BaseConnection->initialize()
 2 SYSTEMPATH\Database\BaseBuilder.php(1585): CodeIgniter\Database\BaseConnection->query('SELECT *
FROM `data_bpkb`
JOIN `bpkb_bahan_bakar` ON `bpkb_bahan_bakar`.`id_bahan_bakar` = `data_bpkb`.`bahan_bakar`
JOIN `bpkb_model_kendaraan` ON `bpkb_model_kendaraan`.`id_model` = `data_bpkb`.`model`
JOIN `bpkb_warna_tnkb` ON `bpkb_warna_tnkb`.`id_warna_tnkb` = `data_bpkb`.`warna_tnkb`', [], false)
 3 APPPATH\Models\BpkbModel.php(22): CodeIgniter\Database\BaseBuilder->get()
 4 APPPATH\Controllers\Bpkb.php(25): App\Models\BpkbModel->getBpkb()
 5 SYSTEMPATH\CodeIgniter.php(896): App\Controllers\Bpkb->index()
 6 SYSTEMPATH\CodeIgniter.php(466): CodeIgniter\CodeIgniter->runController(Object(App\Controllers\Bpkb))
 7 SYSTEMPATH\CodeIgniter.php(349): CodeIgniter\CodeIgniter->handleRequest(null, Object(Config\Cache), false)
 8 FCPATH\index.php(55): CodeIgniter\CodeIgniter->run()
 9 SYSTEMPATH\Commands\Server\rewrite.php(43): require_once('FCPATH\\index.php')
ERROR - 2022-07-27 10:19:12 --> Table 'peminjaman_bpkb.peminjam_status_kendaraan' doesn't exist
CRITICAL - 2022-07-27 10:19:12 --> Table 'peminjaman_bpkb.peminjam_status_kendaraan' doesn't exist
in SYSTEMPATH\Database\MySQLi\Connection.php on line 292.
 1 SYSTEMPATH\Database\MySQLi\Connection.php(292): mysqli->query('SELECT *
FROM `peminjam_status_kendaraan`', 0)
 2 SYSTEMPATH\Database\BaseConnection.php(695): CodeIgniter\Database\MySQLi\Connection->execute('SELECT *
FROM `peminjam_status_kendaraan`')
 3 SYSTEMPATH\Database\BaseConnection.php(609): CodeIgniter\Database\BaseConnection->simpleQuery('SELECT *
FROM `peminjam_status_kendaraan`')
 4 SYSTEMPATH\Database\BaseBuilder.php(1585): CodeIgniter\Database\BaseConnection->query('SELECT *
FROM `peminjam_status_kendaraan`', [], false)
 5 APPPATH\Models\PeminjamModel.php(35): CodeIgniter\Database\BaseBuilder->get()
 6 APPPATH\Controllers\Peminjam.php(61): App\Models\PeminjamModel->getStatusKendaraan()
 7 SYSTEMPATH\CodeIgniter.php(896): App\Controllers\Peminjam->create()
 8 SYSTEMPATH\CodeIgniter.php(466): CodeIgniter\CodeIgniter->runController(Object(App\Controllers\Peminjam))
 9 SYSTEMPATH\CodeIgniter.php(349): CodeIgniter\CodeIgniter->handleRequest(null, Object(Config\Cache), false)
10 FCPATH\index.php(55): CodeIgniter\CodeIgniter->run()
11 SYSTEMPATH\Commands\Server\rewrite.php(43): require_once('FCPATH\\index.php')
ERROR - 2022-07-27 10:30:27 --> Table 'peminjaman_bpkb.peminjam_status_kendaraan' doesn't exist
CRITICAL - 2022-07-27 10:30:27 --> Table 'peminjaman_bpkb.peminjam_status_kendaraan' doesn't exist
in SYSTEMPATH\Database\MySQLi\Connection.php on line 292.
 1 SYSTEMPATH\Database\MySQLi\Connection.php(292): mysqli->query('SELECT *
FROM `peminjam_status_kendaraan`', 0)
 2 SYSTEMPATH\Database\BaseConnection.php(695): CodeIgniter\Database\MySQLi\Connection->execute('SELECT *
FROM `peminjam_status_kendaraan`')
 3 SYSTEMPATH\Database\BaseConnection.php(609): CodeIgniter\Database\BaseConnection->simpleQuery('SELECT *
FROM `peminjam_status_kendaraan`')
 4 SYSTEMPATH\Database\BaseBuilder.php(1585): CodeIgniter\Database\BaseConnection->query('SELECT *
FROM `peminjam_status_kendaraan`', [], false)
 5 APPPATH\Models\PeminjamModel.php(35): CodeIgniter\Database\BaseBuilder->get()
 6 APPPATH\Controllers\Peminjam.php(61): App\Models\PeminjamModel->getStatusKendaraan()
 7 SYSTEMPATH\CodeIgniter.php(896): App\Controllers\Peminjam->create()
 8 SYSTEMPATH\CodeIgniter.php(466): CodeIgniter\CodeIgniter->runController(Object(App\Controllers\Peminjam))
 9 SYSTEMPATH\CodeIgniter.php(349): CodeIgniter\CodeIgniter->handleRequest(null, Object(Config\Cache), false)
10 FCPATH\index.php(55): CodeIgniter\CodeIgniter->run()
11 SYSTEMPATH\Commands\Server\rewrite.php(43): require_once('FCPATH\\index.php')
ERROR - 2022-07-27 10:30:29 --> Table 'peminjaman_bpkb.peminjam_status_kendaraan' doesn't exist
CRITICAL - 2022-07-27 10:30:29 --> Table 'peminjaman_bpkb.peminjam_status_kendaraan' doesn't exist
in SYSTEMPATH\Database\MySQLi\Connection.php on line 292.
 1 SYSTEMPATH\Database\MySQLi\Connection.php(292): mysqli->query('SELECT *
FROM `peminjam_status_kendaraan`', 0)
 2 SYSTEMPATH\Database\BaseConnection.php(695): CodeIgniter\Database\MySQLi\Connection->execute('SELECT *
FROM `peminjam_status_kendaraan`')
 3 SYSTEMPATH\Database\BaseConnection.php(609): CodeIgniter\Database\BaseConnection->simpleQuery('SELECT *
FROM `peminjam_status_kendaraan`')
 4 SYSTEMPATH\Database\BaseBuilder.php(1585): CodeIgniter\Database\BaseConnection->query('SELECT *
FROM `peminjam_status_kendaraan`', [], false)
 5 APPPATH\Models\PeminjamModel.php(35): CodeIgniter\Database\BaseBuilder->get()
 6 APPPATH\Controllers\Peminjam.php(61): App\Models\PeminjamModel->getStatusKendaraan()
 7 SYSTEMPATH\CodeIgniter.php(896): App\Controllers\Peminjam->create()
 8 SYSTEMPATH\CodeIgniter.php(466): CodeIgniter\CodeIgniter->runController(Object(App\Controllers\Peminjam))
 9 SYSTEMPATH\CodeIgniter.php(349): CodeIgniter\CodeIgniter->handleRequest(null, Object(Config\Cache), false)
10 FCPATH\index.php(55): CodeIgniter\CodeIgniter->run()
11 SYSTEMPATH\Commands\Server\rewrite.php(43): require_once('FCPATH\\index.php')
ERROR - 2022-07-27 10:30:30 --> Table 'peminjaman_bpkb.peminjam_status_kendaraan' doesn't exist
CRITICAL - 2022-07-27 10:30:30 --> Table 'peminjaman_bpkb.peminjam_status_kendaraan' doesn't exist
in SYSTEMPATH\Database\MySQLi\Connection.php on line 292.
 1 SYSTEMPATH\Database\MySQLi\Connection.php(292): mysqli->query('SELECT *
FROM `peminjam_status_kendaraan`', 0)
 2 SYSTEMPATH\Database\BaseConnection.php(695): CodeIgniter\Database\MySQLi\Connection->execute('SELECT *
FROM `peminjam_status_kendaraan`')
 3 SYSTEMPATH\Database\BaseConnection.php(609): CodeIgniter\Database\BaseConnection->simpleQuery('SELECT *
FROM `peminjam_status_kendaraan`')
 4 SYSTEMPATH\Database\BaseBuilder.php(1585): CodeIgniter\Database\BaseConnection->query('SELECT *
FROM `peminjam_status_kendaraan`', [], false)
 5 APPPATH\Models\PeminjamModel.php(35): CodeIgniter\Database\BaseBuilder->get()
 6 APPPATH\Controllers\Peminjam.php(61): App\Models\PeminjamModel->getStatusKendaraan()
 7 SYSTEMPATH\CodeIgniter.php(896): App\Controllers\Peminjam->create()
 8 SYSTEMPATH\CodeIgniter.php(466): CodeIgniter\CodeIgniter->runController(Object(App\Controllers\Peminjam))
 9 SYSTEMPATH\CodeIgniter.php(349): CodeIgniter\CodeIgniter->handleRequest(null, Object(Config\Cache), false)
10 FCPATH\index.php(55): CodeIgniter\CodeIgniter->run()
11 SYSTEMPATH\Commands\Server\rewrite.php(43): require_once('FCPATH\\index.php')
ERROR - 2022-07-27 10:30:35 --> Table 'peminjaman_bpkb.peminjam_status_kendaraan' doesn't exist
CRITICAL - 2022-07-27 10:30:35 --> Table 'peminjaman_bpkb.peminjam_status_kendaraan' doesn't exist
in SYSTEMPATH\Database\MySQLi\Connection.php on line 292.
 1 SYSTEMPATH\Database\MySQLi\Connection.php(292): mysqli->query('SELECT *
FROM `peminjam_status_kendaraan`', 0)
 2 SYSTEMPATH\Database\BaseConnection.php(695): CodeIgniter\Database\MySQLi\Connection->execute('SELECT *
FROM `peminjam_status_kendaraan`')
 3 SYSTEMPATH\Database\BaseConnection.php(609): CodeIgniter\Database\BaseConnection->simpleQuery('SELECT *
FROM `peminjam_status_kendaraan`')
 4 SYSTEMPATH\Database\BaseBuilder.php(1585): CodeIgniter\Database\BaseConnection->query('SELECT *
FROM `peminjam_status_kendaraan`', [], false)
 5 APPPATH\Models\PeminjamModel.php(35): CodeIgniter\Database\BaseBuilder->get()
 6 APPPATH\Controllers\Peminjam.php(61): App\Models\PeminjamModel->getStatusKendaraan()
 7 SYSTEMPATH\CodeIgniter.php(896): App\Controllers\Peminjam->create()
 8 SYSTEMPATH\CodeIgniter.php(466): CodeIgniter\CodeIgniter->runController(Object(App\Controllers\Peminjam))
 9 SYSTEMPATH\CodeIgniter.php(349): CodeIgniter\CodeIgniter->handleRequest(null, Object(Config\Cache), false)
10 FCPATH\index.php(55): CodeIgniter\CodeIgniter->run()
11 SYSTEMPATH\Commands\Server\rewrite.php(43): require_once('FCPATH\\index.php')
CRITICAL - 2022-07-27 10:31:06 --> Call to undefined method App\Models\PeminjamModel::getStatusKendaraan
in SYSTEMPATH\Model.php on line 773.
 1 APPPATH\Controllers\Peminjam.php(61): CodeIgniter\Model->__call('getStatusKendaraan', [])
 2 SYSTEMPATH\CodeIgniter.php(896): App\Controllers\Peminjam->create()
 3 SYSTEMPATH\CodeIgniter.php(466): CodeIgniter\CodeIgniter->runController(Object(App\Controllers\Peminjam))
 4 SYSTEMPATH\CodeIgniter.php(349): CodeIgniter\CodeIgniter->handleRequest(null, Object(Config\Cache), false)
 5 FCPATH\index.php(55): CodeIgniter\CodeIgniter->run()
 6 SYSTEMPATH\Commands\Server\rewrite.php(43): require_once('FCPATH\\index.php')
CRITICAL - 2022-07-27 10:31:07 --> Call to undefined method App\Models\PeminjamModel::getStatusKendaraan
in SYSTEMPATH\Model.php on line 773.
 1 APPPATH\Controllers\Peminjam.php(61): CodeIgniter\Model->__call('getStatusKendaraan', [])
 2 SYSTEMPATH\CodeIgniter.php(896): App\Controllers\Peminjam->create()
 3 SYSTEMPATH\CodeIgniter.php(466): CodeIgniter\CodeIgniter->runController(Object(App\Controllers\Peminjam))
 4 SYSTEMPATH\CodeIgniter.php(349): CodeIgniter\CodeIgniter->handleRequest(null, Object(Config\Cache), false)
 5 FCPATH\index.php(55): CodeIgniter\CodeIgniter->run()
 6 SYSTEMPATH\Commands\Server\rewrite.php(43): require_once('FCPATH\\index.php')
ERROR - 2022-07-27 11:30:07 --> Unknown column 'data_peminjam.lokasi_kendaraan' in 'on clause'
CRITICAL - 2022-07-27 11:30:07 --> Unknown column 'data_peminjam.lokasi_kendaraan' in 'on clause'
in SYSTEMPATH\Database\MySQLi\Connection.php on line 292.
 1 SYSTEMPATH\Database\MySQLi\Connection.php(292): mysqli->query('SELECT *
FROM `data_bpkb`
JOIN `peminjam_lokasi` ON `peminjam_lokasi`.`id_lokasi` = `data_peminjam`.`lokasi_kendaraan`
JOIN `peminjam_status_kendaraan` ON `peminjam_status_kendaraan`.`id_kendaraan` = `data_peminjam`.`status_kendaraan`', 0)
 2 SYSTEMPATH\Database\BaseConnection.php(695): CodeIgniter\Database\MySQLi\Connection->execute('SELECT *
FROM `data_bpkb`
JOIN `peminjam_lokasi` ON `peminjam_lokasi`.`id_lokasi` = `data_peminjam`.`lokasi_kendaraan`
JOIN `peminjam_status_kendaraan` ON `peminjam_status_kendaraan`.`id_kendaraan` = `data_peminjam`.`status_kendaraan`')
 3 SYSTEMPATH\Database\BaseConnection.php(609): CodeIgniter\Database\BaseConnection->simpleQuery('SELECT *
FROM `data_bpkb`
JOIN `peminjam_lokasi` ON `peminjam_lokasi`.`id_lokasi` = `data_peminjam`.`lokasi_kendaraan`
JOIN `peminjam_status_kendaraan` ON `peminjam_status_kendaraan`.`id_kendaraan` = `data_peminjam`.`status_kendaraan`')
 4 SYSTEMPATH\Database\BaseBuilder.php(1585): CodeIgniter\Database\BaseConnection->query('SELECT *
FROM `data_bpkb`
JOIN `peminjam_lokasi` ON `peminjam_lokasi`.`id_lokasi` = `data_peminjam`.`lokasi_kendaraan`
JOIN `peminjam_status_kendaraan` ON `peminjam_status_kendaraan`.`id_kendaraan` = `data_peminjam`.`status_kendaraan`', [], false)
 5 APPPATH\Models\PeminjamModel.php(20): CodeIgniter\Database\BaseBuilder->get()
 6 APPPATH\Controllers\Peminjam.php(25): App\Models\PeminjamModel->getPeminjam()
 7 SYSTEMPATH\CodeIgniter.php(896): App\Controllers\Peminjam->index()
 8 SYSTEMPATH\CodeIgniter.php(466): CodeIgniter\CodeIgniter->runController(Object(App\Controllers\Peminjam))
 9 SYSTEMPATH\CodeIgniter.php(349): CodeIgniter\CodeIgniter->handleRequest(null, Object(Config\Cache), false)
10 FCPATH\index.php(55): CodeIgniter\CodeIgniter->run()
11 SYSTEMPATH\Commands\Server\rewrite.php(43): require_once('FCPATH\\index.php')
ERROR - 2022-07-27 11:32:13 --> Unknown column 'data_peminjam.lokasi_kendaraan' in 'on clause'
CRITICAL - 2022-07-27 11:32:13 --> Unknown column 'data_peminjam.lokasi_kendaraan' in 'on clause'
in SYSTEMPATH\Database\MySQLi\Connection.php on line 292.
 1 SYSTEMPATH\Database\MySQLi\Connection.php(292): mysqli->query('SELECT *
FROM `data_bpkb`
JOIN `peminjam_lokasi` ON `peminjam_lokasi`.`id_lokasi` = `data_peminjam`.`lokasi_kendaraan`
JOIN `peminjam_status_kendaraan` ON `peminjam_status_kendaraan`.`id_kendaraan` = `data_peminjam`.`status_kendaraan`', 0)
 2 SYSTEMPATH\Database\BaseConnection.php(695): CodeIgniter\Database\MySQLi\Connection->execute('SELECT *
FROM `data_bpkb`
JOIN `peminjam_lokasi` ON `peminjam_lokasi`.`id_lokasi` = `data_peminjam`.`lokasi_kendaraan`
JOIN `peminjam_status_kendaraan` ON `peminjam_status_kendaraan`.`id_kendaraan` = `data_peminjam`.`status_kendaraan`')
 3 SYSTEMPATH\Database\BaseConnection.php(609): CodeIgniter\Database\BaseConnection->simpleQuery('SELECT *
FROM `data_bpkb`
JOIN `peminjam_lokasi` ON `peminjam_lokasi`.`id_lokasi` = `data_peminjam`.`lokasi_kendaraan`
JOIN `peminjam_status_kendaraan` ON `peminjam_status_kendaraan`.`id_kendaraan` = `data_peminjam`.`status_kendaraan`')
 4 SYSTEMPATH\Database\BaseBuilder.php(1585): CodeIgniter\Database\BaseConnection->query('SELECT *
FROM `data_bpkb`
JOIN `peminjam_lokasi` ON `peminjam_lokasi`.`id_lokasi` = `data_peminjam`.`lokasi_kendaraan`
JOIN `peminjam_status_kendaraan` ON `peminjam_status_kendaraan`.`id_kendaraan` = `data_peminjam`.`status_kendaraan`', [], false)
 5 APPPATH\Models\PeminjamModel.php(20): CodeIgniter\Database\BaseBuilder->get()
 6 APPPATH\Controllers\Peminjam.php(25): App\Models\PeminjamModel->getPeminjam()
 7 SYSTEMPATH\CodeIgniter.php(896): App\Controllers\Peminjam->index()
 8 SYSTEMPATH\CodeIgniter.php(466): CodeIgniter\CodeIgniter->runController(Object(App\Controllers\Peminjam))
 9 SYSTEMPATH\CodeIgniter.php(349): CodeIgniter\CodeIgniter->handleRequest(null, Object(Config\Cache), false)
10 FCPATH\index.php(55): CodeIgniter\CodeIgniter->run()
11 SYSTEMPATH\Commands\Server\rewrite.php(43): require_once('FCPATH\\index.php')
ERROR - 2022-07-27 11:32:14 --> Unknown column 'data_peminjam.lokasi_kendaraan' in 'on clause'
CRITICAL - 2022-07-27 11:32:14 --> Unknown column 'data_peminjam.lokasi_kendaraan' in 'on clause'
in SYSTEMPATH\Database\MySQLi\Connection.php on line 292.
 1 SYSTEMPATH\Database\MySQLi\Connection.php(292): mysqli->query('SELECT *
FROM `data_bpkb`
JOIN `peminjam_lokasi` ON `peminjam_lokasi`.`id_lokasi` = `data_peminjam`.`lokasi_kendaraan`
JOIN `peminjam_status_kendaraan` ON `peminjam_status_kendaraan`.`id_kendaraan` = `data_peminjam`.`status_kendaraan`', 0)
 2 SYSTEMPATH\Database\BaseConnection.php(695): CodeIgniter\Database\MySQLi\Connection->execute('SELECT *
FROM `data_bpkb`
JOIN `peminjam_lokasi` ON `peminjam_lokasi`.`id_lokasi` = `data_peminjam`.`lokasi_kendaraan`
JOIN `peminjam_status_kendaraan` ON `peminjam_status_kendaraan`.`id_kendaraan` = `data_peminjam`.`status_kendaraan`')
 3 SYSTEMPATH\Database\BaseConnection.php(609): CodeIgniter\Database\BaseConnection->simpleQuery('SELECT *
FROM `data_bpkb`
JOIN `peminjam_lokasi` ON `peminjam_lokasi`.`id_lokasi` = `data_peminjam`.`lokasi_kendaraan`
JOIN `peminjam_status_kendaraan` ON `peminjam_status_kendaraan`.`id_kendaraan` = `data_peminjam`.`status_kendaraan`')
 4 SYSTEMPATH\Database\BaseBuilder.php(1585): CodeIgniter\Database\BaseConnection->query('SELECT *
FROM `data_bpkb`
JOIN `peminjam_lokasi` ON `peminjam_lokasi`.`id_lokasi` = `data_peminjam`.`lokasi_kendaraan`
JOIN `peminjam_status_kendaraan` ON `peminjam_status_kendaraan`.`id_kendaraan` = `data_peminjam`.`status_kendaraan`', [], false)
 5 APPPATH\Models\PeminjamModel.php(20): CodeIgniter\Database\BaseBuilder->get()
 6 APPPATH\Controllers\Peminjam.php(25): App\Models\PeminjamModel->getPeminjam()
 7 SYSTEMPATH\CodeIgniter.php(896): App\Controllers\Peminjam->index()
 8 SYSTEMPATH\CodeIgniter.php(466): CodeIgniter\CodeIgniter->runController(Object(App\Controllers\Peminjam))
 9 SYSTEMPATH\CodeIgniter.php(349): CodeIgniter\CodeIgniter->handleRequest(null, Object(Config\Cache), false)
10 FCPATH\index.php(55): CodeIgniter\CodeIgniter->run()
11 SYSTEMPATH\Commands\Server\rewrite.php(43): require_once('FCPATH\\index.php')
ERROR - 2022-07-27 11:41:22 --> Unknown column 'data_peminjam.lokasi_kendaraan' in 'on clause'
CRITICAL - 2022-07-27 11:41:22 --> Unknown column 'data_peminjam.lokasi_kendaraan' in 'on clause'
in SYSTEMPATH\Database\MySQLi\Connection.php on line 292.
 1 SYSTEMPATH\Database\MySQLi\Connection.php(292): mysqli->query('SELECT *
FROM `data_bpkb`
JOIN `peminjam_lokasi` ON `peminjam_lokasi`.`id_lokasi` = `data_peminjam`.`lokasi_kendaraan`
JOIN `peminjam_status_kendaraan` ON `peminjam_status_kendaraan`.`id_kendaraan` = `data_peminjam`.`status_kendaraan`', 0)
 2 SYSTEMPATH\Database\BaseConnection.php(695): CodeIgniter\Database\MySQLi\Connection->execute('SELECT *
FROM `data_bpkb`
JOIN `peminjam_lokasi` ON `peminjam_lokasi`.`id_lokasi` = `data_peminjam`.`lokasi_kendaraan`
JOIN `peminjam_status_kendaraan` ON `peminjam_status_kendaraan`.`id_kendaraan` = `data_peminjam`.`status_kendaraan`')
 3 SYSTEMPATH\Database\BaseConnection.php(609): CodeIgniter\Database\BaseConnection->simpleQuery('SELECT *
FROM `data_bpkb`
JOIN `peminjam_lokasi` ON `peminjam_lokasi`.`id_lokasi` = `data_peminjam`.`lokasi_kendaraan`
JOIN `peminjam_status_kendaraan` ON `peminjam_status_kendaraan`.`id_kendaraan` = `data_peminjam`.`status_kendaraan`')
 4 SYSTEMPATH\Database\BaseBuilder.php(1585): CodeIgniter\Database\BaseConnection->query('SELECT *
FROM `data_bpkb`
JOIN `peminjam_lokasi` ON `peminjam_lokasi`.`id_lokasi` = `data_peminjam`.`lokasi_kendaraan`
JOIN `peminjam_status_kendaraan` ON `peminjam_status_kendaraan`.`id_kendaraan` = `data_peminjam`.`status_kendaraan`', [], false)
 5 APPPATH\Models\PeminjamModel.php(20): CodeIgniter\Database\BaseBuilder->get()
 6 APPPATH\Controllers\Peminjam.php(25): App\Models\PeminjamModel->getPeminjaman()
 7 SYSTEMPATH\CodeIgniter.php(896): App\Controllers\Peminjam->index()
 8 SYSTEMPATH\CodeIgniter.php(466): CodeIgniter\CodeIgniter->runController(Object(App\Controllers\Peminjam))
 9 SYSTEMPATH\CodeIgniter.php(349): CodeIgniter\CodeIgniter->handleRequest(null, Object(Config\Cache), false)
10 FCPATH\index.php(55): CodeIgniter\CodeIgniter->run()
11 SYSTEMPATH\Commands\Server\rewrite.php(43): require_once('FCPATH\\index.php')
CRITICAL - 2022-07-27 11:57:53 --> Call to undefined method App\Models\BpkbModel::getLokasiKendaraan
in SYSTEMPATH\Model.php on line 773.
 1 APPPATH\Controllers\Peminjam.php(63): CodeIgniter\Model->__call('getLokasiKendaraan', [])
 2 SYSTEMPATH\CodeIgniter.php(896): App\Controllers\Peminjam->create()
 3 SYSTEMPATH\CodeIgniter.php(466): CodeIgniter\CodeIgniter->runController(Object(App\Controllers\Peminjam))
 4 SYSTEMPATH\CodeIgniter.php(349): CodeIgniter\CodeIgniter->handleRequest(null, Object(Config\Cache), false)
 5 FCPATH\index.php(55): CodeIgniter\CodeIgniter->run()
 6 SYSTEMPATH\Commands\Server\rewrite.php(43): require_once('FCPATH\\index.php')
