ERROR - 2022-09-12 01:27:55 --> Error connecting to the database: No connection could be made because the target machine actively refused it.

CRITICAL - 2022-09-12 01:27:55 --> Unable to connect to the database.
Main connection [MySQLi]: No connection could be made because the target machine actively refused it.

in SYSTEMPATH\Database\BaseConnection.php on line 416.
 1 SYSTEMPATH\Database\BaseConnection.php(586): CodeIgniter\Database\BaseConnection->initialize()
 2 SYSTEMPATH\Database\BaseBuilder.php(1585): CodeIgniter\Database\BaseConnection->query('SELECT *
FROM `data_bpkb`
JOIN `bpkb_bahan_bakar` ON `bpkb_bahan_bakar`.`id_bahan_bakar` = `data_bpkb`.`bahan_bakar`
JOIN `bpkb_model_kendaraan` ON `bpkb_model_kendaraan`.`id_model` = `data_bpkb`.`model`
JOIN `bpkb_warna_tnkb` ON `bpkb_warna_tnkb`.`id_warna_tnkb` = `data_bpkb`.`warna_tnkb`
WHERE `isActive` = :isActive:', [...], false)
 3 APPPATH\Models\BpkbModel.php(23): CodeIgniter\Database\BaseBuilder->get()
 4 APPPATH\Controllers\Bpkb.php(28): App\Models\BpkbModel->getBpkb()
 5 SYSTEMPATH\CodeIgniter.php(896): App\Controllers\Bpkb->home()
 6 SYSTEMPATH\CodeIgniter.php(466): CodeIgniter\CodeIgniter->runController(Object(App\Controllers\Bpkb))
 7 SYSTEMPATH\CodeIgniter.php(349): CodeIgniter\CodeIgniter->handleRequest(null, Object(Config\Cache), false)
 8 FCPATH\index.php(55): CodeIgniter\CodeIgniter->run()
 9 SYSTEMPATH\Commands\Server\rewrite.php(43): require_once('FCPATH\\index.php')
ERROR - 2022-09-12 01:36:30 --> Column 'lokasi_kendaraan' in field list is ambiguous
CRITICAL - 2022-09-12 01:36:30 --> Column 'lokasi_kendaraan' in field list is ambiguous
in SYSTEMPATH\Database\MySQLi\Connection.php on line 292.
 1 SYSTEMPATH\Database\MySQLi\Connection.php(292): mysqli->query('SELECT `nama_lengkap`, `nik`, `data_bpkb`.`id_bpkb`, `data_bpkb`.`nomor_registrasi`, `nama_petugas_pinjam`, `nip_petugas_pinjam`, `nama_petugas_kembali`, `nip_petugas_kembali`, `nomor_surat`, `tgl_pinjam`, `tgl_kembali`, `data_peminjam`.`status`, `ket_lokasi`, `lokasi_kendaraan`, `status_kendaraan`
FROM `data_peminjam`
JOIN `data_bpkb` ON `data_bpkb`.`id_bpkb` = `data_peminjam`.`id_bpkb`
WHERE `id_peminjam` = \'45\'', 0)
 2 SYSTEMPATH\Database\BaseConnection.php(695): CodeIgniter\Database\MySQLi\Connection->execute('SELECT `nama_lengkap`, `nik`, `data_bpkb`.`id_bpkb`, `data_bpkb`.`nomor_registrasi`, `nama_petugas_pinjam`, `nip_petugas_pinjam`, `nama_petugas_kembali`, `nip_petugas_kembali`, `nomor_surat`, `tgl_pinjam`, `tgl_kembali`, `data_peminjam`.`status`, `ket_lokasi`, `lokasi_kendaraan`, `status_kendaraan`
FROM `data_peminjam`
JOIN `data_bpkb` ON `data_bpkb`.`id_bpkb` = `data_peminjam`.`id_bpkb`
WHERE `id_peminjam` = \'45\'')
 3 SYSTEMPATH\Database\BaseConnection.php(609): CodeIgniter\Database\BaseConnection->simpleQuery('SELECT `nama_lengkap`, `nik`, `data_bpkb`.`id_bpkb`, `data_bpkb`.`nomor_registrasi`, `nama_petugas_pinjam`, `nip_petugas_pinjam`, `nama_petugas_kembali`, `nip_petugas_kembali`, `nomor_surat`, `tgl_pinjam`, `tgl_kembali`, `data_peminjam`.`status`, `ket_lokasi`, `lokasi_kendaraan`, `status_kendaraan`
FROM `data_peminjam`
JOIN `data_bpkb` ON `data_bpkb`.`id_bpkb` = `data_peminjam`.`id_bpkb`
WHERE `id_peminjam` = \'45\'')
 4 SYSTEMPATH\Database\BaseBuilder.php(1585): CodeIgniter\Database\BaseConnection->query('SELECT `nama_lengkap`, `nik`, `data_bpkb`.`id_bpkb`, `data_bpkb`.`nomor_registrasi`, `nama_petugas_pinjam`, `nip_petugas_pinjam`, `nama_petugas_kembali`, `nip_petugas_kembali`, `nomor_surat`, `tgl_pinjam`, `tgl_kembali`, `data_peminjam`.`status`, `ket_lokasi`, `lokasi_kendaraan`, `status_kendaraan`
FROM `data_peminjam`
JOIN `data_bpkb` ON `data_bpkb`.`id_bpkb` = `data_peminjam`.`id_bpkb`
WHERE `id_peminjam` = :id_peminjam:', [...], false)
 5 APPPATH\Models\PeminjamModel.php(60): CodeIgniter\Database\BaseBuilder->get()
 6 APPPATH\Controllers\Peminjam.php(269): App\Models\PeminjamModel->getDetail('45')
 7 SYSTEMPATH\CodeIgniter.php(896): App\Controllers\Peminjam->detail('45')
 8 SYSTEMPATH\CodeIgniter.php(466): CodeIgniter\CodeIgniter->runController(Object(App\Controllers\Peminjam))
 9 SYSTEMPATH\CodeIgniter.php(349): CodeIgniter\CodeIgniter->handleRequest(null, Object(Config\Cache), false)
10 FCPATH\index.php(55): CodeIgniter\CodeIgniter->run()
11 SYSTEMPATH\Commands\Server\rewrite.php(43): require_once('FCPATH\\index.php')
ERROR - 2022-09-12 01:36:36 --> Column 'lokasi_kendaraan' in field list is ambiguous
CRITICAL - 2022-09-12 01:36:36 --> Column 'lokasi_kendaraan' in field list is ambiguous
in SYSTEMPATH\Database\MySQLi\Connection.php on line 292.
 1 SYSTEMPATH\Database\MySQLi\Connection.php(292): mysqli->query('SELECT `nama_lengkap`, `nik`, `data_bpkb`.`id_bpkb`, `data_bpkb`.`nomor_registrasi`, `nama_petugas_pinjam`, `nip_petugas_pinjam`, `nama_petugas_kembali`, `nip_petugas_kembali`, `nomor_surat`, `tgl_pinjam`, `tgl_kembali`, `data_peminjam`.`status`, `ket_lokasi`, `lokasi_kendaraan`, `status_kendaraan`
FROM `data_peminjam`
JOIN `data_bpkb` ON `data_bpkb`.`id_bpkb` = `data_peminjam`.`id_bpkb`
WHERE `id_peminjam` = \'45\'', 0)
 2 SYSTEMPATH\Database\BaseConnection.php(695): CodeIgniter\Database\MySQLi\Connection->execute('SELECT `nama_lengkap`, `nik`, `data_bpkb`.`id_bpkb`, `data_bpkb`.`nomor_registrasi`, `nama_petugas_pinjam`, `nip_petugas_pinjam`, `nama_petugas_kembali`, `nip_petugas_kembali`, `nomor_surat`, `tgl_pinjam`, `tgl_kembali`, `data_peminjam`.`status`, `ket_lokasi`, `lokasi_kendaraan`, `status_kendaraan`
FROM `data_peminjam`
JOIN `data_bpkb` ON `data_bpkb`.`id_bpkb` = `data_peminjam`.`id_bpkb`
WHERE `id_peminjam` = \'45\'')
 3 SYSTEMPATH\Database\BaseConnection.php(609): CodeIgniter\Database\BaseConnection->simpleQuery('SELECT `nama_lengkap`, `nik`, `data_bpkb`.`id_bpkb`, `data_bpkb`.`nomor_registrasi`, `nama_petugas_pinjam`, `nip_petugas_pinjam`, `nama_petugas_kembali`, `nip_petugas_kembali`, `nomor_surat`, `tgl_pinjam`, `tgl_kembali`, `data_peminjam`.`status`, `ket_lokasi`, `lokasi_kendaraan`, `status_kendaraan`
FROM `data_peminjam`
JOIN `data_bpkb` ON `data_bpkb`.`id_bpkb` = `data_peminjam`.`id_bpkb`
WHERE `id_peminjam` = \'45\'')
 4 SYSTEMPATH\Database\BaseBuilder.php(1585): CodeIgniter\Database\BaseConnection->query('SELECT `nama_lengkap`, `nik`, `data_bpkb`.`id_bpkb`, `data_bpkb`.`nomor_registrasi`, `nama_petugas_pinjam`, `nip_petugas_pinjam`, `nama_petugas_kembali`, `nip_petugas_kembali`, `nomor_surat`, `tgl_pinjam`, `tgl_kembali`, `data_peminjam`.`status`, `ket_lokasi`, `lokasi_kendaraan`, `status_kendaraan`
FROM `data_peminjam`
JOIN `data_bpkb` ON `data_bpkb`.`id_bpkb` = `data_peminjam`.`id_bpkb`
WHERE `id_peminjam` = :id_peminjam:', [...], false)
 5 APPPATH\Models\PeminjamModel.php(60): CodeIgniter\Database\BaseBuilder->get()
 6 APPPATH\Controllers\Peminjam.php(269): App\Models\PeminjamModel->getDetail('45')
 7 SYSTEMPATH\CodeIgniter.php(896): App\Controllers\Peminjam->detail('45')
 8 SYSTEMPATH\CodeIgniter.php(466): CodeIgniter\CodeIgniter->runController(Object(App\Controllers\Peminjam))
 9 SYSTEMPATH\CodeIgniter.php(349): CodeIgniter\CodeIgniter->handleRequest(null, Object(Config\Cache), false)
10 FCPATH\index.php(55): CodeIgniter\CodeIgniter->run()
11 SYSTEMPATH\Commands\Server\rewrite.php(43): require_once('FCPATH\\index.php')
