CRITICAL - 2022-09-23 10:06:56 --> Call to undefined method CodeIgniter\View\View::now()
in APPPATH\Views\peminjam_bpkb\print_pengantar_5.php on line 143.
 1 SYSTEMPATH\View\View.php(213): include()
 2 SYSTEMPATH\View\View.php(216): CodeIgniter\View\View->CodeIgniter\View\{closure}()
 3 SYSTEMPATH\Common.php(1135): CodeIgniter\View\View->render('peminjam_bpkb/print_pengantar_5', [], true)
 4 APPPATH\Controllers\Peminjam.php(365): view('peminjam_bpkb/print_pengantar_5', [...])
 5 SYSTEMPATH\CodeIgniter.php(896): App\Controllers\Peminjam->print_pengantar('48')
 6 SYSTEMPATH\CodeIgniter.php(466): CodeIgniter\CodeIgniter->runController(Object(App\Controllers\Peminjam))
 7 SYSTEMPATH\CodeIgniter.php(349): CodeIgniter\CodeIgniter->handleRequest(null, Object(Config\Cache), false)
 8 FCPATH\index.php(55): CodeIgniter\CodeIgniter->run()
CRITICAL - 2022-09-23 10:07:09 --> Undefined variable: date
in APPPATH\Views\peminjam_bpkb\print_pengantar_5.php on line 143.
 1 APPPATH\Views\peminjam_bpkb\print_pengantar_5.php(143): CodeIgniter\Debug\Exceptions->errorHandler(8, 'Undefined variable: date', 'APPPATH\\Views\\peminjam_bpkb\\print_pengantar_5.php', 143, [...])
 2 SYSTEMPATH\View\View.php(213): include('APPPATH\\Views\\peminjam_bpkb\\print_pengantar_5.php')
 3 SYSTEMPATH\View\View.php(216): CodeIgniter\View\View->CodeIgniter\View\{closure}()
 4 SYSTEMPATH\Common.php(1135): CodeIgniter\View\View->render('peminjam_bpkb/print_pengantar_5', [], true)
 5 APPPATH\Controllers\Peminjam.php(365): view('peminjam_bpkb/print_pengantar_5', [...])
 6 SYSTEMPATH\CodeIgniter.php(896): App\Controllers\Peminjam->print_pengantar('48')
 7 SYSTEMPATH\CodeIgniter.php(466): CodeIgniter\CodeIgniter->runController(Object(App\Controllers\Peminjam))
 8 SYSTEMPATH\CodeIgniter.php(349): CodeIgniter\CodeIgniter->handleRequest(null, Object(Config\Cache), false)
 9 FCPATH\index.php(55): CodeIgniter\CodeIgniter->run()
CRITICAL - 2022-09-23 10:12:28 --> time() expects exactly 0 parameters, 1 given
in APPPATH\Controllers\Peminjam.php on line 358.
 1 [internal function]: CodeIgniter\Debug\Exceptions->errorHandler(2, 'time() expects exactly 0 parameters, 1 given', 'APPPATH\\Controllers\\Peminjam.php', 358, [...])
 2 APPPATH\Controllers\Peminjam.php(358): time('now')
 3 SYSTEMPATH\CodeIgniter.php(896): App\Controllers\Peminjam->print_pengantar('48')
 4 SYSTEMPATH\CodeIgniter.php(466): CodeIgniter\CodeIgniter->runController(Object(App\Controllers\Peminjam))
 5 SYSTEMPATH\CodeIgniter.php(349): CodeIgniter\CodeIgniter->handleRequest(null, Object(Config\Cache), false)
 6 FCPATH\index.php(55): CodeIgniter\CodeIgniter->run()
CRITICAL - 2022-09-23 10:12:46 --> Undefined offset: 2
in APPPATH\Helpers\tgl_indo_helper.php on line 179.
 1 APPPATH\Helpers\tgl_indo_helper.php(179): CodeIgniter\Debug\Exceptions->errorHandler(8, 'Undefined offset: 2', 'APPPATH\\Helpers\\tgl_indo_helper.php', 179, [...])
 2 APPPATH\Views\peminjam_bpkb\print_pengantar_5.php(144): longdate_indo(1663945966)
 3 SYSTEMPATH\View\View.php(213): include('APPPATH\\Views\\peminjam_bpkb\\print_pengantar_5.php')
 4 SYSTEMPATH\View\View.php(216): CodeIgniter\View\View->CodeIgniter\View\{closure}()
 5 SYSTEMPATH\Common.php(1135): CodeIgniter\View\View->render('peminjam_bpkb/print_pengantar_5', [], true)
 6 APPPATH\Controllers\Peminjam.php(366): view('peminjam_bpkb/print_pengantar_5', [...])
 7 SYSTEMPATH\CodeIgniter.php(896): App\Controllers\Peminjam->print_pengantar('48')
 8 SYSTEMPATH\CodeIgniter.php(466): CodeIgniter\CodeIgniter->runController(Object(App\Controllers\Peminjam))
 9 SYSTEMPATH\CodeIgniter.php(349): CodeIgniter\CodeIgniter->handleRequest(null, Object(Config\Cache), false)
10 FCPATH\index.php(55): CodeIgniter\CodeIgniter->run()
CRITICAL - 2022-09-23 10:13:43 --> date() expects at least 1 parameter, 0 given
in APPPATH\Controllers\Peminjam.php on line 358.
 1 [internal function]: CodeIgniter\Debug\Exceptions->errorHandler(2, 'date() expects at least 1 parameter, 0 given', 'APPPATH\\Controllers\\Peminjam.php', 358, [...])
 2 APPPATH\Controllers\Peminjam.php(358): date()
 3 SYSTEMPATH\CodeIgniter.php(896): App\Controllers\Peminjam->print_pengantar('48')
 4 SYSTEMPATH\CodeIgniter.php(466): CodeIgniter\CodeIgniter->runController(Object(App\Controllers\Peminjam))
 5 SYSTEMPATH\CodeIgniter.php(349): CodeIgniter\CodeIgniter->handleRequest(null, Object(Config\Cache), false)
 6 FCPATH\index.php(55): CodeIgniter\CodeIgniter->run()
CRITICAL - 2022-09-23 10:14:02 --> Call to undefined function App\Controllers\now()
in APPPATH\Controllers\Peminjam.php on line 358.
 1 SYSTEMPATH\CodeIgniter.php(896): App\Controllers\Peminjam->print_pengantar('48')
 2 SYSTEMPATH\CodeIgniter.php(466): CodeIgniter\CodeIgniter->runController(Object(App\Controllers\Peminjam))
 3 SYSTEMPATH\CodeIgniter.php(349): CodeIgniter\CodeIgniter->handleRequest(null, Object(Config\Cache), false)
 4 FCPATH\index.php(55): CodeIgniter\CodeIgniter->run()
