<<<<<<< HEAD
ERROR - 2022-08-25 02:42:14 --> Unknown column 'nomor_surat' in 'field list'
CRITICAL - 2022-08-25 02:42:14 --> Call to a member function getRowArray() on bool
in APPPATH\Models\PeminjamModel.php on line 60.
 1 APPPATH\Controllers\Peminjam.php(284): App\Models\PeminjamModel->getDetail('39')
 2 SYSTEMPATH\CodeIgniter.php(896): App\Controllers\Peminjam->cetak('39')
 3 SYSTEMPATH\CodeIgniter.php(466): CodeIgniter\CodeIgniter->runController(Object(App\Controllers\Peminjam))
 4 SYSTEMPATH\CodeIgniter.php(349): CodeIgniter\CodeIgniter->handleRequest(null, Object(Config\Cache), false)
 5 FCPATH\index.php(55): CodeIgniter\CodeIgniter->run()
 6 SYSTEMPATH\Commands\Server\rewrite.php(43): require_once('FCPATH\\index.php')
ERROR - 2022-08-25 02:42:21 --> Unknown column 'nomor_surat' in 'field list'
CRITICAL - 2022-08-25 02:42:21 --> Call to a member function getRowArray() on bool
in APPPATH\Models\PeminjamModel.php on line 60.
 1 APPPATH\Controllers\Peminjam.php(284): App\Models\PeminjamModel->getDetail('39')
 2 SYSTEMPATH\CodeIgniter.php(896): App\Controllers\Peminjam->cetak('39')
 3 SYSTEMPATH\CodeIgniter.php(466): CodeIgniter\CodeIgniter->runController(Object(App\Controllers\Peminjam))
 4 SYSTEMPATH\CodeIgniter.php(349): CodeIgniter\CodeIgniter->handleRequest(null, Object(Config\Cache), false)
 5 FCPATH\index.php(55): CodeIgniter\CodeIgniter->run()
 6 SYSTEMPATH\Commands\Server\rewrite.php(43): require_once('FCPATH\\index.php')
ERROR - 2022-08-25 02:42:34 --> Unknown column 'nomor_surat' in 'field list'
CRITICAL - 2022-08-25 02:42:34 --> Call to a member function getRowArray() on bool
in APPPATH\Models\PeminjamModel.php on line 60.
 1 APPPATH\Controllers\Peminjam.php(284): App\Models\PeminjamModel->getDetail('39')
 2 SYSTEMPATH\CodeIgniter.php(896): App\Controllers\Peminjam->cetak('39')
 3 SYSTEMPATH\CodeIgniter.php(466): CodeIgniter\CodeIgniter->runController(Object(App\Controllers\Peminjam))
 4 SYSTEMPATH\CodeIgniter.php(349): CodeIgniter\CodeIgniter->handleRequest(null, Object(Config\Cache), false)
 5 FCPATH\index.php(55): CodeIgniter\CodeIgniter->run()
 6 SYSTEMPATH\Commands\Server\rewrite.php(43): require_once('FCPATH\\index.php')
ERROR - 2022-08-25 02:42:46 --> Unknown column 'nomor_surat' in 'field list'
CRITICAL - 2022-08-25 02:42:46 --> Call to a member function getRowArray() on bool
in APPPATH\Models\PeminjamModel.php on line 60.
 1 APPPATH\Controllers\Peminjam.php(284): App\Models\PeminjamModel->getDetail('39')
 2 SYSTEMPATH\CodeIgniter.php(896): App\Controllers\Peminjam->cetak('39')
 3 SYSTEMPATH\CodeIgniter.php(466): CodeIgniter\CodeIgniter->runController(Object(App\Controllers\Peminjam))
 4 SYSTEMPATH\CodeIgniter.php(349): CodeIgniter\CodeIgniter->handleRequest(null, Object(Config\Cache), false)
 5 FCPATH\index.php(55): CodeIgniter\CodeIgniter->run()
 6 SYSTEMPATH\Commands\Server\rewrite.php(43): require_once('FCPATH\\index.php')
CRITICAL - 2022-08-25 14:46:15 --> Undefined array key "nama_proyek"
in APPPATH\Views\peminjam_sertifikat\cetak.php on line 92.
 1 APPPATH\Views\peminjam_sertifikat\cetak.php(92): CodeIgniter\Debug\Exceptions->errorHandler(2, 'Undefined array key "nama_proyek"', 'APPPATH\\Views\\peminjam_sertifikat\\cetak.php', 92)
=======
CRITICAL - 2022-08-25 15:29:47 --> mktime() expects parameter 6 to be int, string given
in APPPATH\Helpers\tgl_indo_helper.php on line 184.
 1 [internal function]: CodeIgniter\Debug\Exceptions->errorHandler(2, 'mktime() expects parameter 6 to be int, string given', 'APPPATH\\Helpers\\tgl_indo_helper.php', 184, [...])
 2 APPPATH\Helpers\tgl_indo_helper.php(184): mktime(0, 0, 0, null, null, 'ROOTPATH\\public')
 3 APPPATH\Views\peminjam_sertifikat\cetak.php(93): longdate_indo(null)
 4 SYSTEMPATH\View\View.php(213): include('APPPATH\\Views\\peminjam_sertifikat\\cetak.php')
 5 SYSTEMPATH\View\View.php(216): CodeIgniter\View\View->CodeIgniter\View\{closure}()
 6 SYSTEMPATH\Common.php(1135): CodeIgniter\View\View->render('peminjam_sertifikat/cetak', [], true)
 7 APPPATH\Controllers\PeminjamSertifikat.php(231): view('peminjam_sertifikat/cetak', [...])
 8 SYSTEMPATH\CodeIgniter.php(896): App\Controllers\PeminjamSertifikat->cetak('7')
 9 SYSTEMPATH\CodeIgniter.php(466): CodeIgniter\CodeIgniter->runController(Object(App\Controllers\PeminjamSertifikat))
10 SYSTEMPATH\CodeIgniter.php(349): CodeIgniter\CodeIgniter->handleRequest(null, Object(Config\Cache), false)
11 FCPATH\index.php(55): CodeIgniter\CodeIgniter->run()
12 SYSTEMPATH\Commands\Server\rewrite.php(43): require_once('FCPATH\\index.php')
CRITICAL - 2022-08-25 15:29:54 --> mktime() expects parameter 6 to be int, string given
in APPPATH\Helpers\tgl_indo_helper.php on line 184.
 1 [internal function]: CodeIgniter\Debug\Exceptions->errorHandler(2, 'mktime() expects parameter 6 to be int, string given', 'APPPATH\\Helpers\\tgl_indo_helper.php', 184, [...])
 2 APPPATH\Helpers\tgl_indo_helper.php(184): mktime(0, 0, 0, null, null, 'ROOTPATH\\public')
 3 APPPATH\Views\peminjam_sertifikat\cetak.php(93): longdate_indo(null)
 4 SYSTEMPATH\View\View.php(213): include('APPPATH\\Views\\peminjam_sertifikat\\cetak.php')
 5 SYSTEMPATH\View\View.php(216): CodeIgniter\View\View->CodeIgniter\View\{closure}()
 6 SYSTEMPATH\Common.php(1135): CodeIgniter\View\View->render('peminjam_sertifikat/cetak', [], true)
 7 APPPATH\Controllers\PeminjamSertifikat.php(231): view('peminjam_sertifikat/cetak', [...])
 8 SYSTEMPATH\CodeIgniter.php(896): App\Controllers\PeminjamSertifikat->cetak('7')
 9 SYSTEMPATH\CodeIgniter.php(466): CodeIgniter\CodeIgniter->runController(Object(App\Controllers\PeminjamSertifikat))
10 SYSTEMPATH\CodeIgniter.php(349): CodeIgniter\CodeIgniter->handleRequest(null, Object(Config\Cache), false)
11 FCPATH\index.php(55): CodeIgniter\CodeIgniter->run()
12 SYSTEMPATH\Commands\Server\rewrite.php(43): require_once('FCPATH\\index.php')
CRITICAL - 2022-08-25 15:31:10 --> Undefined variable: peminjam
in APPPATH\Views\peminjam_sertifikat\cetak.php on line 93.
 1 APPPATH\Views\peminjam_sertifikat\cetak.php(93): CodeIgniter\Debug\Exceptions->errorHandler(8, 'Undefined variable: peminjam', 'APPPATH\\Views\\peminjam_sertifikat\\cetak.php', 93, [...])
>>>>>>> 023302c89c936c5a4e864e13dc57ef1e0bd40b99
 2 SYSTEMPATH\View\View.php(213): include('APPPATH\\Views\\peminjam_sertifikat\\cetak.php')
 3 SYSTEMPATH\View\View.php(216): CodeIgniter\View\View->CodeIgniter\View\{closure}()
 4 SYSTEMPATH\Common.php(1135): CodeIgniter\View\View->render('peminjam_sertifikat/cetak', [], true)
 5 APPPATH\Controllers\PeminjamSertifikat.php(231): view('peminjam_sertifikat/cetak', [...])
<<<<<<< HEAD
 6 SYSTEMPATH\CodeIgniter.php(896): App\Controllers\PeminjamSertifikat->cetak('14')
 7 SYSTEMPATH\CodeIgniter.php(466): CodeIgniter\CodeIgniter->runController(Object(App\Controllers\PeminjamSertifikat))
 8 SYSTEMPATH\CodeIgniter.php(349): CodeIgniter\CodeIgniter->handleRequest(null, Object(Config\Cache), false)
 9 FCPATH\index.php(55): CodeIgniter\CodeIgniter->run()
10 SYSTEMPATH\Commands\Server\rewrite.php(43): require_once('FCPATH\\index.php')
CRITICAL - 2022-08-25 14:46:20 --> Undefined array key "nama_proyek"
in APPPATH\Views\peminjam_sertifikat\cetak.php on line 92.
 1 APPPATH\Views\peminjam_sertifikat\cetak.php(92): CodeIgniter\Debug\Exceptions->errorHandler(2, 'Undefined array key "nama_proyek"', 'APPPATH\\Views\\peminjam_sertifikat\\cetak.php', 92)
 2 SYSTEMPATH\View\View.php(213): include('APPPATH\\Views\\peminjam_sertifikat\\cetak.php')
 3 SYSTEMPATH\View\View.php(216): CodeIgniter\View\View->CodeIgniter\View\{closure}()
 4 SYSTEMPATH\Common.php(1135): CodeIgniter\View\View->render('peminjam_sertifikat/cetak', [], true)
 5 APPPATH\Controllers\PeminjamSertifikat.php(231): view('peminjam_sertifikat/cetak', [...])
 6 SYSTEMPATH\CodeIgniter.php(896): App\Controllers\PeminjamSertifikat->cetak('14')
 7 SYSTEMPATH\CodeIgniter.php(466): CodeIgniter\CodeIgniter->runController(Object(App\Controllers\PeminjamSertifikat))
 8 SYSTEMPATH\CodeIgniter.php(349): CodeIgniter\CodeIgniter->handleRequest(null, Object(Config\Cache), false)
 9 FCPATH\index.php(55): CodeIgniter\CodeIgniter->run()
10 SYSTEMPATH\Commands\Server\rewrite.php(43): require_once('FCPATH\\index.php')
CRITICAL - 2022-08-25 14:46:31 --> Undefined array key "nama_proyek"
in APPPATH\Views\peminjam_sertifikat\cetak.php on line 92.
 1 APPPATH\Views\peminjam_sertifikat\cetak.php(92): CodeIgniter\Debug\Exceptions->errorHandler(2, 'Undefined array key "nama_proyek"', 'APPPATH\\Views\\peminjam_sertifikat\\cetak.php', 92)
 2 SYSTEMPATH\View\View.php(213): include('APPPATH\\Views\\peminjam_sertifikat\\cetak.php')
 3 SYSTEMPATH\View\View.php(216): CodeIgniter\View\View->CodeIgniter\View\{closure}()
 4 SYSTEMPATH\Common.php(1135): CodeIgniter\View\View->render('peminjam_sertifikat/cetak', [], true)
 5 APPPATH\Controllers\PeminjamSertifikat.php(231): view('peminjam_sertifikat/cetak', [...])
 6 SYSTEMPATH\CodeIgniter.php(896): App\Controllers\PeminjamSertifikat->cetak('14')
 7 SYSTEMPATH\CodeIgniter.php(466): CodeIgniter\CodeIgniter->runController(Object(App\Controllers\PeminjamSertifikat))
 8 SYSTEMPATH\CodeIgniter.php(349): CodeIgniter\CodeIgniter->handleRequest(null, Object(Config\Cache), false)
 9 FCPATH\index.php(55): CodeIgniter\CodeIgniter->run()
10 SYSTEMPATH\Commands\Server\rewrite.php(43): require_once('FCPATH\\index.php')
CRITICAL - 2022-08-25 14:47:15 --> Undefined array key "nama_proyek"
in APPPATH\Views\peminjam_sertifikat\cetak.php on line 92.
 1 APPPATH\Views\peminjam_sertifikat\cetak.php(92): CodeIgniter\Debug\Exceptions->errorHandler(2, 'Undefined array key "nama_proyek"', 'APPPATH\\Views\\peminjam_sertifikat\\cetak.php', 92)
 2 SYSTEMPATH\View\View.php(213): include('APPPATH\\Views\\peminjam_sertifikat\\cetak.php')
 3 SYSTEMPATH\View\View.php(216): CodeIgniter\View\View->CodeIgniter\View\{closure}()
 4 SYSTEMPATH\Common.php(1135): CodeIgniter\View\View->render('peminjam_sertifikat/cetak', [], true)
 5 APPPATH\Controllers\PeminjamSertifikat.php(231): view('peminjam_sertifikat/cetak', [...])
 6 SYSTEMPATH\CodeIgniter.php(896): App\Controllers\PeminjamSertifikat->cetak('14')
 7 SYSTEMPATH\CodeIgniter.php(466): CodeIgniter\CodeIgniter->runController(Object(App\Controllers\PeminjamSertifikat))
 8 SYSTEMPATH\CodeIgniter.php(349): CodeIgniter\CodeIgniter->handleRequest(null, Object(Config\Cache), false)
 9 FCPATH\index.php(55): CodeIgniter\CodeIgniter->run()
10 SYSTEMPATH\Commands\Server\rewrite.php(43): require_once('FCPATH\\index.php')
CRITICAL - 2022-08-25 14:47:16 --> Undefined array key "nama_proyek"
in APPPATH\Views\peminjam_sertifikat\cetak.php on line 92.
 1 APPPATH\Views\peminjam_sertifikat\cetak.php(92): CodeIgniter\Debug\Exceptions->errorHandler(2, 'Undefined array key "nama_proyek"', 'APPPATH\\Views\\peminjam_sertifikat\\cetak.php', 92)
 2 SYSTEMPATH\View\View.php(213): include('APPPATH\\Views\\peminjam_sertifikat\\cetak.php')
 3 SYSTEMPATH\View\View.php(216): CodeIgniter\View\View->CodeIgniter\View\{closure}()
 4 SYSTEMPATH\Common.php(1135): CodeIgniter\View\View->render('peminjam_sertifikat/cetak', [], true)
 5 APPPATH\Controllers\PeminjamSertifikat.php(231): view('peminjam_sertifikat/cetak', [...])
 6 SYSTEMPATH\CodeIgniter.php(896): App\Controllers\PeminjamSertifikat->cetak('14')
 7 SYSTEMPATH\CodeIgniter.php(466): CodeIgniter\CodeIgniter->runController(Object(App\Controllers\PeminjamSertifikat))
 8 SYSTEMPATH\CodeIgniter.php(349): CodeIgniter\CodeIgniter->handleRequest(null, Object(Config\Cache), false)
 9 FCPATH\index.php(55): CodeIgniter\CodeIgniter->run()
10 SYSTEMPATH\Commands\Server\rewrite.php(43): require_once('FCPATH\\index.php')
CRITICAL - 2022-08-25 14:47:16 --> Undefined array key "nama_proyek"
in APPPATH\Views\peminjam_sertifikat\cetak.php on line 92.
 1 APPPATH\Views\peminjam_sertifikat\cetak.php(92): CodeIgniter\Debug\Exceptions->errorHandler(2, 'Undefined array key "nama_proyek"', 'APPPATH\\Views\\peminjam_sertifikat\\cetak.php', 92)
 2 SYSTEMPATH\View\View.php(213): include('APPPATH\\Views\\peminjam_sertifikat\\cetak.php')
 3 SYSTEMPATH\View\View.php(216): CodeIgniter\View\View->CodeIgniter\View\{closure}()
 4 SYSTEMPATH\Common.php(1135): CodeIgniter\View\View->render('peminjam_sertifikat/cetak', [], true)
 5 APPPATH\Controllers\PeminjamSertifikat.php(231): view('peminjam_sertifikat/cetak', [...])
 6 SYSTEMPATH\CodeIgniter.php(896): App\Controllers\PeminjamSertifikat->cetak('14')
 7 SYSTEMPATH\CodeIgniter.php(466): CodeIgniter\CodeIgniter->runController(Object(App\Controllers\PeminjamSertifikat))
 8 SYSTEMPATH\CodeIgniter.php(349): CodeIgniter\CodeIgniter->handleRequest(null, Object(Config\Cache), false)
 9 FCPATH\index.php(55): CodeIgniter\CodeIgniter->run()
10 SYSTEMPATH\Commands\Server\rewrite.php(43): require_once('FCPATH\\index.php')
ERROR - 2022-08-25 02:47:56 --> Unknown column 'nomor_surat' in 'field list'
CRITICAL - 2022-08-25 02:47:56 --> Call to a member function getRowArray() on bool
in APPPATH\Models\PeminjamModel.php on line 60.
 1 APPPATH\Controllers\Peminjam.php(284): App\Models\PeminjamModel->getDetail('39')
 2 SYSTEMPATH\CodeIgniter.php(896): App\Controllers\Peminjam->cetak('39')
 3 SYSTEMPATH\CodeIgniter.php(466): CodeIgniter\CodeIgniter->runController(Object(App\Controllers\Peminjam))
 4 SYSTEMPATH\CodeIgniter.php(349): CodeIgniter\CodeIgniter->handleRequest(null, Object(Config\Cache), false)
 5 FCPATH\index.php(55): CodeIgniter\CodeIgniter->run()
 6 SYSTEMPATH\Commands\Server\rewrite.php(43): require_once('FCPATH\\index.php')
ERROR - 2022-08-25 02:50:13 --> Unknown column 'nomor_surat' in 'field list'
CRITICAL - 2022-08-25 02:50:13 --> Unknown column 'nomor_surat' in 'field list'
in SYSTEMPATH\Database\MySQLi\Connection.php on line 292.
 1 SYSTEMPATH\Database\MySQLi\Connection.php(292): mysqli->query('SELECT `nama_lengkap`, `nik`, `data_bpkb`.`id_bpkb`, `data_bpkb`.`nomor_registrasi`, `nama_petugas_pinjam`, `nip_petugas_pinjam`, `nama_petugas_kembali`, `nip_petugas_kembali`, `nomor_surat`, `tgl_pinjam`, `tgl_kembali`, `data_peminjam`.`status`, `ket_lokasi`, `lokasi_kendaraan`, `status_kendaraan`
FROM `data_peminjam`
JOIN `data_bpkb` ON `data_bpkb`.`id_bpkb` = `data_peminjam`.`id_bpkb`
WHERE `id_peminjam` = \'39\'', 0)
 2 SYSTEMPATH\Database\BaseConnection.php(695): CodeIgniter\Database\MySQLi\Connection->execute('SELECT `nama_lengkap`, `nik`, `data_bpkb`.`id_bpkb`, `data_bpkb`.`nomor_registrasi`, `nama_petugas_pinjam`, `nip_petugas_pinjam`, `nama_petugas_kembali`, `nip_petugas_kembali`, `nomor_surat`, `tgl_pinjam`, `tgl_kembali`, `data_peminjam`.`status`, `ket_lokasi`, `lokasi_kendaraan`, `status_kendaraan`
FROM `data_peminjam`
JOIN `data_bpkb` ON `data_bpkb`.`id_bpkb` = `data_peminjam`.`id_bpkb`
WHERE `id_peminjam` = \'39\'')
 3 SYSTEMPATH\Database\BaseConnection.php(609): CodeIgniter\Database\BaseConnection->simpleQuery('SELECT `nama_lengkap`, `nik`, `data_bpkb`.`id_bpkb`, `data_bpkb`.`nomor_registrasi`, `nama_petugas_pinjam`, `nip_petugas_pinjam`, `nama_petugas_kembali`, `nip_petugas_kembali`, `nomor_surat`, `tgl_pinjam`, `tgl_kembali`, `data_peminjam`.`status`, `ket_lokasi`, `lokasi_kendaraan`, `status_kendaraan`
FROM `data_peminjam`
JOIN `data_bpkb` ON `data_bpkb`.`id_bpkb` = `data_peminjam`.`id_bpkb`
WHERE `id_peminjam` = \'39\'')
 4 SYSTEMPATH\Database\BaseBuilder.php(1585): CodeIgniter\Database\BaseConnection->query('SELECT `nama_lengkap`, `nik`, `data_bpkb`.`id_bpkb`, `data_bpkb`.`nomor_registrasi`, `nama_petugas_pinjam`, `nip_petugas_pinjam`, `nama_petugas_kembali`, `nip_petugas_kembali`, `nomor_surat`, `tgl_pinjam`, `tgl_kembali`, `data_peminjam`.`status`, `ket_lokasi`, `lokasi_kendaraan`, `status_kendaraan`
FROM `data_peminjam`
JOIN `data_bpkb` ON `data_bpkb`.`id_bpkb` = `data_peminjam`.`id_bpkb`
WHERE `id_peminjam` = :id_peminjam:', [...], false)
 5 APPPATH\Models\PeminjamModel.php(60): CodeIgniter\Database\BaseBuilder->get()
 6 APPPATH\Controllers\Peminjam.php(284): App\Models\PeminjamModel->getDetail('39')
 7 SYSTEMPATH\CodeIgniter.php(896): App\Controllers\Peminjam->cetak('39')
 8 SYSTEMPATH\CodeIgniter.php(466): CodeIgniter\CodeIgniter->runController(Object(App\Controllers\Peminjam))
 9 SYSTEMPATH\CodeIgniter.php(349): CodeIgniter\CodeIgniter->handleRequest(null, Object(Config\Cache), false)
10 FCPATH\index.php(55): CodeIgniter\CodeIgniter->run()
11 SYSTEMPATH\Commands\Server\rewrite.php(43): require_once('FCPATH\\index.php')
CRITICAL - 2022-08-25 14:56:15 --> Undefined array key "nama_proyek"
in APPPATH\Views\peminjam_sertifikat\cetak.php on line 92.
 1 APPPATH\Views\peminjam_sertifikat\cetak.php(92): CodeIgniter\Debug\Exceptions->errorHandler(2, 'Undefined array key "nama_proyek"', 'APPPATH\\Views\\peminjam_sertifikat\\cetak.php', 92)
 2 SYSTEMPATH\View\View.php(213): include('APPPATH\\Views\\peminjam_sertifikat\\cetak.php')
 3 SYSTEMPATH\View\View.php(216): CodeIgniter\View\View->CodeIgniter\View\{closure}()
 4 SYSTEMPATH\Common.php(1135): CodeIgniter\View\View->render('peminjam_sertifikat/cetak', [], true)
 5 APPPATH\Controllers\PeminjamSertifikat.php(231): view('peminjam_sertifikat/cetak', [...])
 6 SYSTEMPATH\CodeIgniter.php(896): App\Controllers\PeminjamSertifikat->cetak('14')
=======
 6 SYSTEMPATH\CodeIgniter.php(896): App\Controllers\PeminjamSertifikat->cetak('7')
>>>>>>> 023302c89c936c5a4e864e13dc57ef1e0bd40b99
 7 SYSTEMPATH\CodeIgniter.php(466): CodeIgniter\CodeIgniter->runController(Object(App\Controllers\PeminjamSertifikat))
 8 SYSTEMPATH\CodeIgniter.php(349): CodeIgniter\CodeIgniter->handleRequest(null, Object(Config\Cache), false)
 9 FCPATH\index.php(55): CodeIgniter\CodeIgniter->run()
10 SYSTEMPATH\Commands\Server\rewrite.php(43): require_once('FCPATH\\index.php')
