CRITICAL - 2022-08-03 00:46:48 --> Undefined variable $getBpkb
in APPPATH\Views\mutasi_bpkb\tambah_mutasi.php on line 40.
 1 APPPATH\Views\mutasi_bpkb\tambah_mutasi.php(40): CodeIgniter\Debug\Exceptions->errorHandler(2, 'Undefined variable $getBpkb', 'APPPATH\\Views\\mutasi_bpkb\\tambah_mutasi.php', 40)
 2 SYSTEMPATH\View\View.php(213): include('APPPATH\\Views\\mutasi_bpkb\\tambah_mutasi.php')
 3 SYSTEMPATH\View\View.php(216): CodeIgniter\View\View->CodeIgniter\View\{closure}()
 4 SYSTEMPATH\Common.php(1135): CodeIgniter\View\View->render('mutasi_bpkb/tambah_mutasi', [], true)
 5 APPPATH\Controllers\Mutasi.php(50): view('mutasi_bpkb/tambah_mutasi', [...])
 6 SYSTEMPATH\CodeIgniter.php(896): App\Controllers\Mutasi->create()
 7 SYSTEMPATH\CodeIgniter.php(466): CodeIgniter\CodeIgniter->runController(Object(App\Controllers\Mutasi))
 8 SYSTEMPATH\CodeIgniter.php(349): CodeIgniter\CodeIgniter->handleRequest(null, Object(Config\Cache), false)
 9 FCPATH\index.php(55): CodeIgniter\CodeIgniter->run()
10 SYSTEMPATH\Commands\Server\rewrite.php(43): require_once('FCPATH\\index.php')
CRITICAL - 2022-08-03 00:51:28 --> Undefined variable $getBpkb
in APPPATH\Views\mutasi_bpkb\tambah_mutasi.php on line 39.
 1 APPPATH\Views\mutasi_bpkb\tambah_mutasi.php(39): CodeIgniter\Debug\Exceptions->errorHandler(2, 'Undefined variable $getBpkb', 'APPPATH\\Views\\mutasi_bpkb\\tambah_mutasi.php', 39)
 2 SYSTEMPATH\View\View.php(213): include('APPPATH\\Views\\mutasi_bpkb\\tambah_mutasi.php')
 3 SYSTEMPATH\View\View.php(216): CodeIgniter\View\View->CodeIgniter\View\{closure}()
 4 SYSTEMPATH\Common.php(1135): CodeIgniter\View\View->render('mutasi_bpkb/tambah_mutasi', [], true)
 5 APPPATH\Controllers\Mutasi.php(50): view('mutasi_bpkb/tambah_mutasi', [...])
 6 SYSTEMPATH\CodeIgniter.php(896): App\Controllers\Mutasi->create()
 7 SYSTEMPATH\CodeIgniter.php(466): CodeIgniter\CodeIgniter->runController(Object(App\Controllers\Mutasi))
 8 SYSTEMPATH\CodeIgniter.php(349): CodeIgniter\CodeIgniter->handleRequest(null, Object(Config\Cache), false)
 9 FCPATH\index.php(55): CodeIgniter\CodeIgniter->run()
10 SYSTEMPATH\Commands\Server\rewrite.php(43): require_once('FCPATH\\index.php')
CRITICAL - 2022-08-03 00:56:06 --> Cannot use object of type mysqli as array
in APPPATH\Views\mutasi_bpkb\tambah_mutasi.php on line 40.
 1 SYSTEMPATH\View\View.php(213): include()
 2 SYSTEMPATH\View\View.php(216): CodeIgniter\View\View->CodeIgniter\View\{closure}()
 3 SYSTEMPATH\Common.php(1135): CodeIgniter\View\View->render('mutasi_bpkb/tambah_mutasi', [], true)
 4 APPPATH\Controllers\Mutasi.php(52): view('mutasi_bpkb/tambah_mutasi', [...])
 5 SYSTEMPATH\CodeIgniter.php(896): App\Controllers\Mutasi->create()
 6 SYSTEMPATH\CodeIgniter.php(466): CodeIgniter\CodeIgniter->runController(Object(App\Controllers\Mutasi))
 7 SYSTEMPATH\CodeIgniter.php(349): CodeIgniter\CodeIgniter->handleRequest(null, Object(Config\Cache), false)
 8 FCPATH\index.php(55): CodeIgniter\CodeIgniter->run()
 9 SYSTEMPATH\Commands\Server\rewrite.php(43): require_once('FCPATH\\index.php')
CRITICAL - 2022-08-03 00:56:59 --> Cannot access offset of type string on string
in APPPATH\Views\mutasi_bpkb\tambah_mutasi.php on line 40.
 1 SYSTEMPATH\View\View.php(213): include()
 2 SYSTEMPATH\View\View.php(216): CodeIgniter\View\View->CodeIgniter\View\{closure}()
 3 SYSTEMPATH\Common.php(1135): CodeIgniter\View\View->render('mutasi_bpkb/tambah_mutasi', [], true)
 4 APPPATH\Controllers\Mutasi.php(52): view('mutasi_bpkb/tambah_mutasi', [...])
 5 SYSTEMPATH\CodeIgniter.php(896): App\Controllers\Mutasi->create()
 6 SYSTEMPATH\CodeIgniter.php(466): CodeIgniter\CodeIgniter->runController(Object(App\Controllers\Mutasi))
 7 SYSTEMPATH\CodeIgniter.php(349): CodeIgniter\CodeIgniter->handleRequest(null, Object(Config\Cache), false)
 8 FCPATH\index.php(55): CodeIgniter\CodeIgniter->run()
 9 SYSTEMPATH\Commands\Server\rewrite.php(43): require_once('FCPATH\\index.php')
CRITICAL - 2022-08-03 00:57:00 --> Cannot access offset of type string on string
in APPPATH\Views\mutasi_bpkb\tambah_mutasi.php on line 40.
 1 SYSTEMPATH\View\View.php(213): include()
 2 SYSTEMPATH\View\View.php(216): CodeIgniter\View\View->CodeIgniter\View\{closure}()
 3 SYSTEMPATH\Common.php(1135): CodeIgniter\View\View->render('mutasi_bpkb/tambah_mutasi', [], true)
 4 APPPATH\Controllers\Mutasi.php(52): view('mutasi_bpkb/tambah_mutasi', [...])
 5 SYSTEMPATH\CodeIgniter.php(896): App\Controllers\Mutasi->create()
 6 SYSTEMPATH\CodeIgniter.php(466): CodeIgniter\CodeIgniter->runController(Object(App\Controllers\Mutasi))
 7 SYSTEMPATH\CodeIgniter.php(349): CodeIgniter\CodeIgniter->handleRequest(null, Object(Config\Cache), false)
 8 FCPATH\index.php(55): CodeIgniter\CodeIgniter->run()
 9 SYSTEMPATH\Commands\Server\rewrite.php(43): require_once('FCPATH\\index.php')
CRITICAL - 2022-08-03 00:57:03 --> Cannot access offset of type string on string
in APPPATH\Views\mutasi_bpkb\tambah_mutasi.php on line 40.
 1 SYSTEMPATH\View\View.php(213): include()
 2 SYSTEMPATH\View\View.php(216): CodeIgniter\View\View->CodeIgniter\View\{closure}()
 3 SYSTEMPATH\Common.php(1135): CodeIgniter\View\View->render('mutasi_bpkb/tambah_mutasi', [], true)
 4 APPPATH\Controllers\Mutasi.php(52): view('mutasi_bpkb/tambah_mutasi', [...])
 5 SYSTEMPATH\CodeIgniter.php(896): App\Controllers\Mutasi->create()
 6 SYSTEMPATH\CodeIgniter.php(466): CodeIgniter\CodeIgniter->runController(Object(App\Controllers\Mutasi))
 7 SYSTEMPATH\CodeIgniter.php(349): CodeIgniter\CodeIgniter->handleRequest(null, Object(Config\Cache), false)
 8 FCPATH\index.php(55): CodeIgniter\CodeIgniter->run()
 9 SYSTEMPATH\Commands\Server\rewrite.php(43): require_once('FCPATH\\index.php')
CRITICAL - 2022-08-03 00:57:10 --> Cannot access offset of type string on string
in APPPATH\Views\mutasi_bpkb\tambah_mutasi.php on line 40.
 1 SYSTEMPATH\View\View.php(213): include()
 2 SYSTEMPATH\View\View.php(216): CodeIgniter\View\View->CodeIgniter\View\{closure}()
 3 SYSTEMPATH\Common.php(1135): CodeIgniter\View\View->render('mutasi_bpkb/tambah_mutasi', [], true)
 4 APPPATH\Controllers\Mutasi.php(52): view('mutasi_bpkb/tambah_mutasi', [...])
 5 SYSTEMPATH\CodeIgniter.php(896): App\Controllers\Mutasi->create()
 6 SYSTEMPATH\CodeIgniter.php(466): CodeIgniter\CodeIgniter->runController(Object(App\Controllers\Mutasi))
 7 SYSTEMPATH\CodeIgniter.php(349): CodeIgniter\CodeIgniter->handleRequest(null, Object(Config\Cache), false)
 8 FCPATH\index.php(55): CodeIgniter\CodeIgniter->run()
 9 SYSTEMPATH\Commands\Server\rewrite.php(43): require_once('FCPATH\\index.php')
CRITICAL - 2022-08-03 00:57:11 --> Cannot access offset of type string on string
in APPPATH\Views\mutasi_bpkb\tambah_mutasi.php on line 40.
 1 SYSTEMPATH\View\View.php(213): include()
 2 SYSTEMPATH\View\View.php(216): CodeIgniter\View\View->CodeIgniter\View\{closure}()
 3 SYSTEMPATH\Common.php(1135): CodeIgniter\View\View->render('mutasi_bpkb/tambah_mutasi', [], true)
 4 APPPATH\Controllers\Mutasi.php(52): view('mutasi_bpkb/tambah_mutasi', [...])
 5 SYSTEMPATH\CodeIgniter.php(896): App\Controllers\Mutasi->create()
 6 SYSTEMPATH\CodeIgniter.php(466): CodeIgniter\CodeIgniter->runController(Object(App\Controllers\Mutasi))
 7 SYSTEMPATH\CodeIgniter.php(349): CodeIgniter\CodeIgniter->handleRequest(null, Object(Config\Cache), false)
 8 FCPATH\index.php(55): CodeIgniter\CodeIgniter->run()
 9 SYSTEMPATH\Commands\Server\rewrite.php(43): require_once('FCPATH\\index.php')
CRITICAL - 2022-08-03 00:57:11 --> Cannot access offset of type string on string
in APPPATH\Views\mutasi_bpkb\tambah_mutasi.php on line 40.
 1 SYSTEMPATH\View\View.php(213): include()
 2 SYSTEMPATH\View\View.php(216): CodeIgniter\View\View->CodeIgniter\View\{closure}()
 3 SYSTEMPATH\Common.php(1135): CodeIgniter\View\View->render('mutasi_bpkb/tambah_mutasi', [], true)
 4 APPPATH\Controllers\Mutasi.php(52): view('mutasi_bpkb/tambah_mutasi', [...])
 5 SYSTEMPATH\CodeIgniter.php(896): App\Controllers\Mutasi->create()
 6 SYSTEMPATH\CodeIgniter.php(466): CodeIgniter\CodeIgniter->runController(Object(App\Controllers\Mutasi))
 7 SYSTEMPATH\CodeIgniter.php(349): CodeIgniter\CodeIgniter->handleRequest(null, Object(Config\Cache), false)
 8 FCPATH\index.php(55): CodeIgniter\CodeIgniter->run()
 9 SYSTEMPATH\Commands\Server\rewrite.php(43): require_once('FCPATH\\index.php')
CRITICAL - 2022-08-03 00:57:16 --> Cannot access offset of type string on string
in APPPATH\Views\mutasi_bpkb\tambah_mutasi.php on line 40.
 1 SYSTEMPATH\View\View.php(213): include()
 2 SYSTEMPATH\View\View.php(216): CodeIgniter\View\View->CodeIgniter\View\{closure}()
 3 SYSTEMPATH\Common.php(1135): CodeIgniter\View\View->render('mutasi_bpkb/tambah_mutasi', [], true)
 4 APPPATH\Controllers\Mutasi.php(52): view('mutasi_bpkb/tambah_mutasi', [...])
 5 SYSTEMPATH\CodeIgniter.php(896): App\Controllers\Mutasi->create()
 6 SYSTEMPATH\CodeIgniter.php(466): CodeIgniter\CodeIgniter->runController(Object(App\Controllers\Mutasi))
 7 SYSTEMPATH\CodeIgniter.php(349): CodeIgniter\CodeIgniter->handleRequest(null, Object(Config\Cache), false)
 8 FCPATH\index.php(55): CodeIgniter\CodeIgniter->run()
 9 SYSTEMPATH\Commands\Server\rewrite.php(43): require_once('FCPATH\\index.php')
CRITICAL - 2022-08-03 00:57:17 --> Cannot access offset of type string on string
in APPPATH\Views\mutasi_bpkb\tambah_mutasi.php on line 40.
 1 SYSTEMPATH\View\View.php(213): include()
 2 SYSTEMPATH\View\View.php(216): CodeIgniter\View\View->CodeIgniter\View\{closure}()
 3 SYSTEMPATH\Common.php(1135): CodeIgniter\View\View->render('mutasi_bpkb/tambah_mutasi', [], true)
 4 APPPATH\Controllers\Mutasi.php(52): view('mutasi_bpkb/tambah_mutasi', [...])
 5 SYSTEMPATH\CodeIgniter.php(896): App\Controllers\Mutasi->create()
 6 SYSTEMPATH\CodeIgniter.php(466): CodeIgniter\CodeIgniter->runController(Object(App\Controllers\Mutasi))
 7 SYSTEMPATH\CodeIgniter.php(349): CodeIgniter\CodeIgniter->handleRequest(null, Object(Config\Cache), false)
 8 FCPATH\index.php(55): CodeIgniter\CodeIgniter->run()
 9 SYSTEMPATH\Commands\Server\rewrite.php(43): require_once('FCPATH\\index.php')
CRITICAL - 2022-08-03 00:57:17 --> Cannot use object of type mysqli as array
in APPPATH\Views\mutasi_bpkb\tambah_mutasi.php on line 40.
 1 SYSTEMPATH\View\View.php(213): include()
 2 SYSTEMPATH\View\View.php(216): CodeIgniter\View\View->CodeIgniter\View\{closure}()
 3 SYSTEMPATH\Common.php(1135): CodeIgniter\View\View->render('mutasi_bpkb/tambah_mutasi', [], true)
 4 APPPATH\Controllers\Mutasi.php(52): view('mutasi_bpkb/tambah_mutasi', [...])
 5 SYSTEMPATH\CodeIgniter.php(896): App\Controllers\Mutasi->create()
 6 SYSTEMPATH\CodeIgniter.php(466): CodeIgniter\CodeIgniter->runController(Object(App\Controllers\Mutasi))
 7 SYSTEMPATH\CodeIgniter.php(349): CodeIgniter\CodeIgniter->handleRequest(null, Object(Config\Cache), false)
 8 FCPATH\index.php(55): CodeIgniter\CodeIgniter->run()
 9 SYSTEMPATH\Commands\Server\rewrite.php(43): require_once('FCPATH\\index.php')
CRITICAL - 2022-08-03 00:57:18 --> Cannot use object of type mysqli as array
in APPPATH\Views\mutasi_bpkb\tambah_mutasi.php on line 40.
 1 SYSTEMPATH\View\View.php(213): include()
 2 SYSTEMPATH\View\View.php(216): CodeIgniter\View\View->CodeIgniter\View\{closure}()
 3 SYSTEMPATH\Common.php(1135): CodeIgniter\View\View->render('mutasi_bpkb/tambah_mutasi', [], true)
 4 APPPATH\Controllers\Mutasi.php(52): view('mutasi_bpkb/tambah_mutasi', [...])
 5 SYSTEMPATH\CodeIgniter.php(896): App\Controllers\Mutasi->create()
 6 SYSTEMPATH\CodeIgniter.php(466): CodeIgniter\CodeIgniter->runController(Object(App\Controllers\Mutasi))
 7 SYSTEMPATH\CodeIgniter.php(349): CodeIgniter\CodeIgniter->handleRequest(null, Object(Config\Cache), false)
 8 FCPATH\index.php(55): CodeIgniter\CodeIgniter->run()
 9 SYSTEMPATH\Commands\Server\rewrite.php(43): require_once('FCPATH\\index.php')
CRITICAL - 2022-08-03 00:57:41 --> Undefined property: CodeIgniter\Database\MySQLi\Result::$result
in APPPATH\Models\MutasiModel.php on line 32.
 1 APPPATH\Models\MutasiModel.php(32): CodeIgniter\Debug\Exceptions->errorHandler(2, 'Undefined property: CodeIgniter\\Database\\MySQLi\\Result::$result', 'APPPATH\\Models\\MutasiModel.php', 32)
 2 APPPATH\Controllers\Mutasi.php(44): App\Models\MutasiModel->getBpkb()
 3 SYSTEMPATH\CodeIgniter.php(896): App\Controllers\Mutasi->create()
 4 SYSTEMPATH\CodeIgniter.php(466): CodeIgniter\CodeIgniter->runController(Object(App\Controllers\Mutasi))
 5 SYSTEMPATH\CodeIgniter.php(349): CodeIgniter\CodeIgniter->handleRequest(null, Object(Config\Cache), false)
 6 FCPATH\index.php(55): CodeIgniter\CodeIgniter->run()
 7 SYSTEMPATH\Commands\Server\rewrite.php(43): require_once('FCPATH\\index.php')
CRITICAL - 2022-08-03 00:57:42 --> Undefined property: CodeIgniter\Database\MySQLi\Result::$result
in APPPATH\Models\MutasiModel.php on line 32.
 1 APPPATH\Models\MutasiModel.php(32): CodeIgniter\Debug\Exceptions->errorHandler(2, 'Undefined property: CodeIgniter\\Database\\MySQLi\\Result::$result', 'APPPATH\\Models\\MutasiModel.php', 32)
 2 APPPATH\Controllers\Mutasi.php(44): App\Models\MutasiModel->getBpkb()
 3 SYSTEMPATH\CodeIgniter.php(896): App\Controllers\Mutasi->create()
 4 SYSTEMPATH\CodeIgniter.php(466): CodeIgniter\CodeIgniter->runController(Object(App\Controllers\Mutasi))
 5 SYSTEMPATH\CodeIgniter.php(349): CodeIgniter\CodeIgniter->handleRequest(null, Object(Config\Cache), false)
 6 FCPATH\index.php(55): CodeIgniter\CodeIgniter->run()
 7 SYSTEMPATH\Commands\Server\rewrite.php(43): require_once('FCPATH\\index.php')
CRITICAL - 2022-08-03 01:06:35 --> Trying to access array offset on value of type null
in APPPATH\Controllers\Mutasi.php on line 63.
 1 APPPATH\Controllers\Mutasi.php(63): CodeIgniter\Debug\Exceptions->errorHandler(2, 'Trying to access array offset on value of type null', 'APPPATH\\Controllers\\Mutasi.php', 63)
 2 SYSTEMPATH\CodeIgniter.php(896): App\Controllers\Mutasi->save()
 3 SYSTEMPATH\CodeIgniter.php(466): CodeIgniter\CodeIgniter->runController(Object(App\Controllers\Mutasi))
 4 SYSTEMPATH\CodeIgniter.php(349): CodeIgniter\CodeIgniter->handleRequest(null, Object(Config\Cache), false)
 5 FCPATH\index.php(55): CodeIgniter\CodeIgniter->run()
 6 SYSTEMPATH\Commands\Server\rewrite.php(43): require_once('FCPATH\\index.php')
CRITICAL - 2022-08-03 01:17:35 --> Undefined variable $bpkb
in APPPATH\Views\peminjam_bpkb\detail_peminjam.php on line 176.
 1 APPPATH\Views\peminjam_bpkb\detail_peminjam.php(176): CodeIgniter\Debug\Exceptions->errorHandler(2, 'Undefined variable $bpkb', 'APPPATH\\Views\\peminjam_bpkb\\detail_peminjam.php', 176)
 2 SYSTEMPATH\View\View.php(213): include('APPPATH\\Views\\peminjam_bpkb\\detail_peminjam.php')
 3 SYSTEMPATH\View\View.php(216): CodeIgniter\View\View->CodeIgniter\View\{closure}()
 4 SYSTEMPATH\Common.php(1135): CodeIgniter\View\View->render('/peminjam_bpkb/detail_peminjam', [], true)
 5 APPPATH\Controllers\Peminjam.php(244): view('/peminjam_bpkb/detail_peminjam', [...])
 6 SYSTEMPATH\CodeIgniter.php(896): App\Controllers\Peminjam->detail('39')
 7 SYSTEMPATH\CodeIgniter.php(466): CodeIgniter\CodeIgniter->runController(Object(App\Controllers\Peminjam))
 8 SYSTEMPATH\CodeIgniter.php(349): CodeIgniter\CodeIgniter->handleRequest(null, Object(Config\Cache), false)
 9 FCPATH\index.php(55): CodeIgniter\CodeIgniter->run()
10 SYSTEMPATH\Commands\Server\rewrite.php(43): require_once('FCPATH\\index.php')
CRITICAL - 2022-08-03 01:17:49 --> Undefined variable $bpkb
in APPPATH\Views\peminjam_bpkb\detail_peminjam.php on line 176.
 1 APPPATH\Views\peminjam_bpkb\detail_peminjam.php(176): CodeIgniter\Debug\Exceptions->errorHandler(2, 'Undefined variable $bpkb', 'APPPATH\\Views\\peminjam_bpkb\\detail_peminjam.php', 176)
 2 SYSTEMPATH\View\View.php(213): include('APPPATH\\Views\\peminjam_bpkb\\detail_peminjam.php')
 3 SYSTEMPATH\View\View.php(216): CodeIgniter\View\View->CodeIgniter\View\{closure}()
 4 SYSTEMPATH\Common.php(1135): CodeIgniter\View\View->render('/peminjam_bpkb/detail_peminjam', [], true)
 5 APPPATH\Controllers\Peminjam.php(244): view('/peminjam_bpkb/detail_peminjam', [...])
 6 SYSTEMPATH\CodeIgniter.php(896): App\Controllers\Peminjam->detail('39')
 7 SYSTEMPATH\CodeIgniter.php(466): CodeIgniter\CodeIgniter->runController(Object(App\Controllers\Peminjam))
 8 SYSTEMPATH\CodeIgniter.php(349): CodeIgniter\CodeIgniter->handleRequest(null, Object(Config\Cache), false)
 9 FCPATH\index.php(55): CodeIgniter\CodeIgniter->run()
10 SYSTEMPATH\Commands\Server\rewrite.php(43): require_once('FCPATH\\index.php')
CRITICAL - 2022-08-03 01:17:49 --> Undefined variable $bpkb
in APPPATH\Views\peminjam_bpkb\detail_peminjam.php on line 176.
 1 APPPATH\Views\peminjam_bpkb\detail_peminjam.php(176): CodeIgniter\Debug\Exceptions->errorHandler(2, 'Undefined variable $bpkb', 'APPPATH\\Views\\peminjam_bpkb\\detail_peminjam.php', 176)
 2 SYSTEMPATH\View\View.php(213): include('APPPATH\\Views\\peminjam_bpkb\\detail_peminjam.php')
 3 SYSTEMPATH\View\View.php(216): CodeIgniter\View\View->CodeIgniter\View\{closure}()
 4 SYSTEMPATH\Common.php(1135): CodeIgniter\View\View->render('/peminjam_bpkb/detail_peminjam', [], true)
 5 APPPATH\Controllers\Peminjam.php(244): view('/peminjam_bpkb/detail_peminjam', [...])
 6 SYSTEMPATH\CodeIgniter.php(896): App\Controllers\Peminjam->detail('39')
 7 SYSTEMPATH\CodeIgniter.php(466): CodeIgniter\CodeIgniter->runController(Object(App\Controllers\Peminjam))
 8 SYSTEMPATH\CodeIgniter.php(349): CodeIgniter\CodeIgniter->handleRequest(null, Object(Config\Cache), false)
 9 FCPATH\index.php(55): CodeIgniter\CodeIgniter->run()
10 SYSTEMPATH\Commands\Server\rewrite.php(43): require_once('FCPATH\\index.php')
CRITICAL - 2022-08-03 01:59:55 --> Cannot use object of type mysqli as array
in APPPATH\Controllers\Bpkb.php on line 417.
 1 SYSTEMPATH\CodeIgniter.php(896): App\Controllers\Bpkb->bpkbExport()
 2 SYSTEMPATH\CodeIgniter.php(466): CodeIgniter\CodeIgniter->runController(Object(App\Controllers\Bpkb))
 3 SYSTEMPATH\CodeIgniter.php(349): CodeIgniter\CodeIgniter->handleRequest(null, Object(Config\Cache), false)
 4 FCPATH\index.php(55): CodeIgniter\CodeIgniter->run()
 5 SYSTEMPATH\Commands\Server\rewrite.php(43): require_once('FCPATH\\index.php')
CRITICAL - 2022-08-03 02:29:49 --> unlink(foto_bpkb/1659275926_0fc0028349161899f16d.jpg): No such file or directory
in APPPATH\Controllers\GambarController.php on line 34.
 1 [internal function]: CodeIgniter\Debug\Exceptions->errorHandler(2, 'unlink(foto_bpkb/1659275926_0fc0028349161899f16d.jpg): No such file or directory', 'APPPATH\\Controllers\\GambarController.php', 34, [...])
 2 APPPATH\Controllers\GambarController.php(34): unlink('foto_bpkb/1659275926_0fc0028349161899f16d.jpg')
 3 SYSTEMPATH\CodeIgniter.php(896): App\Controllers\GambarController->delete('35')
 4 SYSTEMPATH\CodeIgniter.php(466): CodeIgniter\CodeIgniter->runController(Object(App\Controllers\GambarController))
 5 SYSTEMPATH\CodeIgniter.php(349): CodeIgniter\CodeIgniter->handleRequest(null, Object(Config\Cache), false)
 6 FCPATH\index.php(55): CodeIgniter\CodeIgniter->run()
 7 SYSTEMPATH\Commands\Server\rewrite.php(43): require_once('FCPATH\\index.php')
CRITICAL - 2022-08-03 02:42:57 --> Cannot use object of type mysqli as array
in APPPATH\Controllers\Bpkb.php on line 417.
 1 SYSTEMPATH\CodeIgniter.php(896): App\Controllers\Bpkb->bpkbExport()
 2 SYSTEMPATH\CodeIgniter.php(466): CodeIgniter\CodeIgniter->runController(Object(App\Controllers\Bpkb))
 3 SYSTEMPATH\CodeIgniter.php(349): CodeIgniter\CodeIgniter->handleRequest(null, Object(Config\Cache), false)
 4 FCPATH\index.php(55): CodeIgniter\CodeIgniter->run()
 5 SYSTEMPATH\Commands\Server\rewrite.php(43): require_once('FCPATH\\index.php')
